#
# A fatal error has been detected by the Java Runtime Environment:
#
#  SIGSEGV (0xb) at pc=0x00007ffe6fec6100, pid=1962, tid=2061
#
# JRE version: OpenJDK Runtime Environment (21.0.9+10) (build 21.0.9+10-Debian-1deb13u1)
# Java VM: OpenJDK 64-Bit Server VM (21.0.9+10-Debian-1deb13u1, mixed mode, sharing, tiered, compressed oops, compressed class ptrs, g1 gc, linux-aarch64)
# Problematic frame:
# C  [libjniRaylib.so+0x1e5e18]  ClearBackground+0x18
#
# No core dump will be written. Core dumps have been disabled. To enable core dumping, try "ulimit -c unlimited" before starting Java again
#
# If you would like to submit a bug report, please visit:
#   https://bugs.debian.org/openjdk-21
# The crash happened outside the Java Virtual Machine in native code.
# See problematic frame for where to report the bug.
#

---------------  S U M M A R Y ------------

Command Line: -Djansi.mode=force -Dclassworlds.conf=/usr/share/maven/bin/m2.conf -Dmaven.home=/usr/share/maven -Dlibrary.jansi.path=/usr/share/maven/lib/jansi-native -Dmaven.multiModuleProjectDirectory=/home/xenobyte/projects/GameLibrary org.codehaus.plexus.classworlds.launcher.Launcher clean compile exec:java

Host: AArch64, 4 cores, 15G, Debian GNU/Linux 13 (trixie)
Time: Sun Feb  1 14:56:25 2026 GMT elapsed time: 35.873118 seconds (0d 0h 0m 35s)

---------------  T H R E A D  ---------------

Current thread (0x00007fff0a1384a0):  JavaThread "de.htwsaar.Berta.servicelayer.Application.main()"        [_thread_in_native, id=2061, stack(0x00007ffedd250000,0x00007ffedd450000) (2048K)]

Stack: [0x00007ffedd250000,0x00007ffedd450000],  sp=0x00007ffedd44dfb0,  free space=2039k
Native frames: (J=compiled Java code, j=interpreted, Vv=VM code, C=native code)
C  [libjniRaylib.so+0x1e5e18]  ClearBackground+0x18
C  [libjniRaylib.so+0xb3ef0]  Java_com_raylib_Raylib_ClearBackground+0xd4
J 5941  com.raylib.Raylib.ClearBackground(Lcom/raylib/Raylib$Color;)V (0 bytes) @ 0x00007ffef8759270 [0x00007ffef87591c0+0x00000000000000b0]
j  de.htwsaar.Berta.presentation.WindowManager.run()V+44
j  de.htwsaar.Berta.servicelayer.Application.main([Ljava/lang/String;)V+73
j  java.lang.invoke.LambdaForm$DMH+0x000000f001489400.invokeStaticInit(Ljava/lang/Object;Ljava/lang/Object;)V+10 java.base@21.0.9
j  java.lang.invoke.LambdaForm$MH+0x000000f00148a000.invoke_MT(Ljava/lang/Object;Ljava/lang/Object;Ljava/lang/Object;)V+18 java.base@21.0.9
j  org.codehaus.mojo.exec.ExecJavaMojo$1.run()V+85
j  java.lang.Thread.runWith(Ljava/lang/Object;Ljava/lang/Runnable;)V+5 java.base@21.0.9
j  java.lang.Thread.run()V+19 java.base@21.0.9
v  ~StubRoutines::call_stub 0x00007ffef7eec154
V  [libjvm.so+0x89fb88]  JavaCalls::call_helper(JavaValue*, methodHandle const&, JavaCallArguments*, JavaThread*)+0x29c
V  [libjvm.so+0x8a1178]  JavaCalls::call_virtual(JavaValue*, Handle, Klass*, Symbol*, Symbol*, JavaThread*)+0x148
V  [libjvm.so+0x974dd0]  thread_entry(JavaThread*, JavaThread*)+0x90
V  [libjvm.so+0x8b9424]  JavaThread::thread_main_inner()+0x184
V  [libjvm.so+0xe94aec]  Thread::call_run()+0xac
V  [libjvm.so+0xc5ab20]  thread_native_entry(Thread*)+0xe0
C  [libc.so.6+0x85f78]
Java frames: (J=compiled Java code, j=interpreted, Vv=VM code)
J 5941  com.raylib.Raylib.ClearBackground(Lcom/raylib/Raylib$Color;)V (0 bytes) @ 0x00007ffef8759270 [0x00007ffef87591c0+0x00000000000000b0]
j  de.htwsaar.Berta.presentation.WindowManager.run()V+44
j  de.htwsaar.Berta.servicelayer.Application.main([Ljava/lang/String;)V+73
j  java.lang.invoke.LambdaForm$DMH+0x000000f001489400.invokeStaticInit(Ljava/lang/Object;Ljava/lang/Object;)V+10 java.base@21.0.9
j  java.lang.invoke.LambdaForm$MH+0x000000f00148a000.invoke_MT(Ljava/lang/Object;Ljava/lang/Object;Ljava/lang/Object;)V+18 java.base@21.0.9
j  org.codehaus.mojo.exec.ExecJavaMojo$1.run()V+85
j  java.lang.Thread.runWith(Ljava/lang/Object;Ljava/lang/Runnable;)V+5 java.base@21.0.9
j  java.lang.Thread.run()V+19 java.base@21.0.9
v  ~StubRoutines::call_stub 0x00007ffef7eec154

siginfo: si_signo: 11 (SIGSEGV), si_code: 1 (SEGV_MAPERR), si_addr: 0x00007ffe6fec6100

Registers:
R0=0x00007ffe6fec6100
R1=0x0000000000000050
R2=0x0000000000000050
R3=0x00000000000000ff
R4=0x00000000437f0000
R5=0x0000000000000018
R6=0x00007fff1122e000
R7=0x0000000000000000
R8=0x0000000000000054
R9=0x00007fff0a1388e4
R10=0x000000000000000a
R11=0x0000000000000000
R12=0x00007ffe703651c0
R13=0x0000000000000004
R14=0x0000000000000000
R15=0x00000000001ec8ce
R16=0x00007ffe6fec6100
R17=0x00007fff112cf2a0
R18=0x000000f00064ca48
R19=0x00007ffedd44e080
R20=0x00007ffedd44e0a8
R21=0x00007fff112415c0
R22=0x00007ffe70357c0c
R23=0x0000000703a72fb8
R24=0x00007ffedd44e118
R25=0x000000070e61a570
R26=0x00007ffe70357d00
R27=0x0000000000000000
R28=0x00007fff0a1384a0
R29=0x00007ffedd44dfb0
R30=0x00007ffedc505e1c


Register to memory mapping:

R0 =0x00007ffe6fec6100 is an unknown value
R1 =0x0000000000000050 is an unknown value
R2 =0x0000000000000050 is an unknown value
R3 =0x00000000000000ff is an unknown value
R4 =0x00000000437f0000 is an unknown value
R5 =0x0000000000000018 is an unknown value
R6 =0x00007fff1122e000: <offset 0x000000000149e000> in /usr/lib/jvm/java-21-openjdk-arm64/lib/server/libjvm.so at 0x00007fff0fd90000
R7 =0x0 is null
R8 =0x0000000000000054 is an unknown value
R9 =0x00007fff0a1388e4 points into unknown readable memory: 04 00 00 00
R10=0x000000000000000a is an unknown value
R11=0x0 is null
R12={method} {0x00007ffe703651c0} 'ClearBackground' '(Lcom/raylib/Raylib$Color;)V' in 'com/raylib/Raylib'
R13=0x0000000000000004 is an unknown value
R14=0x0 is null
R15=0x00000000001ec8ce is an unknown value
R16=0x00007ffe6fec6100 is an unknown value
R17=0x00007fff112cf2a0: fflush+0x0000000000000000 in /lib/aarch64-linux-gnu/libc.so.6 at 0x00007fff11260000
R18=0x000000f00064ca48 is pointing into metadata
R19=0x00007ffedd44e080 is pointing into the stack for thread: 0x00007fff0a1384a0
R20=0x00007ffedd44e0a8 is pointing into the stack for thread: 0x00007fff0a1384a0
R21=0x00007fff112415c0: <offset 0x00000000014b15c0> in /usr/lib/jvm/java-21-openjdk-arm64/lib/server/libjvm.so at 0x00007fff0fd90000
R22=0x00007ffe70357c0c is pointing into metadata
R23=0x0000000703a72fb8 is an oop: java.lang.String 
{0x0000000703a72fb8} - klass: 'java/lang/String'
 - string: "Page %d of %d (Total: %d)"
 - ---- fields (total size 3 words):
 - private 'hash' 'I' @12  0 (0x00000000)
 - private final 'coder' 'B' @16  0 (0x00)
 - private 'hashIsZero' 'Z' @17  false (0x00)
 - injected 'flags' 'B' @18  0 (0x00)
 - private final 'value' '[B' @20  [B{0x0000000703a72fd0} (0xe074e5fa)
R24=0x00007ffedd44e118 is pointing into the stack for thread: 0x00007fff0a1384a0
R25=0x000000070e61a570 is an oop: java.util.concurrent.ConcurrentHashMap$Node 
{0x000000070e61a570} - klass: 'java/util/concurrent/ConcurrentHashMap$Node'
 - ---- fields (total size 4 words):
 - final 'hash' 'I' @12  186354477 (0x0b1b8b2d)
 - final 'key' 'Ljava/lang/Object;' @16  a 'org/sqlite/core/SafeStmtPtr'{0x000000070e61a4d8} (0xe1cc349b)
 - volatile 'val' 'Ljava/lang/Object;' @20  a 'java/lang/Boolean'{0x0000000702888b10} = true (0xe0511162)
 - volatile 'next' 'Ljava/util/concurrent/ConcurrentHashMap$Node;' @24  null (0x00000000)
R26=0x00007ffe70357d00 is pointing into metadata
R27=0x0 is null
R28=0x00007fff0a1384a0 is a thread
R29=0x00007ffedd44dfb0 is pointing into the stack for thread: 0x00007fff0a1384a0
R30=0x00007ffedc505e1c: ClearBackground+0x000000000000001c in /home/xenobyte/.javacpp/cache/jaylib-5.5.0-2.jar/com/raylib/linux-arm64/libjniRaylib.so at 0x00007ffedc320000

Top of Stack: (sp=0x00007ffedd44dfb0)
0x00007ffedd44dfb0:   00007ffedd44dfc0 00007ffedc3d3ef0
0x00007ffedd44dfc0:   00007ffedd44e070 00007ffef8759270
0x00007ffedd44dfd0:   00007ffedd44e080 3f80000000000000
0x00007ffedd44dfe0:   00007ffedd44e070 00007ffedd44e020
0x00007ffedd44dff0:   00007ffedd44e060 00007fff0a138858
0x00007ffedd44e000:   00007ffedd44e060 0000000000000000
0x00007ffedd44e010:   00007ffe8a37b250 0000000000000000
0x00007ffedd44e020:   0000000703a55428 00007ffe70354f28
0x00007ffedd44e030:   0000000000000000 00007ffedd44e080
0x00007ffedd44e040:   00007ffedd44e100 00007ffef7ef162c
0x00007ffedd44e050:   0000000000000003 00007ffe703557d0
0x00007ffedd44e060:   0000000703a645e0 00007ffef14b58b8
0x00007ffedd44e070:   00007ffedd44e100 00007ffef7ef117c
0x00007ffedd44e080:   000000070e61e570 000000070e61b140
0x00007ffedd44e090:   000000070e616e38 000000070e6051b0
0x00007ffedd44e0a0:   0000000000000000 0000000703a55428
0x00007ffedd44e0b0:   00007ffedd44e0b0 00007ffe70357c0c
0x00007ffedd44e0c0:   0000000000000003 00007ffe70357d00
0x00007ffedd44e0d0:   0000000703a18930 00007ffedd44e080
0x00007ffedd44e0e0:   0000000000000000 00007ffe70357c48
0x00007ffedd44e0f0:   00007ffedd44e0a8 00007ffedd44e0e0
0x00007ffedd44e100:   00007ffedd44e170 00007ffef7ef117c
0x00007ffedd44e110:   0000000703f1f308 0000000703a189b0
0x00007ffedd44e120:   00007ffedd44e120 00007ffece8f4559
0x00007ffedd44e130:   0000000000000009 00007ffece8f4a48
0x00007ffedd44e140:   000000070352b0e8 00007ffedd44e0e0
0x00007ffedd44e150:   0000000000000000 00007ffece8f45f0
0x00007ffedd44e160:   00007ffedd44e118 00007ffedd44e190
0x00007ffedd44e170:   00007ffedd44e210 00007ffef7ef117c
0x00007ffedd44e180:   0000000703a189b0 0000000703a189f0
0x00007ffedd44e190:   0000000703a18908 0000000703a189d8
0x00007ffedd44e1a0:   0000000703a189c0 000000070352b188 

Instructions: (pc=0x00007ffedc505e18)
0x00007ffedc505d18:   ff 7f 0d a9 ff 7f 0e a9 ff 7f 0f a9 e3 ff ff 97
0x00007ffedc505d28:   00 00 22 1e 29 19 20 1e e4 ff ff 97 01 00 22 1e
0x00007ffedc505d38:   e8 a7 49 a9 e2 63 02 91 46 1c 41 a9 e1 83 00 91
0x00007ffedc505d48:   08 19 21 1e e0 03 01 aa 44 14 43 a9 e8 27 02 a9
0x00007ffedc505d58:   e6 1f 03 a9 46 1c 44 a9 e4 17 05 a9 44 14 45 a9
0x00007ffedc505d68:   e6 1f 06 a9 43 30 40 f9 e4 17 07 a9 e3 43 00 f9
0x00007ffedc505d78:   e9 23 18 2d 42 0c 42 a9 e2 0f 04 a9 c0 f9 ff 97
0x00007ffedc505d88:   e8 27 41 6d fd 7b d0 a8 c0 03 5f d6 c0 0a 00 b0
0x00007ffedc505d98:   00 94 46 f9 00 44 40 b9 c0 03 5f d6 c0 0a 00 b0
0x00007ffedc505da8:   00 94 46 f9 00 48 40 b9 c0 03 5f d6 c0 0a 00 b0
0x00007ffedc505db8:   21 00 80 52 00 94 46 f9 01 40 00 39 c0 03 5f d6
0x00007ffedc505dc8:   1f 20 03 d5 1f 20 03 d5 c0 0a 00 b0 00 94 46 f9
0x00007ffedc505dd8:   1f 40 00 39 c0 03 5f d6 c0 0a 00 b0 00 94 46 f9
0x00007ffedc505de8:   00 c0 5d 39 c0 03 5f d6 c0 0a 00 b0 00 94 46 f9
0x00007ffedc505df8:   00 c4 5d 39 c0 03 5f d6 e1 03 00 2a fd 7b bf a9
0x00007ffedc505e08:   03 7c 18 53 fd 03 00 91 22 5c 50 d3 21 3c 48 d3
0x00007ffedc505e18:   62 c2 ff 97 fd 7b c1 a8 74 c2 ff 17 fd 7b ba a9
0x00007ffedc505e28:   fd 03 00 91 f3 0b 00 f9 d3 0a 00 b0 93 f9 ff 97
0x00007ffedc505e38:   73 96 46 f9 01 04 08 4e 62 56 45 fd 61 aa 82 3d
0x00007ffedc505e48:   00 38 62 1e 60 5a 05 fd 91 bd ff 97 63 42 46 fc
0x00007ffedc505e58:   e0 83 00 91 64 42 47 fc 61 c2 46 fc 66 c2 47 fc
0x00007ffedc505e68:   70 38 84 0e 63 78 84 0e 62 42 48 fc 60 c2 48 fc
0x00007ffedc505e78:   27 38 86 0e 65 42 49 fc 21 78 86 0e 64 c2 49 fc
0x00007ffedc505e88:   46 38 85 0e 42 78 85 0e 05 38 84 0e 00 78 84 0e
0x00007ffedc505e98:   f0 1b 02 6d e3 0b 03 6d e7 17 04 6d e1 03 05 6d
0x00007ffedc505ea8:   ca be ff 97 f3 0b 40 f9 fd 7b c6 a8 c0 03 5f d6
0x00007ffedc505eb8:   1f 20 03 d5 1f 20 03 d5 fd 7b bb a9 fd 03 00 91
0x00007ffedc505ec8:   ef d2 ff 97 72 bd ff 97 3c c1 ff 97 60 00 00 34
0x00007ffedc505ed8:   fd 7b c5 a8 c0 03 5f d6 c1 0a 00 b0 e0 43 00 91
0x00007ffedc505ee8:   21 94 46 f9 23 40 46 fc 24 40 47 fc 21 c0 46 fc
0x00007ffedc505ef8:   26 c0 47 fc 70 38 84 0e 63 78 84 0e 22 40 48 fc
0x00007ffedc505f08:   20 c0 48 fc 27 38 86 0e 25 40 49 fc 21 78 86 0e 


Stack slot to memory mapping:

stack at sp + 0 slots: 0x00007ffedd44dfc0 is pointing into the stack for thread: 0x00007fff0a1384a0
stack at sp + 1 slots: 0x00007ffedc3d3ef0: Java_com_raylib_Raylib_ClearBackground+0x00000000000000d4 in /home/xenobyte/.javacpp/cache/jaylib-5.5.0-2.jar/com/raylib/linux-arm64/libjniRaylib.so at 0x00007ffedc320000
stack at sp + 2 slots: 0x00007ffedd44e070 is pointing into the stack for thread: 0x00007fff0a1384a0
stack at sp + 3 slots: 0x00007ffef8759270 is at entry_point+176 in (nmethod*)0x00007ffef8759010
Compiled method (n/a) 35938 5941     n 0       com.raylib.Raylib::ClearBackground (native)
 total in heap  [0x00007ffef8759010,0x00007ffef8759388] = 888
 relocation     [0x00007ffef8759160,0x00007ffef8759190] = 48
 main code      [0x00007ffef87591c0,0x00007ffef875936c] = 428
 stub code      [0x00007ffef875936c,0x00007ffef8759370] = 4
 oops           [0x00007ffef8759370,0x00007ffef8759380] = 16
 metadata       [0x00007ffef8759380,0x00007ffef8759388] = 8
stack at sp + 4 slots: 0x00007ffedd44e080 is pointing into the stack for thread: 0x00007fff0a1384a0
stack at sp + 5 slots: 0x3f80000000000000 is an unknown value
stack at sp + 6 slots: 0x00007ffedd44e070 is pointing into the stack for thread: 0x00007fff0a1384a0
stack at sp + 7 slots: 0x00007ffedd44e020 is pointing into the stack for thread: 0x00007fff0a1384a0


Compiled method (n/a) 35938 5941     n 0       com.raylib.Raylib::ClearBackground (native)
 total in heap  [0x00007ffef8759010,0x00007ffef8759388] = 888
 relocation     [0x00007ffef8759160,0x00007ffef8759190] = 48
 main code      [0x00007ffef87591c0,0x00007ffef875936c] = 428
 stub code      [0x00007ffef875936c,0x00007ffef8759370] = 4
 oops           [0x00007ffef8759370,0x00007ffef8759380] = 16
 metadata       [0x00007ffef8759380,0x00007ffef8759388] = 8

[Constant Pool (empty)]

[MachCode]
[Entry Point]
  # {method} {0x00007ffe703651c0} 'ClearBackground' '(Lcom/raylib/Raylib$Color;)V' in 'com/raylib/Raylib'
  # parm0:    c_rarg1:c_rarg1 
                        = 'com/raylib/Raylib$Color'
  #           [sp+0x60]  (sp of caller)
  0x00007ffef87591c0: 2808 40b9 | 3f01 086b | 4000 0054 

  0x00007ffef87591cc: ;   {runtime_call ic_miss_stub}
  0x00007ffef87591cc: 2d3b df17 
[Verified Entry Point]
  0x00007ffef87591d0: 1f20 03d5 | e953 40d1 | 3f01 00f9 | fd7b bfa9 | fd03 0091 | ff43 01d1 | 2801 0018 | 8923 40b9 
  0x00007ffef87591f0: 1f01 09eb | e000 0054 | 0830 83d2 | 68fe bef2 | c8ff cff2 | 0001 3fd6 | 0200 0014 | 0700 0000 
  0x00007ffef8759210: e103 00f9 | 3f00 1feb | e203 00d1 | e203 829a 

  0x00007ffef8759220: ;   {oop(a 'java/lang/Class'{0x0000000703a645e0} = 'com/raylib/Raylib')}
  0x00007ffef8759220: 01bc 88d2 | c174 a0f2 | e100 c0f2 | e123 00f9 | e103 0191 | e801 0010 | 88d3 01f9 | e803 0091 
  0x00007ffef8759240: 88cf 01f9 

  0x00007ffef8759244: ;   {external_word}
  0x00007ffef8759244: 6854 0cd0 | 0835 5039 | 0806 0035 | 80e3 0e91 | e803 7eb2 | 8913 1191 | 28fd 9f88 

  0x00007ffef8759260: ;   {runtime_call Java_com_raylib_Raylib_ClearBackground}
  0x00007ffef8759260: 88c3 87d2 | a887 bbf2 | c8ff cff2 | 0001 3fd6 | a800 80d2 | 8847 04b9 | bf3b 03d5 | 8823 1191 
  0x00007ffef8759280: 08fd dfc8 | bf03 08eb | 6803 0054 | 8843 44b9 | 2803 0035 | e803 7db2 | 8913 1191 | 28fd 9f88 
  0x00007ffef87592a0: 8803 5339 | 1f09 0071 | c001 0054 

  0x00007ffef87592ac: ;   {external_word}
  0x00007ffef87592ac: 6854 0cd0 | 0835 5039 | 6804 0035 | 9fcf 01f9 | 9fd3 01f9 | 8217 42f9 | 5f80 00f9 | bf03 0091 
  0x00007ffef87592cc: fd7b c1a8 | 8807 40f9 | 4800 00b5 | c003 5fd6 

  0x00007ffef87592dc: ;   {runtime_call StubRoutines (initial stubs)}
  0x00007ffef87592dc: 694b de17 

  0x00007ffef87592e0: ;   {runtime_call SharedRuntime::reguard_yellow_pages()}
  0x00007ffef87592e0: 0848 86d2 | 4815 a2f2 | e8ff cff2 | 0001 3fd6 | efff ff17 | e003 1caa 

  0x00007ffef87592f8: ;   {runtime_call JavaThread::check_special_condition_for_native_trans(JavaThread*)}
  0x00007ffef87592f8: 08bc 93d2 | 880c a2f2 | e8ff cff2 | 0001 3fd6 | e3ff ff17 | e10b bfa9 

  0x00007ffef8759310: ;   {metadata({method} {0x00007ffe703651c0} 'ClearBackground' '(Lcom/raylib/Raylib$Color;)V' in 'com/raylib/Raylib')}
  0x00007ffef8759310: 0138 8ad2 | c106 aef2 | c1ff cff2 | e003 1caa | e833 bfa9 | 0849 84d2 | 4815 a2f2 | e8ff cff2 
  0x00007ffef8759330: 0001 3fd6 | e833 c1a8 | e10b c1a8 | c5ff ff17 

  0x00007ffef8759340: ;   {metadata({method} {0x00007ffe703651c0} 'ClearBackground' '(Lcom/raylib/Raylib$Color;)V' in 'com/raylib/Raylib')}
  0x00007ffef8759340: 0138 8ad2 | c106 aef2 | c1ff cff2 | e003 1caa | e833 bfa9 | 086c 84d2 | 4815 a2f2 | e8ff cff2 
  0x00007ffef8759360: 0001 3fd6 | e833 c1a8 | d4ff ff17 
[Stub Code]
  0x00007ffef875936c: 0000 0000 
[/MachCode]


---------------  P R O C E S S  ---------------

Threads class SMR info:
_java_thread_list=0x00007ffe8b17a0e0, length=22, elements={
0x00007fff08019910, 0x00007fff08118dc0, 0x00007fff0811a3c0, 0x00007fff0811bb70,
0x00007fff0811d1d0, 0x00007fff0811e790, 0x00007fff08120280, 0x00007fff08121960,
0x00007fff08165870, 0x00007fff08168b70, 0x00007fff089057c0, 0x00007fff0980dda0,
0x00007fff0a136940, 0x00007ffe900763a0, 0x00007fff0a1384a0, 0x00007ffe883494c0,
0x00007ffe80006270, 0x00007ffe80008620, 0x00007ffe884fe540, 0x00007ffe8b09c840,
0x00007ffe8b09d940, 0x00007ffe8b09ebd0
}

Java Threads: ( => current thread )
  0x00007fff08019910 JavaThread "main"                              [_thread_blocked, id=1986, stack(0x00007fff0f830000,0x00007fff0fa2e000) (2040K)]
  0x00007fff08118dc0 JavaThread "Reference Handler"          daemon [_thread_blocked, id=1994, stack(0x00007fff0c8c0000,0x00007fff0cac0000) (2048K)]
  0x00007fff0811a3c0 JavaThread "Finalizer"                  daemon [_thread_blocked, id=1995, stack(0x00007fff0c6c0000,0x00007fff0c8c0000) (2048K)]
  0x00007fff0811bb70 JavaThread "Signal Dispatcher"          daemon [_thread_blocked, id=1996, stack(0x00007fff0c4c0000,0x00007fff0c6c0000) (2048K)]
  0x00007fff0811d1d0 JavaThread "Service Thread"             daemon [_thread_blocked, id=1997, stack(0x00007fff0c2c0000,0x00007fff0c4c0000) (2048K)]
  0x00007fff0811e790 JavaThread "Monitor Deflation Thread"   daemon [_thread_blocked, id=1998, stack(0x00007fff0c0c0000,0x00007fff0c2c0000) (2048K)]
  0x00007fff08120280 JavaThread "C2 CompilerThread0"         daemon [_thread_blocked, id=1999, stack(0x00007ffeec858000,0x00007ffeeca58000) (2048K)]
  0x00007fff08121960 JavaThread "C1 CompilerThread0"         daemon [_thread_blocked, id=2000, stack(0x00007ffeec658000,0x00007ffeec858000) (2048K)]
  0x00007fff08165870 JavaThread "Notification Thread"        daemon [_thread_blocked, id=2001, stack(0x00007ffeec458000,0x00007ffeec658000) (2048K)]
  0x00007fff08168b70 JavaThread "Common-Cleaner"             daemon [_thread_blocked, id=2002, stack(0x00007ffeec258000,0x00007ffeec458000) (2048K)]
  0x00007fff089057c0 JavaThread "Thread-1"                   daemon [_thread_blocked, id=2008, stack(0x00007ffedd7d0000,0x00007ffedd9d0000) (2048K)]
  0x00007fff0980dda0 JavaThread "process reaper"             daemon [_thread_blocked, id=2010, stack(0x00007ffeec024000,0x00007ffeec058000) (208K)]
  0x00007fff0a136940 JavaThread "ForkJoinPool.commonPool-worker-1" daemon [_thread_blocked, id=2059, stack(0x00007ffeec058000,0x00007ffeec258000) (2048K)]
  0x00007ffe900763a0 JavaThread "ForkJoinPool.commonPool-worker-2" daemon [_thread_blocked, id=2060, stack(0x00007ffedd450000,0x00007ffedd650000) (2048K)]
=>0x00007fff0a1384a0 JavaThread "de.htwsaar.Berta.servicelayer.Application.main()"        [_thread_in_native, id=2061, stack(0x00007ffedd250000,0x00007ffedd450000) (2048K)]
  0x00007ffe883494c0 JavaThread "HttpClient-1-SelectorManager" daemon [_thread_in_native, id=2064, stack(0x00007ffedcd30000,0x00007ffedcf30000) (2048K)]
  0x00007ffe80006270 JavaThread "HttpClient-1-Worker-0"      daemon [_thread_blocked, id=2065, stack(0x00007ffedcad0000,0x00007ffedccd0000) (2048K)]
  0x00007ffe80008620 JavaThread "HttpClient-1-Worker-1"      daemon [_thread_blocked, id=2066, stack(0x00007ffedc8d0000,0x00007ffedcad0000) (2048K)]
  0x00007ffe884fe540 JavaThread "JavaCPP Deallocator"        daemon [_thread_blocked, id=2067, stack(0x00007ffedcf30000,0x00007ffedd130000) (2048K)]
  0x00007ffe8b09c840 JavaThread "HttpClient-2-SelectorManager" daemon [_thread_in_native, id=2084, stack(0x00007ffe5b418000,0x00007ffe5b618000) (2048K)]
  0x00007ffe8b09d940 JavaThread "HttpClient-2-Worker-0"      daemon [_thread_blocked, id=2085, stack(0x00007ffe5b218000,0x00007ffe5b418000) (2048K)]
  0x00007ffe8b09ebd0 JavaThread "HttpClient-2-Worker-1"      daemon [_thread_blocked, id=2086, stack(0x00007ffe5b018000,0x00007ffe5b218000) (2048K)]
Total: 22

Other Threads:
  0x00007fff0810d8f0 VMThread "VM Thread"                           [id=1993, stack(0x00007fff0ce18000,0x00007fff0d018000) (2048K)]
  0x00007fff080fbd50 WatcherThread "VM Periodic Task Thread"        [id=1992, stack(0x00007fff0d028000,0x00007fff0d228000) (2048K)]
  0x00007fff08069040 WorkerThread "GC Thread#0"                     [id=1987, stack(0x00007fff0dfac000,0x00007fff0e1ac000) (2048K)]
  0x00007ffec40067f0 WorkerThread "GC Thread#1"                     [id=2004, stack(0x00007ffedde00000,0x00007ffede000000) (2048K)]
  0x00007ffec4007030 WorkerThread "GC Thread#2"                     [id=2005, stack(0x00007ffeddbf0000,0x00007ffedddf0000) (2048K)]
  0x00007ffec40079a0 WorkerThread "GC Thread#3"                     [id=2006, stack(0x00007ffedd9e0000,0x00007ffeddbe0000) (2048K)]
  0x00007fff0807a260 ConcurrentGCThread "G1 Main Marker"            [id=1988, stack(0x00007fff0dd9c000,0x00007fff0df9c000) (2048K)]
  0x00007fff0807b220 WorkerThread "G1 Conc#0"                       [id=1989, stack(0x00007fff0db8c000,0x00007fff0dd8c000) (2048K)]
  0x00007fff080e17a0 ConcurrentGCThread "G1 Refine#0"               [id=1990, stack(0x00007fff0d56c000,0x00007fff0d76c000) (2048K)]
  0x00007fff080e2780 ConcurrentGCThread "G1 Service"                [id=1991, stack(0x00007fff0d35c000,0x00007fff0d55c000) (2048K)]
Total: 10

Threads with active compile tasks:
Total: 0

VM state: not at safepoint (normal execution)

VM Mutex/Monitor currently owned by a thread: None

Heap address: 0x0000000702800000, size: 4056 MB, Compressed Oops mode: Zero based, Oop shift amount: 3

CDS archive(s) mapped at: [0x000000f000000000-0x000000f000cb0000-0x000000f000cb0000), size 13303808, SharedBaseAddress: 0x000000f000000000, ArchiveRelocationMode: 1.
Compressed class space mapped at: 0x000000f001000000-0x000000f041000000, reserved size: 1073741824
Narrow klass base: 0x000000f000000000, Narrow klass shift: 0, Narrow klass range: 0x100000000

GC Precious Log:
 CardTable entry size: 512
 Card Set container configuration: InlinePtr #cards 4 size 8 Array Of Cards #cards 16 size 48 Howl #buckets 8 coarsen threshold 3686 Howl Bitmap #cards 512 size 80 coarsen threshold 460 Card regions per heap region 1 cards per card region 4096
 CPUs: 4 total, 4 available
 Memory: 16214M
 Large Page Support: Disabled
 NUMA Support: Disabled
 Compressed Oops: Enabled (Zero based)
 Heap Region Size: 2M
 Heap Min Capacity: 8M
 Heap Initial Capacity: 256M
 Heap Max Capacity: 4056M
 Pre-touch: Disabled
 Parallel Workers: 4
 Concurrent Workers: 1
 Concurrent Refinement Workers: 4
 Periodic GC: Disabled

Heap:
 garbage-first heap   total 49152K, used 22195K [0x0000000702800000, 0x0000000800000000)
  region size 2048K, 4 young (8192K), 2 survivors (4096K)
 Metaspace       used 76813K, committed 77504K, reserved 1179648K
  class space    used 7046K, committed 7360K, reserved 1048576K

Heap Regions: E=young(eden), S=young(survivor), O=old, HS=humongous(starts), HC=humongous(continues), CS=collection set, F=free, TAMS=top-at-mark-start, PB=parsable bottom
|   0|0x0000000702800000, 0x0000000702a00000, 0x0000000702a00000|100%| O|  |TAMS 0x0000000702800000| PB 0x0000000702800000| Untracked 
|   1|0x0000000702a00000, 0x0000000702c00000, 0x0000000702c00000|100%| O|  |TAMS 0x0000000702a00000| PB 0x0000000702a00000| Untracked 
|   2|0x0000000702c00000, 0x0000000702e00000, 0x0000000702e00000|100%| O|  |TAMS 0x0000000702c00000| PB 0x0000000702c00000| Untracked 
|   3|0x0000000702e00000, 0x0000000703000000, 0x0000000703000000|100%| O|  |TAMS 0x0000000702e00000| PB 0x0000000702e00000| Untracked 
|   4|0x0000000703000000, 0x0000000703200000, 0x0000000703200000|100%| O|  |TAMS 0x0000000703000000| PB 0x0000000703000000| Untracked 
|   5|0x0000000703200000, 0x0000000703400000, 0x0000000703400000|100%| O|  |TAMS 0x0000000703200000| PB 0x0000000703200000| Untracked 
|   6|0x0000000703400000, 0x0000000703600000, 0x0000000703600000|100%| O|  |TAMS 0x0000000703400000| PB 0x0000000703400000| Untracked 
|   7|0x0000000703600000, 0x00000007036ab710, 0x0000000703800000| 33%| O|  |TAMS 0x0000000703600000| PB 0x0000000703600000| Untracked 
|   8|0x0000000703800000, 0x00000007039f4fa0, 0x0000000703a00000| 97%| S|CS|TAMS 0x0000000703800000| PB 0x0000000703800000| Complete 
|   9|0x0000000703a00000, 0x0000000703c00000, 0x0000000703c00000|100%| S|CS|TAMS 0x0000000703a00000| PB 0x0000000703a00000| Complete 
|  10|0x0000000703c00000, 0x0000000703c00000, 0x0000000703e00000|  0%| F|  |TAMS 0x0000000703c00000| PB 0x0000000703c00000| Untracked 
|  11|0x0000000703e00000, 0x0000000703e00000, 0x0000000704000000|  0%| F|  |TAMS 0x0000000703e00000| PB 0x0000000703e00000| Untracked 
|  12|0x0000000704000000, 0x0000000704000000, 0x0000000704200000|  0%| F|  |TAMS 0x0000000704000000| PB 0x0000000704000000| Untracked 
|  13|0x0000000704200000, 0x0000000704200000, 0x0000000704400000|  0%| F|  |TAMS 0x0000000704200000| PB 0x0000000704200000| Untracked 
|  14|0x0000000704400000, 0x0000000704400000, 0x0000000704600000|  0%| F|  |TAMS 0x0000000704400000| PB 0x0000000704400000| Untracked 
|  15|0x0000000704600000, 0x0000000704600000, 0x0000000704800000|  0%| F|  |TAMS 0x0000000704600000| PB 0x0000000704600000| Untracked 
|  16|0x0000000704800000, 0x0000000704800000, 0x0000000704a00000|  0%| F|  |TAMS 0x0000000704800000| PB 0x0000000704800000| Untracked 
|  17|0x0000000704a00000, 0x0000000704a00000, 0x0000000704c00000|  0%| F|  |TAMS 0x0000000704a00000| PB 0x0000000704a00000| Untracked 
|  18|0x0000000704c00000, 0x0000000704c00000, 0x0000000704e00000|  0%| F|  |TAMS 0x0000000704c00000| PB 0x0000000704c00000| Untracked 
|  19|0x0000000704e00000, 0x0000000704e00000, 0x0000000705000000|  0%| F|  |TAMS 0x0000000704e00000| PB 0x0000000704e00000| Untracked 
|  20|0x0000000705000000, 0x0000000705000000, 0x0000000705200000|  0%| F|  |TAMS 0x0000000705000000| PB 0x0000000705000000| Untracked 
|  95|0x000000070e600000, 0x000000070e7f4a50, 0x000000070e800000| 97%| E|  |TAMS 0x000000070e600000| PB 0x000000070e600000| Complete 
| 127|0x0000000712600000, 0x0000000712800000, 0x0000000712800000|100%| E|CS|TAMS 0x0000000712600000| PB 0x0000000712600000| Complete 
|2027|0x00000007ffe00000, 0x00000007fff0c840, 0x0000000800000000| 52%| O|Cm|TAMS 0x00000007ffe00000| PB 0x00000007ffe00000| Complete 

Card table byte_map: [0x00007fff0e1f0000,0x00007fff0e9dc000] _byte_map_base: 0x00007fff0a9dc000

Marking Bits: (CMBitMap*) 0x00007fff08069b80
 Bits: [0x00007ffeeca58000, 0x00007ffef09b8000)

Polling page: 0x00007fff114ac000

Metaspace:

Usage:
  Non-class:     68.13 MB used.
      Class:      6.88 MB used.
       Both:     75.01 MB used.

Virtual space:
  Non-class space:      128.00 MB reserved,      68.50 MB ( 54%) committed,  2 nodes.
      Class space:        1.00 GB reserved,       7.19 MB ( <1%) committed,  1 nodes.
             Both:        1.12 GB reserved,      75.69 MB (  7%) committed. 

Chunk freelists:
   Non-Class:  11.16 MB
       Class:  8.87 MB
        Both:  20.02 MB

MaxMetaspaceSize: unlimited
CompressedClassSpaceSize: 1.00 GB
Initial GC threshold: 21.00 MB
Current GC threshold: 102.12 MB
CDS: on
 - commit_granule_bytes: 65536.
 - commit_granule_words: 8192.
 - virtual_space_node_default_size: 8388608.
 - enlarge_chunks_in_place: 1.
 - use_allocation_guard: 0.


Internal statistics:

num_allocs_failed_limit: 21.
num_arena_births: 626.
num_arena_deaths: 0.
num_vsnodes_births: 3.
num_vsnodes_deaths: 0.
num_space_committed: 1203.
num_space_uncommitted: 0.
num_chunks_returned_to_freelist: 21.
num_chunks_taken_from_freelist: 3107.
num_chunk_merges: 15.
num_chunk_splits: 2454.
num_chunks_enlarged: 2046.
num_inconsistent_stats: 0.

CodeHeap 'non-profiled nmethods': size=120032Kb used=2985Kb max_used=2985Kb free=117047Kb
 bounds [0x00007ffef8480000, 0x00007ffef8770000, 0x00007ffeff9b8000]
CodeHeap 'profiled nmethods': size=120016Kb used=11383Kb max_used=11383Kb free=108632Kb
 bounds [0x00007ffef09b8000, 0x00007ffef14d8000, 0x00007ffef7eec000]
CodeHeap 'non-nmethods': size=5712Kb used=1520Kb max_used=1567Kb free=4191Kb
 bounds [0x00007ffef7eec000, 0x00007ffef815c000, 0x00007ffef8480000]
CodeCache: size=245760Kb, used=15888Kb, max_used=15935Kb, free=229870Kb
 total_blobs=6073, nmethods=5383, adapters=597, full_count=0
Compilation: enabled, stopped_count=0, restarted_count=0

Compilation events (20 events):
Event: 20.965 Thread 0x00007fff08120280 6018       4       java.util.LinkedHashMap$Entry::<init> (10 bytes)
Event: 20.968 Thread 0x00007fff08120280 nmethod 6018 0x00007ffef8767090 code [0x00007ffef8767240, 0x00007ffef87675c0]
Event: 24.397 Thread 0x00007fff08121960 6030       3       de.htwsaar.Berta.presentation.SelectionScreen::drawList (151 bytes)
Event: 24.399 Thread 0x00007fff08121960 nmethod 6030 0x00007ffef14ce410 code [0x00007ffef14ce900, 0x00007ffef14d0398]
Event: 25.247 Thread 0x00007fff08121960 6031       3       de.htwsaar.Berta.presentation.SelectionScreen::update (9 bytes)
Event: 25.247 Thread 0x00007fff08121960 nmethod 6031 0x00007ffef14d0d90 code [0x00007ffef14d0f40, 0x00007ffef14d1120]
Event: 25.247 Thread 0x00007fff08121960 6032       3       de.htwsaar.Berta.presentation.SelectionScreen::handleNavigation (94 bytes)
Event: 25.248 Thread 0x00007fff08121960 nmethod 6032 0x00007ffef14d1210 code [0x00007ffef14d1400, 0x00007ffef14d1860]
Event: 25.248 Thread 0x00007fff08121960 6033       3       de.htwsaar.Berta.presentation.SelectionScreen::draw (60 bytes)
Event: 25.248 Thread 0x00007fff08121960 nmethod 6033 0x00007ffef14d1990 code [0x00007ffef14d1bc0, 0x00007ffef14d20d0]
Event: 27.381 Thread 0x00007fff08121960 6034       3       de.htwsaar.Berta.presentation.SelectionScreen::handleSelection (92 bytes)
Event: 27.382 Thread 0x00007fff08121960 nmethod 6034 0x00007ffef14d2290 code [0x00007ffef14d2540, 0x00007ffef14d3060]
Event: 27.382 Thread 0x00007fff08121960 6035       3       de.htwsaar.Berta.presentation.SelectionScreen::drawPaginationInfo (79 bytes)
Event: 27.383 Thread 0x00007fff08121960 nmethod 6035 0x00007ffef14d3410 code [0x00007ffef14d3840, 0x00007ffef14d4f40]
Event: 27.383 Thread 0x00007fff08121960 6036       3       de.htwsaar.Berta.presentation.SelectionScreen::drawSearchBar (77 bytes)
Event: 27.383 Thread 0x00007fff08121960 nmethod 6036 0x00007ffef14d5710 code [0x00007ffef14d5900, 0x00007ffef14d5c40]
Event: 32.414 Thread 0x00007fff08120280 6037       4       java.util.Formatter$FixedString::print (23 bytes)
Event: 32.432 Thread 0x00007fff08120280 nmethod 6037 0x00007ffef8767610 code [0x00007ffef8767880, 0x00007ffef87683f8]
Event: 35.281 Thread 0x00007fff08120280 6038       4       java.lang.AbstractStringBuilder::append (54 bytes)
Event: 35.297 Thread 0x00007fff08120280 nmethod 6038 0x00007ffef8768c90 code [0x00007ffef8768f00, 0x00007ffef8769c88]

GC Heap History (20 events):
Event: 1.884 GC heap before
{Heap before GC invocations=2 (full 0):
 garbage-first heap   total 264192K, used 35158K [0x0000000702800000, 0x0000000800000000)
  region size 2048K, 16 young (32768K), 1 survivors (2048K)
 Metaspace       used 11547K, committed 11712K, reserved 1114112K
  class space    used 1394K, committed 1472K, reserved 1048576K
}
Event: 1.887 GC heap after
{Heap after GC invocations=3 (full 0):
 garbage-first heap   total 264192K, used 6479K [0x0000000702800000, 0x0000000800000000)
  region size 2048K, 2 young (4096K), 2 survivors (4096K)
 Metaspace       used 11547K, committed 11712K, reserved 1114112K
  class space    used 1394K, committed 1472K, reserved 1048576K
}
Event: 3.394 GC heap before
{Heap before GC invocations=3 (full 0):
 garbage-first heap   total 264192K, used 63823K [0x0000000702800000, 0x0000000800000000)
  region size 2048K, 32 young (65536K), 2 survivors (4096K)
 Metaspace       used 21281K, committed 21504K, reserved 1114112K
  class space    used 2133K, committed 2240K, reserved 1048576K
}
Event: 3.402 GC heap after
{Heap after GC invocations=4 (full 0):
 garbage-first heap   total 264192K, used 11369K [0x0000000702800000, 0x0000000800000000)
  region size 2048K, 4 young (8192K), 4 survivors (8192K)
 Metaspace       used 21281K, committed 21504K, reserved 1114112K
  class space    used 2133K, committed 2240K, reserved 1048576K
}
Event: 4.217 GC heap before
{Heap before GC invocations=5 (full 0):
 garbage-first heap   total 49152K, used 31849K [0x0000000702800000, 0x0000000800000000)
  region size 2048K, 14 young (28672K), 4 survivors (8192K)
 Metaspace       used 33908K, committed 34240K, reserved 1114112K
  class space    used 3035K, committed 3200K, reserved 1048576K
}
Event: 4.227 GC heap after
{Heap after GC invocations=6 (full 0):
 garbage-first heap   total 49152K, used 12619K [0x0000000702800000, 0x0000000800000000)
  region size 2048K, 1 young (2048K), 1 survivors (2048K)
 Metaspace       used 33908K, committed 34240K, reserved 1114112K
  class space    used 3035K, committed 3200K, reserved 1048576K
}
Event: 4.474 GC heap before
{Heap before GC invocations=6 (full 0):
 garbage-first heap   total 49152K, used 14667K [0x0000000702800000, 0x0000000800000000)
  region size 2048K, 4 young (8192K), 1 survivors (2048K)
 Metaspace       used 36133K, committed 36480K, reserved 1114112K
  class space    used 3285K, committed 3456K, reserved 1048576K
}
Event: 4.479 GC heap after
{Heap after GC invocations=7 (full 0):
 garbage-first heap   total 49152K, used 13047K [0x0000000702800000, 0x0000000800000000)
  region size 2048K, 1 young (2048K), 1 survivors (2048K)
 Metaspace       used 36133K, committed 36480K, reserved 1114112K
  class space    used 3285K, committed 3456K, reserved 1048576K
}
Event: 4.496 GC heap before
{Heap before GC invocations=7 (full 0):
 garbage-first heap   total 49152K, used 13047K [0x0000000702800000, 0x0000000800000000)
  region size 2048K, 2 young (4096K), 1 survivors (2048K)
 Metaspace       used 36417K, committed 36800K, reserved 1114112K
  class space    used 3316K, committed 3520K, reserved 1048576K
}
Event: 4.499 GC heap after
{Heap after GC invocations=8 (full 0):
 garbage-first heap   total 155648K, used 12833K [0x0000000702800000, 0x0000000800000000)
  region size 2048K, 1 young (2048K), 1 survivors (2048K)
 Metaspace       used 36417K, committed 36800K, reserved 1114112K
  class space    used 3316K, committed 3520K, reserved 1048576K
}
Event: 5.239 GC heap before
{Heap before GC invocations=9 (full 0):
 garbage-first heap   total 49152K, used 39457K [0x0000000702800000, 0x0000000800000000)
  region size 2048K, 14 young (28672K), 1 survivors (2048K)
 Metaspace       used 44290K, committed 44800K, reserved 1114112K
  class space    used 4243K, committed 4480K, reserved 1048576K
}
Event: 5.244 GC heap after
{Heap after GC invocations=10 (full 0):
 garbage-first heap   total 49152K, used 14230K [0x0000000702800000, 0x0000000800000000)
  region size 2048K, 2 young (4096K), 2 survivors (4096K)
 Metaspace       used 44290K, committed 44800K, reserved 1114112K
  class space    used 4243K, committed 4480K, reserved 1048576K
}
Event: 9.410 GC heap before
{Heap before GC invocations=10 (full 0):
 garbage-first heap   total 49152K, used 38806K [0x0000000702800000, 0x0000000800000000)
  region size 2048K, 14 young (28672K), 2 survivors (4096K)
 Metaspace       used 45913K, committed 46464K, reserved 1114112K
  class space    used 4375K, committed 4608K, reserved 1048576K
}
Event: 9.417 GC heap after
{Heap after GC invocations=11 (full 0):
 garbage-first heap   total 49152K, used 14596K [0x0000000702800000, 0x0000000800000000)
  region size 2048K, 2 young (4096K), 2 survivors (4096K)
 Metaspace       used 45913K, committed 46464K, reserved 1114112K
  class space    used 4375K, committed 4608K, reserved 1048576K
}
Event: 10.047 GC heap before
{Heap before GC invocations=11 (full 0):
 garbage-first heap   total 49152K, used 37124K [0x0000000702800000, 0x0000000800000000)
  region size 2048K, 14 young (28672K), 2 survivors (4096K)
 Metaspace       used 57370K, committed 57984K, reserved 1114112K
  class space    used 4977K, committed 5248K, reserved 1048576K
}
Event: 10.052 GC heap after
{Heap after GC invocations=12 (full 0):
 garbage-first heap   total 49152K, used 16270K [0x0000000702800000, 0x0000000800000000)
  region size 2048K, 2 young (4096K), 2 survivors (4096K)
 Metaspace       used 57370K, committed 57984K, reserved 1114112K
  class space    used 4977K, committed 5248K, reserved 1048576K
}
Event: 10.382 GC heap before
{Heap before GC invocations=12 (full 0):
 garbage-first heap   total 49152K, used 26510K [0x0000000702800000, 0x0000000800000000)
  region size 2048K, 8 young (16384K), 2 survivors (4096K)
 Metaspace       used 61790K, committed 62336K, reserved 1114112K
  class space    used 5478K, committed 5696K, reserved 1048576K
}
Event: 10.385 GC heap after
{Heap after GC invocations=13 (full 0):
 garbage-first heap   total 49152K, used 16902K [0x0000000702800000, 0x0000000800000000)
  region size 2048K, 2 young (4096K), 2 survivors (4096K)
 Metaspace       used 61790K, committed 62336K, reserved 1114112K
  class space    used 5478K, committed 5696K, reserved 1048576K
}
Event: 14.536 GC heap before
{Heap before GC invocations=14 (full 0):
 garbage-first heap   total 49152K, used 39430K [0x0000000702800000, 0x0000000800000000)
  region size 2048K, 13 young (26624K), 2 survivors (4096K)
 Metaspace       used 75939K, committed 76608K, reserved 1179648K
  class space    used 6947K, committed 7232K, reserved 1048576K
}
Event: 14.541 GC heap after
{Heap after GC invocations=15 (full 0):
 garbage-first heap   total 49152K, used 20147K [0x0000000702800000, 0x0000000800000000)
  region size 2048K, 2 young (4096K), 2 survivors (4096K)
 Metaspace       used 75939K, committed 76608K, reserved 1179648K
  class space    used 6947K, committed 7232K, reserved 1048576K
}

Dll operation events (11 events):
Event: 0.066 Loaded shared library /usr/lib/jvm/java-21-openjdk-arm64/lib/libjava.so
Event: 0.347 Loaded shared library /usr/lib/jvm/java-21-openjdk-arm64/lib/libnio.so
Event: 0.354 Loaded shared library /usr/lib/jvm/java-21-openjdk-arm64/lib/libzip.so
Event: 0.378 Loaded shared library /usr/lib/jvm/java-21-openjdk-arm64/lib/libnet.so
Event: 0.550 Loaded shared library /usr/lib/jvm/java-21-openjdk-arm64/lib/libjimage.so
Event: 4.327 Loaded shared library /tmp/sqlite-3.45.1.0-681fa030-f7a4-4b7e-8e90-f4cc1feeb571-libsqlitejdbc.so
Event: 5.324 Loaded shared library /usr/lib/jvm/java-21-openjdk-arm64/lib/libverify.so
Event: 9.648 Loaded shared library /tmp/sqlite-3.45.1.0-2e3fae54-b92e-43af-bc05-7f33cdf9b914-libsqlitejdbc.so
Event: 10.702 Loaded shared library /usr/lib/jvm/java-21-openjdk-arm64/lib/libextnet.so
Event: 11.778 Loaded shared library /usr/lib/aarch64-linux-gnu/libX11.so.6.4.0
Event: 11.804 Loaded shared library /home/xenobyte/.javacpp/cache/jaylib-5.5.0-2.jar/com/raylib/linux-arm64/libjniRaylib.so

Deoptimization events (20 events):
Event: 20.686 Thread 0x00007ffe8b09d940 Uncommon trap: trap_request=0xffffffde fr.pc=0x00007ffef84cedfc relative=0x000000000000007c
Event: 20.686 Thread 0x00007ffe8b09d940 Uncommon trap: reason=class_check action=maybe_recompile pc=0x00007ffef84cedfc method=java.util.Collections$UnmodifiableMap$UnmodifiableEntrySet$UnmodifiableEntry.getValue()Ljava/lang/Object; @ 4 c2
Event: 20.686 Thread 0x00007ffe8b09d940 DEOPT PACKING pc=0x00007ffef84cedfc sp=0x00007ffe5b415060
Event: 20.686 Thread 0x00007ffe8b09d940 DEOPT UNPACKING pc=0x00007ffef7f2f01c sp=0x00007ffe5b415000 mode 2
Event: 20.686 Thread 0x00007ffe8b09d940 Uncommon trap: trap_request=0xffffffde fr.pc=0x00007ffef8593510 relative=0x0000000000000490
Event: 20.686 Thread 0x00007ffe8b09d940 Uncommon trap: reason=class_check action=maybe_recompile pc=0x00007ffef8593510 method=java.util.Collections$UnmodifiableMap$UnmodifiableEntrySet$1.next()Ljava/util/Map$Entry; @ 8 c2
Event: 20.686 Thread 0x00007ffe8b09d940 DEOPT PACKING pc=0x00007ffef8593510 sp=0x00007ffe5b415030
Event: 20.686 Thread 0x00007ffe8b09d940 DEOPT UNPACKING pc=0x00007ffef7f2f01c sp=0x00007ffe5b414f80 mode 2
Event: 20.686 Thread 0x00007ffe8b09d940 Uncommon trap: trap_request=0xffffffde fr.pc=0x00007ffef84cf0fc relative=0x000000000000007c
Event: 20.686 Thread 0x00007ffe8b09d940 Uncommon trap: reason=class_check action=maybe_recompile pc=0x00007ffef84cf0fc method=java.util.Collections$UnmodifiableMap$UnmodifiableEntrySet$UnmodifiableEntry.getKey()Ljava/lang/Object; @ 4 c2
Event: 20.686 Thread 0x00007ffe8b09d940 DEOPT PACKING pc=0x00007ffef84cf0fc sp=0x00007ffe5b415060
Event: 20.686 Thread 0x00007ffe8b09d940 DEOPT UNPACKING pc=0x00007ffef7f2f01c sp=0x00007ffe5b415000 mode 2
Event: 20.686 Thread 0x00007ffe8b09d940 Uncommon trap: trap_request=0xffffffde fr.pc=0x00007ffef84cedfc relative=0x000000000000007c
Event: 20.686 Thread 0x00007ffe8b09d940 Uncommon trap: reason=class_check action=maybe_recompile pc=0x00007ffef84cedfc method=java.util.Collections$UnmodifiableMap$UnmodifiableEntrySet$UnmodifiableEntry.getValue()Ljava/lang/Object; @ 4 c2
Event: 20.686 Thread 0x00007ffe8b09d940 DEOPT PACKING pc=0x00007ffef84cedfc sp=0x00007ffe5b415060
Event: 20.686 Thread 0x00007ffe8b09d940 DEOPT UNPACKING pc=0x00007ffef7f2f01c sp=0x00007ffe5b415000 mode 2
Event: 20.954 Thread 0x00007ffe8b09d940 Uncommon trap: trap_request=0xffffffde fr.pc=0x00007ffef84eded4 relative=0x0000000000000094
Event: 20.954 Thread 0x00007ffe8b09d940 Uncommon trap: reason=class_check action=maybe_recompile pc=0x00007ffef84eded4 method=java.nio.ByteBuffer.position(I)Ljava/nio/Buffer; @ 2 c2
Event: 20.954 Thread 0x00007ffe8b09d940 DEOPT PACKING pc=0x00007ffef84eded4 sp=0x00007ffe5b414de0
Event: 20.954 Thread 0x00007ffe8b09d940 DEOPT UNPACKING pc=0x00007ffef7f2f01c sp=0x00007ffe5b414d70 mode 2

Classes loaded (20 events):
Event: 11.780 Loading class java/time/zone/TzdbZoneRulesProvider
Event: 11.780 Loading class java/time/zone/TzdbZoneRulesProvider done
Event: 11.781 Loading class java/time/zone/Ser
Event: 11.782 Loading class java/io/Externalizable
Event: 11.782 Loading class java/io/Externalizable done
Event: 11.782 Loading class java/time/zone/Ser done
Event: 11.782 Loading class java/time/DayOfWeek
Event: 11.782 Loading class java/time/DayOfWeek done
Event: 11.782 Loading class java/time/zone/ZoneOffsetTransitionRule$TimeDefinition
Event: 11.782 Loading class java/time/zone/ZoneOffsetTransitionRule$TimeDefinition done
Event: 11.783 Loading class java/time/temporal/TemporalAdjusters
Event: 11.789 Loading class java/time/temporal/TemporalAdjusters done
Event: 20.662 Loading class sun/security/ssl/PreSharedKeyExtension$PskIdentity
Event: 20.662 Loading class sun/security/ssl/PreSharedKeyExtension$PskIdentity done
Event: 20.663 Loading class sun/security/ssl/PreSharedKeyExtension$CHPreSharedKeySpec
Event: 20.663 Loading class sun/security/ssl/PreSharedKeyExtension$CHPreSharedKeySpec done
Event: 20.663 Loading class sun/security/ssl/PreSharedKeyExtension$PartialClientHelloMessage
Event: 20.663 Loading class sun/security/ssl/PreSharedKeyExtension$PartialClientHelloMessage done
Event: 20.680 Loading class sun/security/ssl/PreSharedKeyExtension$SHPreSharedKeySpec
Event: 20.680 Loading class sun/security/ssl/PreSharedKeyExtension$SHPreSharedKeySpec done

Classes unloaded (0 events):
No events

Classes redefined (0 events):
No events

Internal exceptions (20 events):
Event: 9.454 Thread 0x00007fff08019910 Exception <a 'java/lang/NoSuchMethodError'{0x0000000712794030}: 'void java.lang.invoke.DelegatingMethodHandle$Holder.reinvoke_L(java.lang.Object, java.lang.Object, long)'> (0x0000000712794030) 
thrown [./src/hotspot/share/interpreter/linkResolver.cpp, line 772]
Event: 9.466 Thread 0x00007fff0a1384a0 Exception <a 'java/lang/NoSuchMethodError'{0x000000070e62cf60}: 'void java.lang.invoke.DirectMethodHandle$Holder.invokeStaticInit(java.lang.Object, java.lang.Object)'> (0x000000070e62cf60) 
thrown [./src/hotspot/share/interpreter/linkResolver.cpp, line 772]
Event: 9.466 Thread 0x00007fff0a1384a0 Exception <a 'java/lang/NoSuchMethodError'{0x000000070e630468}: 'void java.lang.invoke.Invokers$Holder.invoke_MT(java.lang.Object, java.lang.Object, java.lang.Object)'> (0x000000070e630468) 
thrown [./src/hotspot/share/interpreter/linkResolver.cpp, line 772]
Event: 9.479 Thread 0x00007fff0a1384a0 Exception <a 'java/lang/NoClassDefFoundError'{0x000000070e78d310}: org/slf4j/impl/StaticLoggerBinder> (0x000000070e78d310) 
thrown [./src/hotspot/share/classfile/systemDictionary.cpp, line 301]
Event: 9.507 Thread 0x00007fff0a1384a0 Exception <a 'sun/nio/fs/UnixException'{0x000000070509bc78}> (0x000000070509bc78) 
thrown [./src/hotspot/share/prims/jni.cpp, line 520]
Event: 10.242 Thread 0x00007fff0a1384a0 Exception <a 'java/lang/NoSuchMethodError'{0x0000000704d3fb00}: 'java.lang.Object java.lang.invoke.DirectMethodHandle$Holder.invokeStaticInit(java.lang.Object, java.lang.Object, int)'> (0x0000000704d3fb00) 
thrown [./src/hotspot/share/interpreter/linkResolver.cpp, line 772]
Event: 10.244 Thread 0x00007fff0a1384a0 Exception <a 'java/lang/NoSuchMethodError'{0x0000000704d57030}: 'int java.lang.invoke.DirectMethodHandle$Holder.invokeSpecialIFC(java.lang.Object, java.lang.Object, java.lang.Object)'> (0x0000000704d57030) 
thrown [./src/hotspot/share/interpreter/linkResolver.cpp, line 772]
Event: 10.248 Thread 0x00007fff0a1384a0 Exception <a 'java/lang/NoSuchMethodError'{0x0000000704d7b140}: 'java.lang.Object java.lang.invoke.Invokers$Holder.invoke_MT(java.lang.Object, java.lang.Object, java.lang.Object, java.lang.Object, java.lang.Object, java.lang.Object, java.lang.Object, java.lang.Object, java.lang.Object, java.lang.Object)'> (0x0000000704d7b140) 
thrown [./src/hotspot/share/interpreter/linkResolver.cpp, line 772]
Event: 10.251 Thread 0x00007fff0a1384a0 Exception <a 'java/lang/NoSuchMethodError'{0x0000000704da73e8}: 'java.lang.Object java.lang.invoke.DirectMethodHandle$Holder.invokeSpecial(java.lang.Object, java.lang.Object, int, java.lang.Object, java.lang.Object)'> (0x0000000704da73e8) 
thrown [./src/hotspot/share/interpreter/linkResolver.cpp, line 772]
Event: 10.252 Thread 0x00007fff0a1384a0 Exception <a 'java/lang/NoSuchMethodError'{0x0000000704daad78}: 'java.lang.Object java.lang.invoke.DelegatingMethodHandle$Holder.delegate(java.lang.Object, int, java.lang.Object, java.lang.Object)'> (0x0000000704daad78) 
thrown [./src/hotspot/share/interpreter/linkResolver.cpp, line 772]
Event: 10.254 Thread 0x00007fff0a1384a0 Exception <a 'java/lang/NoSuchMethodError'{0x0000000704dba1f8}: 'int java.lang.invoke.Invokers$Holder.linkToTargetMethod(java.lang.Object, java.lang.Object, java.lang.Object)'> (0x0000000704dba1f8) 
thrown [./src/hotspot/share/interpreter/linkResolver.cpp, line 772]
Event: 10.261 Thread 0x00007fff0a1384a0 Exception <a 'java/lang/NoSuchMethodError'{0x0000000704dc8f00}: 'long java.lang.invoke.DirectMethodHandle$Holder.invokeSpecial(java.lang.Object, java.lang.Object)'> (0x0000000704dc8f00) 
thrown [./src/hotspot/share/interpreter/linkResolver.cpp, line 772]
Event: 10.598 Thread 0x00007fff0a1384a0 Exception <a 'java/lang/NoSuchMethodError'{0x00000007051cea28}: 'void java.lang.invoke.DirectMethodHandle$Holder.invokeStatic(java.lang.Object, java.lang.Object, java.lang.Object, java.lang.Object, java.lang.Object, java.lang.Object, java.lang.Object)'> (0x00000007051cea28) 
thrown [./src/hotspot/share/interpreter/linkResolver.cpp, line 772]
Event: 10.733 Thread 0x00007ffe883494c0 Exception <a 'java/lang/NoSuchMethodError'{0x0000000704e09840}: 'void java.lang.invoke.DirectMethodHandle$Holder.invokeStatic(java.lang.Object, java.lang.Object, int)'> (0x0000000704e09840) 
thrown [./src/hotspot/share/interpreter/linkResolver.cpp, line 772]
Event: 10.929 Thread 0x00007ffe80006270 Exception <a 'java/lang/NoSuchMethodError'{0x0000000704cce5a8}: 'void java.lang.invoke.DirectMethodHandle$Holder.invokeInterface(java.lang.Object, java.lang.Object)'> (0x0000000704cce5a8) 
thrown [./src/hotspot/share/interpreter/linkResolver.cpp, line 772]
Event: 11.313 Thread 0x00007ffe80006270 Exception <a 'java/lang/NoSuchMethodError'{0x000000070441fbd0}: 'java.lang.Object java.lang.invoke.DirectMethodHandle$Holder.newInvokeSpecial(java.lang.Object, java.lang.Object, long, java.lang.Object, java.lang.Object, java.lang.Object)'> (0x000000070441fbd0) 
thrown [./src/hotspot/share/interpreter/linkResolver.cpp, line 772]
Event: 11.313 Thread 0x00007ffe80006270 Exception <a 'java/lang/NoSuchMethodError'{0x0000000704427640}: 'java.lang.Object java.lang.invoke.Invokers$Holder.linkToTargetMethod(java.lang.Object, long, java.lang.Object, java.lang.Object, java.lang.Object, java.lang.Object)'> (0x0000000704427640) 
thrown [./src/hotspot/share/interpreter/linkResolver.cpp, line 772]
Event: 11.764 Thread 0x00007fff0a1384a0 Exception <a 'java/lang/NoSuchMethodError'{0x0000000703fc2270}: 'int java.lang.invoke.DirectMethodHandle$Holder.invokeStaticInit(java.lang.Object, java.lang.Object, java.lang.Object, java.lang.Object)'> (0x0000000703fc2270) 
thrown [./src/hotspot/share/interpreter/linkResolver.cpp, line 772]
Event: 11.765 Thread 0x00007fff0a1384a0 Exception <a 'java/lang/IncompatibleClassChangeError'{0x0000000703fca418}: Found class java.lang.Object, but interface was expected> (0x0000000703fca418) 
thrown [./src/hotspot/share/interpreter/linkResolver.cpp, line 840]
Event: 14.697 Thread 0x00007fff0a1384a0 Exception <a 'java/lang/NoSuchMethodError'{0x000000071273b5b0}: 'java.lang.Object java.lang.invoke.DirectMethodHandle$Holder.invokeVirtual(java.lang.Object, java.lang.Object, java.lang.Object, java.lang.Object)'> (0x000000071273b5b0) 
thrown [./src/hotspot/share/interpreter/linkResolver.cpp, line 772]

ZGC Phase Switch (0 events):
No events

VM Operations (20 events):
Event: 10.982 Executing VM operation: HandshakeAllThreads (Deoptimize)
Event: 10.982 Executing VM operation: HandshakeAllThreads (Deoptimize) done
Event: 10.983 Executing VM operation: HandshakeAllThreads (Deoptimize)
Event: 10.983 Executing VM operation: HandshakeAllThreads (Deoptimize) done
Event: 11.319 Executing VM operation: HandshakeAllThreads (Deoptimize)
Event: 11.320 Executing VM operation: HandshakeAllThreads (Deoptimize) done
Event: 11.321 Executing VM operation: ICBufferFull
Event: 11.321 Executing VM operation: ICBufferFull done
Event: 11.343 Executing VM operation: HandshakeAllThreads (Deoptimize)
Event: 11.343 Executing VM operation: HandshakeAllThreads (Deoptimize) done
Event: 12.343 Executing VM operation: Cleanup
Event: 12.343 Executing VM operation: Cleanup done
Event: 13.343 Executing VM operation: Cleanup
Event: 13.343 Executing VM operation: Cleanup done
Event: 14.536 Executing VM operation: G1CollectForAllocation (G1 Evacuation Pause)
Event: 14.541 Executing VM operation: G1CollectForAllocation (G1 Evacuation Pause) done
Event: 21.542 Executing VM operation: Cleanup
Event: 21.542 Executing VM operation: Cleanup done
Event: 32.543 Executing VM operation: Cleanup
Event: 32.543 Executing VM operation: Cleanup done

Memory protections (20 events):
Event: 0.549 Protecting memory [0x00007ffeec058000,0x00007ffeec064000] with protection modes 0
Event: 1.028 Protecting memory [0x00007ffeec058000,0x00007ffeec064000] with protection modes 0
Event: 2.256 Protecting memory [0x00007ffedd7d0000,0x00007ffedd7dc000] with protection modes 0
Event: 4.217 Protecting memory [0x00007ffeec024000,0x00007ffeec030000] with protection modes 0
Event: 4.882 Protecting memory [0x00007ffeec058000,0x00007ffeec064000] with protection modes 0
Event: 5.670 Protecting memory [0x00007ffedd450000,0x00007ffedd45c000] with protection modes 0
Event: 5.670 Protecting memory [0x00007ffedd250000,0x00007ffedd25c000] with protection modes 0
Event: 6.457 Protecting memory [0x00007ffeec058000,0x00007ffeec064000] with protection modes 0
Event: 6.457 Protecting memory [0x00007ffedd450000,0x00007ffedd45c000] with protection modes 0
Event: 9.460 Protecting memory [0x00007ffeec058000,0x00007ffeec064000] with protection modes 0
Event: 9.460 Protecting memory [0x00007ffedd450000,0x00007ffedd45c000] with protection modes 0
Event: 9.464 Protecting memory [0x00007ffedd250000,0x00007ffedd25c000] with protection modes 0
Event: 9.678 Protecting memory [0x00007ffedcf30000,0x00007ffedcf3c000] with protection modes 0
Event: 10.594 Protecting memory [0x00007ffedcd30000,0x00007ffedcd3c000] with protection modes 0
Event: 10.735 Protecting memory [0x00007ffedcad0000,0x00007ffedcadc000] with protection modes 0
Event: 10.750 Protecting memory [0x00007ffedc8d0000,0x00007ffedc8dc000] with protection modes 0
Event: 11.813 Protecting memory [0x00007ffedcf30000,0x00007ffedcf3c000] with protection modes 0
Event: 20.641 Protecting memory [0x00007ffe5b418000,0x00007ffe5b424000] with protection modes 0
Event: 20.657 Protecting memory [0x00007ffe5b218000,0x00007ffe5b224000] with protection modes 0
Event: 20.658 Protecting memory [0x00007ffe5b018000,0x00007ffe5b024000] with protection modes 0

Nmethod flushes (20 events):
Event: 10.416 Thread 0x00007fff0810d8f0 flushing  nmethod 0x00007ffef0a6b410
Event: 10.416 Thread 0x00007fff0810d8f0 flushing  nmethod 0x00007ffef0a8ae10
Event: 10.416 Thread 0x00007fff0810d8f0 flushing  nmethod 0x00007ffef0a8f510
Event: 10.416 Thread 0x00007fff0810d8f0 flushing  nmethod 0x00007ffef0a8fa10
Event: 10.416 Thread 0x00007fff0810d8f0 flushing  nmethod 0x00007ffef0b01290
Event: 10.416 Thread 0x00007fff0810d8f0 flushing  nmethod 0x00007ffef0b4e410
Event: 10.416 Thread 0x00007fff0810d8f0 flushing  nmethod 0x00007ffef0ba6490
Event: 10.416 Thread 0x00007fff0810d8f0 flushing  nmethod 0x00007ffef0e2b190
Event: 10.416 Thread 0x00007fff0810d8f0 flushing  nmethod 0x00007ffef0e7d510
Event: 10.416 Thread 0x00007fff0810d8f0 flushing  nmethod 0x00007ffef0f0ea10
Event: 10.416 Thread 0x00007fff0810d8f0 flushing  nmethod 0x00007ffef0f9f810
Event: 10.416 Thread 0x00007fff0810d8f0 flushing  nmethod 0x00007ffef1081210
Event: 10.416 Thread 0x00007fff0810d8f0 flushing  nmethod 0x00007ffef10cf610
Event: 10.416 Thread 0x00007fff0810d8f0 flushing  nmethod 0x00007ffef1115890
Event: 10.416 Thread 0x00007fff0810d8f0 flushing  nmethod 0x00007ffef11b4890
Event: 10.416 Thread 0x00007fff0810d8f0 flushing  nmethod 0x00007ffef11d0a90
Event: 10.416 Thread 0x00007fff0810d8f0 flushing  nmethod 0x00007ffef1238910
Event: 10.416 Thread 0x00007fff0810d8f0 flushing  nmethod 0x00007ffef1238d10
Event: 10.416 Thread 0x00007fff0810d8f0 flushing  nmethod 0x00007ffef123a310
Event: 10.416 Thread 0x00007fff0810d8f0 flushing osr nmethod 0x00007ffef123a990

Events (20 events):
Event: 5.670 Thread 0x00007fff08019910 Thread added: 0x00007fff0a0f2920
Event: 6.452 Thread 0x00007fff0a0f2920 Thread exited: 0x00007fff0a0f2920
Event: 6.453 Thread 0x00007fff0a0d9150 Thread exited: 0x00007fff0a0d9150
Event: 6.453 Thread 0x00007ffeb013bc70 Thread exited: 0x00007ffeb013bc70
Event: 6.457 Thread 0x00007fff08019910 Thread added: 0x00007fff0a0f2920
Event: 6.457 Thread 0x00007fff08019910 Thread added: 0x00007fff0a0f3790
Event: 9.363 Thread 0x00007fff0a0f3790 Thread exited: 0x00007fff0a0f3790
Event: 9.364 Thread 0x00007fff0a0f2920 Thread exited: 0x00007fff0a0f2920
Event: 9.460 Thread 0x00007fff08019910 Thread added: 0x00007fff0a136940
Event: 9.460 Thread 0x00007fff0a136940 Thread added: 0x00007ffe900763a0
Event: 9.464 Thread 0x00007fff08019910 Thread added: 0x00007fff0a1384a0
Event: 9.678 Thread 0x00007fff08121960 Thread added: 0x00007ffeb03b8d80
Event: 10.594 Thread 0x00007fff0a1384a0 Thread added: 0x00007ffe883494c0
Event: 10.735 Thread 0x00007ffe883494c0 Thread added: 0x00007ffe80006270
Event: 10.750 Thread 0x00007ffe883494c0 Thread added: 0x00007ffe80008620
Event: 11.298 Thread 0x00007ffeb03b8d80 Thread exited: 0x00007ffeb03b8d80
Event: 11.813 Thread 0x00007fff0a1384a0 Thread added: 0x00007ffe884fe540
Event: 20.641 Thread 0x00007fff0a1384a0 Thread added: 0x00007ffe8b09c840
Event: 20.657 Thread 0x00007ffe8b09c840 Thread added: 0x00007ffe8b09d940
Event: 20.658 Thread 0x00007ffe8b09c840 Thread added: 0x00007ffe8b09ebd0


Dynamic libraries:
702800000-705200000 rw-p 00000000 00:00 0 
705200000-70e600000 ---p 00000000 00:00 0 
70e600000-70e800000 rw-p 00000000 00:00 0 
70e800000-712600000 ---p 00000000 00:00 0 
712600000-712800000 rw-p 00000000 00:00 0 
712800000-7ffe00000 ---p 00000000 00:00 0 
7ffe00000-7fff10000 rw-p 00d00000 b3:02 1133383                          /usr/lib/jvm/java-21-openjdk-arm64/lib/server/classes.jsa
7fff10000-800000000 rw-p 00000000 00:00 0 
f000000000-f000cb0000 rw-p 00010000 b3:02 1133383                        /usr/lib/jvm/java-21-openjdk-arm64/lib/server/classes.jsa
f000cb0000-f001000000 ---p 00000000 00:00 0 
f001000000-f001040000 rw-p 00000000 00:00 0 
f001040000-f001080000 rw-p 00000000 00:00 0 
f001080000-f0011c0000 rw-p 00000000 00:00 0 
f0011c0000-f001200000 rw-p 00000000 00:00 0 
f001200000-f0015c0000 rw-p 00000000 00:00 0 
f0015c0000-f0015e0000 rw-p 00000000 00:00 0 
f0015e0000-f001600000 rw-p 00000000 00:00 0 
f001600000-f001640000 rw-p 00000000 00:00 0 
f001640000-f001730000 rw-p 00000000 00:00 0 
f001730000-f041000000 ---p 00000000 00:00 0 
5555fd960000-5555fd964000 r-xp 00000000 b3:02 1133231                    /usr/lib/jvm/java-21-openjdk-arm64/bin/java
5555fd97c000-5555fd980000 r--p 0000c000 b3:02 1133231                    /usr/lib/jvm/java-21-openjdk-arm64/bin/java
5555fd980000-5555fd984000 rw-p 00010000 b3:02 1133231                    /usr/lib/jvm/java-21-openjdk-arm64/bin/java
5555ff9ac000-5555ff9f4000 rw-p 00000000 00:00 0                          [heap]
7ffe50000000-7ffe5134c000 rw-p 00000000 00:00 0 
7ffe5134c000-7ffe54000000 ---p 00000000 00:00 0 
7ffe54000000-7ffe54024000 rw-p 00000000 00:00 0 
7ffe54024000-7ffe58000000 ---p 00000000 00:00 0 
7ffe5b018000-7ffe5b024000 ---p 00000000 00:00 0 
7ffe5b024000-7ffe5b218000 rw-p 00000000 00:00 0 
7ffe5b218000-7ffe5b224000 ---p 00000000 00:00 0 
7ffe5b224000-7ffe5b418000 rw-p 00000000 00:00 0 
7ffe5b418000-7ffe5b424000 ---p 00000000 00:00 0 
7ffe5b424000-7ffe5b618000 rw-p 00000000 00:00 0 
7ffe5b7f0000-7ffe5b800000 ---p 00000000 00:00 0 
7ffe5b800000-7ffe5c024000 rw-p 00000000 00:00 0 
7ffe5c024000-7ffe60000000 ---p 00000000 00:00 0 
7ffe62430000-7ffe62440000 ---p 00000000 00:00 0 
7ffe62440000-7ffe62c40000 rw-p 00000000 00:00 0 
7ffe62c40000-7ffe62c50000 ---p 00000000 00:00 0 
7ffe62c50000-7ffe63450000 rw-p 00000000 00:00 0 
7ffe63450000-7ffe63460000 ---p 00000000 00:00 0 
7ffe63460000-7ffe63c60000 rw-p 00000000 00:00 0 
7ffe64470000-7ffe64480000 r-xp 00000000 b3:02 5605                       /usr/lib/aarch64-linux-gnu/libmd.so.0.1.0
7ffe64480000-7ffe6448c000 ---p 00010000 b3:02 5605                       /usr/lib/aarch64-linux-gnu/libmd.so.0.1.0
7ffe6448c000-7ffe64490000 r--p 0000c000 b3:02 5605                       /usr/lib/aarch64-linux-gnu/libmd.so.0.1.0
7ffe64490000-7ffe64494000 rw-p 00010000 b3:02 5605                       /usr/lib/aarch64-linux-gnu/libmd.so.0.1.0
7ffe644a0000-7ffe644cc000 r-xp 00000000 b3:02 5596                       /usr/lib/aarch64-linux-gnu/liblzma.so.5.8.1
7ffe644cc000-7ffe644dc000 ---p 0002c000 b3:02 5596                       /usr/lib/aarch64-linux-gnu/liblzma.so.5.8.1
7ffe644dc000-7ffe644e0000 r--p 0002c000 b3:02 5596                       /usr/lib/aarch64-linux-gnu/liblzma.so.5.8.1
7ffe644e0000-7ffe644e4000 rw-p 00030000 b3:02 5596                       /usr/lib/aarch64-linux-gnu/liblzma.so.5.8.1
7ffe644f0000-7ffe64504000 r-xp 00000000 b3:02 5464                       /usr/lib/aarch64-linux-gnu/libbsd.so.0.12.2
7ffe64504000-7ffe6451c000 ---p 00014000 b3:02 5464                       /usr/lib/aarch64-linux-gnu/libbsd.so.0.12.2
7ffe6451c000-7ffe64520000 r--p 0001c000 b3:02 5464                       /usr/lib/aarch64-linux-gnu/libbsd.so.0.12.2
7ffe64520000-7ffe64524000 rw-p 00020000 b3:02 5464                       /usr/lib/aarch64-linux-gnu/libbsd.so.0.12.2
7ffe64530000-7ffe64560000 r-xp 00000000 b3:02 5726                       /usr/lib/aarch64-linux-gnu/libtinfo.so.6.5
7ffe64560000-7ffe6456c000 ---p 00030000 b3:02 5726                       /usr/lib/aarch64-linux-gnu/libtinfo.so.6.5
7ffe6456c000-7ffe64570000 r--p 0003c000 b3:02 5726                       /usr/lib/aarch64-linux-gnu/libtinfo.so.6.5
7ffe64570000-7ffe64574000 rw-p 00040000 b3:02 5726                       /usr/lib/aarch64-linux-gnu/libtinfo.so.6.5
7ffe64580000-7ffe64728000 r-xp 00000000 b3:02 5749                       /usr/lib/aarch64-linux-gnu/libxml2.so.2.9.14
7ffe64728000-7ffe64734000 ---p 001a8000 b3:02 5749                       /usr/lib/aarch64-linux-gnu/libxml2.so.2.9.14
7ffe64734000-7ffe64740000 r--p 001a4000 b3:02 5749                       /usr/lib/aarch64-linux-gnu/libxml2.so.2.9.14
7ffe64740000-7ffe64744000 rw-p 001b0000 b3:02 5749                       /usr/lib/aarch64-linux-gnu/libxml2.so.2.9.14
7ffe64750000-7ffe660bc000 r-xp 00000000 b3:02 4311                       /usr/lib/aarch64-linux-gnu/libz3.so.4
7ffe660bc000-7ffe660cc000 ---p 0196c000 b3:02 4311                       /usr/lib/aarch64-linux-gnu/libz3.so.4
7ffe660cc000-7ffe66100000 r--p 0196c000 b3:02 4311                       /usr/lib/aarch64-linux-gnu/libz3.so.4
7ffe66100000-7ffe66104000 rw-p 019a0000 b3:02 4311                       /usr/lib/aarch64-linux-gnu/libz3.so.4
7ffe66110000-7ffe66144000 r-xp 00000000 b3:02 5507                       /usr/lib/aarch64-linux-gnu/libedit.so.2.0.75
7ffe66144000-7ffe6615c000 ---p 00034000 b3:02 5507                       /usr/lib/aarch64-linux-gnu/libedit.so.2.0.75
7ffe6615c000-7ffe66160000 r--p 0003c000 b3:02 5507                       /usr/lib/aarch64-linux-gnu/libedit.so.2.0.75
7ffe66160000-7ffe66164000 rw-p 00040000 b3:02 5507                       /usr/lib/aarch64-linux-gnu/libedit.so.2.0.75
7ffe66164000-7ffe66168000 rw-p 00000000 00:00 0 
7ffe66170000-7ffe6617c000 r-xp 00000000 b3:02 5515                       /usr/lib/aarch64-linux-gnu/libffi.so.8.1.4
7ffe6617c000-7ffe6618c000 ---p 0000c000 b3:02 5515                       /usr/lib/aarch64-linux-gnu/libffi.so.8.1.4
7ffe6618c000-7ffe66190000 r--p 0000c000 b3:02 5515                       /usr/lib/aarch64-linux-gnu/libffi.so.8.1.4
7ffe66190000-7ffe66194000 rw-p 00010000 b3:02 5515                       /usr/lib/aarch64-linux-gnu/libffi.so.8.1.4
7ffe662d0000-7ffe6637c000 r-xp 00000000 b3:02 5755                       /usr/lib/aarch64-linux-gnu/libzstd.so.1.5.7
7ffe6637c000-7ffe6638c000 ---p 000ac000 b3:02 5755                       /usr/lib/aarch64-linux-gnu/libzstd.so.1.5.7
7ffe6638c000-7ffe66390000 r--p 000ac000 b3:02 5755                       /usr/lib/aarch64-linux-gnu/libzstd.so.1.5.7
7ffe66390000-7ffe66394000 rw-p 000b0000 b3:02 5755                       /usr/lib/aarch64-linux-gnu/libzstd.so.1.5.7
7ffe663a0000-7ffe6d370000 r-xp 00000000 b3:02 4330                       /usr/lib/aarch64-linux-gnu/libLLVM.so.19.1
7ffe6d370000-7ffe6d384000 ---p 06fd0000 b3:02 4330                       /usr/lib/aarch64-linux-gnu/libLLVM.so.19.1
7ffe6d384000-7ffe6d8f0000 r--p 06fd4000 b3:02 4330                       /usr/lib/aarch64-linux-gnu/libLLVM.so.19.1
7ffe6d8f0000-7ffe6d938000 rw-p 07540000 b3:02 4330                       /usr/lib/aarch64-linux-gnu/libLLVM.so.19.1
7ffe6d938000-7ffe6d9d8000 rw-p 00000000 00:00 0 
7ffe70000000-7ffe704e0000 rw-p 00000000 00:00 0 
7ffe704e0000-7ffe74000000 ---p 00000000 00:00 0 
7ffe74000000-7ffe740a4000 rw-p 00000000 00:00 0 
7ffe740a4000-7ffe78000000 ---p 00000000 00:00 0 
7ffe78000000-7ffe78024000 rw-p 00000000 00:00 0 
7ffe78024000-7ffe7c000000 ---p 00000000 00:00 0 
7ffe7c000000-7ffe7cb98000 rw-p 00000000 00:00 0 
7ffe7cb98000-7ffe80000000 ---p 00000000 00:00 0 
7ffe80000000-7ffe80024000 rw-p 00000000 00:00 0 
7ffe80024000-7ffe84000000 ---p 00000000 00:00 0 
7ffe84000000-7ffe84024000 rw-p 00000000 00:00 0 
7ffe84024000-7ffe88000000 ---p 00000000 00:00 0 
7ffe88000000-7ffe8c000000 rw-p 00000000 00:00 0 
7ffe8c000000-7ffe8c024000 rw-p 00000000 00:00 0 
7ffe8c024000-7ffe90000000 ---p 00000000 00:00 0 
7ffe90000000-7ffe912e4000 rw-p 00000000 00:00 0 
7ffe912e4000-7ffe94000000 ---p 00000000 00:00 0 
7ffe94000000-7ffe94024000 rw-p 00000000 00:00 0 
7ffe94024000-7ffe98000000 ---p 00000000 00:00 0 
7ffe98000000-7ffe985d8000 rw-p 00000000 00:00 0 
7ffe985d8000-7ffe9c000000 ---p 00000000 00:00 0 
7ffe9c000000-7ffe9c024000 rw-p 00000000 00:00 0 
7ffe9c024000-7ffea0000000 ---p 00000000 00:00 0 
7ffea0000000-7ffea0024000 rw-p 00000000 00:00 0 
7ffea0024000-7ffea4000000 ---p 00000000 00:00 0 
7ffea4000000-7ffea4024000 rw-p 00000000 00:00 0 
7ffea4024000-7ffea8000000 ---p 00000000 00:00 0 
7ffea8000000-7ffea8024000 rw-p 00000000 00:00 0 
7ffea8024000-7ffeac000000 ---p 00000000 00:00 0 
7ffeac000000-7ffead494000 rw-p 00000000 00:00 0 
7ffead494000-7ffeb0000000 ---p 00000000 00:00 0 
7ffeb0000000-7ffeb079c000 rw-p 00000000 00:00 0 
7ffeb079c000-7ffeb4000000 ---p 00000000 00:00 0 
7ffeb4000000-7ffeb4024000 rw-p 00000000 00:00 0 
7ffeb4024000-7ffeb8000000 ---p 00000000 00:00 0 
7ffeb8000000-7ffeb8024000 rw-p 00000000 00:00 0 
7ffeb8024000-7ffebc000000 ---p 00000000 00:00 0 
7ffebc000000-7ffebc024000 rw-p 00000000 00:00 0 
7ffebc024000-7ffec0000000 ---p 00000000 00:00 0 
7ffec0000000-7ffec0024000 rw-p 00000000 00:00 0 
7ffec0024000-7ffec4000000 ---p 00000000 00:00 0 
7ffec4000000-7ffec4024000 rw-p 00000000 00:00 0 
7ffec4024000-7ffec8000000 ---p 00000000 00:00 0 
7ffec8000000-7ffec8024000 rw-p 00000000 00:00 0 
7ffec8024000-7ffecc000000 ---p 00000000 00:00 0 
7ffecc000000-7ffecc400000 rw-p 00000000 00:00 0 
7ffecc400000-7ffecd800000 rw-p 00000000 00:00 0 
7ffecd800000-7ffecdf00000 rw-p 00000000 00:00 0 
7ffecdf00000-7ffece000000 rw-p 00000000 00:00 0 
7ffece000000-7ffece480000 rw-p 00000000 00:00 0 
7ffece480000-7ffece900000 rw-p 00000000 00:00 0 
7ffece900000-7ffecea00000 rw-p 00000000 00:00 0 
7ffecea00000-7ffecf740000 rw-p 00000000 00:00 0 
7ffecf740000-7ffecf780000 rw-p 00000000 00:00 0 
7ffecf780000-7ffecf900000 rw-p 00000000 00:00 0 
7ffecf900000-7ffecf980000 rw-p 00000000 00:00 0 
7ffecf980000-7ffecfa00000 rw-p 00000000 00:00 0 
7ffecfa00000-7ffecfaa0000 rw-p 00000000 00:00 0 
7ffecfaa0000-7ffecfac0000 rw-p 00000000 00:00 0 
7ffecfac0000-7ffecfb00000 rw-p 00000000 00:00 0 
7ffecfb00000-7ffecfca0000 rw-p 00000000 00:00 0 
7ffecfca0000-7ffecfd00000 ---p 00000000 00:00 0 
7ffecfd00000-7ffed0000000 rw-p 00000000 00:00 0 
7ffed0000000-7ffed0024000 rw-p 00000000 00:00 0 
7ffed0024000-7ffed4000000 ---p 00000000 00:00 0 
7ffed4000000-7ffed4024000 rw-p 00000000 00:00 0 
7ffed4024000-7ffed8000000 ---p 00000000 00:00 0 
7ffed8000000-7ffed8024000 rw-p 00000000 00:00 0 
7ffed8024000-7ffedc000000 ---p 00000000 00:00 0 
7ffedc2b0000-7ffedc2c4000 r-xp 00000000 b3:02 5418                       /usr/lib/aarch64-linux-gnu/libXext.so.6.4.0
7ffedc2c4000-7ffedc2dc000 ---p 00014000 b3:02 5418                       /usr/lib/aarch64-linux-gnu/libXext.so.6.4.0
7ffedc2dc000-7ffedc2e0000 r--p 0001c000 b3:02 5418                       /usr/lib/aarch64-linux-gnu/libXext.so.6.4.0
7ffedc2e0000-7ffedc2e4000 rw-p 00020000 b3:02 5418                       /usr/lib/aarch64-linux-gnu/libXext.so.6.4.0
7ffedc320000-7ffedc650000 r-xp 00000000 b3:02 1148623                    /home/xenobyte/.javacpp/cache/jaylib-5.5.0-2.jar/com/raylib/linux-arm64/libjniRaylib.so
7ffedc650000-7ffedc65c000 ---p 00330000 b3:02 1148623                    /home/xenobyte/.javacpp/cache/jaylib-5.5.0-2.jar/com/raylib/linux-arm64/libjniRaylib.so
7ffedc65c000-7ffedc660000 r--p 0032c000 b3:02 1148623                    /home/xenobyte/.javacpp/cache/jaylib-5.5.0-2.jar/com/raylib/linux-arm64/libjniRaylib.so
7ffedc660000-7ffedc66c000 rw-p 00330000 b3:02 1148623                    /home/xenobyte/.javacpp/cache/jaylib-5.5.0-2.jar/com/raylib/linux-arm64/libjniRaylib.so
7ffedc66c000-7ffedc6a4000 rw-p 00000000 00:00 0 
7ffedc6b0000-7ffedc6b8000 r-xp 00000000 b3:02 5417                       /usr/lib/aarch64-linux-gnu/libXdmcp.so.6.0.0
7ffedc6b8000-7ffedc6cc000 ---p 00008000 b3:02 5417                       /usr/lib/aarch64-linux-gnu/libXdmcp.so.6.0.0
7ffedc6cc000-7ffedc6d0000 r--p 0000c000 b3:02 5417                       /usr/lib/aarch64-linux-gnu/libXdmcp.so.6.0.0
7ffedc6d0000-7ffedc6d4000 rw-p 00010000 b3:02 5417                       /usr/lib/aarch64-linux-gnu/libXdmcp.so.6.0.0
7ffedc6e0000-7ffedc6e4000 r-xp 00000000 b3:02 5416                       /usr/lib/aarch64-linux-gnu/libXau.so.6.0.0
7ffedc6e4000-7ffedc6fc000 ---p 00004000 b3:02 5416                       /usr/lib/aarch64-linux-gnu/libXau.so.6.0.0
7ffedc6fc000-7ffedc700000 r--p 0000c000 b3:02 5416                       /usr/lib/aarch64-linux-gnu/libXau.so.6.0.0
7ffedc700000-7ffedc704000 rw-p 00010000 b3:02 5416                       /usr/lib/aarch64-linux-gnu/libXau.so.6.0.0
7ffedc710000-7ffedc73c000 r-xp 00000000 b3:02 5748                       /usr/lib/aarch64-linux-gnu/libxcb.so.1.1.0
7ffedc73c000-7ffedc74c000 ---p 0002c000 b3:02 5748                       /usr/lib/aarch64-linux-gnu/libxcb.so.1.1.0
7ffedc74c000-7ffedc750000 r--p 0002c000 b3:02 5748                       /usr/lib/aarch64-linux-gnu/libxcb.so.1.1.0
7ffedc750000-7ffedc754000 rw-p 00030000 b3:02 5748                       /usr/lib/aarch64-linux-gnu/libxcb.so.1.1.0
7ffedc760000-7ffedc8a4000 r-xp 00000000 b3:02 5415                       /usr/lib/aarch64-linux-gnu/libX11.so.6.4.0
7ffedc8a4000-7ffedc8bc000 ---p 00144000 b3:02 5415                       /usr/lib/aarch64-linux-gnu/libX11.so.6.4.0
7ffedc8bc000-7ffedc8c0000 r--p 0014c000 b3:02 5415                       /usr/lib/aarch64-linux-gnu/libX11.so.6.4.0
7ffedc8c0000-7ffedc8c8000 rw-p 00150000 b3:02 5415                       /usr/lib/aarch64-linux-gnu/libX11.so.6.4.0
7ffedc8d0000-7ffedc8dc000 ---p 00000000 00:00 0 
7ffedc8dc000-7ffedcad0000 rw-p 00000000 00:00 0 
7ffedcad0000-7ffedcadc000 ---p 00000000 00:00 0 
7ffedcadc000-7ffedccd0000 rw-p 00000000 00:00 0 
7ffedccd0000-7ffedccd4000 r-xp 00000000 b3:02 1133351                    /usr/lib/jvm/java-21-openjdk-arm64/lib/libextnet.so
7ffedccd4000-7ffedccec000 ---p 00004000 b3:02 1133351                    /usr/lib/jvm/java-21-openjdk-arm64/lib/libextnet.so
7ffedccec000-7ffedccf0000 r--p 0000c000 b3:02 1133351                    /usr/lib/jvm/java-21-openjdk-arm64/lib/libextnet.so
7ffedccf0000-7ffedccf4000 rw-p 00010000 b3:02 1133351                    /usr/lib/jvm/java-21-openjdk-arm64/lib/libextnet.so
7ffedcd00000-7ffedcd04000 r-xp 00000000 b3:02 5643                       /usr/lib/aarch64-linux-gnu/libnss_mdns4_minimal.so.2
7ffedcd04000-7ffedcd1c000 ---p 00004000 b3:02 5643                       /usr/lib/aarch64-linux-gnu/libnss_mdns4_minimal.so.2
7ffedcd1c000-7ffedcd20000 r--p 0000c000 b3:02 5643                       /usr/lib/aarch64-linux-gnu/libnss_mdns4_minimal.so.2
7ffedcd20000-7ffedcd24000 rw-p 00010000 b3:02 5643                       /usr/lib/aarch64-linux-gnu/libnss_mdns4_minimal.so.2
7ffedcd30000-7ffedcd3c000 ---p 00000000 00:00 0 
7ffedcd3c000-7ffedcf30000 rw-p 00000000 00:00 0 
7ffedcf30000-7ffedcf3c000 ---p 00000000 00:00 0 
7ffedcf3c000-7ffedd130000 rw-p 00000000 00:00 0 
7ffedd130000-7ffedd230000 r-xp 00000000 00:20 40                         /tmp/sqlite-3.45.1.0-2e3fae54-b92e-43af-bc05-7f33cdf9b914-libsqlitejdbc.so
7ffedd230000-7ffedd23c000 ---p 00100000 00:20 40                         /tmp/sqlite-3.45.1.0-2e3fae54-b92e-43af-bc05-7f33cdf9b914-libsqlitejdbc.so
7ffedd23c000-7ffedd240000 r--p 000fc000 00:20 40                         /tmp/sqlite-3.45.1.0-2e3fae54-b92e-43af-bc05-7f33cdf9b914-libsqlitejdbc.so
7ffedd240000-7ffedd248000 rw-p 00100000 00:20 40                         /tmp/sqlite-3.45.1.0-2e3fae54-b92e-43af-bc05-7f33cdf9b914-libsqlitejdbc.so
7ffedd250000-7ffedd25c000 ---p 00000000 00:00 0 
7ffedd25c000-7ffedd450000 rw-p 00000000 00:00 0 
7ffedd450000-7ffedd45c000 ---p 00000000 00:00 0 
7ffedd45c000-7ffedd650000 rw-p 00000000 00:00 0 
7ffedd650000-7ffedd65c000 r-xp 00000000 b3:02 1133378                    /usr/lib/jvm/java-21-openjdk-arm64/lib/libverify.so
7ffedd65c000-7ffedd66c000 ---p 0000c000 b3:02 1133378                    /usr/lib/jvm/java-21-openjdk-arm64/lib/libverify.so
7ffedd66c000-7ffedd670000 r--p 0000c000 b3:02 1133378                    /usr/lib/jvm/java-21-openjdk-arm64/lib/libverify.so
7ffedd670000-7ffedd674000 rw-p 00010000 b3:02 1133378                    /usr/lib/jvm/java-21-openjdk-arm64/lib/libverify.so
7ffedd680000-7ffedd684000 r-xp 00000000 b3:02 5686                       /usr/lib/aarch64-linux-gnu/libpthread.so.0
7ffedd684000-7ffedd69c000 ---p 00004000 b3:02 5686                       /usr/lib/aarch64-linux-gnu/libpthread.so.0
7ffedd69c000-7ffedd6a0000 r--p 0000c000 b3:02 5686                       /usr/lib/aarch64-linux-gnu/libpthread.so.0
7ffedd6a0000-7ffedd6a4000 rw-p 00010000 b3:02 5686                       /usr/lib/aarch64-linux-gnu/libpthread.so.0
7ffedd6b0000-7ffedd7b0000 r-xp 00000000 00:20 35                         /tmp/sqlite-3.45.1.0-681fa030-f7a4-4b7e-8e90-f4cc1feeb571-libsqlitejdbc.so
7ffedd7b0000-7ffedd7bc000 ---p 00100000 00:20 35                         /tmp/sqlite-3.45.1.0-681fa030-f7a4-4b7e-8e90-f4cc1feeb571-libsqlitejdbc.so
7ffedd7bc000-7ffedd7c0000 r--p 000fc000 00:20 35                         /tmp/sqlite-3.45.1.0-681fa030-f7a4-4b7e-8e90-f4cc1feeb571-libsqlitejdbc.so
7ffedd7c0000-7ffedd7c8000 rw-p 00100000 00:20 35                         /tmp/sqlite-3.45.1.0-681fa030-f7a4-4b7e-8e90-f4cc1feeb571-libsqlitejdbc.so
7ffedd7d0000-7ffedd7dc000 ---p 00000000 00:00 0 
7ffedd7dc000-7ffedd9d0000 rw-p 00000000 00:00 0 
7ffedd9d0000-7ffedd9e0000 ---p 00000000 00:00 0 
7ffedd9e0000-7ffeddbe0000 rw-p 00000000 00:00 0 
7ffeddbe0000-7ffeddbf0000 ---p 00000000 00:00 0 
7ffeddbf0000-7ffedddf0000 rw-p 00000000 00:00 0 
7ffedddf0000-7ffedde00000 ---p 00000000 00:00 0 
7ffedde00000-7ffee0024000 rw-p 00000000 00:00 0 
7ffee0024000-7ffee4000000 ---p 00000000 00:00 0 
7ffee4000000-7ffee4024000 rw-p 00000000 00:00 0 
7ffee4024000-7ffee8000000 ---p 00000000 00:00 0 
7ffee8000000-7ffee8024000 rw-p 00000000 00:00 0 
7ffee8024000-7ffeec000000 ---p 00000000 00:00 0 
7ffeec024000-7ffeec030000 ---p 00000000 00:00 0 
7ffeec030000-7ffeec058000 rw-p 00000000 00:00 0 
7ffeec058000-7ffeec064000 ---p 00000000 00:00 0 
7ffeec064000-7ffeec258000 rw-p 00000000 00:00 0 
7ffeec258000-7ffeec264000 ---p 00000000 00:00 0 
7ffeec264000-7ffeec458000 rw-p 00000000 00:00 0 
7ffeec458000-7ffeec464000 ---p 00000000 00:00 0 
7ffeec464000-7ffeec658000 rw-p 00000000 00:00 0 
7ffeec658000-7ffeec664000 ---p 00000000 00:00 0 
7ffeec664000-7ffeec858000 rw-p 00000000 00:00 0 
7ffeec858000-7ffeec864000 ---p 00000000 00:00 0 
7ffeec864000-7ffeecb00000 rw-p 00000000 00:00 0 
7ffeecb00000-7ffeecd50000 ---p 00000000 00:00 0 
7ffeecd50000-7ffeecd58000 rw-p 00000000 00:00 0 
7ffeecd58000-7ffeece50000 ---p 00000000 00:00 0 
7ffeece50000-7ffeece58000 rw-p 00000000 00:00 0 
7ffeece58000-7ffef09b0000 ---p 00000000 00:00 0 
7ffef09b0000-7ffef09b8000 rw-p 00000000 00:00 0 
7ffef09b8000-7ffef14d8000 rwxp 00000000 00:00 0 
7ffef14d8000-7ffef7eec000 ---p 00000000 00:00 0 
7ffef7eec000-7ffef815c000 rwxp 00000000 00:00 0 
7ffef815c000-7ffef8480000 ---p 00000000 00:00 0 
7ffef8480000-7ffef8770000 rwxp 00000000 00:00 0 
7ffef8770000-7ffeff9b8000 ---p 00000000 00:00 0 
7ffeff9b8000-7fff08000000 r--s 00000000 b3:02 1133380                    /usr/lib/jvm/java-21-openjdk-arm64/lib/modules
7fff08000000-7fff0a140000 rw-p 00000000 00:00 0 
7fff0a140000-7fff0c000000 ---p 00000000 00:00 0 
7fff0c020000-7fff0c028000 r-xp 00000000 b3:02 1133379                    /usr/lib/jvm/java-21-openjdk-arm64/lib/libzip.so
7fff0c028000-7fff0c03c000 ---p 00008000 b3:02 1133379                    /usr/lib/jvm/java-21-openjdk-arm64/lib/libzip.so
7fff0c03c000-7fff0c040000 r--p 0000c000 b3:02 1133379                    /usr/lib/jvm/java-21-openjdk-arm64/lib/libzip.so
7fff0c040000-7fff0c044000 rw-p 00010000 b3:02 1133379                    /usr/lib/jvm/java-21-openjdk-arm64/lib/libzip.so
7fff0c050000-7fff0c060000 r-xp 00000000 b3:02 1133371                    /usr/lib/jvm/java-21-openjdk-arm64/lib/libnet.so
7fff0c060000-7fff0c06c000 ---p 00010000 b3:02 1133371                    /usr/lib/jvm/java-21-openjdk-arm64/lib/libnet.so
7fff0c06c000-7fff0c070000 r--p 0000c000 b3:02 1133371                    /usr/lib/jvm/java-21-openjdk-arm64/lib/libnet.so
7fff0c070000-7fff0c074000 rw-p 00010000 b3:02 1133371                    /usr/lib/jvm/java-21-openjdk-arm64/lib/libnet.so
7fff0c080000-7fff0c094000 r-xp 00000000 b3:02 1133372                    /usr/lib/jvm/java-21-openjdk-arm64/lib/libnio.so
7fff0c094000-7fff0c0ac000 ---p 00014000 b3:02 1133372                    /usr/lib/jvm/java-21-openjdk-arm64/lib/libnio.so
7fff0c0ac000-7fff0c0b0000 r--p 0001c000 b3:02 1133372                    /usr/lib/jvm/java-21-openjdk-arm64/lib/libnio.so
7fff0c0b0000-7fff0c0b4000 rw-p 00020000 b3:02 1133372                    /usr/lib/jvm/java-21-openjdk-arm64/lib/libnio.so
7fff0c0c0000-7fff0c0cc000 ---p 00000000 00:00 0 
7fff0c0cc000-7fff0c2c0000 rw-p 00000000 00:00 0 
7fff0c2c0000-7fff0c2cc000 ---p 00000000 00:00 0 
7fff0c2cc000-7fff0c4c0000 rw-p 00000000 00:00 0 
7fff0c4c0000-7fff0c4cc000 ---p 00000000 00:00 0 
7fff0c4cc000-7fff0c6c0000 rw-p 00000000 00:00 0 
7fff0c6c0000-7fff0c6cc000 ---p 00000000 00:00 0 
7fff0c6cc000-7fff0c8c0000 rw-p 00000000 00:00 0 
7fff0c8c0000-7fff0c8cc000 ---p 00000000 00:00 0 
7fff0c8cc000-7fff0cac0000 rw-p 00000000 00:00 0 
7fff0cac0000-7fff0cb1c000 r--p 00000000 b3:02 9948                       /usr/lib/locale/C.utf8/LC_CTYPE
7fff0cb1c000-7fff0ce08000 r--p 00000000 b3:02 9942                       /usr/lib/locale/locale-archive
7fff0ce08000-7fff0ce18000 ---p 00000000 00:00 0 
7fff0ce18000-7fff0d018000 rw-p 00000000 00:00 0 
7fff0d018000-7fff0d028000 ---p 00000000 00:00 0 
7fff0d028000-7fff0d34c000 rw-p 00000000 00:00 0 
7fff0d34c000-7fff0d35c000 ---p 00000000 00:00 0 
7fff0d35c000-7fff0d55c000 rw-p 00000000 00:00 0 
7fff0d55c000-7fff0d56c000 ---p 00000000 00:00 0 
7fff0d56c000-7fff0db7c000 rw-p 00000000 00:00 0 
7fff0db7c000-7fff0db8c000 ---p 00000000 00:00 0 
7fff0db8c000-7fff0dd8c000 rw-p 00000000 00:00 0 
7fff0dd8c000-7fff0dd9c000 ---p 00000000 00:00 0 
7fff0dd9c000-7fff0df9c000 rw-p 00000000 00:00 0 
7fff0df9c000-7fff0dfac000 ---p 00000000 00:00 0 
7fff0dfac000-7fff0e208000 rw-p 00000000 00:00 0 
7fff0e208000-7fff0e24c000 ---p 00000000 00:00 0 
7fff0e24c000-7fff0e250000 rw-p 00000000 00:00 0 
7fff0e250000-7fff0e26c000 ---p 00000000 00:00 0 
7fff0e26c000-7fff0e270000 rw-p 00000000 00:00 0 
7fff0e270000-7fff0e9d8000 ---p 00000000 00:00 0 
7fff0e9d8000-7fff0e9f4000 rw-p 00000000 00:00 0 
7fff0e9f4000-7fff0ea38000 ---p 00000000 00:00 0 
7fff0ea38000-7fff0ea3c000 rw-p 00000000 00:00 0 
7fff0ea3c000-7fff0ea58000 ---p 00000000 00:00 0 
7fff0ea58000-7fff0ea5c000 rw-p 00000000 00:00 0 
7fff0ea5c000-7fff0f1c4000 ---p 00000000 00:00 0 
7fff0f1c4000-7fff0f5e0000 rw-p 00000000 00:00 0 
7fff0f5e0000-7fff0f6c4000 ---p 00000000 00:00 0 
7fff0f6c4000-7fff0f6dc000 rw-p 00000000 00:00 0 
7fff0f6dc000-7fff0f7b0000 ---p 00000000 00:00 0 
7fff0f7b0000-7fff0f7d4000 r-xp 00000000 b3:02 1133358                    /usr/lib/jvm/java-21-openjdk-arm64/lib/libjava.so
7fff0f7d4000-7fff0f7ec000 ---p 00024000 b3:02 1133358                    /usr/lib/jvm/java-21-openjdk-arm64/lib/libjava.so
7fff0f7ec000-7fff0f7f0000 r--p 0002c000 b3:02 1133358                    /usr/lib/jvm/java-21-openjdk-arm64/lib/libjava.so
7fff0f7f0000-7fff0f7f4000 rw-p 00030000 b3:02 1133358                    /usr/lib/jvm/java-21-openjdk-arm64/lib/libjava.so
7fff0f800000-7fff0f808000 r-xp 00000000 b3:02 1133361                    /usr/lib/jvm/java-21-openjdk-arm64/lib/libjimage.so
7fff0f808000-7fff0f81c000 ---p 00008000 b3:02 1133361                    /usr/lib/jvm/java-21-openjdk-arm64/lib/libjimage.so
7fff0f81c000-7fff0f820000 r--p 0000c000 b3:02 1133361                    /usr/lib/jvm/java-21-openjdk-arm64/lib/libjimage.so
7fff0f820000-7fff0f824000 rw-p 00010000 b3:02 1133361                    /usr/lib/jvm/java-21-openjdk-arm64/lib/libjimage.so
7fff0f830000-7fff0f83c000 ---p 00000000 00:00 0 
7fff0f83c000-7fff0fa30000 rw-p 00000000 00:00 0 
7fff0fa30000-7fff0fa50000 r-xp 00000000 b3:02 5529                       /usr/lib/aarch64-linux-gnu/libgcc_s.so.1
7fff0fa50000-7fff0fa5c000 ---p 00020000 b3:02 5529                       /usr/lib/aarch64-linux-gnu/libgcc_s.so.1
7fff0fa5c000-7fff0fa60000 r--p 0001c000 b3:02 5529                       /usr/lib/aarch64-linux-gnu/libgcc_s.so.1
7fff0fa60000-7fff0fa64000 rw-p 00020000 b3:02 5529                       /usr/lib/aarch64-linux-gnu/libgcc_s.so.1
7fff0fa70000-7fff0fb00000 r-xp 00000000 b3:02 5600                       /usr/lib/aarch64-linux-gnu/libm.so.6
7fff0fb00000-7fff0fb0c000 ---p 00090000 b3:02 5600                       /usr/lib/aarch64-linux-gnu/libm.so.6
7fff0fb0c000-7fff0fb10000 r--p 0008c000 b3:02 5600                       /usr/lib/aarch64-linux-gnu/libm.so.6
7fff0fb10000-7fff0fb14000 rw-p 00090000 b3:02 5600                       /usr/lib/aarch64-linux-gnu/libm.so.6
7fff0fb14000-7fff0fb18000 rw-p 00000000 00:00 0 
7fff0fb18000-7fff0fb1c000 rw-p 00000000 00:00 0 
7fff0fb1c000-7fff0fb20000 r--p 00000000 b3:02 9953                       /usr/lib/locale/C.utf8/LC_NUMERIC
7fff0fb20000-7fff0fd6c000 r-xp 00000000 b3:02 5718                       /usr/lib/aarch64-linux-gnu/libstdc++.so.6.0.33
7fff0fd6c000-7fff0fd74000 ---p 0024c000 b3:02 5718                       /usr/lib/aarch64-linux-gnu/libstdc++.so.6.0.33
7fff0fd74000-7fff0fd80000 r--p 00254000 b3:02 5718                       /usr/lib/aarch64-linux-gnu/libstdc++.so.6.0.33
7fff0fd80000-7fff0fd84000 rw-p 00260000 b3:02 5718                       /usr/lib/aarch64-linux-gnu/libstdc++.so.6.0.33
7fff0fd84000-7fff0fd88000 rw-p 00000000 00:00 0 
7fff0fd88000-7fff0fd8c000 r--p 00000000 b3:02 9956                       /usr/lib/locale/C.utf8/LC_TIME
7fff0fd8c000-7fff0fd90000 r--p 00000000 b3:02 9947                       /usr/lib/locale/C.utf8/LC_COLLATE
7fff0fd90000-7fff110bc000 r-xp 00000000 b3:02 1133386                    /usr/lib/jvm/java-21-openjdk-arm64/lib/server/libjvm.so
7fff110bc000-7fff110c0000 ---p 0132c000 b3:02 1133386                    /usr/lib/jvm/java-21-openjdk-arm64/lib/server/libjvm.so
7fff110c0000-7fff111a0000 r--p 01330000 b3:02 1133386                    /usr/lib/jvm/java-21-openjdk-arm64/lib/server/libjvm.so
7fff111a0000-7fff111d4000 rw-p 01410000 b3:02 1133386                    /usr/lib/jvm/java-21-openjdk-arm64/lib/server/libjvm.so
7fff111d4000-7fff11258000 rw-p 00000000 00:00 0 
7fff11258000-7fff1125c000 r--p 00000000 b3:02 9951                       /usr/lib/locale/C.utf8/LC_MONETARY
7fff1125c000-7fff11260000 r--p 00000000 b3:02 9957                       /usr/lib/locale/C.utf8/LC_MESSAGES/SYS_LC_MESSAGES
7fff11260000-7fff11400000 r-xp 00000000 b3:02 5469                       /usr/lib/aarch64-linux-gnu/libc.so.6
7fff11400000-7fff1140c000 ---p 001a0000 b3:02 5469                       /usr/lib/aarch64-linux-gnu/libc.so.6
7fff1140c000-7fff11410000 r--p 001ac000 b3:02 5469                       /usr/lib/aarch64-linux-gnu/libc.so.6
7fff11410000-7fff11414000 rw-p 001b0000 b3:02 5469                       /usr/lib/aarch64-linux-gnu/libc.so.6
7fff11414000-7fff11420000 rw-p 00000000 00:00 0 
7fff11420000-7fff11424000 r--p 00000000 b3:02 9954                       /usr/lib/locale/C.utf8/LC_PAPER
7fff11424000-7fff11428000 r--p 00000000 b3:02 9952                       /usr/lib/locale/C.utf8/LC_NAME
7fff11428000-7fff1142c000 r--p 00000000 b3:02 9946                       /usr/lib/locale/C.utf8/LC_ADDRESS
7fff1142c000-7fff11430000 r--p 00000000 b3:02 9955                       /usr/lib/locale/C.utf8/LC_TELEPHONE
7fff11430000-7fff11440000 r-xp 00000000 b3:02 1133362                    /usr/lib/jvm/java-21-openjdk-arm64/lib/libjli.so
7fff11440000-7fff1144c000 ---p 00010000 b3:02 1133362                    /usr/lib/jvm/java-21-openjdk-arm64/lib/libjli.so
7fff1144c000-7fff11450000 r--p 0000c000 b3:02 1133362                    /usr/lib/jvm/java-21-openjdk-arm64/lib/libjli.so
7fff11450000-7fff11454000 rw-p 00010000 b3:02 1133362                    /usr/lib/jvm/java-21-openjdk-arm64/lib/libjli.so
7fff11454000-7fff11458000 r--p 00000000 b3:02 9950                       /usr/lib/locale/C.utf8/LC_MEASUREMENT
7fff11458000-7fff11460000 r--s 00000000 b3:02 6075                       /usr/lib/aarch64-linux-gnu/gconv/gconv-modules.cache
7fff11460000-7fff1147c000 r-xp 00000000 b3:02 5754                       /usr/lib/aarch64-linux-gnu/libz.so.1.3.1
7fff1147c000-7fff1148c000 ---p 0001c000 b3:02 5754                       /usr/lib/aarch64-linux-gnu/libz.so.1.3.1
7fff1148c000-7fff11490000 r--p 0001c000 b3:02 5754                       /usr/lib/aarch64-linux-gnu/libz.so.1.3.1
7fff11490000-7fff11494000 rw-p 00020000 b3:02 5754                       /usr/lib/aarch64-linux-gnu/libz.so.1.3.1
7fff11494000-7fff11498000 r--p 00000000 b3:02 9949                       /usr/lib/locale/C.utf8/LC_IDENTIFICATION
7fff11498000-7fff114a0000 rw-p 00000000 00:00 0 
7fff114a0000-7fff114a4000 ---p 00000000 00:00 0 
7fff114a4000-7fff114ac000 rw-s 00000000 00:20 33                         /tmp/hsperfdata_xenobyte/1962
7fff114ac000-7fff114b0000 ---p 00000000 00:00 0 
7fff114b0000-7fff114b4000 r--p 00000000 00:00 0 
7fff114b4000-7fff114b8000 ---p 00000000 00:00 0 
7fff114b8000-7fff114e0000 r-xp 00000000 b3:02 5298                       /usr/lib/aarch64-linux-gnu/ld-linux-aarch64.so.1
7fff114e0000-7fff114e8000 rw-p 00000000 00:00 0 
7fff114e8000-7fff114f0000 r--p 00000000 00:00 0                          [vvar]
7fff114f0000-7fff114f4000 r-xp 00000000 00:00 0                          [vdso]
7fff114f4000-7fff114f8000 r--p 0002c000 b3:02 5298                       /usr/lib/aarch64-linux-gnu/ld-linux-aarch64.so.1
7fff114f8000-7fff114fc000 rw-p 00030000 b3:02 5298                       /usr/lib/aarch64-linux-gnu/ld-linux-aarch64.so.1
7fffd72d8000-7fffd72fc000 rw-p 00000000 00:00 0                          [stack]
Total number of mappings: 376

JVMTI agents: none


VM Arguments:
jvm_args: -Djansi.mode=force -Dclassworlds.conf=/usr/share/maven/bin/m2.conf -Dmaven.home=/usr/share/maven -Dlibrary.jansi.path=/usr/share/maven/lib/jansi-native -Dmaven.multiModuleProjectDirectory=/home/xenobyte/projects/GameLibrary 
java_command: org.codehaus.plexus.classworlds.launcher.Launcher clean compile exec:java
java_class_path (initial): /usr/share/maven/boot/plexus-classworlds-2.x.jar
Launcher Type: SUN_STANDARD

[Global flags]
     intx CICompilerCount                          = 3                                         {product} {ergonomic}
     uint ConcGCThreads                            = 1                                         {product} {ergonomic}
     uint G1ConcRefinementThreads                  = 4                                         {product} {ergonomic}
   size_t G1HeapRegionSize                         = 2097152                                   {product} {ergonomic}
    uintx GCDrainStackTargetSize                   = 64                                        {product} {ergonomic}
   size_t InitialHeapSize                          = 268435456                                 {product} {ergonomic}
   size_t MarkStackSize                            = 4194304                                   {product} {ergonomic}
   size_t MaxHeapSize                              = 4253024256                                {product} {ergonomic}
   size_t MaxNewSize                               = 2550136832                                {product} {ergonomic}
   size_t MinHeapDeltaBytes                        = 2097152                                   {product} {ergonomic}
   size_t MinHeapSize                              = 8388608                                   {product} {ergonomic}
    uintx NonNMethodCodeHeapSize                   = 5832908                                {pd product} {ergonomic}
    uintx NonProfiledCodeHeapSize                  = 122912666                              {pd product} {ergonomic}
    uintx ProfiledCodeHeapSize                     = 122912666                              {pd product} {ergonomic}
    uintx ReservedCodeCacheSize                    = 251658240                              {pd product} {ergonomic}
     bool SegmentedCodeCache                       = true                                      {product} {ergonomic}
   size_t SoftMaxHeapSize                          = 4253024256                             {manageable} {ergonomic}
     bool UseCompressedOops                        = true                           {product lp64_product} {ergonomic}
     bool UseG1GC                                  = true                                      {product} {ergonomic}

Logging:
Log output configuration:
 #0: stdout all=warning uptime,level,tags foldmultilines=false
 #1: stderr all=off uptime,level,tags foldmultilines=false

Release file:
IMPLEMENTOR="Debian"
JAVA_RUNTIME_VERSION="21.0.9+10-Debian-1deb13u1"
JAVA_VERSION="21.0.9"
JAVA_VERSION_DATE="2025-10-21"
LIBC="gnu"
MODULES="java.base java.compiler java.datatransfer java.xml java.prefs java.desktop java.instrument java.logging java.management java.security.sasl java.naming java.rmi java.management.rmi java.net.http java.scripting java.security.jgss java.transaction.xa java.sql java.sql.rowset java.xml.crypto java.se java.smartcardio jdk.accessibility jdk.internal.jvmstat jdk.attach jdk.charsets jdk.internal.opt jdk.zipfs jdk.compiler jdk.crypto.ec jdk.crypto.cryptoki jdk.dynalink jdk.internal.ed jdk.editpad jdk.hotspot.agent jdk.httpserver jdk.incubator.vector jdk.internal.le jdk.internal.vm.ci jdk.internal.vm.compiler jdk.internal.vm.compiler.management jdk.jartool jdk.javadoc jdk.jcmd jdk.management jdk.management.agent jdk.jconsole jdk.jdeps jdk.jdwp.agent jdk.jdi jdk.jfr jdk.jlink jdk.jpackage jdk.jshell jdk.jsobject jdk.jstatd jdk.localedata jdk.management.jfr jdk.naming.dns jdk.naming.rmi jdk.net jdk.nio.mapmode jdk.random jdk.sctp jdk.security.auth jdk.security.jgss jdk.unsupported jdk.unsupported.desktop jdk.xml.dom"
OS_ARCH="aarch64"
OS_NAME="Linux"
SOURCE=""

Environment Variables:
PATH=/home/xenobyte/neovim/bin:/home/xenobyte/scripts:/home/xenobyte/.local/bin:/usr/local/go/bin:/home/xenobyte/.cargo/bin:/home/xenobyte/.local/bin:/home/xenobyte/neovim/bin:/home/xenobyte/scripts:/home/xenobyte/.local/bin:/usr/local/go/bin:/home/xenobyte/.cargo/bin:/usr/local/sbin:/usr/local/bin:/usr/sbin:/usr/bin:/sbin:/bin:/usr/local/games:/usr/games
SHELL=/bin/bash
DISPLAY=:0
LANG=C.UTF-8
LC_ALL=C.UTF-8
TERM=xterm-256color

Active Locale:
LC_ALL=C.UTF-8
LC_COLLATE=C.UTF-8
LC_CTYPE=C.UTF-8
LC_MESSAGES=C.UTF-8
LC_MONETARY=C.UTF-8
LC_NUMERIC=C.UTF-8
LC_TIME=C.UTF-8

Signal Handlers:
   SIGSEGV: crash_handler in libjvm.so, mask=11100100010111111101111111111110, flags=SA_RESTART|SA_SIGINFO, unblocked
    SIGBUS: crash_handler in libjvm.so, mask=11100100010111111101111111111110, flags=SA_RESTART|SA_SIGINFO, unblocked
    SIGFPE: crash_handler in libjvm.so, mask=11100100010111111101111111111110, flags=SA_RESTART|SA_SIGINFO, unblocked
   SIGPIPE: javaSignalHandler in libjvm.so, mask=11100100010111111101111111111110, flags=SA_RESTART|SA_SIGINFO, blocked
   SIGXFSZ: javaSignalHandler in libjvm.so, mask=11100100010111111101111111111110, flags=SA_RESTART|SA_SIGINFO, blocked
    SIGILL: crash_handler in libjvm.so, mask=11100100010111111101111111111110, flags=SA_RESTART|SA_SIGINFO, unblocked
   SIGUSR2: SR_handler in libjvm.so, mask=00000000000000000000000000000000, flags=SA_RESTART|SA_SIGINFO, blocked
    SIGHUP: UserHandler in libjvm.so, mask=11100100010111111101111111111110, flags=SA_RESTART|SA_SIGINFO, blocked
    SIGINT: UserHandler in libjvm.so, mask=11100100010111111101111111111110, flags=SA_RESTART|SA_SIGINFO, blocked
   SIGTERM: UserHandler in libjvm.so, mask=11100100010111111101111111111110, flags=SA_RESTART|SA_SIGINFO, blocked
   SIGQUIT: UserHandler in libjvm.so, mask=11100100010111111101111111111110, flags=SA_RESTART|SA_SIGINFO, blocked
   SIGTRAP: crash_handler in libjvm.so, mask=11100100010111111101111111111110, flags=SA_RESTART|SA_SIGINFO, unblocked


Periodic native trim disabled

---------------  S Y S T E M  ---------------

OS:
PRETTY_NAME="Debian GNU/Linux 13 (trixie)"
NAME="Debian GNU/Linux"
VERSION_ID="13"
VERSION="13 (trixie)"
VERSION_CODENAME=trixie
DEBIAN_VERSION_FULL=13.3
ID=debian
HOME_URL="https://www.debian.org/"
SUPPORT_URL="https://www.debian.org/support"
BUG_REPORT_URL="https://bugs.debian.org/"
uname: Linux 6.12.62+rpt-rpi-2712 #1 SMP PREEMPT Debian 1:6.12.62-1+rpt1 (2025-12-18) aarch64
OS uptime: 0 days 0:01 hours
libc: glibc 2.41 NPTL 2.41 
rlimit (soft/hard): STACK 8192k/infinity , CORE 0k/infinity , NPROC 64521/64521 , NOFILE 524288/524288 , AS infinity/infinity , CPU infinity/infinity , DATA infinity/infinity , FSIZE infinity/infinity , MEMLOCK 8192k/8192k
load average: 1.28 0.46 0.17

/proc/meminfo:
MemTotal:       16604080 kB
MemFree:        15275584 kB
MemAvailable:   15754240 kB
Buffers:           44016 kB
Cached:           549488 kB
SwapCached:            0 kB
Active:           926944 kB
Inactive:         180656 kB
Active(anon):     555296 kB
Inactive(anon):        0 kB
Active(file):     371648 kB
Inactive(file):   180656 kB
Unevictable:       14240 kB
Mlocked:               0 kB
SwapTotal:       2097136 kB
SwapFree:        2097136 kB
Zswap:                 0 kB
Zswapped:              0 kB
Dirty:              1072 kB
Writeback:             0 kB
AnonPages:        528720 kB
Mapped:           197984 kB
Shmem:             41680 kB
KReclaimable:      25200 kB
Slab:              64352 kB
SReclaimable:      25200 kB
SUnreclaim:        39152 kB
KernelStack:        5600 kB
PageTables:         9840 kB
SecPageTables:       128 kB
NFS_Unstable:          0 kB
Bounce:                0 kB
WritebackTmp:          0 kB
CommitLimit:    10399168 kB
Committed_AS:    1796848 kB
VmallocTotal:   68447887360 kB
VmallocUsed:       69728 kB
VmallocChunk:          0 kB
Percpu:             1344 kB
CmaTotal:          65536 kB
CmaFree:           55296 kB

/sys/kernel/mm/transparent_hugepage/enabled: <Not Available>
/sys/kernel/mm/transparent_hugepage/hpage_pmd_size: <Not Available>
/sys/kernel/mm/transparent_hugepage/defrag (defrag/compaction efforts parameter): <Not Available>

Process Memory:
Virtual Size: 8244816K (peak: 8337840K)
Resident Set Size: 402752K (peak: 421376K) (anon: 325952K, file: 74976K, shmem: 1824K)
Swapped out: 0K
C-Heap outstanding allocations: 58794K, retained: 137077K
glibc malloc tunables: (default)

/proc/sys/kernel/threads-max (system-wide limit on the number of threads): 129043
/proc/sys/vm/max_map_count (maximum number of memory map areas a process may have): 1048576
/proc/sys/vm/swappiness (control to define how aggressively the kernel swaps out anonymous memory): 60
/proc/sys/kernel/pid_max (system-wide limit on number of process identifiers): 4194304

container information not found.
Steal ticks since vm start: 0
Steal ticks percentage since vm start:  0.000

CPU: total 4 (initial active 4) 0x41:0x4:0xd0b:1, fp, asimd, evtstrm, aes, pmull, sha1, sha256, crc32, lse, dcpop
/proc/cpuinfo:
processor	: 0
BogoMIPS	: 108.00
Features	: fp asimd evtstrm aes pmull sha1 sha2 crc32 atomics fphp asimdhp cpuid asimdrdm lrcpc dcpop asimddp
CPU implementer	: 0x41
CPU architecture: 8
CPU variant	: 0x4
CPU part	: 0xd0b
CPU revision	: 1

processor	: 1
BogoMIPS	: 108.00
Features	: fp asimd evtstrm aes pmull sha1 sha2 crc32 atomics fphp asimdhp cpuid asimdrdm lrcpc dcpop asimddp
CPU implementer	: 0x41
CPU architecture: 8
CPU variant	: 0x4
CPU part	: 0xd0b
CPU revision	: 1

processor	: 2
BogoMIPS	: 108.00
Features	: fp asimd evtstrm aes pmull sha1 sha2 crc32 atomics fphp asimdhp cpuid asimdrdm lrcpc dcpop asimddp
CPU implementer	: 0x41
CPU architecture: 8
CPU variant	: 0x4
CPU part	: 0xd0b
CPU revision	: 1

processor	: 3
BogoMIPS	: 108.00
Features	: fp asimd evtstrm aes pmull sha1 sha2 crc32 atomics fphp asimdhp cpuid asimdrdm lrcpc dcpop asimddp
CPU implementer	: 0x41
CPU architecture: 8
CPU variant	: 0x4
CPU part	: 0xd0b
CPU revision	: 1

Revision	: e04171
Serial		: 9192f57b0739c71a
Model		: Raspberry Pi 5 Model B Rev 1.1

Online cpus: 0-3
Offline cpus: 

Memory: 16k page, physical 16604080k(15754240k free), swap 2097136k(2097136k free)
Page Sizes: 16k

vm_info: OpenJDK 64-Bit Server VM (21.0.9+10-Debian-1deb13u1) for linux-aarch64 JRE (21.0.9+10-Debian-1deb13u1), built on 2025-10-23T10:14:51Z by "sbuild" with gcc 14.2.0

END.
