#
# A fatal error has been detected by the Java Runtime Environment:
#
#  SIGSEGV (0xb) at pc=0x00007ffeac736100, pid=501, tid=509
#
# JRE version: OpenJDK Runtime Environment JBR-21.0.9+10-1163.94-jcef (21.0.9+10) (build 21.0.9+10-b1163.94)
# Java VM: OpenJDK 64-Bit Server VM JBR-21.0.9+10-1163.94-jcef (21.0.9+10-b1163.94, mixed mode, sharing, tiered, compressed oops, compressed class ptrs, g1 gc, linux-aarch64)
# Problematic frame:
# C  [libjniRaylib.so+0x1e5e18]  ClearBackground+0x18
#
# No core dump will be written. Core dumps have been disabled. To enable core dumping, try "ulimit -c unlimited" before starting Java again
#
# If you would like to submit a bug report, please visit:
#   https://youtrack.jetbrains.com/issues/JBR
# The crash happened outside the Java Virtual Machine in native code.
# See problematic frame for where to report the bug.
#

---------------  S U M M A R Y ------------

Command Line: -javaagent:/app/extra/lib/idea_rt.jar=41561 -Dfile.encoding=UTF-8 -Dsun.stdout.encoding=UTF-8 -Dsun.stderr.encoding=UTF-8 -Dawt.toolkit.name=XToolkit de.htwsaar.Berta.servicelayer.Application

Host: AArch64, 4 cores, 15G, Freedesktop SDK 25.08 (Flatpak runtime)
Time: Sun Feb  1 15:06:20 2026 GMT elapsed time: 28.343400 seconds (0d 0h 0m 28s)

---------------  T H R E A D  ---------------

Current thread (0x00007ffed402d290):  JavaThread "main"             [_thread_in_native, id=509, stack(0x00007ffedb430000,0x00007ffedb62e000) (2040K)]

Stack: [0x00007ffedb430000,0x00007ffedb62e000],  sp=0x00007ffedb62c180,  free space=2032k
Native frames: (J=compiled Java code, j=interpreted, Vv=VM code, C=native code)
C  [libjniRaylib.so+0x1e5e18]  ClearBackground+0x18
C  [libjniRaylib.so+0xb3ef0]  Java_com_raylib_Raylib_ClearBackground+0xd4
J 2364  com.raylib.Raylib.ClearBackground(Lcom/raylib/Raylib$Color;)V (0 bytes) @ 0x00007ffec8b127f0 [0x00007ffec8b12740+0x00000000000000b0]
j  de.htwsaar.Berta.presentation.WindowManager.run()V+44
j  de.htwsaar.Berta.servicelayer.Application.main([Ljava/lang/String;)V+73
v  ~StubRoutines::call_stub 0x00007ffec8498154
V  [libjvm.so+0x82cec8]  JavaCalls::call_helper(JavaValue*, methodHandle const&, JavaCallArguments*, JavaThread*)+0x218
V  [libjvm.so+0x8c3170]  jni_invoke_static(JNIEnv_*, JavaValue*, _jobject*, JNICallType, _jmethodID*, JNI_ArgumentPusher*, JavaThread*) [clone .constprop.1]+0x220
V  [libjvm.so+0x8c4d5c]  jni_CallStaticVoidMethod+0xdc
C  [libjli.so+0x4e58]  JavaMain+0xe88
C  [libjli.so+0x764c]  ThreadJavaMain+0xc
C  [libc.so.6+0x8fdcc]
Java frames: (J=compiled Java code, j=interpreted, Vv=VM code)
J 2364  com.raylib.Raylib.ClearBackground(Lcom/raylib/Raylib$Color;)V (0 bytes) @ 0x00007ffec8b127f0 [0x00007ffec8b12740+0x00000000000000b0]
j  de.htwsaar.Berta.presentation.WindowManager.run()V+44
j  de.htwsaar.Berta.servicelayer.Application.main([Ljava/lang/String;)V+73
v  ~StubRoutines::call_stub 0x00007ffec8498154

siginfo: si_signo: 11 (SIGSEGV), si_code: 1 (SEGV_MAPERR), si_addr: 0x00007ffeac736100

Registers:
R0=0x00007ffeac736100
R1=0x0000000000000050
R2=0x0000000000000050
R3=0x00000000000000ff
R4=0x00000000437f0000
R5=0x0000000000000018
R6=0x00007ffedcafe000
R7=0x0000000000000000
R8=0x0000000000000020
R9=0x00007ffed402d6d4
R10=0x000000000000000a
R11=0x000000000000000a
R12=0x00007ffe9dab9830
R13=0x00007ffed5433b80
R14=0x0000000000000000
R15=0x000000000000000a
R16=0x00007ffeac736100
R17=0x00007ffedcbb7e60
R18=0x0000003800b0f810
R19=0x00007ffedb62c250
R20=0x00007ffedb62c278
R21=0x00007ffedcb11a00
R22=0x00007ffe9daa8ff4
R23=0x000000070418abe8
R24=0x00007ffedb62c2e8
R25=0x0000000703ec8d48
R26=0x00007ffe9daa9100
R27=0x00000000d80c62ff
R28=0x00007ffed402d290
R29=0x00007ffedb62c180
R30=0x00007ffead105e1c


Register to memory mapping:

R0 =0x00007ffeac736100 is an unknown value
R1 =0x0000000000000050 is an unknown value
R2 =0x0000000000000050 is an unknown value
R3 =0x00000000000000ff is an unknown value
R4 =0x00000000437f0000 is an unknown value
R5 =0x0000000000000018 is an unknown value
R6 =0x00007ffedcafe000: <offset 0x00000000013de000> in /app/extra/jbr/lib/server/libjvm.so at 0x00007ffedb720000
R7 =0x0 is null
R8 =0x0000000000000020 is an unknown value
R9 =0x00007ffed402d6d4 points into unknown readable memory: 04 00 00 00
R10=0x000000000000000a is an unknown value
R11=0x000000000000000a is an unknown value
R12={method} {0x00007ffe9dab9830} 'ClearBackground' '(Lcom/raylib/Raylib$Color;)V' in 'com/raylib/Raylib'
R13=0x00007ffed5433b80 points into unknown readable memory: 0x00007ffeacf20000 | 00 00 f2 ac fe 7f 00 00
R14=0x0 is null
R15=0x000000000000000a is an unknown value
R16=0x00007ffeac736100 is an unknown value
R17=0x00007ffedcbb7e60: fflush+0x0000000000000000 in /usr/lib/aarch64-linux-gnu/libc.so.6 at 0x00007ffedcb40000
R18={method} {0x0000003800b0f810} 'findNative' '(Ljava/lang/ClassLoader;Ljava/lang/String;)J' in 'java/lang/ClassLoader'
R19=0x00007ffedb62c250 is pointing into the stack for thread: 0x00007ffed402d290
R20=0x00007ffedb62c278 is pointing into the stack for thread: 0x00007ffed402d290
R21=0x00007ffedcb11a00: <offset 0x00000000013f1a00> in /app/extra/jbr/lib/server/libjvm.so at 0x00007ffedb720000
R22=0x00007ffe9daa8ff4 is pointing into metadata
R23=0x000000070418abe8 is an oop: java.lang.String 
{0x000000070418abe8} - klass: 'java/lang/String'
 - string: "Page %d of %d (Total: %d)"
 - ---- fields (total size 3 words):
 - private 'hash' 'I' @12  0 (0x00000000)
 - private final 'coder' 'B' @16  0 (0x00)
 - private 'hashIsZero' 'Z' @17  false (0x00)
 - injected 'flags' 'B' @18  0 (0x00)
 - private final 'value' '[B' @20  [B{0x000000070418ac00} (0xe0831580)
R24=0x00007ffedb62c2e8 is pointing into the stack for thread: 0x00007ffed402d290
R25=0x0000000703ec8d48 is an oop: [B 
{0x0000000703ec8d48} - klass: {type array byte}
 - length: 5
R26=0x00007ffe9daa9100 is pointing into metadata
R27=0x00000000d80c62ff is an unknown value
R28=0x00007ffed402d290 is a thread
R29=0x00007ffedb62c180 is pointing into the stack for thread: 0x00007ffed402d290
R30=0x00007ffead105e1c: ClearBackground+0x000000000000001c in /home/xenobyte/.javacpp/cache/jaylib-5.5.0-2.jar/com/raylib/linux-arm64/libjniRaylib.so at 0x00007ffeacf20000

Top of Stack: (sp=0x00007ffedb62c180)
0x00007ffedb62c180:   00007ffedb62c190 00007ffeacfd3ef0
0x00007ffedb62c190:   00007ffedb62c240 00007ffec8b127f0
0x00007ffedb62c1a0:   00007ffedb62c250 3f80000000000000
0x00007ffedb62c1b0:   00007ffedb62c240 00007ffedb62c1f0
0x00007ffedb62c1c0:   00007ffedb62c230 00007ffed402d648
0x00007ffedb62c1d0:   00007ffedb62c230 0000000000000000
0x00007ffedb62c1e0:   00007ffed741a260 0000000000000000
0x00007ffedb62c1f0:   00000007041892c8 00007ffe9daa6c18
0x00007ffedb62c200:   0000000000000000 00007ffedb62c250
0x00007ffedb62c210:   00007ffedb62c2d0 00007ffec849d62c
0x00007ffedb62c220:   0000000000000003 00007ffe9daa7438
0x00007ffedb62c230:   0000000704349b68 00007ffec143df38
0x00007ffedb62c240:   00007ffedb62c2d0 00007ffec849d17c
0x00007ffedb62c250:   0000000703ecdea0 0000000703eca348
0x00007ffedb62c260:   0000000703ec61e0 0000000703eb4608
0x00007ffedb62c270:   0000000000000000 00000007041892c8
0x00007ffedb62c280:   00007ffedb62c280 00007ffe9daa8ff4
0x00007ffedb62c290:   0000000000000003 00007ffe9daa9100
0x00007ffedb62c2a0:   00000007042dfc18 00007ffedb62c250
0x00007ffedb62c2b0:   0000000000000000 00007ffe9daa9030
0x00007ffedb62c2c0:   00007ffedb62c278 00007ffedb62c2b0
0x00007ffedb62c2d0:   00007ffedb62c340 00007ffec849d17c
0x00007ffedb62c2e0:   00000007042dfd60 00000007042dfd60
0x00007ffedb62c2f0:   00007ffedb62c2f0 00007ffe9c401ed9
0x00007ffedb62c300:   0000000000000009 00007ffe9c407b30
0x00007ffedb62c310:   0000000702875540 00007ffedb62c2b0
0x00007ffedb62c320:   0000000000000000 00007ffe9c401f70
0x00007ffedb62c330:   00007ffedb62c2e8 00007ffedb62c380
0x00007ffedb62c340:   00007ffedb62c470 00007ffec8498154
0x00007ffedb62c350:   00000007042dfd60 00000007042de9e8
0x00007ffedb62c360:   00000007042dbcc8 00000007042affe8
0x00007ffedb62c370:   000000070fc00c30 00000007028755b0 

Instructions: (pc=0x00007ffead105e18)
0x00007ffead105d18:   ff 7f 0d a9 ff 7f 0e a9 ff 7f 0f a9 e3 ff ff 97
0x00007ffead105d28:   00 00 22 1e 29 19 20 1e e4 ff ff 97 01 00 22 1e
0x00007ffead105d38:   e8 a7 49 a9 e2 63 02 91 46 1c 41 a9 e1 83 00 91
0x00007ffead105d48:   08 19 21 1e e0 03 01 aa 44 14 43 a9 e8 27 02 a9
0x00007ffead105d58:   e6 1f 03 a9 46 1c 44 a9 e4 17 05 a9 44 14 45 a9
0x00007ffead105d68:   e6 1f 06 a9 43 30 40 f9 e4 17 07 a9 e3 43 00 f9
0x00007ffead105d78:   e9 23 18 2d 42 0c 42 a9 e2 0f 04 a9 c0 f9 ff 97
0x00007ffead105d88:   e8 27 41 6d fd 7b d0 a8 c0 03 5f d6 c0 0a 00 b0
0x00007ffead105d98:   00 94 46 f9 00 44 40 b9 c0 03 5f d6 c0 0a 00 b0
0x00007ffead105da8:   00 94 46 f9 00 48 40 b9 c0 03 5f d6 c0 0a 00 b0
0x00007ffead105db8:   21 00 80 52 00 94 46 f9 01 40 00 39 c0 03 5f d6
0x00007ffead105dc8:   1f 20 03 d5 1f 20 03 d5 c0 0a 00 b0 00 94 46 f9
0x00007ffead105dd8:   1f 40 00 39 c0 03 5f d6 c0 0a 00 b0 00 94 46 f9
0x00007ffead105de8:   00 c0 5d 39 c0 03 5f d6 c0 0a 00 b0 00 94 46 f9
0x00007ffead105df8:   00 c4 5d 39 c0 03 5f d6 e1 03 00 2a fd 7b bf a9
0x00007ffead105e08:   03 7c 18 53 fd 03 00 91 22 5c 50 d3 21 3c 48 d3
0x00007ffead105e18:   62 c2 ff 97 fd 7b c1 a8 74 c2 ff 17 fd 7b ba a9
0x00007ffead105e28:   fd 03 00 91 f3 0b 00 f9 d3 0a 00 b0 93 f9 ff 97
0x00007ffead105e38:   73 96 46 f9 01 04 08 4e 62 56 45 fd 61 aa 82 3d
0x00007ffead105e48:   00 38 62 1e 60 5a 05 fd 91 bd ff 97 63 42 46 fc
0x00007ffead105e58:   e0 83 00 91 64 42 47 fc 61 c2 46 fc 66 c2 47 fc
0x00007ffead105e68:   70 38 84 0e 63 78 84 0e 62 42 48 fc 60 c2 48 fc
0x00007ffead105e78:   27 38 86 0e 65 42 49 fc 21 78 86 0e 64 c2 49 fc
0x00007ffead105e88:   46 38 85 0e 42 78 85 0e 05 38 84 0e 00 78 84 0e
0x00007ffead105e98:   f0 1b 02 6d e3 0b 03 6d e7 17 04 6d e1 03 05 6d
0x00007ffead105ea8:   ca be ff 97 f3 0b 40 f9 fd 7b c6 a8 c0 03 5f d6
0x00007ffead105eb8:   1f 20 03 d5 1f 20 03 d5 fd 7b bb a9 fd 03 00 91
0x00007ffead105ec8:   ef d2 ff 97 72 bd ff 97 3c c1 ff 97 60 00 00 34
0x00007ffead105ed8:   fd 7b c5 a8 c0 03 5f d6 c1 0a 00 b0 e0 43 00 91
0x00007ffead105ee8:   21 94 46 f9 23 40 46 fc 24 40 47 fc 21 c0 46 fc
0x00007ffead105ef8:   26 c0 47 fc 70 38 84 0e 63 78 84 0e 22 40 48 fc
0x00007ffead105f08:   20 c0 48 fc 27 38 86 0e 25 40 49 fc 21 78 86 0e 


Stack slot to memory mapping:

stack at sp + 0 slots: 0x00007ffedb62c190 is pointing into the stack for thread: 0x00007ffed402d290
stack at sp + 1 slots: 0x00007ffeacfd3ef0: Java_com_raylib_Raylib_ClearBackground+0x00000000000000d4 in /home/xenobyte/.javacpp/cache/jaylib-5.5.0-2.jar/com/raylib/linux-arm64/libjniRaylib.so at 0x00007ffeacf20000
stack at sp + 2 slots: 0x00007ffedb62c240 is pointing into the stack for thread: 0x00007ffed402d290
stack at sp + 3 slots: 0x00007ffec8b127f0 is at entry_point+176 in (nmethod*)0x00007ffec8b12590
Compiled method (n/a) 28351 2364     n 0       com.raylib.Raylib::ClearBackground (native)
 total in heap  [0x00007ffec8b12590,0x00007ffec8b12908] = 888
 relocation     [0x00007ffec8b126e0,0x00007ffec8b12710] = 48
 main code      [0x00007ffec8b12740,0x00007ffec8b128ec] = 428
 stub code      [0x00007ffec8b128ec,0x00007ffec8b128f0] = 4
 oops           [0x00007ffec8b128f0,0x00007ffec8b12900] = 16
 metadata       [0x00007ffec8b12900,0x00007ffec8b12908] = 8
stack at sp + 4 slots: 0x00007ffedb62c250 is pointing into the stack for thread: 0x00007ffed402d290
stack at sp + 5 slots: 0x3f80000000000000 is an unknown value
stack at sp + 6 slots: 0x00007ffedb62c240 is pointing into the stack for thread: 0x00007ffed402d290
stack at sp + 7 slots: 0x00007ffedb62c1f0 is pointing into the stack for thread: 0x00007ffed402d290


Compiled method (n/a) 28351 2364     n 0       com.raylib.Raylib::ClearBackground (native)
 total in heap  [0x00007ffec8b12590,0x00007ffec8b12908] = 888
 relocation     [0x00007ffec8b126e0,0x00007ffec8b12710] = 48
 main code      [0x00007ffec8b12740,0x00007ffec8b128ec] = 428
 stub code      [0x00007ffec8b128ec,0x00007ffec8b128f0] = 4
 oops           [0x00007ffec8b128f0,0x00007ffec8b12900] = 16
 metadata       [0x00007ffec8b12900,0x00007ffec8b12908] = 8

[Constant Pool (empty)]

[MachCode]
[Entry Point]
  # {method} {0x00007ffe9dab9830} 'ClearBackground' '(Lcom/raylib/Raylib$Color;)V' in 'com/raylib/Raylib'
  # parm0:    c_rarg1:c_rarg1 
                        = 'com/raylib/Raylib$Color'
  #           [sp+0x60]  (sp of caller)
  0x00007ffec8b12740: 2808 40b9 | 3f01 086b | 4000 0054 

  0x00007ffec8b1274c: ;   {runtime_call ic_miss_stub}
  0x00007ffec8b1274c: cd05 e717 
[Verified Entry Point]
  0x00007ffec8b12750: 1f20 03d5 | e953 40d1 | 3f01 00f9 | fd7b bfa9 | fd03 0091 | ff43 01d1 | 2801 0018 | 8923 40b9 
  0x00007ffec8b12770: 1f01 09eb | e000 0054 | 0830 9bd2 | a809 b9f2 | c8ff cff2 | 0001 3fd6 | 0200 0014 | 0300 0000 
  0x00007ffec8b12790: e103 00f9 | 3f00 1feb | e203 00d1 | e203 829a 

  0x00007ffec8b127a0: ;   {oop(a 'java/lang/Class'{0x0000000704349b68} = 'com/raylib/Raylib')}
  0x00007ffec8b127a0: 016d 93d2 | 8186 a0f2 | e100 c0f2 | e123 00f9 | e103 0191 | e801 0010 | 88d3 01f9 | e803 0091 
  0x00007ffec8b127c0: 88cf 01f9 

  0x00007ffec8b127c4: ;   {external_word}
  0x00007ffec8b127c4: 28fd 09b0 | 0815 5439 | 0806 0035 | 80e3 0e91 | e803 7eb2 | 8913 1191 | 28fd 9f88 

  0x00007ffec8b127e0: ;   {runtime_call Java_com_raylib_Raylib_ClearBackground}
  0x00007ffec8b127e0: 88c3 87d2 | a89f b5f2 | c8ff cff2 | 0001 3fd6 | a800 80d2 | 8847 04b9 | bf3b 03d5 | 8823 1191 
  0x00007ffec8b12800: 08fd dfc8 | bf03 08eb | 6803 0054 | 8843 44b9 | 2803 0035 | e803 7db2 | 8913 1191 | 28fd 9f88 
  0x00007ffec8b12820: 8803 5339 | 1f09 0071 | c001 0054 

  0x00007ffec8b1282c: ;   {external_word}
  0x00007ffec8b1282c: 28fd 09b0 | 0815 5439 | 6804 0035 | 9fcf 01f9 | 9fd3 01f9 | 8217 42f9 | 5f80 00f9 | bf03 0091 
  0x00007ffec8b1284c: fd7b c1a8 | 8807 40f9 | 4800 00b5 | c003 5fd6 

  0x00007ffec8b1285c: ;   {runtime_call StubRoutines (initial stubs)}
  0x00007ffec8b1285c: 0916 e617 

  0x00007ffec8b12860: ;   {runtime_call SharedRuntime::reguard_yellow_pages()}
  0x00007ffec8b12860: 08aa 94d2 | 0887 bbf2 | c8ff cff2 | 0001 3fd6 | efff ff17 | e003 1caa 

  0x00007ffec8b12878: ;   {runtime_call JavaThread::check_special_condition_for_native_trans(JavaThread*)}
  0x00007ffec8b12878: 88f4 87d2 | c87e bbf2 | c8ff cff2 | 0001 3fd6 | e3ff ff17 | e10b bfa9 

  0x00007ffec8b12890: ;   {metadata({method} {0x00007ffe9dab9830} 'ClearBackground' '(Lcom/raylib/Raylib$Color;)V' in 'com/raylib/Raylib')}
  0x00007ffec8b12890: 0106 93d2 | 61b5 b3f2 | c1ff cff2 | e003 1caa | e833 bfa9 | 08e8 92d2 | 0887 bbf2 | c8ff cff2 
  0x00007ffec8b128b0: 0001 3fd6 | e833 c1a8 | e10b c1a8 | c5ff ff17 

  0x00007ffec8b128c0: ;   {metadata({method} {0x00007ffe9dab9830} 'ClearBackground' '(Lcom/raylib/Raylib$Color;)V' in 'com/raylib/Raylib')}
  0x00007ffec8b128c0: 0106 93d2 | 61b5 b3f2 | c1ff cff2 | e003 1caa | e833 bfa9 | 08ec 92d2 | 0887 bbf2 | c8ff cff2 
  0x00007ffec8b128e0: 0001 3fd6 | e833 c1a8 | d4ff ff17 
[Stub Code]
  0x00007ffec8b128ec: 0000 0000 
[/MachCode]


---------------  P R O C E S S  ---------------

Threads class SMR info:
_java_thread_list=0x00007ffe2c000be0, length=19, elements={
0x00007ffed402d290, 0x00007ffed4123ac0, 0x00007ffed4126d20, 0x00007ffed4128320,
0x00007ffed4129ac0, 0x00007ffed412b120, 0x00007ffed412c6d0, 0x00007ffed412e1b0,
0x00007ffed412f880, 0x00007ffed4230560, 0x00007ffed42312b0, 0x00007ffed42c08d0,
0x00007ffed4e43710, 0x00007ffe5400b600, 0x00007ffe5400db90, 0x00007ffed548d390,
0x00007ffed7e3e030, 0x00007ffe3c0011a0, 0x00007ffe3c002440
}

Java Threads: ( => current thread )
=>0x00007ffed402d290 JavaThread "main"                              [_thread_in_native, id=509, stack(0x00007ffedb430000,0x00007ffedb62e000) (2040K)]
  0x00007ffed4123ac0 JavaThread "Common-Cleaner"             daemon [_thread_blocked, id=517, stack(0x00007ffed8650000,0x00007ffed8850000) (2048K)]
  0x00007ffed4126d20 JavaThread "Reference Handler"          daemon [_thread_blocked, id=518, stack(0x00007ffed8450000,0x00007ffed8650000) (2048K)]
  0x00007ffed4128320 JavaThread "Finalizer"                  daemon [_thread_blocked, id=519, stack(0x00007ffed8250000,0x00007ffed8450000) (2048K)]
  0x00007ffed4129ac0 JavaThread "Signal Dispatcher"          daemon [_thread_blocked, id=520, stack(0x00007ffed8050000,0x00007ffed8250000) (2048K)]
  0x00007ffed412b120 JavaThread "Service Thread"             daemon [_thread_blocked, id=521, stack(0x00007ffebce04000,0x00007ffebd004000) (2048K)]
  0x00007ffed412c6d0 JavaThread "Monitor Deflation Thread"   daemon [_thread_blocked, id=522, stack(0x00007ffebcc04000,0x00007ffebce04000) (2048K)]
  0x00007ffed412e1b0 JavaThread "C2 CompilerThread0"         daemon [_thread_blocked, id=523, stack(0x00007ffebca04000,0x00007ffebcc04000) (2048K)]
  0x00007ffed412f880 JavaThread "C1 CompilerThread0"         daemon [_thread_blocked, id=524, stack(0x00007ffebc804000,0x00007ffebca04000) (2048K)]
  0x00007ffed4230560 JavaThread "Monitor Ctrl-Break"         daemon [_thread_in_native, id=527, stack(0x00007ffebc590000,0x00007ffebc790000) (2048K)]
  0x00007ffed42312b0 JavaThread "Notification Thread"        daemon [_thread_blocked, id=528, stack(0x00007ffebc390000,0x00007ffebc590000) (2048K)]
  0x00007ffed42c08d0 JavaThread "process reaper"             daemon [_thread_blocked, id=530, stack(0x00007ffebc2fc000,0x00007ffebc330000) (208K)]
  0x00007ffed4e43710 JavaThread "HttpClient-1-SelectorManager" daemon [_thread_in_native, id=551, stack(0x00007ffead6b0000,0x00007ffead8b0000) (2048K)]
  0x00007ffe5400b600 JavaThread "HttpClient-1-Worker-0"      daemon [_thread_blocked, id=552, stack(0x00007ffead4b0000,0x00007ffead6b0000) (2048K)]
  0x00007ffe5400db90 JavaThread "HttpClient-1-Worker-1"      daemon [_thread_blocked, id=553, stack(0x00007ffead2b0000,0x00007ffead4b0000) (2048K)]
  0x00007ffed548d390 JavaThread "JavaCPP Deallocator"        daemon [_thread_blocked, id=556, stack(0x00007ffebc0fc000,0x00007ffebc2fc000) (2048K)]
  0x00007ffed7e3e030 JavaThread "HttpClient-2-SelectorManager" daemon [_thread_in_native, id=566, stack(0x00007ffe432e8000,0x00007ffe434e8000) (2048K)]
  0x00007ffe3c0011a0 JavaThread "HttpClient-2-Worker-0"      daemon [_thread_blocked, id=567, stack(0x00007ffe430e8000,0x00007ffe432e8000) (2048K)]
  0x00007ffe3c002440 JavaThread "HttpClient-2-Worker-1"      daemon [_thread_blocked, id=568, stack(0x00007ffe42ee8000,0x00007ffe430e8000) (2048K)]
Total: 19

Other Threads:
  0x00007ffed4119630 VMThread "VM Thread"                           [id=516, stack(0x00007ffed88bc000,0x00007ffed8abc000) (2048K)]
  0x00007ffed4107350 WatcherThread "VM Periodic Task Thread"        [id=515, stack(0x00007ffed8acc000,0x00007ffed8ccc000) (2048K)]
  0x00007ffed407c0b0 WorkerThread "GC Thread#0"                     [id=510, stack(0x00007ffed9b6c000,0x00007ffed9d6c000) (2048K)]
  0x00007ffe94006860 WorkerThread "GC Thread#1"                     [id=532, stack(0x00007ffeadce0000,0x00007ffeadee0000) (2048K)]
  0x00007ffe94007380 WorkerThread "GC Thread#2"                     [id=533, stack(0x00007ffeadad0000,0x00007ffeadcd0000) (2048K)]
  0x00007ffe94007ea0 WorkerThread "GC Thread#3"                     [id=534, stack(0x00007ffead8c0000,0x00007ffeadac0000) (2048K)]
  0x00007ffed408d2c0 ConcurrentGCThread "G1 Main Marker"            [id=511, stack(0x00007ffed995c000,0x00007ffed9b5c000) (2048K)]
  0x00007ffed408e270 WorkerThread "G1 Conc#0"                       [id=512, stack(0x00007ffed974c000,0x00007ffed994c000) (2048K)]
  0x00007ffed40f47e0 ConcurrentGCThread "G1 Refine#0"               [id=513, stack(0x00007ffed912c000,0x00007ffed932c000) (2048K)]
  0x00007ffed40f57b0 ConcurrentGCThread "G1 Service"                [id=514, stack(0x00007ffed8f1c000,0x00007ffed911c000) (2048K)]
Total: 10

Threads with active compile tasks:
Total: 0

VM state: not at safepoint (normal execution)

VM Mutex/Monitor currently owned by a thread: None

Heap address: 0x0000000702800000, size: 4056 MB, Compressed Oops mode: Zero based, Oop shift amount: 3

CDS archive(s) mapped at: [0x0000003800000000-0x0000003801c90000-0x0000003801c90000), size 29949952, SharedBaseAddress: 0x0000003800000000, ArchiveRelocationMode: 1.
Compressed class space mapped at: 0x0000003802000000-0x0000003842000000, reserved size: 1073741824
Narrow klass base: 0x0000003800000000, Narrow klass shift: 0, Narrow klass range: 0x100000000

GC Precious Log:
 CardTable entry size: 512
 Card Set container configuration: InlinePtr #cards 4 size 8 Array Of Cards #cards 16 size 48 Howl #buckets 8 coarsen threshold 3686 Howl Bitmap #cards 512 size 80 coarsen threshold 460 Card regions per heap region 1 cards per card region 4096
 CPUs: 4 total, 4 available
 Memory: 16214M
 Large Page Support: Disabled
 NUMA Support: Disabled
 Compressed Oops: Enabled (Zero based)
 Heap Region Size: 2M
 Heap Min Capacity: 8M
 Heap Initial Capacity: 256M
 Heap Max Capacity: 4056M
 Pre-touch: Disabled
 Parallel Workers: 4
 Concurrent Workers: 1
 Concurrent Refinement Workers: 4
 Periodic GC: Disabled

Heap:
 garbage-first heap   total 40960K, used 18700K [0x0000000702800000, 0x0000000800000000)
  region size 2048K, 8 young (16384K), 2 survivors (4096K)
 Metaspace       used 28633K, committed 28928K, reserved 1114112K
  class space    used 2205K, committed 2368K, reserved 1048576K

Heap Regions: E=young(eden), S=young(survivor), O=old, HS=humongous(starts), HC=humongous(continues), CS=collection set, F=free, TAMS=top-at-mark-start, PB=parsable bottom
|   0|0x0000000702800000, 0x0000000702a00000, 0x0000000702a00000|100%| O|  |TAMS 0x0000000702800000| PB 0x0000000702800000| Untracked 
|   1|0x0000000702a00000, 0x0000000702a7db80, 0x0000000702c00000| 24%| O|  |TAMS 0x0000000702a00000| PB 0x0000000702a00000| Untracked 
|   2|0x0000000702c00000, 0x0000000702c00000, 0x0000000702e00000|  0%| F|  |TAMS 0x0000000702c00000| PB 0x0000000702c00000| Untracked 
|   3|0x0000000702e00000, 0x0000000702e00000, 0x0000000703000000|  0%| F|  |TAMS 0x0000000702e00000| PB 0x0000000702e00000| Untracked 
|   4|0x0000000703000000, 0x0000000703000000, 0x0000000703200000|  0%| F|  |TAMS 0x0000000703000000| PB 0x0000000703000000| Untracked 
|   5|0x0000000703200000, 0x0000000703200000, 0x0000000703400000|  0%| F|  |TAMS 0x0000000703200000| PB 0x0000000703200000| Untracked 
|   6|0x0000000703400000, 0x0000000703400000, 0x0000000703600000|  0%| F|  |TAMS 0x0000000703400000| PB 0x0000000703400000| Untracked 
|   7|0x0000000703600000, 0x0000000703600000, 0x0000000703800000|  0%| F|  |TAMS 0x0000000703600000| PB 0x0000000703600000| Untracked 
|   8|0x0000000703800000, 0x0000000703800000, 0x0000000703a00000|  0%| F|  |TAMS 0x0000000703800000| PB 0x0000000703800000| Untracked 
|   9|0x0000000703a00000, 0x0000000703a00000, 0x0000000703c00000|  0%| F|  |TAMS 0x0000000703a00000| PB 0x0000000703a00000| Untracked 
|  10|0x0000000703c00000, 0x0000000703cc4cc0, 0x0000000703e00000| 38%| E|  |TAMS 0x0000000703c00000| PB 0x0000000703c00000| Complete 
|  11|0x0000000703e00000, 0x0000000704000000, 0x0000000704000000|100%| E|CS|TAMS 0x0000000703e00000| PB 0x0000000703e00000| Complete 
|  12|0x0000000704000000, 0x0000000704200000, 0x0000000704200000|100%| E|CS|TAMS 0x0000000704000000| PB 0x0000000704000000| Complete 
|  13|0x0000000704200000, 0x0000000704400000, 0x0000000704400000|100%| E|CS|TAMS 0x0000000704200000| PB 0x0000000704200000| Complete 
|  14|0x0000000704400000, 0x0000000704600000, 0x0000000704600000|100%| E|CS|TAMS 0x0000000704400000| PB 0x0000000704400000| Complete 
| 105|0x000000070fa00000, 0x000000070fb93e40, 0x000000070fc00000| 78%| S|CS|TAMS 0x000000070fa00000| PB 0x000000070fa00000| Complete 
| 106|0x000000070fc00000, 0x000000070fe00000, 0x000000070fe00000|100%| S|CS|TAMS 0x000000070fc00000| PB 0x000000070fc00000| Complete 
| 127|0x0000000712600000, 0x0000000712800000, 0x0000000712800000|100%| E|CS|TAMS 0x0000000712600000| PB 0x0000000712600000| Complete 
|2026|0x00000007ffc00000, 0x00000007ffe00000, 0x00000007ffe00000|100%| O|  |TAMS 0x00000007ffc00000| PB 0x00000007ffc00000| Untracked 
|2027|0x00000007ffe00000, 0x00000007ffe31850, 0x0000000800000000|  9%| O|Cm|TAMS 0x00000007ffe00000| PB 0x00000007ffe00000| Complete 

Card table byte_map: [0x00007ffed9db0000,0x00007ffeda59c000] _byte_map_base: 0x00007ffed659c000

Marking Bits: (CMBitMap*) 0x00007ffed407cbe0
 Bits: [0x00007ffebd004000, 0x00007ffec0f64000)

Polling page: 0x00007ffedcdfc000

Metaspace:

Usage:
  Non-class:     25.81 MB used.
      Class:      2.15 MB used.
       Both:     27.96 MB used.

Virtual space:
  Non-class space:       64.00 MB reserved,      25.94 MB ( 41%) committed,  1 nodes.
      Class space:        1.00 GB reserved,       2.31 MB ( <1%) committed,  1 nodes.
             Both:        1.06 GB reserved,      28.25 MB (  3%) committed. 

Chunk freelists:
   Non-Class:  4.45 MB
       Class:  13.67 MB
        Both:  18.12 MB

MaxMetaspaceSize: unlimited
CompressedClassSpaceSize: 1.00 GB
Initial GC threshold: 21.00 MB
Current GC threshold: 35.31 MB
CDS: on
 - commit_granule_bytes: 65536.
 - commit_granule_words: 8192.
 - virtual_space_node_default_size: 8388608.
 - enlarge_chunks_in_place: 1.
 - use_allocation_guard: 0.


Internal statistics:

num_allocs_failed_limit: 3.
num_arena_births: 266.
num_arena_deaths: 0.
num_vsnodes_births: 2.
num_vsnodes_deaths: 0.
num_space_committed: 449.
num_space_uncommitted: 0.
num_chunks_returned_to_freelist: 3.
num_chunks_taken_from_freelist: 1238.
num_chunk_merges: 3.
num_chunk_splits: 987.
num_chunks_enlarged: 820.
num_inconsistent_stats: 0.

CodeHeap 'non-profiled nmethods': size=120032Kb used=964Kb max_used=964Kb free=119067Kb
 bounds [0x00007ffec8a2c000, 0x00007ffec8c9c000, 0x00007ffecff64000]
CodeHeap 'profiled nmethods': size=120016Kb used=5115Kb max_used=5115Kb free=114900Kb
 bounds [0x00007ffec0f64000, 0x00007ffec1464000, 0x00007ffec8498000]
CodeHeap 'non-nmethods': size=5712Kb used=1480Kb max_used=1502Kb free=4231Kb
 bounds [0x00007ffec8498000, 0x00007ffec8708000, 0x00007ffec8a2c000]
CodeCache: size=245760Kb, used=7559Kb, max_used=7581Kb, free=238198Kb
 total_blobs=3121, nmethods=2476, adapters=553, full_count=0
Compilation: enabled, stopped_count=0, restarted_count=0

Compilation events (20 events):
Event: 14.633 Thread 0x00007ffed412f880 nmethod 2468 0x00007ffec8b1bb90 code [0x00007ffec8b1bd00, 0x00007ffec8b1bda8]
Event: 14.633 Thread 0x00007ffed412e1b0 nmethod 2456 0x00007ffec8b1be90 code [0x00007ffec8b1c000, 0x00007ffec8b1c080]
Event: 18.062 Thread 0x00007ffed412f880 2469       3       de.htwsaar.Berta.presentation.SelectionScreen::drawList (151 bytes)
Event: 18.064 Thread 0x00007ffed412f880 nmethod 2469 0x00007ffec145ba10 code [0x00007ffec145bf00, 0x00007ffec145d778]
Event: 18.912 Thread 0x00007ffed412f880 2470       3       de.htwsaar.Berta.presentation.SelectionScreen::update (9 bytes)
Event: 18.912 Thread 0x00007ffed412f880 nmethod 2470 0x00007ffec145e190 code [0x00007ffec145e340, 0x00007ffec145e520]
Event: 18.912 Thread 0x00007ffed412f880 2471       3       de.htwsaar.Berta.presentation.SelectionScreen::handleNavigation (94 bytes)
Event: 18.913 Thread 0x00007ffed412f880 nmethod 2471 0x00007ffec145e610 code [0x00007ffec145e800, 0x00007ffec145ebf0]
Event: 18.913 Thread 0x00007ffed412f880 2472       3       de.htwsaar.Berta.presentation.SelectionScreen::draw (60 bytes)
Event: 18.913 Thread 0x00007ffed412f880 nmethod 2472 0x00007ffec145ed10 code [0x00007ffec145ef40, 0x00007ffec145f3e0]
Event: 21.046 Thread 0x00007ffed412f880 2473       3       de.htwsaar.Berta.presentation.SelectionScreen::handleSelection (92 bytes)
Event: 21.046 Thread 0x00007ffed412f880 nmethod 2473 0x00007ffec145f610 code [0x00007ffec145f8c0, 0x00007ffec1460188]
Event: 21.047 Thread 0x00007ffed412f880 2474       3       de.htwsaar.Berta.presentation.SelectionScreen::drawPaginationInfo (79 bytes)
Event: 21.048 Thread 0x00007ffed412f880 nmethod 2474 0x00007ffec1460510 code [0x00007ffec1460940, 0x00007ffec1461f30]
Event: 21.048 Thread 0x00007ffed412f880 2475       3       de.htwsaar.Berta.presentation.SelectionScreen::drawSearchBar (77 bytes)
Event: 21.048 Thread 0x00007ffed412f880 nmethod 2475 0x00007ffec1462790 code [0x00007ffec1462980, 0x00007ffec1462cc0]
Event: 22.046 Thread 0x00007ffed412e1b0 2476       4       java.lang.StringConcatHelper::mix (27 bytes)
Event: 22.047 Thread 0x00007ffed412e1b0 nmethod 2476 0x00007ffec8b1c190 code [0x00007ffec8b1c300, 0x00007ffec8b1c3f0]
Event: 26.047 Thread 0x00007ffed412e1b0 2477       4       java.util.Formatter$FixedString::print (23 bytes)
Event: 26.056 Thread 0x00007ffed412e1b0 nmethod 2477 0x00007ffec8b1c510 code [0x00007ffec8b1c700, 0x00007ffec8b1ce38]

GC Heap History (6 events):
Event: 0.891 GC heap before
{Heap before GC invocations=0 (full 0):
 garbage-first heap   total 266240K, used 12486K [0x0000000702800000, 0x0000000800000000)
  region size 2048K, 6 young (12288K), 0 survivors (0K)
 Metaspace       used 4350K, committed 4480K, reserved 1114112K
  class space    used 233K, committed 320K, reserved 1048576K
}
Event: 0.896 GC heap after
{Heap after GC invocations=1 (full 0):
 garbage-first heap   total 266240K, used 4754K [0x0000000702800000, 0x0000000800000000)
  region size 2048K, 1 young (2048K), 1 survivors (2048K)
 Metaspace       used 4350K, committed 4480K, reserved 1114112K
  class space    used 233K, committed 320K, reserved 1048576K
}
Event: 1.374 GC heap before
{Heap before GC invocations=1 (full 0):
 garbage-first heap   total 266240K, used 14994K [0x0000000702800000, 0x0000000800000000)
  region size 2048K, 7 young (14336K), 1 survivors (2048K)
 Metaspace       used 13213K, committed 13440K, reserved 1114112K
  class space    used 705K, committed 832K, reserved 1048576K
}
Event: 1.383 GC heap after
{Heap after GC invocations=2 (full 0):
 garbage-first heap   total 266240K, used 5376K [0x0000000702800000, 0x0000000800000000)
  region size 2048K, 1 young (2048K), 1 survivors (2048K)
 Metaspace       used 13213K, committed 13440K, reserved 1114112K
  class space    used 705K, committed 832K, reserved 1048576K
}
Event: 2.747 GC heap before
{Heap before GC invocations=2 (full 0):
 garbage-first heap   total 266240K, used 42240K [0x0000000702800000, 0x0000000800000000)
  region size 2048K, 21 young (43008K), 1 survivors (2048K)
 Metaspace       used 21285K, committed 21504K, reserved 1114112K
  class space    used 1537K, committed 1664K, reserved 1048576K
}
Event: 2.753 GC heap after
{Heap after GC invocations=3 (full 0):
 garbage-first heap   total 266240K, used 8460K [0x0000000702800000, 0x0000000800000000)
  region size 2048K, 2 young (4096K), 2 survivors (4096K)
 Metaspace       used 21285K, committed 21504K, reserved 1114112K
  class space    used 1537K, committed 1664K, reserved 1048576K
}

Dll operation events (11 events):
Event: 0.001 Loaded shared library /app/extra/jbr/lib/libjava.so
Event: 0.138 Loaded shared library /app/extra/jbr/lib/libzip.so
Event: 0.193 Loaded shared library /app/extra/jbr/lib/libnio.so
Event: 0.201 Loaded shared library /app/extra/jbr/lib/libinstrument.so
Event: 0.226 Loaded shared library /app/extra/jbr/lib/libzip.so
Event: 0.288 Loaded shared library /app/extra/jbr/lib/libnet.so
Event: 0.290 Loaded shared library /app/extra/jbr/lib/libjimage.so
Event: 0.294 Loaded shared library /app/extra/jbr/lib/libextnet.so
Event: 0.360 Loaded shared library /app/extra/jbr/lib/libverify.so
Event: 0.778 Loaded shared library /tmp/sqlite-3.45.1.0-cc8270f0-2332-449c-a424-cd4745e4abfb-libsqlitejdbc.so
Event: 3.226 Loaded shared library /home/xenobyte/.javacpp/cache/jaylib-5.5.0-2.jar/com/raylib/linux-arm64/libjniRaylib.so

Deoptimization events (20 events):
Event: 3.213 Thread 0x00007ffed402d290 Uncommon trap: trap_request=0xffffff45 fr.pc=0x00007ffec8aa45f0 relative=0x0000000000000330
Event: 3.213 Thread 0x00007ffed402d290 Uncommon trap: reason=unstable_if action=reinterpret pc=0x00007ffec8aa45f0 method=jdk.internal.org.objectweb.asm.SymbolTable.put(Ljdk/internal/org/objectweb/asm/SymbolTable$Entry;)Ljdk/internal/org/objectweb/asm/SymbolTable$Entry; @ 13 c2
Event: 3.213 Thread 0x00007ffed402d290 DEOPT PACKING pc=0x00007ffec8aa45f0 sp=0x00007ffedb62a650
Event: 3.213 Thread 0x00007ffed402d290 DEOPT UNPACKING pc=0x00007ffec84db01c sp=0x00007ffedb62a5b0 mode 2
Event: 3.218 Thread 0x00007ffed402d290 Uncommon trap: trap_request=0xffffff45 fr.pc=0x00007ffec8afe524 relative=0x00000000000000e4
Event: 3.218 Thread 0x00007ffed402d290 Uncommon trap: reason=unstable_if action=reinterpret pc=0x00007ffec8afe524 method=java.lang.ThreadLocal$ThreadLocalMap.getEntry(Ljava/lang/ThreadLocal;)Ljava/lang/ThreadLocal$ThreadLocalMap$Entry; @ 29 c2
Event: 3.218 Thread 0x00007ffed402d290 DEOPT PACKING pc=0x00007ffec8afe524 sp=0x00007ffedb62b5b0
Event: 3.218 Thread 0x00007ffed402d290 DEOPT UNPACKING pc=0x00007ffec84db01c sp=0x00007ffedb62b530 mode 2
Event: 3.220 Thread 0x00007ffed402d290 DEOPT PACKING pc=0x00007ffec13f60f4 sp=0x00007ffedb62b020
Event: 3.220 Thread 0x00007ffed402d290 DEOPT UNPACKING pc=0x00007ffec84dae7c sp=0x00007ffedb62aca0 mode 0
Event: 3.339 Thread 0x00007ffed402d290 Uncommon trap: trap_request=0xffffff45 fr.pc=0x00007ffec8aaa4e0 relative=0x0000000000000060
Event: 3.339 Thread 0x00007ffed402d290 Uncommon trap: reason=unstable_if action=reinterpret pc=0x00007ffec8aaa4e0 method=java.lang.CharacterData.of(I)Ljava/lang/CharacterData; @ 4 c2
Event: 3.339 Thread 0x00007ffed402d290 DEOPT PACKING pc=0x00007ffec8aaa4e0 sp=0x00007ffedb62b800
Event: 3.339 Thread 0x00007ffed402d290 DEOPT UNPACKING pc=0x00007ffec84db01c sp=0x00007ffedb62b7a0 mode 2
Event: 3.372 Thread 0x00007ffed402d290 DEOPT PACKING pc=0x00007ffec13f60f4 sp=0x00007ffedb62b940
Event: 3.372 Thread 0x00007ffed402d290 DEOPT UNPACKING pc=0x00007ffec84dae7c sp=0x00007ffedb62b5c0 mode 0
Event: 3.757 Thread 0x00007ffed402d290 DEOPT PACKING pc=0x00007ffec13f60f4 sp=0x00007ffedb62b9b0
Event: 3.757 Thread 0x00007ffed402d290 DEOPT UNPACKING pc=0x00007ffec84dae7c sp=0x00007ffedb62b630 mode 0
Event: 14.323 Thread 0x00007ffed402d290 DEOPT PACKING pc=0x00007ffec143df38 sp=0x00007ffedb62c120
Event: 14.323 Thread 0x00007ffed402d290 DEOPT UNPACKING pc=0x00007ffec84dae7c sp=0x00007ffedb62be90 mode 3

Classes loaded (20 events):
Event: 2.330 Loading class sun/security/validator/CamerfirmaTLSPolicy
Event: 2.330 Loading class sun/security/validator/CamerfirmaTLSPolicy done
Event: 2.373 Loading class jdk/internal/event/TLSHandshakeEvent
Event: 2.373 Loading class jdk/internal/event/TLSHandshakeEvent done
Event: 2.631 Loading class java/net/Authenticator$RequestorType
Event: 2.631 Loading class java/net/Authenticator$RequestorType done
Event: 3.161 Loading class javax/xml/parsers/ParserConfigurationException
Event: 3.161 Loading class javax/xml/parsers/ParserConfigurationException done
Event: 3.161 Loading class org/w3c/dom/Node
Event: 3.161 Loading class org/w3c/dom/Node done
Event: 3.161 Loading class org/xml/sax/Attributes
Event: 3.161 Loading class org/xml/sax/Attributes done
Event: 3.161 Loading class org/xml/sax/SAXException
Event: 3.161 Loading class org/xml/sax/SAXException done
Event: 3.161 Loading class org/xml/sax/ErrorHandler
Event: 3.161 Loading class org/xml/sax/ErrorHandler done
Event: 3.223 Loading class java/time/zone/ZoneOffsetTransitionRule$TimeDefinition
Event: 3.223 Loading class java/time/zone/ZoneOffsetTransitionRule$TimeDefinition done
Event: 3.224 Loading class java/time/temporal/TemporalAdjusters
Event: 3.224 Loading class java/time/temporal/TemporalAdjusters done

Classes unloaded (0 events):
No events

Classes redefined (0 events):
No events

Internal exceptions (20 events):
Event: 1.665 Thread 0x00007ffed402d290 Exception <a 'java/lang/NoSuchMethodError'{0x0000000711baa498}: 'int java.lang.invoke.DirectMethodHandle$Holder.invokeSpecialIFC(java.lang.Object, java.lang.Object, java.lang.Object)'> (0x0000000711baa498) 
thrown [src/hotspot/share/interpreter/linkResolver.cpp, line 783]
Event: 1.675 Thread 0x00007ffed402d290 Exception <a 'java/lang/NoSuchMethodError'{0x0000000711bda910}: 'java.lang.Object java.lang.invoke.Invokers$Holder.invoke_MT(java.lang.Object, java.lang.Object, java.lang.Object, java.lang.Object, java.lang.Object, java.lang.Object, java.lang.Object, java.lang.Object, java.lang.Object, java.lang.Object)'> (0x0000000711bda910) 
thrown [src/hotspot/share/interpreter/linkResolver.cpp, line 783]
Event: 1.687 Thread 0x00007ffed402d290 Exception <a 'java/lang/NoSuchMethodError'{0x0000000711613050}: 'int java.lang.invoke.DirectMethodHandle$Holder.invokeSpecial(java.lang.Object, java.lang.Object, java.lang.Object, java.lang.Object)'> (0x0000000711613050) 
thrown [src/hotspot/share/interpreter/linkResolver.cpp, line 783]
Event: 1.690 Thread 0x00007ffed402d290 Exception <a 'java/lang/NoSuchMethodError'{0x0000000711627c60}: 'java.lang.Object java.lang.invoke.DirectMethodHandle$Holder.invokeSpecial(java.lang.Object, java.lang.Object, int, java.lang.Object, java.lang.Object)'> (0x0000000711627c60) 
thrown [src/hotspot/share/interpreter/linkResolver.cpp, line 783]
Event: 1.691 Thread 0x00007ffed402d290 Exception <a 'java/lang/NoSuchMethodError'{0x000000071162b5f0}: 'java.lang.Object java.lang.invoke.DelegatingMethodHandle$Holder.delegate(java.lang.Object, int, java.lang.Object, java.lang.Object)'> (0x000000071162b5f0) 
thrown [src/hotspot/share/interpreter/linkResolver.cpp, line 783]
Event: 1.694 Thread 0x00007ffed402d290 Exception <a 'java/lang/NoSuchMethodError'{0x000000071163ada0}: 'int java.lang.invoke.Invokers$Holder.linkToTargetMethod(java.lang.Object, java.lang.Object, java.lang.Object)'> (0x000000071163ada0) 
thrown [src/hotspot/share/interpreter/linkResolver.cpp, line 783]
Event: 1.701 Thread 0x00007ffed402d290 Exception <a 'java/lang/NoSuchMethodError'{0x000000071166c608}: 'long java.lang.invoke.DirectMethodHandle$Holder.invokeSpecial(java.lang.Object, java.lang.Object)'> (0x000000071166c608) 
thrown [src/hotspot/share/interpreter/linkResolver.cpp, line 783]
Event: 1.911 Thread 0x00007ffed4e43710 Implicit null exception at 0x00007ffec8aac684 to 0x00007ffec8aac798
Event: 1.915 Thread 0x00007ffed402d290 Exception <a 'java/lang/NoSuchMethodError'{0x0000000710f9b618}: 'java.lang.Object java.lang.invoke.DirectMethodHandle$Holder.newInvokeSpecial(java.lang.Object, java.lang.Object, java.lang.Object, java.lang.Object, java.lang.Object)'> (0x0000000710f9b618) 
thrown [src/hotspot/share/interpreter/linkResolver.cpp, line 783]
Event: 2.001 Thread 0x00007ffed402d290 Exception <a 'java/lang/NoSuchMethodError'{0x0000000710a7a6d8}: 'void java.lang.invoke.DirectMethodHandle$Holder.invokeSpecial(java.lang.Object, java.lang.Object, java.lang.Object)'> (0x0000000710a7a6d8) 
thrown [src/hotspot/share/interpreter/linkResolver.cpp, line 783]
Event: 2.024 Thread 0x00007ffed402d290 Exception <a 'java/lang/NoSuchMethodError'{0x0000000710b05c60}: 'void java.lang.invoke.DirectMethodHandle$Holder.invokeSpecial(java.lang.Object, java.lang.Object, java.lang.Object, java.lang.Object, java.lang.Object)'> (0x0000000710b05c60) 
thrown [src/hotspot/share/interpreter/linkResolver.cpp, line 783]
Event: 2.032 Thread 0x00007ffed4e43710 Exception <a 'java/lang/NoSuchMethodError'{0x0000000710f5e400}: 'void java.lang.invoke.DirectMethodHandle$Holder.invokeStatic(java.lang.Object, java.lang.Object, int)'> (0x0000000710f5e400) 
thrown [src/hotspot/share/interpreter/linkResolver.cpp, line 783]
Event: 2.048 Thread 0x00007ffe5400b600 Exception <a 'java/lang/NoSuchMethodError'{0x0000000710bc8860}: 'void java.lang.invoke.DirectMethodHandle$Holder.invokeInterface(java.lang.Object, java.lang.Object, java.lang.Object)'> (0x0000000710bc8860) 
thrown [src/hotspot/share/interpreter/linkResolver.cpp, line 783]
Event: 2.242 Thread 0x00007ffe5400b600 Exception <a 'java/lang/NoSuchMethodError'{0x00000007109f7080}: 'void java.lang.invoke.DirectMethodHandle$Holder.invokeInterface(java.lang.Object, java.lang.Object)'> (0x00000007109f7080) 
thrown [src/hotspot/share/interpreter/linkResolver.cpp, line 783]
Event: 2.374 Thread 0x00007ffe5400b600 Exception <a 'java/lang/NoSuchMethodError'{0x00000007102521c8}: 'void java.lang.invoke.DirectMethodHandle$Holder.invokeStatic(java.lang.Object, java.lang.Object, java.lang.Object, java.lang.Object)'> (0x00000007102521c8) 
thrown [src/hotspot/share/interpreter/linkResolver.cpp, line 783]
Event: 2.642 Thread 0x00007ffe5400b600 Exception <a 'java/lang/NoSuchMethodError'{0x00000007103c5030}: 'void java.lang.invoke.DirectMethodHandle$Holder.invokeSpecial(java.lang.Object, java.lang.Object, java.lang.Object, java.lang.Object, java.lang.Object, java.lang.Object, java.lang.Object)'> (0x00000007103c5030) 
thrown [src/hotspot/share/interpreter/linkResolver.cpp, line 783]
Event: 3.118 Thread 0x00007ffed402d290 Exception <a 'java/lang/NoSuchMethodError'{0x00000007044e91b0}: 'void java.lang.invoke.DirectMethodHandle$Holder.invokeStaticInit(java.lang.Object, java.lang.Object, java.lang.Object, java.lang.Object, java.lang.Object)'> (0x00000007044e91b0) 
thrown [src/hotspot/share/interpreter/linkResolver.cpp, line 783]
Event: 3.135 Thread 0x00007ffed402d290 Exception <a 'java/lang/NoSuchMethodError'{0x0000000704552070}: 'int java.lang.invoke.DirectMethodHandle$Holder.invokeInterface(java.lang.Object, java.lang.Object)'> (0x0000000704552070) 
thrown [src/hotspot/share/interpreter/linkResolver.cpp, line 783]
Event: 3.176 Thread 0x00007ffed402d290 Exception <a 'java/lang/NoSuchMethodError'{0x00000007042c6b88}: 'java.lang.Object java.lang.invoke.DirectMethodHandle$Holder.invokeSpecial(java.lang.Object, java.lang.Object, int, java.lang.Object, long)'> (0x00000007042c6b88) 
thrown [src/hotspot/share/interpreter/linkResolver.cpp, line 783]
Event: 3.195 Thread 0x00007ffed402d290 Exception <a 'java/lang/IncompatibleClassChangeError'{0x0000000704383270}: Found class java.lang.Object, but interface was expected> (0x0000000704383270) 
thrown [src/hotspot/share/interpreter/linkResolver.cpp, line 851]

ZGC Phase Switch (0 events):
No events

VM Operations (20 events):
Event: 2.776 Executing VM operation: G1PauseCleanup
Event: 2.780 Executing VM operation: G1PauseCleanup done
Event: 3.204 Executing VM operation: HandshakeAllThreads (Deoptimize)
Event: 3.205 Executing VM operation: HandshakeAllThreads (Deoptimize) done
Event: 4.205 Executing VM operation: Cleanup
Event: 4.205 Executing VM operation: Cleanup done
Event: 5.205 Executing VM operation: Cleanup
Event: 5.205 Executing VM operation: Cleanup done
Event: 6.205 Executing VM operation: Cleanup
Event: 6.205 Executing VM operation: Cleanup done
Event: 7.205 Executing VM operation: Cleanup
Event: 7.205 Executing VM operation: Cleanup done
Event: 8.205 Executing VM operation: Cleanup
Event: 8.205 Executing VM operation: Cleanup done
Event: 11.205 Executing VM operation: Cleanup
Event: 11.205 Executing VM operation: Cleanup done
Event: 15.206 Executing VM operation: Cleanup
Event: 15.206 Executing VM operation: Cleanup done
Event: 26.206 Executing VM operation: Cleanup
Event: 26.206 Executing VM operation: Cleanup done

Memory protections (20 events):
Event: 0.048 Protecting memory [0x00007ffed8450000,0x00007ffed845c000] with protection modes 0
Event: 0.048 Protecting memory [0x00007ffed8250000,0x00007ffed825c000] with protection modes 0
Event: 0.049 Protecting memory [0x00007ffed8050000,0x00007ffed805c000] with protection modes 0
Event: 0.049 Protecting memory [0x00007ffebce04000,0x00007ffebce10000] with protection modes 0
Event: 0.049 Protecting memory [0x00007ffebcc04000,0x00007ffebcc10000] with protection modes 0
Event: 0.049 Protecting memory [0x00007ffebca04000,0x00007ffebca10000] with protection modes 0
Event: 0.052 Protecting memory [0x00007ffebc804000,0x00007ffebc810000] with protection modes 0
Event: 0.285 Protecting memory [0x00007ffebc590000,0x00007ffebc59c000] with protection modes 0
Event: 0.287 Protecting memory [0x00007ffebc390000,0x00007ffebc39c000] with protection modes 0
Event: 0.597 Protecting memory [0x00007ffebc2fc000,0x00007ffebc308000] with protection modes 0
Event: 0.664 Protecting memory [0x00007ffebc0fc000,0x00007ffebc108000] with protection modes 0
Event: 1.372 Protecting memory [0x00007ffebc0fc000,0x00007ffebc108000] with protection modes 0
Event: 1.911 Protecting memory [0x00007ffead6b0000,0x00007ffead6bc000] with protection modes 0
Event: 2.045 Protecting memory [0x00007ffead4b0000,0x00007ffead4bc000] with protection modes 0
Event: 2.075 Protecting memory [0x00007ffead2b0000,0x00007ffead2bc000] with protection modes 0
Event: 3.231 Protecting memory [0x00007ffebc0fc000,0x00007ffebc108000] with protection modes 0
Event: 14.325 Protecting memory [0x00007ffe432e8000,0x00007ffe432f4000] with protection modes 0
Event: 14.345 Protecting memory [0x00007ffe430e8000,0x00007ffe430f4000] with protection modes 0
Event: 14.348 Protecting memory [0x00007ffe42ee8000,0x00007ffe42ef4000] with protection modes 0
Event: 14.352 Protecting memory [0x00007ffe42ce8000,0x00007ffe42cf4000] with protection modes 0

Nmethod flushes (0 events):
No events

Events (20 events):
Event: 0.049 Thread 0x00007ffed402d290 Thread added: 0x00007ffed412b120
Event: 0.049 Thread 0x00007ffed402d290 Thread added: 0x00007ffed412c6d0
Event: 0.049 Thread 0x00007ffed402d290 Thread added: 0x00007ffed412e1b0
Event: 0.049 Thread 0x00007ffed402d290 Thread added: 0x00007ffed412f880
Event: 0.285 Thread 0x00007ffed402d290 Thread added: 0x00007ffed4230560
Event: 0.287 Thread 0x00007ffed402d290 Thread added: 0x00007ffed42312b0
Event: 0.597 Thread 0x00007ffed402d290 Thread added: 0x00007ffed42c08d0
Event: 0.658 Thread 0x00007ffed412f880 Thread added: 0x00007ffe74135820
Event: 0.971 Thread 0x00007ffe74135820 Thread exited: 0x00007ffe74135820
Event: 1.372 Thread 0x00007ffed412f880 Thread added: 0x00007ffe74293800
Event: 1.911 Thread 0x00007ffed402d290 Thread added: 0x00007ffed4e43710
Event: 2.045 Thread 0x00007ffed4e43710 Thread added: 0x00007ffe5400b600
Event: 2.075 Thread 0x00007ffed4e43710 Thread added: 0x00007ffe5400db90
Event: 2.628 Thread 0x00007ffe74293800 Thread exited: 0x00007ffe74293800
Event: 3.231 Thread 0x00007ffed402d290 Thread added: 0x00007ffed548d390
Event: 14.325 Thread 0x00007ffed402d290 Thread added: 0x00007ffed7e3e030
Event: 14.345 Thread 0x00007ffed7e3e030 Thread added: 0x00007ffe3c0011a0
Event: 14.348 Thread 0x00007ffed7e3e030 Thread added: 0x00007ffe3c002440
Event: 14.352 Thread 0x00007ffed412e1b0 Thread added: 0x00007ffe800e6080
Event: 14.625 Thread 0x00007ffe800e6080 Thread exited: 0x00007ffe800e6080


Dynamic libraries:
702800000-704600000 rw-p 00000000 00:00 0 
704600000-70fa00000 ---p 00000000 00:00 0 
70fa00000-70fe00000 rw-p 00000000 00:00 0 
70fe00000-712600000 ---p 00000000 00:00 0 
712600000-712800000 rw-p 00000000 00:00 0 
712800000-7ffc00000 ---p 00000000 00:00 0 
7ffc00000-7ffe34000 rw-p 01d30000 b3:02 1384225                          /app/extra/jbr/lib/server/classes.jsa
7ffe34000-800000000 rw-p 00000000 00:00 0 
3800000000-3801c90000 rw-p 00010000 b3:02 1384225                        /app/extra/jbr/lib/server/classes.jsa
3801c90000-3802000000 ---p 00000000 00:00 0 
3802000000-3802040000 rw-p 00000000 00:00 0 
3802040000-3802070000 rw-p 00000000 00:00 0 
3802070000-3802080000 ---p 00000000 00:00 0 
3802080000-3802260000 rw-p 00000000 00:00 0 
3802260000-3842000000 ---p 00000000 00:00 0 
5555de040000-5555de044000 r-xp 00000000 b3:02 1384397                    /app/extra/jbr/bin/java
5555de05c000-5555de060000 r--p 0000c000 b3:02 1384397                    /app/extra/jbr/bin/java
5555de060000-5555de064000 rw-p 00010000 b3:02 1384397                    /app/extra/jbr/bin/java
5555e35e8000-5555e361c000 rw-p 00000000 00:00 0                          [heap]
7ffe2c000000-7ffe2c098000 rw-p 00000000 00:00 0 
7ffe2c098000-7ffe30000000 ---p 00000000 00:00 0 
7ffe30000000-7ffe32044000 rw-p 00000000 00:00 0 
7ffe32044000-7ffe34000000 ---p 00000000 00:00 0 
7ffe34000000-7ffe34024000 rw-p 00000000 00:00 0 
7ffe34024000-7ffe38000000 ---p 00000000 00:00 0 
7ffe38000000-7ffe38024000 rw-p 00000000 00:00 0 
7ffe38024000-7ffe3c000000 ---p 00000000 00:00 0 
7ffe3c000000-7ffe3c024000 rw-p 00000000 00:00 0 
7ffe3c024000-7ffe40000000 ---p 00000000 00:00 0 
7ffe42ee8000-7ffe42ef4000 ---p 00000000 00:00 0 
7ffe42ef4000-7ffe430e8000 rw-p 00000000 00:00 0 
7ffe430e8000-7ffe430f4000 ---p 00000000 00:00 0 
7ffe430f4000-7ffe432e8000 rw-p 00000000 00:00 0 
7ffe432e8000-7ffe432f4000 ---p 00000000 00:00 0 
7ffe432f4000-7ffe434e8000 rw-p 00000000 00:00 0 
7ffe436c0000-7ffe436d0000 ---p 00000000 00:00 0 
7ffe436d0000-7ffe43ed0000 rw-p 00000000 00:00 0 
7ffe45f10000-7ffe45f20000 ---p 00000000 00:00 0 
7ffe45f20000-7ffe46720000 rw-p 00000000 00:00 0 
7ffe46720000-7ffe4bde0000 r-xp 00000000 b3:02 1007600                    /usr/lib/aarch64-linux-gnu/GL/default/lib/libLLVM.so.21.1
7ffe4bde0000-7ffe4bde8000 ---p 056c0000 b3:02 1007600                    /usr/lib/aarch64-linux-gnu/GL/default/lib/libLLVM.so.21.1
7ffe4bde8000-7ffe4bf00000 r--p 056c8000 b3:02 1007600                    /usr/lib/aarch64-linux-gnu/GL/default/lib/libLLVM.so.21.1
7ffe4bf00000-7ffe4bf5c000 rw-p 057e0000 b3:02 1007600                    /usr/lib/aarch64-linux-gnu/GL/default/lib/libLLVM.so.21.1
7ffe4bf5c000-7ffe4bffc000 rw-p 00000000 00:00 0 
7ffe4c000000-7ffe4c024000 rw-p 00000000 00:00 0 
7ffe4c024000-7ffe50000000 ---p 00000000 00:00 0 
7ffe50220000-7ffe50230000 ---p 00000000 00:00 0 
7ffe50230000-7ffe50a30000 rw-p 00000000 00:00 0 
7ffe50a30000-7ffe50a40000 ---p 00000000 00:00 0 
7ffe50a40000-7ffe51240000 rw-p 00000000 00:00 0 
7ffe54000000-7ffe54024000 rw-p 00000000 00:00 0 
7ffe54024000-7ffe58000000 ---p 00000000 00:00 0 
7ffe58000000-7ffe58090000 rw-p 00000000 00:00 0 
7ffe58090000-7ffe5c000000 ---p 00000000 00:00 0 
7ffe5c000000-7ffe5c024000 rw-p 00000000 00:00 0 
7ffe5c024000-7ffe60000000 ---p 00000000 00:00 0 
7ffe60000000-7ffe60024000 rw-p 00000000 00:00 0 
7ffe60024000-7ffe64000000 ---p 00000000 00:00 0 
7ffe64000000-7ffe642a4000 rw-p 00000000 00:00 0 
7ffe642a4000-7ffe68000000 ---p 00000000 00:00 0 
7ffe68000000-7ffe68024000 rw-p 00000000 00:00 0 
7ffe68024000-7ffe6c000000 ---p 00000000 00:00 0 
7ffe6c000000-7ffe6c024000 rw-p 00000000 00:00 0 
7ffe6c024000-7ffe70000000 ---p 00000000 00:00 0 
7ffe70000000-7ffe70024000 rw-p 00000000 00:00 0 
7ffe70024000-7ffe74000000 ---p 00000000 00:00 0 
7ffe74000000-7ffe746b4000 rw-p 00000000 00:00 0 
7ffe746b4000-7ffe78000000 ---p 00000000 00:00 0 
7ffe78000000-7ffe78024000 rw-p 00000000 00:00 0 
7ffe78024000-7ffe7c000000 ---p 00000000 00:00 0 
7ffe7c000000-7ffe7c024000 rw-p 00000000 00:00 0 
7ffe7c024000-7ffe80000000 ---p 00000000 00:00 0 
7ffe80000000-7ffe809d4000 rw-p 00000000 00:00 0 
7ffe809d4000-7ffe84000000 ---p 00000000 00:00 0 
7ffe84000000-7ffe84024000 rw-p 00000000 00:00 0 
7ffe84024000-7ffe88000000 ---p 00000000 00:00 0 
7ffe88000000-7ffe88024000 rw-p 00000000 00:00 0 
7ffe88024000-7ffe8c000000 ---p 00000000 00:00 0 
7ffe8c000000-7ffe8c024000 rw-p 00000000 00:00 0 
7ffe8c024000-7ffe90000000 ---p 00000000 00:00 0 
7ffe90000000-7ffe90024000 rw-p 00000000 00:00 0 
7ffe90024000-7ffe94000000 ---p 00000000 00:00 0 
7ffe94000000-7ffe94024000 rw-p 00000000 00:00 0 
7ffe94024000-7ffe98000000 ---p 00000000 00:00 0 
7ffe98000000-7ffe98024000 rw-p 00000000 00:00 0 
7ffe98024000-7ffe9c000000 ---p 00000000 00:00 0 
7ffe9c000000-7ffe9c260000 rw-p 00000000 00:00 0 
7ffe9c260000-7ffe9c400000 ---p 00000000 00:00 0 
7ffe9c400000-7ffe9db90000 rw-p 00000000 00:00 0 
7ffe9db90000-7ffea0000000 ---p 00000000 00:00 0 
7ffea0000000-7ffea0024000 rw-p 00000000 00:00 0 
7ffea0024000-7ffea4000000 ---p 00000000 00:00 0 
7ffea4000000-7ffea4024000 rw-p 00000000 00:00 0 
7ffea4024000-7ffea8000000 ---p 00000000 00:00 0 
7ffea8000000-7ffea8024000 rw-p 00000000 00:00 0 
7ffea8024000-7ffeac000000 ---p 00000000 00:00 0 
7ffeac2b0000-7ffeac2c8000 r-xp 00000000 b3:02 1016669                    /usr/lib/aarch64-linux-gnu/libffi.so.8.2.0
7ffeac2c8000-7ffeac2dc000 ---p 00018000 b3:02 1016669                    /usr/lib/aarch64-linux-gnu/libffi.so.8.2.0
7ffeac2dc000-7ffeac2e0000 r--p 0001c000 b3:02 1016669                    /usr/lib/aarch64-linux-gnu/libffi.so.8.2.0
7ffeac2e0000-7ffeac2e4000 rw-p 00020000 b3:02 1016669                    /usr/lib/aarch64-linux-gnu/libffi.so.8.2.0
7ffeac400000-7ffeac4ac000 r-xp 00000000 b3:02 1017858                    /usr/lib/aarch64-linux-gnu/libzstd.so.1.5.7
7ffeac4ac000-7ffeac4bc000 ---p 000ac000 b3:02 1017858                    /usr/lib/aarch64-linux-gnu/libzstd.so.1.5.7
7ffeac4bc000-7ffeac4c0000 r--p 000ac000 b3:02 1017858                    /usr/lib/aarch64-linux-gnu/libzstd.so.1.5.7
7ffeac4c0000-7ffeac4c4000 rw-p 000b0000 b3:02 1017858                    /usr/lib/aarch64-linux-gnu/libzstd.so.1.5.7
7ffeaca30000-7ffeaca44000 r-xp 00000000 b3:02 1015948                    /usr/lib/aarch64-linux-gnu/libXext.so.6.4.0
7ffeaca44000-7ffeaca5c000 ---p 00014000 b3:02 1015948                    /usr/lib/aarch64-linux-gnu/libXext.so.6.4.0
7ffeaca5c000-7ffeaca60000 r--p 0001c000 b3:02 1015948                    /usr/lib/aarch64-linux-gnu/libXext.so.6.4.0
7ffeaca60000-7ffeaca64000 rw-p 00020000 b3:02 1015948                    /usr/lib/aarch64-linux-gnu/libXext.so.6.4.0
7ffeacaa0000-7ffeacacc000 r-xp 00000000 b3:02 1014492                    /usr/lib/aarch64-linux-gnu/libxcb.so.1.1.0
7ffeacacc000-7ffeacadc000 ---p 0002c000 b3:02 1014492                    /usr/lib/aarch64-linux-gnu/libxcb.so.1.1.0
7ffeacadc000-7ffeacae0000 r--p 0002c000 b3:02 1014492                    /usr/lib/aarch64-linux-gnu/libxcb.so.1.1.0
7ffeacae0000-7ffeacae4000 rw-p 00030000 b3:02 1014492                    /usr/lib/aarch64-linux-gnu/libxcb.so.1.1.0
7ffeacaf0000-7ffeacc38000 r-xp 00000000 b3:02 1024375                    /usr/lib/aarch64-linux-gnu/libX11.so.6.4.0
7ffeacc38000-7ffeacc4c000 ---p 00148000 b3:02 1024375                    /usr/lib/aarch64-linux-gnu/libX11.so.6.4.0
7ffeacc4c000-7ffeacc50000 r--p 0014c000 b3:02 1024375                    /usr/lib/aarch64-linux-gnu/libX11.so.6.4.0
7ffeacc50000-7ffeacc54000 rw-p 00150000 b3:02 1024375                    /usr/lib/aarch64-linux-gnu/libX11.so.6.4.0
7ffeacc60000-7ffeacef8000 r-xp 00000000 b3:02 1024413                    /usr/lib/aarch64-linux-gnu/libstdc++.so.6.0.34
7ffeacef8000-7ffeacf00000 ---p 00298000 b3:02 1024413                    /usr/lib/aarch64-linux-gnu/libstdc++.so.6.0.34
7ffeacf00000-7ffeacf10000 r--p 002a0000 b3:02 1024413                    /usr/lib/aarch64-linux-gnu/libstdc++.so.6.0.34
7ffeacf10000-7ffeacf14000 rw-p 002b0000 b3:02 1024413                    /usr/lib/aarch64-linux-gnu/libstdc++.so.6.0.34
7ffeacf14000-7ffeacf18000 rw-p 00000000 00:00 0 
7ffeacf20000-7ffead250000 r-xp 00000000 b3:02 1148623                    /home/xenobyte/.javacpp/cache/jaylib-5.5.0-2.jar/com/raylib/linux-arm64/libjniRaylib.so
7ffead250000-7ffead25c000 ---p 00330000 b3:02 1148623                    /home/xenobyte/.javacpp/cache/jaylib-5.5.0-2.jar/com/raylib/linux-arm64/libjniRaylib.so
7ffead25c000-7ffead260000 r--p 0032c000 b3:02 1148623                    /home/xenobyte/.javacpp/cache/jaylib-5.5.0-2.jar/com/raylib/linux-arm64/libjniRaylib.so
7ffead260000-7ffead26c000 rw-p 00330000 b3:02 1148623                    /home/xenobyte/.javacpp/cache/jaylib-5.5.0-2.jar/com/raylib/linux-arm64/libjniRaylib.so
7ffead26c000-7ffead2a4000 rw-p 00000000 00:00 0 
7ffead2b0000-7ffead2bc000 ---p 00000000 00:00 0 
7ffead2bc000-7ffead4b0000 rw-p 00000000 00:00 0 
7ffead4b0000-7ffead4bc000 ---p 00000000 00:00 0 
7ffead4bc000-7ffead6b0000 rw-p 00000000 00:00 0 
7ffead6b0000-7ffead6bc000 ---p 00000000 00:00 0 
7ffead6bc000-7ffead8b0000 rw-p 00000000 00:00 0 
7ffead8b0000-7ffead8c0000 ---p 00000000 00:00 0 
7ffead8c0000-7ffeadac0000 rw-p 00000000 00:00 0 
7ffeadac0000-7ffeadad0000 ---p 00000000 00:00 0 
7ffeadad0000-7ffeadcd0000 rw-p 00000000 00:00 0 
7ffeadcd0000-7ffeadce0000 ---p 00000000 00:00 0 
7ffeadce0000-7ffeadee0000 rw-p 00000000 00:00 0 
7ffeadee0000-7ffeadfe0000 r-xp 00000000 00:31 285                        /tmp/sqlite-3.45.1.0-cc8270f0-2332-449c-a424-cd4745e4abfb-libsqlitejdbc.so
7ffeadfe0000-7ffeadfec000 ---p 00100000 00:31 285                        /tmp/sqlite-3.45.1.0-cc8270f0-2332-449c-a424-cd4745e4abfb-libsqlitejdbc.so
7ffeadfec000-7ffeadff0000 r--p 000fc000 00:31 285                        /tmp/sqlite-3.45.1.0-cc8270f0-2332-449c-a424-cd4745e4abfb-libsqlitejdbc.so
7ffeadff0000-7ffeadff8000 rw-p 00100000 00:31 285                        /tmp/sqlite-3.45.1.0-cc8270f0-2332-449c-a424-cd4745e4abfb-libsqlitejdbc.so
7ffeae000000-7ffeb0024000 rw-p 00000000 00:00 0 
7ffeb0024000-7ffeb4000000 ---p 00000000 00:00 0 
7ffeb4000000-7ffeb4024000 rw-p 00000000 00:00 0 
7ffeb4024000-7ffeb8000000 ---p 00000000 00:00 0 
7ffeb8000000-7ffeb8024000 rw-p 00000000 00:00 0 
7ffeb8024000-7ffebc000000 ---p 00000000 00:00 0 
7ffebc010000-7ffebc014000 r-xp 00000000 b3:02 1012285                    /usr/lib/aarch64-linux-gnu/libXau.so.6.0.0
7ffebc014000-7ffebc02c000 ---p 00004000 b3:02 1012285                    /usr/lib/aarch64-linux-gnu/libXau.so.6.0.0
7ffebc02c000-7ffebc030000 r--p 0000c000 b3:02 1012285                    /usr/lib/aarch64-linux-gnu/libXau.so.6.0.0
7ffebc030000-7ffebc034000 rw-p 00010000 b3:02 1012285                    /usr/lib/aarch64-linux-gnu/libXau.so.6.0.0
7ffebc040000-7ffebc060000 r-xp 00000000 b3:02 1023597                    /usr/lib/aarch64-linux-gnu/libgcc_s.so.1
7ffebc060000-7ffebc06c000 ---p 00020000 b3:02 1023597                    /usr/lib/aarch64-linux-gnu/libgcc_s.so.1
7ffebc06c000-7ffebc070000 r--p 0001c000 b3:02 1023597                    /usr/lib/aarch64-linux-gnu/libgcc_s.so.1
7ffebc070000-7ffebc074000 rw-p 00020000 b3:02 1023597                    /usr/lib/aarch64-linux-gnu/libgcc_s.so.1
7ffebc080000-7ffebc08c000 r-xp 00000000 b3:02 1020260                    /usr/lib/aarch64-linux-gnu/libcap.so.2.77
7ffebc08c000-7ffebc09c000 ---p 0000c000 b3:02 1020260                    /usr/lib/aarch64-linux-gnu/libcap.so.2.77
7ffebc09c000-7ffebc0a0000 r--p 0000c000 b3:02 1020260                    /usr/lib/aarch64-linux-gnu/libcap.so.2.77
7ffebc0a0000-7ffebc0a4000 rw-p 00010000 b3:02 1020260                    /usr/lib/aarch64-linux-gnu/libcap.so.2.77
7ffebc0b0000-7ffebc0e0000 r-xp 00000000 b3:02 1011394                    /usr/lib/aarch64-linux-gnu/libnss_resolve.so.2
7ffebc0e0000-7ffebc0ec000 ---p 00030000 b3:02 1011394                    /usr/lib/aarch64-linux-gnu/libnss_resolve.so.2
7ffebc0ec000-7ffebc0f0000 r--p 0002c000 b3:02 1011394                    /usr/lib/aarch64-linux-gnu/libnss_resolve.so.2
7ffebc0f0000-7ffebc0f4000 rw-p 00030000 b3:02 1011394                    /usr/lib/aarch64-linux-gnu/libnss_resolve.so.2
7ffebc0fc000-7ffebc108000 ---p 00000000 00:00 0 
7ffebc108000-7ffebc2fc000 rw-p 00000000 00:00 0 
7ffebc2fc000-7ffebc308000 ---p 00000000 00:00 0 
7ffebc308000-7ffebc330000 rw-p 00000000 00:00 0 
7ffebc330000-7ffebc33c000 r-xp 00000000 b3:02 1384254                    /app/extra/jbr/lib/libverify.so
7ffebc33c000-7ffebc34c000 ---p 0000c000 b3:02 1384254                    /app/extra/jbr/lib/libverify.so
7ffebc34c000-7ffebc350000 r--p 0000c000 b3:02 1384254                    /app/extra/jbr/lib/libverify.so
7ffebc350000-7ffebc354000 rw-p 00000000 00:00 0 
7ffebc360000-7ffebc364000 r-xp 00000000 b3:02 1384237                    /app/extra/jbr/lib/libextnet.so
7ffebc364000-7ffebc37c000 ---p 00004000 b3:02 1384237                    /app/extra/jbr/lib/libextnet.so
7ffebc37c000-7ffebc380000 r--p 0000c000 b3:02 1384237                    /app/extra/jbr/lib/libextnet.so
7ffebc380000-7ffebc384000 rw-p 00000000 00:00 0 
7ffebc390000-7ffebc39c000 ---p 00000000 00:00 0 
7ffebc39c000-7ffebc590000 rw-p 00000000 00:00 0 
7ffebc590000-7ffebc59c000 ---p 00000000 00:00 0 
7ffebc59c000-7ffebc790000 rw-p 00000000 00:00 0 
7ffebc790000-7ffebc79c000 r-xp 00000000 b3:02 1384383                    /app/extra/jbr/lib/libnet.so
7ffebc79c000-7ffebc7ac000 ---p 0000c000 b3:02 1384383                    /app/extra/jbr/lib/libnet.so
7ffebc7ac000-7ffebc7b0000 r--p 0000c000 b3:02 1384383                    /app/extra/jbr/lib/libnet.so
7ffebc7b0000-7ffebc7b4000 rw-p 00000000 00:00 0 
7ffebc7c0000-7ffebc7d4000 r-xp 00000000 b3:02 1384220                    /app/extra/jbr/lib/libnio.so
7ffebc7d4000-7ffebc7ec000 ---p 00014000 b3:02 1384220                    /app/extra/jbr/lib/libnio.so
7ffebc7ec000-7ffebc7f0000 r--p 0001c000 b3:02 1384220                    /app/extra/jbr/lib/libnio.so
7ffebc7f0000-7ffebc7f4000 rw-p 00020000 b3:02 1384220                    /app/extra/jbr/lib/libnio.so
7ffebc804000-7ffebc810000 ---p 00000000 00:00 0 
7ffebc810000-7ffebca04000 rw-p 00000000 00:00 0 
7ffebca04000-7ffebca10000 ---p 00000000 00:00 0 
7ffebca10000-7ffebcc04000 rw-p 00000000 00:00 0 
7ffebcc04000-7ffebcc10000 ---p 00000000 00:00 0 
7ffebcc10000-7ffebce04000 rw-p 00000000 00:00 0 
7ffebce04000-7ffebce10000 ---p 00000000 00:00 0 
7ffebce10000-7ffebd07c000 rw-p 00000000 00:00 0 
7ffebd07c000-7ffebd34c000 ---p 00000000 00:00 0 
7ffebd34c000-7ffebd35c000 rw-p 00000000 00:00 0 
7ffebd35c000-7ffebd3fc000 ---p 00000000 00:00 0 
7ffebd3fc000-7ffebd404000 rw-p 00000000 00:00 0 
7ffebd404000-7ffec0f54000 ---p 00000000 00:00 0 
7ffec0f54000-7ffec0f64000 rw-p 00000000 00:00 0 
7ffec0f64000-7ffec1464000 rwxp 00000000 00:00 0 
7ffec1464000-7ffec8498000 ---p 00000000 00:00 0 
7ffec8498000-7ffec8708000 rwxp 00000000 00:00 0 
7ffec8708000-7ffec8a2c000 ---p 00000000 00:00 0 
7ffec8a2c000-7ffec8c9c000 rwxp 00000000 00:00 0 
7ffec8c9c000-7ffecff64000 ---p 00000000 00:00 0 
7ffecff64000-7ffed4000000 r--s 00000000 b3:02 1384325                    /app/extra/jbr/lib/modules
7ffed4000000-7ffed8000000 rw-p 00000000 00:00 0 
7ffed8020000-7ffed8028000 r-xp 00000000 b3:02 1384387                    /app/extra/jbr/lib/libzip.so
7ffed8028000-7ffed803c000 ---p 00008000 b3:02 1384387                    /app/extra/jbr/lib/libzip.so
7ffed803c000-7ffed8040000 r--p 0000c000 b3:02 1384387                    /app/extra/jbr/lib/libzip.so
7ffed8040000-7ffed8044000 rw-p 00000000 00:00 0 
7ffed8050000-7ffed805c000 ---p 00000000 00:00 0 
7ffed805c000-7ffed8250000 rw-p 00000000 00:00 0 
7ffed8250000-7ffed825c000 ---p 00000000 00:00 0 
7ffed825c000-7ffed8450000 rw-p 00000000 00:00 0 
7ffed8450000-7ffed845c000 ---p 00000000 00:00 0 
7ffed845c000-7ffed8650000 rw-p 00000000 00:00 0 
7ffed8650000-7ffed865c000 ---p 00000000 00:00 0 
7ffed865c000-7ffed8850000 rw-p 00000000 00:00 0 
7ffed8850000-7ffed88ac000 r--p 00000000 b3:02 1014467                    /usr/lib/locale/C.utf8/LC_CTYPE
7ffed88ac000-7ffed88bc000 ---p 00000000 00:00 0 
7ffed88bc000-7ffed8abc000 rw-p 00000000 00:00 0 
7ffed8abc000-7ffed8acc000 ---p 00000000 00:00 0 
7ffed8acc000-7ffed8f0c000 rw-p 00000000 00:00 0 
7ffed8f0c000-7ffed8f1c000 ---p 00000000 00:00 0 
7ffed8f1c000-7ffed911c000 rw-p 00000000 00:00 0 
7ffed911c000-7ffed912c000 ---p 00000000 00:00 0 
7ffed912c000-7ffed973c000 rw-p 00000000 00:00 0 
7ffed973c000-7ffed974c000 ---p 00000000 00:00 0 
7ffed974c000-7ffed994c000 rw-p 00000000 00:00 0 
7ffed994c000-7ffed995c000 ---p 00000000 00:00 0 
7ffed995c000-7ffed9b5c000 rw-p 00000000 00:00 0 
7ffed9b5c000-7ffed9b6c000 ---p 00000000 00:00 0 
7ffed9b6c000-7ffed9dc0000 rw-p 00000000 00:00 0 
7ffed9dc0000-7ffed9e18000 ---p 00000000 00:00 0 
7ffed9e18000-7ffed9e1c000 rw-p 00000000 00:00 0 
7ffed9e1c000-7ffed9e2c000 ---p 00000000 00:00 0 
7ffed9e2c000-7ffed9e30000 rw-p 00000000 00:00 0 
7ffed9e30000-7ffeda598000 ---p 00000000 00:00 0 
7ffeda598000-7ffeda5ac000 rw-p 00000000 00:00 0 
7ffeda5ac000-7ffeda604000 ---p 00000000 00:00 0 
7ffeda604000-7ffeda608000 rw-p 00000000 00:00 0 
7ffeda608000-7ffeda618000 ---p 00000000 00:00 0 
7ffeda618000-7ffeda61c000 rw-p 00000000 00:00 0 
7ffeda61c000-7ffedad84000 ---p 00000000 00:00 0 
7ffedad84000-7ffedb1a0000 rw-p 00000000 00:00 0 
7ffedb1a0000-7ffedb284000 ---p 00000000 00:00 0 
7ffedb284000-7ffedb290000 rw-p 00000000 00:00 0 
7ffedb290000-7ffedb370000 ---p 00000000 00:00 0 
7ffedb370000-7ffedb394000 r-xp 00000000 b3:02 1384252                    /app/extra/jbr/lib/libjava.so
7ffedb394000-7ffedb3ac000 ---p 00024000 b3:02 1384252                    /app/extra/jbr/lib/libjava.so
7ffedb3ac000-7ffedb3b0000 r--p 0002c000 b3:02 1384252                    /app/extra/jbr/lib/libjava.so
7ffedb3b0000-7ffedb3b4000 rw-p 00030000 b3:02 1384252                    /app/extra/jbr/lib/libjava.so
7ffedb3c0000-7ffedb3cc000 r-xp 00000000 b3:02 1384390                    /app/extra/jbr/lib/libinstrument.so
7ffedb3cc000-7ffedb3dc000 ---p 0000c000 b3:02 1384390                    /app/extra/jbr/lib/libinstrument.so
7ffedb3dc000-7ffedb3e0000 r--p 0000c000 b3:02 1384390                    /app/extra/jbr/lib/libinstrument.so
7ffedb3e0000-7ffedb3e4000 rw-p 00010000 b3:02 1384390                    /app/extra/jbr/lib/libinstrument.so
7ffedb3f0000-7ffedb40c000 r-xp 00000000 b3:02 1384258                    /app/extra/jbr/lib/libjimage.so
7ffedb40c000-7ffedb41c000 ---p 0001c000 b3:02 1384258                    /app/extra/jbr/lib/libjimage.so
7ffedb41c000-7ffedb420000 r--p 0001c000 b3:02 1384258                    /app/extra/jbr/lib/libjimage.so
7ffedb420000-7ffedb424000 rw-p 00020000 b3:02 1384258                    /app/extra/jbr/lib/libjimage.so
7ffedb430000-7ffedb43c000 ---p 00000000 00:00 0 
7ffedb43c000-7ffedb630000 rw-p 00000000 00:00 0 
7ffedb630000-7ffedb6d0000 r-xp 00000000 b3:02 1014251                    /usr/lib/aarch64-linux-gnu/libm.so.6
7ffedb6d0000-7ffedb6dc000 ---p 000a0000 b3:02 1014251                    /usr/lib/aarch64-linux-gnu/libm.so.6
7ffedb6dc000-7ffedb6e0000 r--p 0009c000 b3:02 1014251                    /usr/lib/aarch64-linux-gnu/libm.so.6
7ffedb6e0000-7ffedb6e4000 rw-p 000a0000 b3:02 1014251                    /usr/lib/aarch64-linux-gnu/libm.so.6
7ffedb6f0000-7ffedb6f4000 r-xp 00000000 b3:02 1024174                    /usr/lib/aarch64-linux-gnu/librt.so.1
7ffedb6f4000-7ffedb70c000 ---p 00004000 b3:02 1024174                    /usr/lib/aarch64-linux-gnu/librt.so.1
7ffedb70c000-7ffedb710000 r--p 0000c000 b3:02 1024174                    /usr/lib/aarch64-linux-gnu/librt.so.1
7ffedb710000-7ffedb714000 rw-p 00010000 b3:02 1024174                    /usr/lib/aarch64-linux-gnu/librt.so.1
7ffedb71c000-7ffedb720000 rw-p 00000000 00:00 0 
7ffedb720000-7ffedc974000 r-xp 00000000 b3:02 1384226                    /app/extra/jbr/lib/server/libjvm.so
7ffedc974000-7ffedc990000 ---p 01254000 b3:02 1384226                    /app/extra/jbr/lib/server/libjvm.so
7ffedc990000-7ffedca70000 r--p 01260000 b3:02 1384226                    /app/extra/jbr/lib/server/libjvm.so
7ffedca70000-7ffedcaa4000 rw-p 01340000 b3:02 1384226                    /app/extra/jbr/lib/server/libjvm.so
7ffedcaa4000-7ffedcb38000 rw-p 00000000 00:00 0 
7ffedcb38000-7ffedcb3c000 rw-p 00000000 00:00 0 
7ffedcb3c000-7ffedcb40000 r--p 00000000 b3:02 1023989                    /usr/lib/locale/C.utf8/LC_NUMERIC
7ffedcb40000-7ffedccec000 r-xp 00000000 b3:02 1024392                    /usr/lib/aarch64-linux-gnu/libc.so.6
7ffedccec000-7ffedccfc000 ---p 001ac000 b3:02 1024392                    /usr/lib/aarch64-linux-gnu/libc.so.6
7ffedccfc000-7ffedcd00000 r--p 001ac000 b3:02 1024392                    /usr/lib/aarch64-linux-gnu/libc.so.6
7ffedcd00000-7ffedcd04000 rw-p 001b0000 b3:02 1024392                    /usr/lib/aarch64-linux-gnu/libc.so.6
7ffedcd04000-7ffedcd10000 rw-p 00000000 00:00 0 
7ffedcd10000-7ffedcd14000 r--p 00000000 b3:02 1015907                    /usr/lib/locale/C.utf8/LC_TIME
7ffedcd14000-7ffedcd18000 r--p 00000000 b3:02 1009269                    /usr/lib/locale/C.utf8/LC_COLLATE
7ffedcd18000-7ffedcd1c000 r--p 00000000 b3:02 1016180                    /usr/lib/locale/C.utf8/LC_MONETARY
7ffedcd1c000-7ffedcd20000 r--p 00000000 b3:02 1015533                    /usr/lib/locale/C.utf8/LC_MESSAGES/SYS_LC_MESSAGES
7ffedcd20000-7ffedcd24000 r-xp 00000000 b3:02 1014935                    /usr/lib/aarch64-linux-gnu/libdl.so.2
7ffedcd24000-7ffedcd3c000 ---p 00004000 b3:02 1014935                    /usr/lib/aarch64-linux-gnu/libdl.so.2
7ffedcd3c000-7ffedcd40000 r--p 0000c000 b3:02 1014935                    /usr/lib/aarch64-linux-gnu/libdl.so.2
7ffedcd40000-7ffedcd44000 rw-p 00010000 b3:02 1014935                    /usr/lib/aarch64-linux-gnu/libdl.so.2
7ffedcd44000-7ffedcd48000 r--p 00000000 b3:02 1016584                    /usr/lib/locale/C.utf8/LC_PAPER
7ffedcd48000-7ffedcd4c000 r--p 00000000 b3:02 1011487                    /usr/lib/locale/C.utf8/LC_NAME
7ffedcd4c000-7ffedcd50000 r--p 00000000 b3:02 1018154                    /usr/lib/locale/C.utf8/LC_ADDRESS
7ffedcd50000-7ffedcd54000 r-xp 00000000 b3:02 1018393                    /usr/lib/aarch64-linux-gnu/libpthread.so.0
7ffedcd54000-7ffedcd6c000 ---p 00004000 b3:02 1018393                    /usr/lib/aarch64-linux-gnu/libpthread.so.0
7ffedcd6c000-7ffedcd70000 r--p 0000c000 b3:02 1018393                    /usr/lib/aarch64-linux-gnu/libpthread.so.0
7ffedcd70000-7ffedcd74000 rw-p 00010000 b3:02 1018393                    /usr/lib/aarch64-linux-gnu/libpthread.so.0
7ffedcd74000-7ffedcd78000 r--p 00000000 b3:02 1015776                    /usr/lib/locale/C.utf8/LC_TELEPHONE
7ffedcd78000-7ffedcd80000 r--s 00000000 b3:02 1016340                    /usr/lib/aarch64-linux-gnu/gconv/gconv-modules.cache
7ffedcd80000-7ffedcd90000 r-xp 00000000 b3:02 1384217                    /app/extra/jbr/lib/libjli.so
7ffedcd90000-7ffedcd9c000 ---p 00010000 b3:02 1384217                    /app/extra/jbr/lib/libjli.so
7ffedcd9c000-7ffedcda0000 r--p 0000c000 b3:02 1384217                    /app/extra/jbr/lib/libjli.so
7ffedcda0000-7ffedcda4000 rw-p 00010000 b3:02 1384217                    /app/extra/jbr/lib/libjli.so
7ffedcda4000-7ffedcdac000 rw-p 00000000 00:00 0 
7ffedcdac000-7ffedcdb0000 ---p 00000000 00:00 0 
7ffedcdb0000-7ffedcdc8000 r-xp 00000000 b3:02 1009545                    /usr/lib/aarch64-linux-gnu/libz.so.1.3.1
7ffedcdc8000-7ffedcddc000 ---p 00018000 b3:02 1009545                    /usr/lib/aarch64-linux-gnu/libz.so.1.3.1
7ffedcddc000-7ffedcde0000 r--p 0001c000 b3:02 1009545                    /usr/lib/aarch64-linux-gnu/libz.so.1.3.1
7ffedcde0000-7ffedcde4000 rw-p 00020000 b3:02 1009545                    /usr/lib/aarch64-linux-gnu/libz.so.1.3.1
7ffedcde4000-7ffedcde8000 r--p 00000000 b3:02 1015606                    /usr/lib/locale/C.utf8/LC_MEASUREMENT
7ffedcde8000-7ffedcdf0000 rw-p 00000000 00:00 0 
7ffedcdf0000-7ffedcdf4000 r--p 00000000 b3:02 1015975                    /usr/lib/locale/C.utf8/LC_IDENTIFICATION
7ffedcdf4000-7ffedcdfc000 rw-s 00000000 00:31 283                        /tmp/hsperfdata_xenobyte/501
7ffedcdfc000-7ffedce00000 ---p 00000000 00:00 0 
7ffedce00000-7ffedce04000 r--p 00000000 00:00 0 
7ffedce04000-7ffedce30000 r-xp 00000000 b3:02 1017896                    /usr/lib/aarch64-linux-gnu/ld-linux-aarch64.so.1
7ffedce30000-7ffedce34000 ---p 00000000 00:00 0 
7ffedce34000-7ffedce3c000 r--p 00000000 00:00 0                          [vvar]
7ffedce3c000-7ffedce40000 r-xp 00000000 00:00 0                          [vdso]
7ffedce40000-7ffedce44000 r--p 0002c000 b3:02 1017896                    /usr/lib/aarch64-linux-gnu/ld-linux-aarch64.so.1
7ffedce44000-7ffedce48000 rw-p 00030000 b3:02 1017896                    /usr/lib/aarch64-linux-gnu/ld-linux-aarch64.so.1
7fffe0c48000-7fffe0c6c000 rw-p 00000000 00:00 0                          [stack]
Total number of mappings: 327

JVMTI agents:
/app/extra/lib/idea_rt.jar path:none, loaded, initialized, instrumentlib options:41561


VM Arguments:
jvm_args: -javaagent:/app/extra/lib/idea_rt.jar=41561 -Dfile.encoding=UTF-8 -Dsun.stdout.encoding=UTF-8 -Dsun.stderr.encoding=UTF-8 -Dawt.toolkit.name=XToolkit 
java_command: de.htwsaar.Berta.servicelayer.Application
java_class_path (initial): /home/xenobyte/projects/GameLibrary/target/classes:/home/xenobyte/.m2/repository/org/jooq/jooq/3.19.5/jooq-3.19.5.jar:/home/xenobyte/.m2/repository/io/r2dbc/r2dbc-spi/1.0.0.RELEASE/r2dbc-spi-1.0.0.RELEASE.jar:/home/xenobyte/.m2/repository/org/reactivestreams/reactive-streams/1.0.3/reactive-streams-1.0.3.jar:/home/xenobyte/.m2/repository/org/xerial/sqlite-jdbc/3.45.1.0/sqlite-jdbc-3.45.1.0.jar:/home/xenobyte/.m2/repository/org/slf4j/slf4j-api/1.7.36/slf4j-api-1.7.36.jar:/home/xenobyte/.m2/repository/uk/co/electronstudio/jaylib/jaylib/5.5.0-2/jaylib-5.5.0-2.jar:/home/xenobyte/.m2/repository/com/fasterxml/jackson/core/jackson-databind/2.17.0/jackson-databind-2.17.0.jar:/home/xenobyte/.m2/repository/com/fasterxml/jackson/core/jackson-annotations/2.17.0/jackson-annotations-2.17.0.jar:/home/xenobyte/.m2/repository/com/fasterxml/jackson/core/jackson-core/2.17.0/jackson-core-2.17.0.jar:/home/xenobyte/.m2/repository/net/bytebuddy/byte-buddy/1.14.9/byte-buddy-1.14.9.jar
Launcher Type: SUN_STANDARD

[Global flags]
     intx CICompilerCount                          = 3                                         {product} {ergonomic}
     uint ConcGCThreads                            = 1                                         {product} {ergonomic}
     uint G1ConcRefinementThreads                  = 4                                         {product} {ergonomic}
   size_t G1HeapRegionSize                         = 2097152                                   {product} {ergonomic}
    uintx GCDrainStackTargetSize                   = 64                                        {product} {ergonomic}
   size_t InitialHeapSize                          = 268435456                                 {product} {ergonomic}
   size_t MarkStackSize                            = 4194304                                   {product} {ergonomic}
   size_t MaxHeapSize                              = 4253024256                                {product} {ergonomic}
   size_t MaxNewSize                               = 2550136832                                {product} {ergonomic}
   size_t MinHeapDeltaBytes                        = 2097152                                   {product} {ergonomic}
   size_t MinHeapSize                              = 8388608                                   {product} {ergonomic}
    uintx NonNMethodCodeHeapSize                   = 5832908                                {pd product} {ergonomic}
    uintx NonProfiledCodeHeapSize                  = 122912666                              {pd product} {ergonomic}
    uintx ProfiledCodeHeapSize                     = 122912666                              {pd product} {ergonomic}
    uintx ReservedCodeCacheSize                    = 251658240                              {pd product} {ergonomic}
     bool SegmentedCodeCache                       = true                                      {product} {ergonomic}
   size_t SoftMaxHeapSize                          = 4253024256                             {manageable} {ergonomic}
     bool UseCompressedOops                        = true                           {product lp64_product} {ergonomic}
     bool UseG1GC                                  = true                                      {product} {ergonomic}

Logging:
Log output configuration:
 #0: stdout all=warning uptime,level,tags foldmultilines=false
 #1: stderr all=off uptime,level,tags foldmultilines=false

Release file:
JAVA_VERSION="21.0.9"
MODULES="java.base java.datatransfer java.xml java.prefs java.desktop gluegen.rt java.compiler java.instrument java.logging java.management java.security.sasl java.naming java.rmi java.management.rmi java.net.http java.scripting java.security.jgss java.transaction.xa java.sql java.sql.rowset java.xml.crypto java.se java.smartcardio jogl.all jcef jdk.accessibility jdk.internal.jvmstat jdk.attach jdk.charsets jdk.internal.opt jdk.zipfs jdk.compiler jdk.crypto.ec jdk.crypto.cryptoki jdk.dynalink jdk.hotspot.agent jdk.httpserver jdk.internal.ed jdk.internal.le jdk.internal.vm.ci jdk.javadoc jdk.jcmd jdk.jdwp.agent jdk.jdi jdk.jfr jdk.jsobject jdk.localedata jdk.management jdk.management.agent jdk.management.jfr jdk.naming.dns jdk.naming.rmi jdk.net jdk.sctp jdk.security.auth jdk.security.jgss jdk.unsupported jdk.unsupported.desktop jdk.xml.dom"
IMPLEMENTOR="JetBrains s.r.o."
IMPLEMENTOR_VERSION="JBR-21.0.9+10-1163.94-jcef"
JAVA_RUNTIME_VERSION="21.0.9+10-b1163.94"
LIBC="gnu"
OS_ARCH="aarch64"
OS_NAME="Linux"
SOURCE=".:git:5d82c7fa6abe+ jcef_git:git:4a605f44671a"
JCEF_VERSION="137.0.17.1087+g722a58e"
JCEF_COMMIT_HASH="722a58ea148c6577a6b7e379036edec01083f004"

Environment Variables:
JAVA_HOME=/app/extra/jbr
PATH=/app/bin:/usr/bin:/home/xenobyte/.var/app/com.jetbrains.IntelliJ-IDEA-Community/data/node/bin:/home/xenobyte/.var/app/com.jetbrains.IntelliJ-IDEA-Community/data/cargo/bin:/home/xenobyte/.var/app/com.jetbrains.IntelliJ-IDEA-Community/data/python/bin
XDG_CACHE_HOME=/home/xenobyte/.var/app/com.jetbrains.IntelliJ-IDEA-Community/cache
XDG_CONFIG_HOME=/home/xenobyte/.var/app/com.jetbrains.IntelliJ-IDEA-Community/config
LD_LIBRARY_PATH=
SHELL=/bin/sh
DISPLAY=:0
LANG=C.UTF-8
LC_ALL=C.UTF-8
TERM=xterm-256color

Active Locale:
LC_ALL=C.UTF-8
LC_COLLATE=C.UTF-8
LC_CTYPE=C.UTF-8
LC_MESSAGES=C.UTF-8
LC_MONETARY=C.UTF-8
LC_NUMERIC=C.UTF-8
LC_TIME=C.UTF-8

Signal Handlers:
   SIGSEGV: crash_handler in libjvm.so, mask=11100100010111111101111111111110, flags=SA_RESTART|SA_SIGINFO, unblocked
    SIGBUS: crash_handler in libjvm.so, mask=11100100010111111101111111111110, flags=SA_RESTART|SA_SIGINFO, unblocked
    SIGFPE: crash_handler in libjvm.so, mask=11100100010111111101111111111110, flags=SA_RESTART|SA_SIGINFO, unblocked
   SIGPIPE: javaSignalHandler in libjvm.so, mask=11100100010111111101111111111110, flags=SA_RESTART|SA_SIGINFO, blocked
   SIGXFSZ: javaSignalHandler in libjvm.so, mask=11100100010111111101111111111110, flags=SA_RESTART|SA_SIGINFO, blocked
    SIGILL: crash_handler in libjvm.so, mask=11100100010111111101111111111110, flags=SA_RESTART|SA_SIGINFO, unblocked
   SIGUSR2: SR_handler in libjvm.so, mask=00000000000000000000000000000000, flags=SA_RESTART|SA_SIGINFO, blocked
    SIGHUP: UserHandler in libjvm.so, mask=11100100010111111101111111111110, flags=SA_RESTART|SA_SIGINFO, blocked
    SIGINT: UserHandler in libjvm.so, mask=11100100010111111101111111111110, flags=SA_RESTART|SA_SIGINFO, blocked
   SIGTERM: UserHandler in libjvm.so, mask=11100100010111111101111111111110, flags=SA_RESTART|SA_SIGINFO, blocked
   SIGQUIT: UserHandler in libjvm.so, mask=11100100010111111101111111111110, flags=SA_RESTART|SA_SIGINFO, blocked
   SIGTRAP: crash_handler in libjvm.so, mask=11100100010111111101111111111110, flags=SA_RESTART|SA_SIGINFO, unblocked


Periodic native trim disabled

JNI global refs:
JNI global refs: 14, weak refs: 332

JNI global refs memory usage: 859, weak refs: 4017

Process memory usage:
Resident Set Size: 254688K (1% of 16604080K total physical memory with 14159072K free physical memory)

OOME stack traces (most recent first):
Classloader memory used:
Loader jdk.internal.loader.ClassLoaders$AppClassLoader                                 : 23538K
Loader bootstrap                                                                       : 2818K
Loader jdk.internal.loader.ClassLoaders$PlatformClassLoader                            : 2276K

---------------  S Y S T E M  ---------------

OS:
NAME="Freedesktop SDK"
VERSION="25.08 (Flatpak runtime)"
VERSION_ID=25.08
ID=org.freedesktop.platform
PRETTY_NAME="Freedesktop SDK 25.08 (Flatpak runtime)"
BUG_REPORT_URL=https://gitlab.com/freedesktop-sdk/freedesktop-sdk/issues
uname: Linux 6.12.62+rpt-rpi-2712 #1 SMP PREEMPT Debian 1:6.12.62-1+rpt1 (2025-12-18) aarch64
OS uptime: 0 days 0:11 hours
libc: glibc 2.42 NPTL 2.42 
rlimit (soft/hard): STACK 8192k/infinity , CORE 0k/infinity , NPROC 64521/64521 , NOFILE 524288/524288 , AS infinity/infinity , CPU infinity/infinity , DATA infinity/infinity , FSIZE infinity/infinity , MEMLOCK 8192k/8192k
load average: 2.99 2.36 1.16

/proc/meminfo:
MemTotal:       16604080 kB
MemFree:        12278944 kB
MemAvailable:   14159072 kB
Buffers:           73824 kB
Cached:          2010656 kB
SwapCached:            0 kB
Active:          3523552 kB
Inactive:         487968 kB
Active(anon):    2068384 kB
Inactive(anon):        0 kB
Active(file):    1455168 kB
Inactive(file):   487968 kB
Unevictable:       68160 kB
Mlocked:              32 kB
SwapTotal:       2097136 kB
SwapFree:        2097136 kB
Zswap:                 0 kB
Zswapped:              0 kB
Dirty:              1120 kB
Writeback:             0 kB
AnonPages:       1995792 kB
Mapped:           997184 kB
Shmem:            141968 kB
KReclaimable:      46496 kB
Slab:              97856 kB
SReclaimable:      46496 kB
SUnreclaim:        51360 kB
KernelStack:        9392 kB
PageTables:        20640 kB
SecPageTables:       160 kB
NFS_Unstable:          0 kB
Bounce:                0 kB
WritebackTmp:          0 kB
CommitLimit:    10399168 kB
Committed_AS:    6355248 kB
VmallocTotal:   68447887360 kB
VmallocUsed:       73856 kB
VmallocChunk:          0 kB
Percpu:             1344 kB
CmaTotal:          65536 kB
CmaFree:           55296 kB

/sys/kernel/mm/transparent_hugepage/enabled: <Not Available>
/sys/kernel/mm/transparent_hugepage/hpage_pmd_size: <Not Available>
/sys/kernel/mm/transparent_hugepage/defrag (defrag/compaction efforts parameter): <Not Available>

Process Memory:
Virtual Size: 7989440K (peak: 8090384K)
Resident Set Size: 254672K (peak: 276624K) (anon: 184608K, file: 69136K, shmem: 928K)
Swapped out: 0K
C-Heap outstanding allocations: 40151K, retained: 90232K
glibc malloc tunables: (default)

/proc/sys/kernel/threads-max (system-wide limit on the number of threads): 129043
/proc/sys/vm/max_map_count (maximum number of memory map areas a process may have): 1048576
/proc/sys/vm/swappiness (control to define how aggressively the kernel swaps out anonymous memory): 60
/proc/sys/kernel/pid_max (system-wide limit on number of process identifiers): 4194304

container information not found.
Steal ticks since vm start: 0
Steal ticks percentage since vm start:  0.000

CPU: total 4 (initial active 4) 0x41:0x4:0xd0b:1, fp, asimd, evtstrm, aes, pmull, sha1, sha256, crc32, lse, dcpop
/proc/cpuinfo:
processor	: 0
BogoMIPS	: 108.00
Features	: fp asimd evtstrm aes pmull sha1 sha2 crc32 atomics fphp asimdhp cpuid asimdrdm lrcpc dcpop asimddp
CPU implementer	: 0x41
CPU architecture: 8
CPU variant	: 0x4
CPU part	: 0xd0b
CPU revision	: 1

processor	: 1
BogoMIPS	: 108.00
Features	: fp asimd evtstrm aes pmull sha1 sha2 crc32 atomics fphp asimdhp cpuid asimdrdm lrcpc dcpop asimddp
CPU implementer	: 0x41
CPU architecture: 8
CPU variant	: 0x4
CPU part	: 0xd0b
CPU revision	: 1

processor	: 2
BogoMIPS	: 108.00
Features	: fp asimd evtstrm aes pmull sha1 sha2 crc32 atomics fphp asimdhp cpuid asimdrdm lrcpc dcpop asimddp
CPU implementer	: 0x41
CPU architecture: 8
CPU variant	: 0x4
CPU part	: 0xd0b
CPU revision	: 1

processor	: 3
BogoMIPS	: 108.00
Features	: fp asimd evtstrm aes pmull sha1 sha2 crc32 atomics fphp asimdhp cpuid asimdrdm lrcpc dcpop asimddp
CPU implementer	: 0x41
CPU architecture: 8
CPU variant	: 0x4
CPU part	: 0xd0b
CPU revision	: 1

Revision	: e04171
Serial		: 9192f57b0739c71a
Model		: Raspberry Pi 5 Model B Rev 1.1

Online cpus: 0-3
Offline cpus: 

Memory: 16k page, physical 16604080k(14159072k free), swap 2097136k(2097136k free)
Page Sizes: 16k

vm_info: OpenJDK 64-Bit Server VM (21.0.9+10-b1163.94) for linux-aarch64 JRE (21.0.9+10-b1163.94), built on 2026-01-12 by "builduser" with gcc 10.3.1 20210422 (Red Hat 10.3.1-1.2.0.1)

END.
