#
# A fatal error has been detected by the Java Runtime Environment:
#
#  SIGSEGV (0xb) at pc=0x00007fff35186100, pid=674, tid=681
#
# JRE version: OpenJDK Runtime Environment JBR-21.0.9+10-1163.94-jcef (21.0.9+10) (build 21.0.9+10-b1163.94)
# Java VM: OpenJDK 64-Bit Server VM JBR-21.0.9+10-1163.94-jcef (21.0.9+10-b1163.94, mixed mode, sharing, tiered, compressed oops, compressed class ptrs, g1 gc, linux-aarch64)
# Problematic frame:
# C  [libjniRaylib.so+0x1e5e18]  ClearBackground+0x18
#
# No core dump will be written. Core dumps have been disabled. To enable core dumping, try "ulimit -c unlimited" before starting Java again
#
# If you would like to submit a bug report, please visit:
#   https://youtrack.jetbrains.com/issues/JBR
# The crash happened outside the Java Virtual Machine in native code.
# See problematic frame for where to report the bug.
#

---------------  S U M M A R Y ------------

Command Line: -javaagent:/app/extra/lib/idea_rt.jar=37709 -Dfile.encoding=UTF-8 -Dsun.stdout.encoding=UTF-8 -Dsun.stderr.encoding=UTF-8 -Dawt.toolkit.name=XToolkit de.htwsaar.Berta.Main

Host: AArch64, 4 cores, 15G, Freedesktop SDK 25.08 (Flatpak runtime)
Time: Sun Feb  1 16:06:57 2026 GMT elapsed time: 13.319694 seconds (0d 0h 0m 13s)

---------------  T H R E A D  ---------------

Current thread (0x00007fff5c02d280):  JavaThread "main"             [_thread_in_native, id=681, stack(0x00007fff63c20000,0x00007fff63e1e000) (2040K)]

Stack: [0x00007fff63c20000,0x00007fff63e1e000],  sp=0x00007fff63e1c120,  free space=2032k
Native frames: (J=compiled Java code, j=interpreted, Vv=VM code, C=native code)
C  [libjniRaylib.so+0x1e5e18]  ClearBackground+0x18
C  [libjniRaylib.so+0xb3ef0]  Java_com_raylib_Raylib_ClearBackground+0xd4
J 1931  com.raylib.Raylib.ClearBackground(Lcom/raylib/Raylib$Color;)V (0 bytes) @ 0x00007fff50ade8f0 [0x00007fff50ade840+0x00000000000000b0]
j  de.htwsaar.Berta.presentation.WindowManager.run()V+42
j  de.htwsaar.Berta.servicelayer.Application.run()V+41
j  de.htwsaar.Berta.Main.main([Ljava/lang/String;)V+24
v  ~StubRoutines::call_stub 0x00007fff50498154
V  [libjvm.so+0x82cec8]  JavaCalls::call_helper(JavaValue*, methodHandle const&, JavaCallArguments*, JavaThread*)+0x218
V  [libjvm.so+0x8c3170]  jni_invoke_static(JNIEnv_*, JavaValue*, _jobject*, JNICallType, _jmethodID*, JNI_ArgumentPusher*, JavaThread*) [clone .constprop.1]+0x220
V  [libjvm.so+0x8c4d5c]  jni_CallStaticVoidMethod+0xdc
C  [libjli.so+0x4e58]  JavaMain+0xe88
C  [libjli.so+0x764c]  ThreadJavaMain+0xc
C  [libc.so.6+0x8fdcc]
Java frames: (J=compiled Java code, j=interpreted, Vv=VM code)
J 1931  com.raylib.Raylib.ClearBackground(Lcom/raylib/Raylib$Color;)V (0 bytes) @ 0x00007fff50ade8f0 [0x00007fff50ade840+0x00000000000000b0]
j  de.htwsaar.Berta.presentation.WindowManager.run()V+42
j  de.htwsaar.Berta.servicelayer.Application.run()V+41
j  de.htwsaar.Berta.Main.main([Ljava/lang/String;)V+24
v  ~StubRoutines::call_stub 0x00007fff50498154

siginfo: si_signo: 11 (SIGSEGV), si_code: 1 (SEGV_MAPERR), si_addr: 0x00007fff35186100

Registers:
R0=0x00007fff35186100
R1=0x0000000000000050
R2=0x0000000000000050
R3=0x00000000000000ff
R4=0x00000000437f0000
R5=0x0000000000000018
R6=0x00007fff652ee000
R7=0x0000000000000000
R8=0x0000000000000022
R9=0x00007fff5c02d6c4
R10=0x000000000000000a
R11=0x000000000000000a
R12=0x00007fff25955820
R13=0x00007fff5d46b5d0
R14=0x0000000000000000
R15=0x000000000000000a
R16=0x00007fff35186100
R17=0x00007fff653a7e60
R18=0x000000a000b0f810
R19=0x00007fff63e1c1f0
R20=0x00007fff63e1c218
R21=0x00007fff65301a00
R22=0x00007fff2594607a
R23=0x00000007127a57d8
R24=0x00007fff63e1c288
R25=0x0000000712744140
R26=0x00007fff2593fe30
R27=0x0000000000000000
R28=0x00007fff5c02d280
R29=0x00007fff63e1c120
R30=0x00007fff35a55e1c


Register to memory mapping:

R0 =0x00007fff35186100 is an unknown value
R1 =0x0000000000000050 is an unknown value
R2 =0x0000000000000050 is an unknown value
R3 =0x00000000000000ff is an unknown value
R4 =0x00000000437f0000 is an unknown value
R5 =0x0000000000000018 is an unknown value
R6 =0x00007fff652ee000: <offset 0x00000000013de000> in /app/extra/jbr/lib/server/libjvm.so at 0x00007fff63f10000
R7 =0x0 is null
R8 =0x0000000000000022 is an unknown value
R9 =0x00007fff5c02d6c4 points into unknown readable memory: 04 00 00 00
R10=0x000000000000000a is an unknown value
R11=0x000000000000000a is an unknown value
R12={method} {0x00007fff25955820} 'ClearBackground' '(Lcom/raylib/Raylib$Color;)V' in 'com/raylib/Raylib'
R13=0x00007fff5d46b5d0 points into unknown readable memory: 0x00007fff35870000 | 00 00 87 35 ff 7f 00 00
R14=0x0 is null
R15=0x000000000000000a is an unknown value
R16=0x00007fff35186100 is an unknown value
R17=0x00007fff653a7e60: fflush+0x0000000000000000 in /usr/lib/aarch64-linux-gnu/libc.so.6 at 0x00007fff65330000
R18={method} {0x000000a000b0f810} 'findNative' '(Ljava/lang/ClassLoader;Ljava/lang/String;)J' in 'java/lang/ClassLoader'
R19=0x00007fff63e1c1f0 is pointing into the stack for thread: 0x00007fff5c02d280
R20=0x00007fff63e1c218 is pointing into the stack for thread: 0x00007fff5c02d280
R21=0x00007fff65301a00: <offset 0x00000000013f1a00> in /app/extra/jbr/lib/server/libjvm.so at 0x00007fff63f10000
R22=0x00007fff2594607a is pointing into metadata
R23=0x00000007127a57d8 is an oop: java.lang.StringBuilder 
{0x00000007127a57d8} - klass: 'java/lang/StringBuilder'
 - ---- fields (total size 3 words):
 - 'count' 'I' @12  23 (0x00000017)
 - 'coder' 'B' @16  0 (0x00)
 - 'maybeLatin1' 'Z' @17  false (0x00)
 - 'value' '[B' @20  [B{0x00000007127a5a10} (0xe24f4b42)
R24=0x00007fff63e1c288 is pointing into the stack for thread: 0x00007fff5c02d280
R25=0x0000000712744140 is an oop: [B 
{0x0000000712744140} - klass: {type array byte}
 - length: 5
R26=0x00007fff2593fe30 is pointing into metadata
R27=0x0 is null
R28=0x00007fff5c02d280 is a thread
R29=0x00007fff63e1c120 is pointing into the stack for thread: 0x00007fff5c02d280
R30=0x00007fff35a55e1c: ClearBackground+0x000000000000001c in /home/xenobyte/.javacpp/cache/jaylib-5.5.0-2.jar/com/raylib/linux-arm64/libjniRaylib.so at 0x00007fff35870000

Top of Stack: (sp=0x00007fff63e1c120)
0x00007fff63e1c120:   00007fff63e1c130 00007fff35923ef0
0x00007fff63e1c130:   00007fff63e1c1e0 00007fff50ade8f0
0x00007fff63e1c140:   00007fff63e1c1f0 3f80000000000000
0x00007fff63e1c150:   00007fff63e1c1e0 00007fff63e1c190
0x00007fff63e1c160:   00007fff63e1c1d0 00007fff5c02d638
0x00007fff63e1c170:   00007fff63e1c1d0 0000000000000000
0x00007fff63e1c180:   00007fff5f37baa0 0000000000000000
0x00007fff63e1c190:   0000000703257488 00007fff25944bc8
0x00007fff63e1c1a0:   0000000000000000 00007fff63e1c1f0
0x00007fff63e1c1b0:   00007fff63e1c270 00007fff5049d17c
0x00007fff63e1c1c0:   0000000000000003 00007fff259453b0
0x00007fff63e1c1d0:   0000000703262c00 00007fff63e1c170
0x00007fff63e1c1e0:   00007fff63e1c270 00007fff5049d17c
0x00007fff63e1c1f0:   0000000712748700 0000000712745740
0x00007fff63e1c200:   0000000712740930 0000000703222710
0x00007fff63e1c210:   0000000000000000 0000000703257488
0x00007fff63e1c220:   00007fff63e1c220 00007fff2594607a
0x00007fff63e1c230:   0000000000000003 00007fff2593fe30
0x00007fff63e1c240:   0000000703222728 00007fff63e1c1f0
0x00007fff63e1c250:   0000000000000000 00007fff259460b8
0x00007fff63e1c260:   00007fff63e1c218 00007fff63e1c250
0x00007fff63e1c270:   00007fff63e1c2e0 00007fff5049d17c
0x00007fff63e1c280:   00000007042c5e68 00000007032227a8
0x00007fff63e1c290:   00007fff63e1c290 00007fff24407a09
0x00007fff63e1c2a0:   0000000000000005 00007fff2440a260
0x00007fff63e1c2b0:   0000000702877f20 00007fff63e1c250
0x00007fff63e1c2c0:   0000000000000000 00007fff24407a70
0x00007fff63e1c2d0:   00007fff63e1c288 00007fff63e1c2e0
0x00007fff63e1c2e0:   00007fff63e1c360 00007fff5049d17c
0x00007fff63e1c2f0:   00000007032227a8 00000007032226e8
0x00007fff63e1c300:   00000007032227b8 0000000702c04148
0x00007fff63e1c310:   00007fff63e1c310 00007fff244073b0 

Instructions: (pc=0x00007fff35a55e18)
0x00007fff35a55d18:   ff 7f 0d a9 ff 7f 0e a9 ff 7f 0f a9 e3 ff ff 97
0x00007fff35a55d28:   00 00 22 1e 29 19 20 1e e4 ff ff 97 01 00 22 1e
0x00007fff35a55d38:   e8 a7 49 a9 e2 63 02 91 46 1c 41 a9 e1 83 00 91
0x00007fff35a55d48:   08 19 21 1e e0 03 01 aa 44 14 43 a9 e8 27 02 a9
0x00007fff35a55d58:   e6 1f 03 a9 46 1c 44 a9 e4 17 05 a9 44 14 45 a9
0x00007fff35a55d68:   e6 1f 06 a9 43 30 40 f9 e4 17 07 a9 e3 43 00 f9
0x00007fff35a55d78:   e9 23 18 2d 42 0c 42 a9 e2 0f 04 a9 c0 f9 ff 97
0x00007fff35a55d88:   e8 27 41 6d fd 7b d0 a8 c0 03 5f d6 c0 0a 00 b0
0x00007fff35a55d98:   00 94 46 f9 00 44 40 b9 c0 03 5f d6 c0 0a 00 b0
0x00007fff35a55da8:   00 94 46 f9 00 48 40 b9 c0 03 5f d6 c0 0a 00 b0
0x00007fff35a55db8:   21 00 80 52 00 94 46 f9 01 40 00 39 c0 03 5f d6
0x00007fff35a55dc8:   1f 20 03 d5 1f 20 03 d5 c0 0a 00 b0 00 94 46 f9
0x00007fff35a55dd8:   1f 40 00 39 c0 03 5f d6 c0 0a 00 b0 00 94 46 f9
0x00007fff35a55de8:   00 c0 5d 39 c0 03 5f d6 c0 0a 00 b0 00 94 46 f9
0x00007fff35a55df8:   00 c4 5d 39 c0 03 5f d6 e1 03 00 2a fd 7b bf a9
0x00007fff35a55e08:   03 7c 18 53 fd 03 00 91 22 5c 50 d3 21 3c 48 d3
0x00007fff35a55e18:   62 c2 ff 97 fd 7b c1 a8 74 c2 ff 17 fd 7b ba a9
0x00007fff35a55e28:   fd 03 00 91 f3 0b 00 f9 d3 0a 00 b0 93 f9 ff 97
0x00007fff35a55e38:   73 96 46 f9 01 04 08 4e 62 56 45 fd 61 aa 82 3d
0x00007fff35a55e48:   00 38 62 1e 60 5a 05 fd 91 bd ff 97 63 42 46 fc
0x00007fff35a55e58:   e0 83 00 91 64 42 47 fc 61 c2 46 fc 66 c2 47 fc
0x00007fff35a55e68:   70 38 84 0e 63 78 84 0e 62 42 48 fc 60 c2 48 fc
0x00007fff35a55e78:   27 38 86 0e 65 42 49 fc 21 78 86 0e 64 c2 49 fc
0x00007fff35a55e88:   46 38 85 0e 42 78 85 0e 05 38 84 0e 00 78 84 0e
0x00007fff35a55e98:   f0 1b 02 6d e3 0b 03 6d e7 17 04 6d e1 03 05 6d
0x00007fff35a55ea8:   ca be ff 97 f3 0b 40 f9 fd 7b c6 a8 c0 03 5f d6
0x00007fff35a55eb8:   1f 20 03 d5 1f 20 03 d5 fd 7b bb a9 fd 03 00 91
0x00007fff35a55ec8:   ef d2 ff 97 72 bd ff 97 3c c1 ff 97 60 00 00 34
0x00007fff35a55ed8:   fd 7b c5 a8 c0 03 5f d6 c1 0a 00 b0 e0 43 00 91
0x00007fff35a55ee8:   21 94 46 f9 23 40 46 fc 24 40 47 fc 21 c0 46 fc
0x00007fff35a55ef8:   26 c0 47 fc 70 38 84 0e 63 78 84 0e 22 40 48 fc
0x00007fff35a55f08:   20 c0 48 fc 27 38 86 0e 25 40 49 fc 21 78 86 0e 


Stack slot to memory mapping:

stack at sp + 0 slots: 0x00007fff63e1c130 is pointing into the stack for thread: 0x00007fff5c02d280
stack at sp + 1 slots: 0x00007fff35923ef0: Java_com_raylib_Raylib_ClearBackground+0x00000000000000d4 in /home/xenobyte/.javacpp/cache/jaylib-5.5.0-2.jar/com/raylib/linux-arm64/libjniRaylib.so at 0x00007fff35870000
stack at sp + 2 slots: 0x00007fff63e1c1e0 is pointing into the stack for thread: 0x00007fff5c02d280
stack at sp + 3 slots: 0x00007fff50ade8f0 is at entry_point+176 in (nmethod*)0x00007fff50ade690
Compiled method (n/a) 13329 1931     n 0       com.raylib.Raylib::ClearBackground (native)
 total in heap  [0x00007fff50ade690,0x00007fff50adea08] = 888
 relocation     [0x00007fff50ade7e0,0x00007fff50ade810] = 48
 main code      [0x00007fff50ade840,0x00007fff50ade9ec] = 428
 stub code      [0x00007fff50ade9ec,0x00007fff50ade9f0] = 4
 oops           [0x00007fff50ade9f0,0x00007fff50adea00] = 16
 metadata       [0x00007fff50adea00,0x00007fff50adea08] = 8
stack at sp + 4 slots: 0x00007fff63e1c1f0 is pointing into the stack for thread: 0x00007fff5c02d280
stack at sp + 5 slots: 0x3f80000000000000 is an unknown value
stack at sp + 6 slots: 0x00007fff63e1c1e0 is pointing into the stack for thread: 0x00007fff5c02d280
stack at sp + 7 slots: 0x00007fff63e1c190 is pointing into the stack for thread: 0x00007fff5c02d280


Compiled method (n/a) 13330 1931     n 0       com.raylib.Raylib::ClearBackground (native)
 total in heap  [0x00007fff50ade690,0x00007fff50adea08] = 888
 relocation     [0x00007fff50ade7e0,0x00007fff50ade810] = 48
 main code      [0x00007fff50ade840,0x00007fff50ade9ec] = 428
 stub code      [0x00007fff50ade9ec,0x00007fff50ade9f0] = 4
 oops           [0x00007fff50ade9f0,0x00007fff50adea00] = 16
 metadata       [0x00007fff50adea00,0x00007fff50adea08] = 8

[Constant Pool (empty)]

[MachCode]
[Entry Point]
  # {method} {0x00007fff25955820} 'ClearBackground' '(Lcom/raylib/Raylib$Color;)V' in 'com/raylib/Raylib'
  # parm0:    c_rarg1:c_rarg1 
                        = 'com/raylib/Raylib$Color'
  #           [sp+0x60]  (sp of caller)
  0x00007fff50ade840: 2808 40b9 | 3f01 086b | 4000 0054 

  0x00007fff50ade84c: ;   {runtime_call ic_miss_stub}
  0x00007fff50ade84c: 8dd5 e717 
[Verified Entry Point]
  0x00007fff50ade850: 1f20 03d5 | e953 40d1 | 3f01 00f9 | fd7b bfa9 | fd03 0091 | ff43 01d1 | 2801 0018 | 8923 40b9 
  0x00007fff50ade870: 1f01 09eb | e000 0054 | 0830 9bd2 | a809 aaf2 | e8ff cff2 | 0001 3fd6 | 0200 0014 | 0300 0000 
  0x00007fff50ade890: e103 00f9 | 3f00 1feb | e203 00d1 | e203 829a 

  0x00007fff50ade8a0: ;   {oop(a 'java/lang/Class'{0x0000000703262c00} = 'com/raylib/Raylib')}
  0x00007fff50ade8a0: 0180 85d2 | c164 a0f2 | e100 c0f2 | e123 00f9 | e103 0191 | e801 0010 | 88d3 01f9 | e803 0091 
  0x00007fff50ade8c0: 88cf 01f9 

  0x00007fff50ade8c4: ;   {external_word}
  0x00007fff50ade8c4: 483e 0ab0 | 0815 5439 | 0806 0035 | 80e3 0e91 | e803 7eb2 | 8913 1191 | 28fd 9f88 

  0x00007fff50ade8e0: ;   {runtime_call Java_com_raylib_Raylib_ClearBackground}
  0x00007fff50ade8e0: 88c3 87d2 | 48b2 a6f2 | e8ff cff2 | 0001 3fd6 | a800 80d2 | 8847 04b9 | bf3b 03d5 | 8823 1191 
  0x00007fff50ade900: 08fd dfc8 | bf03 08eb | 6803 0054 | 8843 44b9 | 2803 0035 | e803 7db2 | 8913 1191 | 28fd 9f88 
  0x00007fff50ade920: 8803 5339 | 1f09 0071 | c001 0054 

  0x00007fff50ade92c: ;   {external_word}
  0x00007fff50ade92c: 483e 0ab0 | 0815 5439 | 6804 0035 | 9fcf 01f9 | 9fd3 01f9 | 8217 42f9 | 5f80 00f9 | bf03 0091 
  0x00007fff50ade94c: fd7b c1a8 | 8807 40f9 | 4800 00b5 | c003 5fd6 

  0x00007fff50ade95c: ;   {runtime_call StubRoutines (initial stubs)}
  0x00007fff50ade95c: c9e5 e617 

  0x00007fff50ade960: ;   {runtime_call SharedRuntime::reguard_yellow_pages()}
  0x00007fff50ade960: 08aa 94d2 | e896 acf2 | e8ff cff2 | 0001 3fd6 | efff ff17 | e003 1caa 

  0x00007fff50ade978: ;   {runtime_call JavaThread::check_special_condition_for_native_trans(JavaThread*)}
  0x00007fff50ade978: 88f4 87d2 | a88e acf2 | e8ff cff2 | 0001 3fd6 | e3ff ff17 | e10b bfa9 

  0x00007fff50ade990: ;   {metadata({method} {0x00007fff25955820} 'ClearBackground' '(Lcom/raylib/Raylib$Color;)V' in 'com/raylib/Raylib')}
  0x00007fff50ade990: 0104 8bd2 | a1b2 a4f2 | e1ff cff2 | e003 1caa | e833 bfa9 | 08e8 92d2 | e896 acf2 | e8ff cff2 
  0x00007fff50ade9b0: 0001 3fd6 | e833 c1a8 | e10b c1a8 | c5ff ff17 

  0x00007fff50ade9c0: ;   {metadata({method} {0x00007fff25955820} 'ClearBackground' '(Lcom/raylib/Raylib$Color;)V' in 'com/raylib/Raylib')}
  0x00007fff50ade9c0: 0104 8bd2 | a1b2 a4f2 | e1ff cff2 | e003 1caa | e833 bfa9 | 08ec 92d2 | e896 acf2 | e8ff cff2 
  0x00007fff50ade9e0: 0001 3fd6 | e833 c1a8 | d4ff ff17 
[Stub Code]
  0x00007fff50ade9ec: 0000 0000 
[/MachCode]


---------------  P R O C E S S  ---------------

Threads class SMR info:
_java_thread_list=0x00007ffeb817f890, length=18, elements={
0x00007fff5c02d280, 0x00007fff5c123a90, 0x00007fff5c126bd0, 0x00007fff5c1281d0,
0x00007fff5c129970, 0x00007fff5c12afd0, 0x00007fff5c12c580, 0x00007fff5c12e060,
0x00007fff5c12f730, 0x00007fff5c237840, 0x00007fff5c238600, 0x00007fff5c2c9790,
0x00007fff5ceacac0, 0x00007fff5cec0f90, 0x00007fff5d4bc0b0, 0x00007fff5fd8fdd0,
0x00007ffec800b9c0, 0x00007ffec800e260
}

Java Threads: ( => current thread )
=>0x00007fff5c02d280 JavaThread "main"                              [_thread_in_native, id=681, stack(0x00007fff63c20000,0x00007fff63e1e000) (2040K)]
  0x00007fff5c123a90 JavaThread "Common-Cleaner"             daemon [_thread_blocked, id=699, stack(0x00007fff60e40000,0x00007fff61040000) (2048K)]
  0x00007fff5c126bd0 JavaThread "Reference Handler"          daemon [_thread_blocked, id=700, stack(0x00007fff60c40000,0x00007fff60e40000) (2048K)]
  0x00007fff5c1281d0 JavaThread "Finalizer"                  daemon [_thread_blocked, id=701, stack(0x00007fff60a40000,0x00007fff60c40000) (2048K)]
  0x00007fff5c129970 JavaThread "Signal Dispatcher"          daemon [_thread_blocked, id=702, stack(0x00007fff60840000,0x00007fff60a40000) (2048K)]
  0x00007fff5c12afd0 JavaThread "Service Thread"             daemon [_thread_blocked, id=703, stack(0x00007fff60640000,0x00007fff60840000) (2048K)]
  0x00007fff5c12c580 JavaThread "Monitor Deflation Thread"   daemon [_thread_blocked, id=704, stack(0x00007fff60440000,0x00007fff60640000) (2048K)]
  0x00007fff5c12e060 JavaThread "C2 CompilerThread0"         daemon [_thread_blocked, id=705, stack(0x00007fff60240000,0x00007fff60440000) (2048K)]
  0x00007fff5c12f730 JavaThread "C1 CompilerThread0"         daemon [_thread_blocked, id=706, stack(0x00007fff60040000,0x00007fff60240000) (2048K)]
  0x00007fff5c237840 JavaThread "Monitor Ctrl-Break"         daemon [_thread_in_native, id=708, stack(0x00007fff44d90000,0x00007fff44f90000) (2048K)]
  0x00007fff5c238600 JavaThread "Notification Thread"        daemon [_thread_blocked, id=709, stack(0x00007fff44b90000,0x00007fff44d90000) (2048K)]
  0x00007fff5c2c9790 JavaThread "process reaper"             daemon [_thread_blocked, id=713, stack(0x00007fff448fc000,0x00007fff44930000) (208K)]
  0x00007fff5ceacac0 JavaThread "HttpClient-1-SelectorManager" daemon [_thread_in_native, id=723, stack(0x00007fff35e00000,0x00007fff36000000) (2048K)]
  0x00007fff5cec0f90 JavaThread "HttpClient-2-SelectorManager" daemon [_thread_in_native, id=724, stack(0x00007fff35c00000,0x00007fff35e00000) (2048K)]
  0x00007fff5d4bc0b0 JavaThread "JavaCPP Deallocator"        daemon [_thread_blocked, id=726, stack(0x00007fff44990000,0x00007fff44b90000) (2048K)]
  0x00007fff5fd8fdd0 JavaThread "HttpClient-3-SelectorManager" daemon [_thread_in_native, id=736, stack(0x00007ffecfc10000,0x00007ffecfe10000) (2048K)]
  0x00007ffec800b9c0 JavaThread "HttpClient-3-Worker-0"      daemon [_thread_blocked, id=737, stack(0x00007ffecfa10000,0x00007ffecfc10000) (2048K)]
  0x00007ffec800e260 JavaThread "HttpClient-3-Worker-1"      daemon [_thread_blocked, id=738, stack(0x00007ffecf810000,0x00007ffecfa10000) (2048K)]
Total: 18

Other Threads:
  0x00007fff5c119600 VMThread "VM Thread"                           [id=690, stack(0x00007fff610ac000,0x00007fff612ac000) (2048K)]
  0x00007fff5c107340 WatcherThread "VM Periodic Task Thread"        [id=689, stack(0x00007fff612bc000,0x00007fff614bc000) (2048K)]
  0x00007fff5c07c0a0 WorkerThread "GC Thread#0"                     [id=682, stack(0x00007fff6235c000,0x00007fff6255c000) (2048K)]
  0x00007fff1c006880 WorkerThread "GC Thread#1"                     [id=714, stack(0x00007fff445e0000,0x00007fff447e0000) (2048K)]
  0x00007fff1c0073a0 WorkerThread "GC Thread#2"                     [id=715, stack(0x00007fff443d0000,0x00007fff445d0000) (2048K)]
  0x00007fff1c007ec0 WorkerThread "GC Thread#3"                     [id=716, stack(0x00007fff441c0000,0x00007fff443c0000) (2048K)]
  0x00007fff5c08d2b0 ConcurrentGCThread "G1 Main Marker"            [id=683, stack(0x00007fff6214c000,0x00007fff6234c000) (2048K)]
  0x00007fff5c08e260 WorkerThread "G1 Conc#0"                       [id=684, stack(0x00007fff61f3c000,0x00007fff6213c000) (2048K)]
  0x00007fff5c0f47d0 ConcurrentGCThread "G1 Refine#0"               [id=685, stack(0x00007fff6191c000,0x00007fff61b1c000) (2048K)]
  0x00007fff5c0f57a0 ConcurrentGCThread "G1 Service"                [id=686, stack(0x00007fff6170c000,0x00007fff6190c000) (2048K)]
Total: 10

Threads with active compile tasks:
Total: 0

VM state: not at safepoint (normal execution)

VM Mutex/Monitor currently owned by a thread: None

Heap address: 0x0000000702800000, size: 4056 MB, Compressed Oops mode: Zero based, Oop shift amount: 3

CDS archive(s) mapped at: [0x000000a000000000-0x000000a001c90000-0x000000a001c90000), size 29949952, SharedBaseAddress: 0x000000a000000000, ArchiveRelocationMode: 1.
Compressed class space mapped at: 0x000000a002000000-0x000000a042000000, reserved size: 1073741824
Narrow klass base: 0x000000a000000000, Narrow klass shift: 0, Narrow klass range: 0x100000000

GC Precious Log:
 CardTable entry size: 512
 Card Set container configuration: InlinePtr #cards 4 size 8 Array Of Cards #cards 16 size 48 Howl #buckets 8 coarsen threshold 3686 Howl Bitmap #cards 512 size 80 coarsen threshold 460 Card regions per heap region 1 cards per card region 4096
 CPUs: 4 total, 4 available
 Memory: 16214M
 Large Page Support: Disabled
 NUMA Support: Disabled
 Compressed Oops: Enabled (Zero based)
 Heap Region Size: 2M
 Heap Min Capacity: 8M
 Heap Initial Capacity: 256M
 Heap Max Capacity: 4056M
 Pre-touch: Disabled
 Parallel Workers: 4
 Concurrent Workers: 1
 Concurrent Refinement Workers: 4
 Periodic GC: Disabled

Heap:
 garbage-first heap   total 40960K, used 9329K [0x0000000702800000, 0x0000000800000000)
  region size 2048K, 2 young (4096K), 1 survivors (2048K)
 Metaspace       used 28626K, committed 28864K, reserved 1114112K
  class space    used 2203K, committed 2304K, reserved 1048576K

Heap Regions: E=young(eden), S=young(survivor), O=old, HS=humongous(starts), HC=humongous(continues), CS=collection set, F=free, TAMS=top-at-mark-start, PB=parsable bottom
|   0|0x0000000702800000, 0x0000000702a00000, 0x0000000702a00000|100%| O|  |TAMS 0x0000000702800000| PB 0x0000000702800000| Untracked 
|   1|0x0000000702a00000, 0x0000000702a89df8, 0x0000000702c00000| 26%| O|  |TAMS 0x0000000702a00000| PB 0x0000000702a00000| Untracked 
|   2|0x0000000702c00000, 0x0000000702e00000, 0x0000000702e00000|100%| O|  |TAMS 0x0000000702c00000| PB 0x0000000702c00000| Untracked 
|   3|0x0000000702e00000, 0x0000000702e87828, 0x0000000703000000| 26%| O|  |TAMS 0x0000000702e00000| PB 0x0000000702e00000| Untracked 
|   4|0x0000000703000000, 0x0000000703000000, 0x0000000703200000|  0%| F|  |TAMS 0x0000000703000000| PB 0x0000000703000000| Untracked 
|   5|0x0000000703200000, 0x00000007033d98a0, 0x0000000703400000| 92%| S|CS|TAMS 0x0000000703200000| PB 0x0000000703200000| Complete 
|   6|0x0000000703400000, 0x0000000703400000, 0x0000000703600000|  0%| F|  |TAMS 0x0000000703400000| PB 0x0000000703400000| Untracked 
|   7|0x0000000703600000, 0x0000000703600000, 0x0000000703800000|  0%| F|  |TAMS 0x0000000703600000| PB 0x0000000703600000| Untracked 
|   8|0x0000000703800000, 0x0000000703800000, 0x0000000703a00000|  0%| F|  |TAMS 0x0000000703800000| PB 0x0000000703800000| Untracked 
|   9|0x0000000703a00000, 0x0000000703a00000, 0x0000000703c00000|  0%| F|  |TAMS 0x0000000703a00000| PB 0x0000000703a00000| Untracked 
|  10|0x0000000703c00000, 0x0000000703c00000, 0x0000000703e00000|  0%| F|  |TAMS 0x0000000703c00000| PB 0x0000000703c00000| Untracked 
|  11|0x0000000703e00000, 0x0000000703e00000, 0x0000000704000000|  0%| F|  |TAMS 0x0000000703e00000| PB 0x0000000703e00000| Untracked 
|  12|0x0000000704000000, 0x0000000704000000, 0x0000000704200000|  0%| F|  |TAMS 0x0000000704000000| PB 0x0000000704000000| Untracked 
|  13|0x0000000704200000, 0x0000000704200000, 0x0000000704400000|  0%| F|  |TAMS 0x0000000704200000| PB 0x0000000704200000| Untracked 
|  14|0x0000000704400000, 0x0000000704400000, 0x0000000704600000|  0%| F|  |TAMS 0x0000000704400000| PB 0x0000000704400000| Untracked 
| 112|0x0000000710800000, 0x0000000710800000, 0x0000000710a00000|  0%| F|  |TAMS 0x0000000710800000| PB 0x0000000710800000| Untracked 
| 113|0x0000000710a00000, 0x0000000710a00000, 0x0000000710c00000|  0%| F|  |TAMS 0x0000000710a00000| PB 0x0000000710a00000| Untracked 
| 127|0x0000000712600000, 0x00000007127d85b0, 0x0000000712800000| 92%| E|  |TAMS 0x0000000712600000| PB 0x0000000712600000| Complete 
|2026|0x00000007ffc00000, 0x00000007ffe00000, 0x00000007ffe00000|100%| O|  |TAMS 0x00000007ffc00000| PB 0x00000007ffc00000| Untracked 
|2027|0x00000007ffe00000, 0x00000007ffe31850, 0x0000000800000000|  9%| O|Cm|TAMS 0x00000007ffe00000| PB 0x00000007ffe00000| Complete 

Card table byte_map: [0x00007fff625a0000,0x00007fff62d8c000] _byte_map_base: 0x00007fff5ed8c000

Marking Bits: (CMBitMap*) 0x00007fff5c07cbd0
 Bits: [0x00007fff45004000, 0x00007fff48f64000)

Polling page: 0x00007fff655f0000

Metaspace:

Usage:
  Non-class:     25.80 MB used.
      Class:      2.15 MB used.
       Both:     27.96 MB used.

Virtual space:
  Non-class space:       64.00 MB reserved,      25.94 MB ( 41%) committed,  1 nodes.
      Class space:        1.00 GB reserved,       2.25 MB ( <1%) committed,  1 nodes.
             Both:        1.06 GB reserved,      28.19 MB (  3%) committed. 

Chunk freelists:
   Non-Class:  4.45 MB
       Class:  13.69 MB
        Both:  18.14 MB

MaxMetaspaceSize: unlimited
CompressedClassSpaceSize: 1.00 GB
Initial GC threshold: 21.00 MB
Current GC threshold: 35.56 MB
CDS: on
 - commit_granule_bytes: 65536.
 - commit_granule_words: 8192.
 - virtual_space_node_default_size: 8388608.
 - enlarge_chunks_in_place: 1.
 - use_allocation_guard: 0.


Internal statistics:

num_allocs_failed_limit: 5.
num_arena_births: 266.
num_arena_deaths: 0.
num_vsnodes_births: 2.
num_vsnodes_deaths: 0.
num_space_committed: 448.
num_space_uncommitted: 0.
num_chunks_returned_to_freelist: 5.
num_chunks_taken_from_freelist: 1228.
num_chunk_merges: 5.
num_chunk_splits: 990.
num_chunks_enlarged: 831.
num_inconsistent_stats: 0.

CodeHeap 'non-profiled nmethods': size=120032Kb used=938Kb max_used=938Kb free=119093Kb
 bounds [0x00007fff50a2c000, 0x00007fff50c9c000, 0x00007fff57f64000]
CodeHeap 'profiled nmethods': size=120016Kb used=5444Kb max_used=5444Kb free=114571Kb
 bounds [0x00007fff48f64000, 0x00007fff494c4000, 0x00007fff50498000]
CodeHeap 'non-nmethods': size=5712Kb used=1478Kb max_used=1498Kb free=4233Kb
 bounds [0x00007fff50498000, 0x00007fff50708000, 0x00007fff50a2c000]
CodeCache: size=245760Kb, used=7860Kb, max_used=7880Kb, free=237897Kb
 total_blobs=3090, nmethods=2445, adapters=553, full_count=0
Compilation: enabled, stopped_count=0, restarted_count=0

Compilation events (20 events):
Event: 9.139 Thread 0x00007fff5c12f730 2438       3       java.util.ArrayList$Itr::next (66 bytes)
Event: 9.140 Thread 0x00007fff5c12f730 nmethod 2438 0x00007fff494abe10 code [0x00007fff494ac000, 0x00007fff494ac420]
Event: 9.273 Thread 0x00007fff5c12e060 2439       4       java.lang.String::encode (48 bytes)
Event: 9.275 Thread 0x00007fff5c12e060 nmethod 2439 0x00007fff50b15910 code [0x00007fff50b15b00, 0x00007fff50b15e60]
Event: 9.306 Thread 0x00007fff5c12f730 2440       3       java.lang.AbstractStringBuilder::append (54 bytes)
Event: 9.308 Thread 0x00007fff5c12f730 nmethod 2440 0x00007fff494ac690 code [0x00007fff494ac900, 0x00007fff494ad350]
Event: 9.339 Thread 0x00007fff5c12f730 2441       3       java.lang.AbstractStringBuilder::append (70 bytes)
Event: 9.342 Thread 0x00007fff5c12f730 nmethod 2441 0x00007fff494ad510 code [0x00007fff494ad740, 0x00007fff494add70]
Event: 9.373 Thread 0x00007fff5c12f730 2442   !   3       de.htwsaar.Berta.presentation.Screen::update (247 bytes)
Event: 9.376 Thread 0x00007fff5c12f730 nmethod 2442 0x00007fff494adf90 code [0x00007fff494ae900, 0x00007fff494b1e80]
Event: 9.389 Thread 0x00007fff5c12f730 2443       3       de.htwsaar.Berta.presentation.Screen::drawSearchBar (77 bytes)
Event: 9.390 Thread 0x00007fff5c12f730 nmethod 2443 0x00007fff494b3690 code [0x00007fff494b3880, 0x00007fff494b3bc0]
Event: 9.756 Thread 0x00007fff5c12e060 2444       4       java.util.ArrayList$Itr::next (66 bytes)
Event: 9.757 Thread 0x00007fff5c12e060 nmethod 2444 0x00007fff50b16090 code [0x00007fff50b16240, 0x00007fff50b163b0]
Event: 9.873 Thread 0x00007fff5c12e060 2445       4       java.lang.String::getBytes (15 bytes)
Event: 9.875 Thread 0x00007fff5c12e060 nmethod 2445 0x00007fff50b16510 code [0x00007fff50b166c0, 0x00007fff50b168e8]
Event: 11.106 Thread 0x00007fff5c12f730 2446       3       de.htwsaar.Berta.presentation.Screen::handleNavigation (94 bytes)
Event: 11.106 Thread 0x00007fff5c12f730 nmethod 2446 0x00007fff494b3d10 code [0x00007fff494b3f00, 0x00007fff494b42f0]
Event: 11.106 Thread 0x00007fff5c12f730 2447       3       de.htwsaar.Berta.presentation.Screen::handleSelection (76 bytes)
Event: 11.107 Thread 0x00007fff5c12f730 nmethod 2447 0x00007fff494b4410 code [0x00007fff494b46c0, 0x00007fff494b4eb0]

GC Heap History (8 events):
Event: 0.632 GC heap before
{Heap before GC invocations=0 (full 0):
 garbage-first heap   total 266240K, used 12486K [0x0000000702800000, 0x0000000800000000)
  region size 2048K, 6 young (12288K), 0 survivors (0K)
 Metaspace       used 4411K, committed 4544K, reserved 1114112K
  class space    used 234K, committed 320K, reserved 1048576K
}
Event: 0.637 GC heap after
{Heap after GC invocations=1 (full 0):
 garbage-first heap   total 266240K, used 4752K [0x0000000702800000, 0x0000000800000000)
  region size 2048K, 1 young (2048K), 1 survivors (2048K)
 Metaspace       used 4411K, committed 4544K, reserved 1114112K
  class space    used 234K, committed 320K, reserved 1048576K
}
Event: 1.112 GC heap before
{Heap before GC invocations=1 (full 0):
 garbage-first heap   total 266240K, used 17040K [0x0000000702800000, 0x0000000800000000)
  region size 2048K, 7 young (14336K), 1 survivors (2048K)
 Metaspace       used 13290K, committed 13504K, reserved 1114112K
  class space    used 704K, committed 832K, reserved 1048576K
}
Event: 1.120 GC heap after
{Heap after GC invocations=2 (full 0):
 garbage-first heap   total 266240K, used 5496K [0x0000000702800000, 0x0000000800000000)
  region size 2048K, 1 young (2048K), 1 survivors (2048K)
 Metaspace       used 13290K, committed 13504K, reserved 1114112K
  class space    used 704K, committed 832K, reserved 1048576K
}
Event: 1.773 GC heap before
{Heap before GC invocations=2 (full 0):
 garbage-first heap   total 266240K, used 28024K [0x0000000702800000, 0x0000000800000000)
  region size 2048K, 14 young (28672K), 1 survivors (2048K)
 Metaspace       used 21268K, committed 21504K, reserved 1114112K
  class space    used 1282K, committed 1408K, reserved 1048576K
}
Event: 1.780 GC heap after
{Heap after GC invocations=3 (full 0):
 garbage-first heap   total 266240K, used 7826K [0x0000000702800000, 0x0000000800000000)
  region size 2048K, 2 young (4096K), 2 survivors (4096K)
 Metaspace       used 21268K, committed 21504K, reserved 1114112K
  class space    used 1282K, committed 1408K, reserved 1048576K
}
Event: 8.922 GC heap before
{Heap before GC invocations=4 (full 0):
 garbage-first heap   total 40960K, used 28306K [0x0000000702800000, 0x0000000800000000)
  region size 2048K, 12 young (24576K), 2 survivors (4096K)
 Metaspace       used 28226K, committed 28544K, reserved 1114112K
  class space    used 2152K, committed 2304K, reserved 1048576K
}
Event: 8.929 GC heap after
{Heap after GC invocations=5 (full 0):
 garbage-first heap   total 40960K, used 9329K [0x0000000702800000, 0x0000000800000000)
  region size 2048K, 1 young (2048K), 1 survivors (2048K)
 Metaspace       used 28226K, committed 28544K, reserved 1114112K
  class space    used 2152K, committed 2304K, reserved 1048576K
}

Dll operation events (11 events):
Event: 0.004 Loaded shared library /app/extra/jbr/lib/libjava.so
Event: 0.090 Loaded shared library /app/extra/jbr/lib/libzip.so
Event: 0.107 Loaded shared library /app/extra/jbr/lib/libnio.so
Event: 0.112 Loaded shared library /app/extra/jbr/lib/libinstrument.so
Event: 0.122 Loaded shared library /app/extra/jbr/lib/libzip.so
Event: 0.151 Loaded shared library /app/extra/jbr/lib/libjimage.so
Event: 0.155 Loaded shared library /app/extra/jbr/lib/libnet.so
Event: 0.159 Loaded shared library /app/extra/jbr/lib/libextnet.so
Event: 0.230 Loaded shared library /app/extra/jbr/lib/libverify.so
Event: 0.536 Loaded shared library /tmp/sqlite-3.45.1.0-16a25d1f-a4df-4959-b92e-71ab3b7c9def-libsqlitejdbc.so
Event: 2.158 Loaded shared library /home/xenobyte/.javacpp/cache/jaylib-5.5.0-2.jar/com/raylib/linux-arm64/libjniRaylib.so

Deoptimization events (20 events):
Event: 8.587 Thread 0x00007ffec800b9c0 Uncommon trap: trap_request=0xffffffc6 fr.pc=0x00007fff50af5444 relative=0x0000000000000204
Event: 8.587 Thread 0x00007ffec800b9c0 Uncommon trap: reason=bimorphic_or_optimized_type_check action=maybe_recompile pc=0x00007fff50af5444 method=sun.security.util.math.intpoly.IntegerPolynomial.multByInt([JJ)V @ 26 c2
Event: 8.587 Thread 0x00007ffec800b9c0 DEOPT PACKING pc=0x00007fff50af5444 sp=0x00007ffecfc0c7f0
Event: 8.587 Thread 0x00007ffec800b9c0 DEOPT UNPACKING pc=0x00007fff504db01c sp=0x00007ffecfc0c790 mode 2
Event: 8.616 Thread 0x00007ffec800b9c0 Uncommon trap: trap_request=0xffffffc6 fr.pc=0x00007fff50ac33fc relative=0x00000000000002fc
Event: 8.616 Thread 0x00007ffec800b9c0 Uncommon trap: reason=bimorphic_or_optimized_type_check action=maybe_recompile pc=0x00007fff50ac33fc method=java.util.HashMap.getNode(Ljava/lang/Object;)Ljava/util/HashMap$Node; @ 128 c2
Event: 8.616 Thread 0x00007ffec800b9c0 DEOPT PACKING pc=0x00007fff50ac33fc sp=0x00007ffecfc0c320
Event: 8.616 Thread 0x00007ffec800b9c0 DEOPT UNPACKING pc=0x00007fff504db01c sp=0x00007ffecfc0c280 mode 2
Event: 8.618 Thread 0x00007ffec800b9c0 Uncommon trap: trap_request=0xffffffc6 fr.pc=0x00007fff50ac33fc relative=0x00000000000002fc
Event: 8.618 Thread 0x00007ffec800b9c0 Uncommon trap: reason=bimorphic_or_optimized_type_check action=maybe_recompile pc=0x00007fff50ac33fc method=java.util.HashMap.getNode(Ljava/lang/Object;)Ljava/util/HashMap$Node; @ 128 c2
Event: 8.618 Thread 0x00007ffec800b9c0 DEOPT PACKING pc=0x00007fff50ac33fc sp=0x00007ffecfc0c320
Event: 8.618 Thread 0x00007ffec800b9c0 DEOPT UNPACKING pc=0x00007fff504db01c sp=0x00007ffecfc0c280 mode 2
Event: 8.619 Thread 0x00007ffec800b9c0 Uncommon trap: trap_request=0xffffffc6 fr.pc=0x00007fff50ac33fc relative=0x00000000000002fc
Event: 8.619 Thread 0x00007ffec800b9c0 Uncommon trap: reason=bimorphic_or_optimized_type_check action=maybe_recompile pc=0x00007fff50ac33fc method=java.util.HashMap.getNode(Ljava/lang/Object;)Ljava/util/HashMap$Node; @ 128 c2
Event: 8.619 Thread 0x00007ffec800b9c0 DEOPT PACKING pc=0x00007fff50ac33fc sp=0x00007ffecfc0c320
Event: 8.619 Thread 0x00007ffec800b9c0 DEOPT UNPACKING pc=0x00007fff504db01c sp=0x00007ffecfc0c280 mode 2
Event: 8.619 Thread 0x00007ffec800b9c0 Uncommon trap: trap_request=0xffffffc6 fr.pc=0x00007fff50ac33fc relative=0x00000000000002fc
Event: 8.619 Thread 0x00007ffec800b9c0 Uncommon trap: reason=bimorphic_or_optimized_type_check action=maybe_recompile pc=0x00007fff50ac33fc method=java.util.HashMap.getNode(Ljava/lang/Object;)Ljava/util/HashMap$Node; @ 128 c2
Event: 8.619 Thread 0x00007ffec800b9c0 DEOPT PACKING pc=0x00007fff50ac33fc sp=0x00007ffecfc0c320
Event: 8.619 Thread 0x00007ffec800b9c0 DEOPT UNPACKING pc=0x00007fff504db01c sp=0x00007ffecfc0c280 mode 2

Classes loaded (20 events):
Event: 2.092 Loading class org/xml/sax/Attributes
Event: 2.092 Loading class org/xml/sax/Attributes done
Event: 2.092 Loading class org/xml/sax/SAXException
Event: 2.092 Loading class org/xml/sax/SAXException done
Event: 2.092 Loading class org/xml/sax/ErrorHandler
Event: 2.092 Loading class org/xml/sax/ErrorHandler done
Event: 2.154 Loading class java/time/zone/ZoneOffsetTransitionRule$TimeDefinition
Event: 2.154 Loading class java/time/zone/ZoneOffsetTransitionRule$TimeDefinition done
Event: 2.155 Loading class java/time/temporal/TemporalAdjusters
Event: 2.155 Loading class java/time/temporal/TemporalAdjusters done
Event: 8.569 Loading class java/security/cert/PKIXRevocationChecker
Event: 8.569 Loading class java/security/cert/PKIXRevocationChecker done
Event: 8.609 Loading class jdk/internal/event/X509ValidationEvent
Event: 8.609 Loading class jdk/internal/event/X509ValidationEvent done
Event: 8.610 Loading class sun/security/validator/CamerfirmaTLSPolicy
Event: 8.610 Loading class sun/security/validator/CamerfirmaTLSPolicy done
Event: 8.650 Loading class jdk/internal/event/TLSHandshakeEvent
Event: 8.650 Loading class jdk/internal/event/TLSHandshakeEvent done
Event: 8.919 Loading class java/net/Authenticator$RequestorType
Event: 8.920 Loading class java/net/Authenticator$RequestorType done

Classes unloaded (0 events):
No events

Classes redefined (0 events):
No events

Internal exceptions (20 events):
Event: 1.366 Thread 0x00007fff5c02d280 Exception <a 'java/lang/NoSuchMethodError'{0x0000000711b98248}: 'java.lang.Object java.lang.invoke.DirectMethodHandle$Holder.invokeStaticInit(java.lang.Object, java.lang.Object, int)'> (0x0000000711b98248) 
thrown [src/hotspot/share/interpreter/linkResolver.cpp, line 783]
Event: 1.369 Thread 0x00007fff5c02d280 Exception <a 'java/lang/NoSuchMethodError'{0x0000000711badfc8}: 'int java.lang.invoke.DirectMethodHandle$Holder.invokeSpecialIFC(java.lang.Object, java.lang.Object, java.lang.Object)'> (0x0000000711badfc8) 
thrown [src/hotspot/share/interpreter/linkResolver.cpp, line 783]
Event: 1.378 Thread 0x00007fff5c02d280 Exception <a 'java/lang/NoSuchMethodError'{0x0000000711bde420}: 'java.lang.Object java.lang.invoke.Invokers$Holder.invoke_MT(java.lang.Object, java.lang.Object, java.lang.Object, java.lang.Object, java.lang.Object, java.lang.Object, java.lang.Object, java.lang.Object, java.lang.Object, java.lang.Object)'> (0x0000000711bde420) 
thrown [src/hotspot/share/interpreter/linkResolver.cpp, line 783]
Event: 1.388 Thread 0x00007fff5c02d280 Exception <a 'java/lang/NoSuchMethodError'{0x0000000711616b50}: 'int java.lang.invoke.DirectMethodHandle$Holder.invokeSpecial(java.lang.Object, java.lang.Object, java.lang.Object, java.lang.Object)'> (0x0000000711616b50) 
thrown [src/hotspot/share/interpreter/linkResolver.cpp, line 783]
Event: 1.391 Thread 0x00007fff5c02d280 Exception <a 'java/lang/NoSuchMethodError'{0x000000071162b760}: 'java.lang.Object java.lang.invoke.DirectMethodHandle$Holder.invokeSpecial(java.lang.Object, java.lang.Object, int, java.lang.Object, java.lang.Object)'> (0x000000071162b760) 
thrown [src/hotspot/share/interpreter/linkResolver.cpp, line 783]
Event: 1.391 Thread 0x00007fff5c02d280 Exception <a 'java/lang/NoSuchMethodError'{0x000000071162f0f0}: 'java.lang.Object java.lang.invoke.DelegatingMethodHandle$Holder.delegate(java.lang.Object, int, java.lang.Object, java.lang.Object)'> (0x000000071162f0f0) 
thrown [src/hotspot/share/interpreter/linkResolver.cpp, line 783]
Event: 1.394 Thread 0x00007fff5c02d280 Exception <a 'java/lang/NoSuchMethodError'{0x000000071163eb20}: 'int java.lang.invoke.Invokers$Holder.linkToTargetMethod(java.lang.Object, java.lang.Object, java.lang.Object)'> (0x000000071163eb20) 
thrown [src/hotspot/share/interpreter/linkResolver.cpp, line 783]
Event: 1.399 Thread 0x00007fff5c02d280 Exception <a 'java/lang/NoSuchMethodError'{0x0000000711670388}: 'long java.lang.invoke.DirectMethodHandle$Holder.invokeSpecial(java.lang.Object, java.lang.Object)'> (0x0000000711670388) 
thrown [src/hotspot/share/interpreter/linkResolver.cpp, line 783]
Event: 2.045 Thread 0x00007fff5c02d280 Exception <a 'java/lang/NoSuchMethodError'{0x00000007044c6168}: 'void java.lang.invoke.DirectMethodHandle$Holder.invokeStaticInit(java.lang.Object, java.lang.Object, java.lang.Object, java.lang.Object, java.lang.Object)'> (0x00000007044c6168) 
thrown [src/hotspot/share/interpreter/linkResolver.cpp, line 783]
Event: 2.046 Thread 0x00007fff5c02d280 Exception <a 'java/lang/NoSuchMethodError'{0x00000007044d5958}: 'java.lang.Object java.lang.invoke.DirectMethodHandle$Holder.newInvokeSpecial(java.lang.Object, java.lang.Object, java.lang.Object, java.lang.Object, java.lang.Object)'> (0x00000007044d5958) 
thrown [src/hotspot/share/interpreter/linkResolver.cpp, line 783]
Event: 2.063 Thread 0x00007fff5c02d280 Exception <a 'java/lang/NoSuchMethodError'{0x00000007045394e8}: 'int java.lang.invoke.DirectMethodHandle$Holder.invokeInterface(java.lang.Object, java.lang.Object)'> (0x00000007045394e8) 
thrown [src/hotspot/share/interpreter/linkResolver.cpp, line 783]
Event: 2.106 Thread 0x00007fff5c02d280 Exception <a 'java/lang/NoSuchMethodError'{0x00000007042b0508}: 'java.lang.Object java.lang.invoke.DirectMethodHandle$Holder.invokeSpecial(java.lang.Object, java.lang.Object, int, java.lang.Object, long)'> (0x00000007042b0508) 
thrown [src/hotspot/share/interpreter/linkResolver.cpp, line 783]
Event: 2.124 Thread 0x00007fff5c02d280 Exception <a 'java/lang/IncompatibleClassChangeError'{0x000000070436c590}: Found class java.lang.Object, but interface was expected> (0x000000070436c590) 
thrown [src/hotspot/share/interpreter/linkResolver.cpp, line 851]
Event: 8.357 Thread 0x00007fff5c02d280 Exception <a 'java/lang/NoSuchMethodError'{0x0000000703d54988}: 'void java.lang.invoke.DirectMethodHandle$Holder.invokeSpecial(java.lang.Object, java.lang.Object, java.lang.Object)'> (0x0000000703d54988) 
thrown [src/hotspot/share/interpreter/linkResolver.cpp, line 783]
Event: 8.371 Thread 0x00007fff5c02d280 Exception <a 'java/lang/NoSuchMethodError'{0x0000000703ddb780}: 'void java.lang.invoke.DirectMethodHandle$Holder.invokeSpecial(java.lang.Object, java.lang.Object, java.lang.Object, java.lang.Object, java.lang.Object)'> (0x0000000703ddb780) 
thrown [src/hotspot/share/interpreter/linkResolver.cpp, line 783]
Event: 8.392 Thread 0x00007fff5fd8fdd0 Exception <a 'java/lang/NoSuchMethodError'{0x0000000703eeaaa8}: 'void java.lang.invoke.DirectMethodHandle$Holder.invokeStatic(java.lang.Object, java.lang.Object, int)'> (0x0000000703eeaaa8) 
thrown [src/hotspot/share/interpreter/linkResolver.cpp, line 783]
Event: 8.399 Thread 0x00007ffec800b9c0 Exception <a 'java/lang/NoSuchMethodError'{0x0000000703a68810}: 'void java.lang.invoke.DirectMethodHandle$Holder.invokeInterface(java.lang.Object, java.lang.Object, java.lang.Object)'> (0x0000000703a68810) 
thrown [src/hotspot/share/interpreter/linkResolver.cpp, line 783]
Event: 8.531 Thread 0x00007ffec800b9c0 Exception <a 'java/lang/NoSuchMethodError'{0x000000070386a0f0}: 'void java.lang.invoke.DirectMethodHandle$Holder.invokeInterface(java.lang.Object, java.lang.Object)'> (0x000000070386a0f0) 
thrown [src/hotspot/share/interpreter/linkResolver.cpp, line 783]
Event: 8.651 Thread 0x00007ffec800b9c0 Exception <a 'java/lang/NoSuchMethodError'{0x00000007034c5760}: 'void java.lang.invoke.DirectMethodHandle$Holder.invokeStatic(java.lang.Object, java.lang.Object, java.lang.Object, java.lang.Object)'> (0x00000007034c5760) 
thrown [src/hotspot/share/interpreter/linkResolver.cpp, line 783]
Event: 8.936 Thread 0x00007ffec800b9c0 Exception <a 'java/lang/NoSuchMethodError'{0x0000000712650230}: 'void java.lang.invoke.DirectMethodHandle$Holder.invokeSpecial(java.lang.Object, java.lang.Object, java.lang.Object, java.lang.Object, java.lang.Object, java.lang.Object, java.lang.Object)'> (0x0000000712650230) 
thrown [src/hotspot/share/interpreter/linkResolver.cpp, line 783]

ZGC Phase Switch (0 events):
No events

VM Operations (20 events):
Event: 7.135 Executing VM operation: Cleanup
Event: 7.135 Executing VM operation: Cleanup done
Event: 8.136 Executing VM operation: Cleanup
Event: 8.136 Executing VM operation: Cleanup done
Event: 8.354 Executing VM operation: HandshakeAllThreads (Deoptimize)
Event: 8.354 Executing VM operation: HandshakeAllThreads (Deoptimize) done
Event: 8.410 Executing VM operation: HandshakeAllThreads (Deoptimize)
Event: 8.410 Executing VM operation: HandshakeAllThreads (Deoptimize) done
Event: 8.677 Executing VM operation: ICBufferFull
Event: 8.677 Executing VM operation: ICBufferFull done
Event: 8.919 Executing VM operation: HandshakeAllThreads (Deoptimize)
Event: 8.919 Executing VM operation: HandshakeAllThreads (Deoptimize) done
Event: 8.922 Executing VM operation: G1CollectForAllocation (G1 Evacuation Pause)
Event: 8.929 Executing VM operation: G1CollectForAllocation (G1 Evacuation Pause) done
Event: 8.940 Executing VM operation: HandshakeAllThreads (Deoptimize)
Event: 8.940 Executing VM operation: HandshakeAllThreads (Deoptimize) done
Event: 8.957 Executing VM operation: HandshakeAllThreads (Deoptimize)
Event: 8.957 Executing VM operation: HandshakeAllThreads (Deoptimize) done
Event: 9.957 Executing VM operation: Cleanup
Event: 9.957 Executing VM operation: Cleanup done

Memory protections (20 events):
Event: 0.040 Protecting memory [0x00007fff60e40000,0x00007fff60e4c000] with protection modes 0
Event: 0.041 Protecting memory [0x00007fff60c40000,0x00007fff60c4c000] with protection modes 0
Event: 0.042 Protecting memory [0x00007fff60a40000,0x00007fff60a4c000] with protection modes 0
Event: 0.042 Protecting memory [0x00007fff60840000,0x00007fff6084c000] with protection modes 0
Event: 0.042 Protecting memory [0x00007fff60640000,0x00007fff6064c000] with protection modes 0
Event: 0.045 Protecting memory [0x00007fff60440000,0x00007fff6044c000] with protection modes 0
Event: 0.048 Protecting memory [0x00007fff60240000,0x00007fff6024c000] with protection modes 0
Event: 0.049 Protecting memory [0x00007fff60040000,0x00007fff6004c000] with protection modes 0
Event: 0.149 Protecting memory [0x00007fff44d90000,0x00007fff44d9c000] with protection modes 0
Event: 0.150 Protecting memory [0x00007fff44b90000,0x00007fff44b9c000] with protection modes 0
Event: 0.156 Protecting memory [0x00007fff44990000,0x00007fff4499c000] with protection modes 0
Event: 0.394 Protecting memory [0x00007fff448fc000,0x00007fff44908000] with protection modes 0
Event: 1.112 Protecting memory [0x00007fff44990000,0x00007fff4499c000] with protection modes 0
Event: 1.583 Protecting memory [0x00007fff35e00000,0x00007fff35e0c000] with protection modes 0
Event: 1.585 Protecting memory [0x00007fff35c00000,0x00007fff35c0c000] with protection modes 0
Event: 2.163 Protecting memory [0x00007fff44990000,0x00007fff4499c000] with protection modes 0
Event: 8.286 Protecting memory [0x00007ffecfc10000,0x00007ffecfc1c000] with protection modes 0
Event: 8.397 Protecting memory [0x00007ffecfa10000,0x00007ffecfa1c000] with protection modes 0
Event: 8.409 Protecting memory [0x00007ffecf810000,0x00007ffecf81c000] with protection modes 0
Event: 8.437 Protecting memory [0x00007ffecf610000,0x00007ffecf61c000] with protection modes 0

Nmethod flushes (0 events):
No events

Events (20 events):
Event: 0.042 Thread 0x00007fff5c02d280 Thread added: 0x00007fff5c129970
Event: 0.042 Thread 0x00007fff5c02d280 Thread added: 0x00007fff5c12afd0
Event: 0.045 Thread 0x00007fff5c02d280 Thread added: 0x00007fff5c12c580
Event: 0.048 Thread 0x00007fff5c02d280 Thread added: 0x00007fff5c12e060
Event: 0.049 Thread 0x00007fff5c02d280 Thread added: 0x00007fff5c12f730
Event: 0.149 Thread 0x00007fff5c02d280 Thread added: 0x00007fff5c237840
Event: 0.150 Thread 0x00007fff5c02d280 Thread added: 0x00007fff5c238600
Event: 0.156 Thread 0x00007fff5c12f730 Thread added: 0x00007ffefc0c1c90
Event: 0.394 Thread 0x00007fff5c02d280 Thread added: 0x00007fff5c2c9790
Event: 0.831 Thread 0x00007ffefc0c1c90 Thread exited: 0x00007ffefc0c1c90
Event: 1.112 Thread 0x00007fff5c12e060 Thread added: 0x00007fff080afc40
Event: 1.583 Thread 0x00007fff5c02d280 Thread added: 0x00007fff5ceacac0
Event: 1.585 Thread 0x00007fff5c02d280 Thread added: 0x00007fff5cec0f90
Event: 1.748 Thread 0x00007fff080afc40 Thread exited: 0x00007fff080afc40
Event: 2.163 Thread 0x00007fff5c02d280 Thread added: 0x00007fff5d4bc0b0
Event: 8.286 Thread 0x00007fff5c02d280 Thread added: 0x00007fff5fd8fdd0
Event: 8.397 Thread 0x00007fff5fd8fdd0 Thread added: 0x00007ffec800b9c0
Event: 8.409 Thread 0x00007fff5fd8fdd0 Thread added: 0x00007ffec800e260
Event: 8.437 Thread 0x00007fff5c12f730 Thread added: 0x00007ffefc1b18f0
Event: 9.139 Thread 0x00007ffefc1b18f0 Thread exited: 0x00007ffefc1b18f0


Dynamic libraries:
702800000-704600000 rw-p 00000000 00:00 0 
704600000-710800000 ---p 00000000 00:00 0 
710800000-710c00000 rw-p 00000000 00:00 0 
710c00000-712600000 ---p 00000000 00:00 0 
712600000-712800000 rw-p 00000000 00:00 0 
712800000-7ffc00000 ---p 00000000 00:00 0 
7ffc00000-7ffe34000 rw-p 01d30000 b3:02 1384225                          /app/extra/jbr/lib/server/classes.jsa
7ffe34000-800000000 rw-p 00000000 00:00 0 
a000000000-a001c90000 rw-p 00010000 b3:02 1384225                        /app/extra/jbr/lib/server/classes.jsa
a001c90000-a002000000 ---p 00000000 00:00 0 
a002000000-a002040000 rw-p 00000000 00:00 0 
a002040000-a002070000 rw-p 00000000 00:00 0 
a002070000-a002080000 ---p 00000000 00:00 0 
a002080000-a002250000 rw-p 00000000 00:00 0 
a002250000-a042000000 ---p 00000000 00:00 0 
5555c4ce0000-5555c4ce4000 r-xp 00000000 b3:02 1384397                    /app/extra/jbr/bin/java
5555c4cfc000-5555c4d00000 r--p 0000c000 b3:02 1384397                    /app/extra/jbr/bin/java
5555c4d00000-5555c4d04000 rw-p 00010000 b3:02 1384397                    /app/extra/jbr/bin/java
5555e6230000-5555e6264000 rw-p 00000000 00:00 0                          [heap]
7ffeb8000000-7ffeb83c0000 rw-p 00000000 00:00 0 
7ffeb83c0000-7ffebc000000 ---p 00000000 00:00 0 
7ffebc000000-7ffebdfe0000 rw-p 00000000 00:00 0 
7ffebdfe0000-7ffec0000000 ---p 00000000 00:00 0 
7ffec0000000-7ffec009c000 rw-p 00000000 00:00 0 
7ffec009c000-7ffec4000000 ---p 00000000 00:00 0 
7ffec4000000-7ffec4024000 rw-p 00000000 00:00 0 
7ffec4024000-7ffec8000000 ---p 00000000 00:00 0 
7ffec8000000-7ffec8024000 rw-p 00000000 00:00 0 
7ffec8024000-7ffecc000000 ---p 00000000 00:00 0 
7ffecf810000-7ffecf81c000 ---p 00000000 00:00 0 
7ffecf81c000-7ffecfa10000 rw-p 00000000 00:00 0 
7ffecfa10000-7ffecfa1c000 ---p 00000000 00:00 0 
7ffecfa1c000-7ffecfc10000 rw-p 00000000 00:00 0 
7ffecfc10000-7ffecfc1c000 ---p 00000000 00:00 0 
7ffecfc1c000-7ffecfe10000 rw-p 00000000 00:00 0 
7ffed00f0000-7ffed0100000 ---p 00000000 00:00 0 
7ffed0100000-7ffed0900000 rw-p 00000000 00:00 0 
7ffed2940000-7ffed2950000 ---p 00000000 00:00 0 
7ffed2950000-7ffed3150000 rw-p 00000000 00:00 0 
7ffed3150000-7ffed3160000 ---p 00000000 00:00 0 
7ffed3160000-7ffed3960000 rw-p 00000000 00:00 0 
7ffed3960000-7ffed3970000 ---p 00000000 00:00 0 
7ffed3970000-7ffed4170000 rw-p 00000000 00:00 0 
7ffed4170000-7ffed9830000 r-xp 00000000 b3:02 1007600                    /usr/lib/aarch64-linux-gnu/GL/default/lib/libLLVM.so.21.1
7ffed9830000-7ffed9838000 ---p 056c0000 b3:02 1007600                    /usr/lib/aarch64-linux-gnu/GL/default/lib/libLLVM.so.21.1
7ffed9838000-7ffed9950000 r--p 056c8000 b3:02 1007600                    /usr/lib/aarch64-linux-gnu/GL/default/lib/libLLVM.so.21.1
7ffed9950000-7ffed99ac000 rw-p 057e0000 b3:02 1007600                    /usr/lib/aarch64-linux-gnu/GL/default/lib/libLLVM.so.21.1
7ffed99ac000-7ffed9a4c000 rw-p 00000000 00:00 0 
7ffedc000000-7ffedc024000 rw-p 00000000 00:00 0 
7ffedc024000-7ffee0000000 ---p 00000000 00:00 0 
7ffee0000000-7ffee0024000 rw-p 00000000 00:00 0 
7ffee0024000-7ffee4000000 ---p 00000000 00:00 0 
7ffee4000000-7ffee4024000 rw-p 00000000 00:00 0 
7ffee4024000-7ffee8000000 ---p 00000000 00:00 0 
7ffee8000000-7ffee8024000 rw-p 00000000 00:00 0 
7ffee8024000-7ffeec000000 ---p 00000000 00:00 0 
7ffeec000000-7ffeec024000 rw-p 00000000 00:00 0 
7ffeec024000-7ffef0000000 ---p 00000000 00:00 0 
7ffef0000000-7ffef0024000 rw-p 00000000 00:00 0 
7ffef0024000-7ffef4000000 ---p 00000000 00:00 0 
7ffef4000000-7ffef4024000 rw-p 00000000 00:00 0 
7ffef4024000-7ffef8000000 ---p 00000000 00:00 0 
7ffef8000000-7ffef823c000 rw-p 00000000 00:00 0 
7ffef823c000-7ffefc000000 ---p 00000000 00:00 0 
7ffefc000000-7ffefc4a4000 rw-p 00000000 00:00 0 
7ffefc4a4000-7fff00000000 ---p 00000000 00:00 0 
7fff00000000-7fff00024000 rw-p 00000000 00:00 0 
7fff00024000-7fff04000000 ---p 00000000 00:00 0 
7fff04000000-7fff04024000 rw-p 00000000 00:00 0 
7fff04024000-7fff08000000 ---p 00000000 00:00 0 
7fff08000000-7fff08a40000 rw-p 00000000 00:00 0 
7fff08a40000-7fff0c000000 ---p 00000000 00:00 0 
7fff0c000000-7fff0c024000 rw-p 00000000 00:00 0 
7fff0c024000-7fff10000000 ---p 00000000 00:00 0 
7fff10000000-7fff10024000 rw-p 00000000 00:00 0 
7fff10024000-7fff14000000 ---p 00000000 00:00 0 
7fff14000000-7fff14024000 rw-p 00000000 00:00 0 
7fff14024000-7fff18000000 ---p 00000000 00:00 0 
7fff18000000-7fff18024000 rw-p 00000000 00:00 0 
7fff18024000-7fff1c000000 ---p 00000000 00:00 0 
7fff1c000000-7fff1c024000 rw-p 00000000 00:00 0 
7fff1c024000-7fff20000000 ---p 00000000 00:00 0 
7fff20000000-7fff20024000 rw-p 00000000 00:00 0 
7fff20024000-7fff24000000 ---p 00000000 00:00 0 
7fff24000000-7fff24260000 rw-p 00000000 00:00 0 
7fff24260000-7fff24400000 ---p 00000000 00:00 0 
7fff24400000-7fff25b90000 rw-p 00000000 00:00 0 
7fff25b90000-7fff28000000 ---p 00000000 00:00 0 
7fff28000000-7fff28024000 rw-p 00000000 00:00 0 
7fff28024000-7fff2c000000 ---p 00000000 00:00 0 
7fff2c000000-7fff2c024000 rw-p 00000000 00:00 0 
7fff2c024000-7fff30000000 ---p 00000000 00:00 0 
7fff30000000-7fff30024000 rw-p 00000000 00:00 0 
7fff30024000-7fff34000000 ---p 00000000 00:00 0 
7fff34050000-7fff3405c000 r-xp 00000000 b3:02 1020260                    /usr/lib/aarch64-linux-gnu/libcap.so.2.77
7fff3405c000-7fff3406c000 ---p 0000c000 b3:02 1020260                    /usr/lib/aarch64-linux-gnu/libcap.so.2.77
7fff3406c000-7fff34070000 r--p 0000c000 b3:02 1020260                    /usr/lib/aarch64-linux-gnu/libcap.so.2.77
7fff34070000-7fff34074000 rw-p 00010000 b3:02 1020260                    /usr/lib/aarch64-linux-gnu/libcap.so.2.77
7fff34080000-7fff340b0000 r-xp 00000000 b3:02 1011394                    /usr/lib/aarch64-linux-gnu/libnss_resolve.so.2
7fff340b0000-7fff340bc000 ---p 00030000 b3:02 1011394                    /usr/lib/aarch64-linux-gnu/libnss_resolve.so.2
7fff340bc000-7fff340c0000 r--p 0002c000 b3:02 1011394                    /usr/lib/aarch64-linux-gnu/libnss_resolve.so.2
7fff340c0000-7fff340c4000 rw-p 00030000 b3:02 1011394                    /usr/lib/aarch64-linux-gnu/libnss_resolve.so.2
7fff34d00000-7fff34d18000 r-xp 00000000 b3:02 1016669                    /usr/lib/aarch64-linux-gnu/libffi.so.8.2.0
7fff34d18000-7fff34d2c000 ---p 00018000 b3:02 1016669                    /usr/lib/aarch64-linux-gnu/libffi.so.8.2.0
7fff34d2c000-7fff34d30000 r--p 0001c000 b3:02 1016669                    /usr/lib/aarch64-linux-gnu/libffi.so.8.2.0
7fff34d30000-7fff34d34000 rw-p 00020000 b3:02 1016669                    /usr/lib/aarch64-linux-gnu/libffi.so.8.2.0
7fff34e50000-7fff34efc000 r-xp 00000000 b3:02 1017858                    /usr/lib/aarch64-linux-gnu/libzstd.so.1.5.7
7fff34efc000-7fff34f0c000 ---p 000ac000 b3:02 1017858                    /usr/lib/aarch64-linux-gnu/libzstd.so.1.5.7
7fff34f0c000-7fff34f10000 r--p 000ac000 b3:02 1017858                    /usr/lib/aarch64-linux-gnu/libzstd.so.1.5.7
7fff34f10000-7fff34f14000 rw-p 000b0000 b3:02 1017858                    /usr/lib/aarch64-linux-gnu/libzstd.so.1.5.7
7fff35440000-7fff35588000 r-xp 00000000 b3:02 1024375                    /usr/lib/aarch64-linux-gnu/libX11.so.6.4.0
7fff35588000-7fff3559c000 ---p 00148000 b3:02 1024375                    /usr/lib/aarch64-linux-gnu/libX11.so.6.4.0
7fff3559c000-7fff355a0000 r--p 0014c000 b3:02 1024375                    /usr/lib/aarch64-linux-gnu/libX11.so.6.4.0
7fff355a0000-7fff355a4000 rw-p 00150000 b3:02 1024375                    /usr/lib/aarch64-linux-gnu/libX11.so.6.4.0
7fff355b0000-7fff35848000 r-xp 00000000 b3:02 1024413                    /usr/lib/aarch64-linux-gnu/libstdc++.so.6.0.34
7fff35848000-7fff35850000 ---p 00298000 b3:02 1024413                    /usr/lib/aarch64-linux-gnu/libstdc++.so.6.0.34
7fff35850000-7fff35860000 r--p 002a0000 b3:02 1024413                    /usr/lib/aarch64-linux-gnu/libstdc++.so.6.0.34
7fff35860000-7fff35864000 rw-p 002b0000 b3:02 1024413                    /usr/lib/aarch64-linux-gnu/libstdc++.so.6.0.34
7fff35864000-7fff35868000 rw-p 00000000 00:00 0 
7fff35870000-7fff35ba0000 r-xp 00000000 b3:02 1148623                    /home/xenobyte/.javacpp/cache/jaylib-5.5.0-2.jar/com/raylib/linux-arm64/libjniRaylib.so
7fff35ba0000-7fff35bac000 ---p 00330000 b3:02 1148623                    /home/xenobyte/.javacpp/cache/jaylib-5.5.0-2.jar/com/raylib/linux-arm64/libjniRaylib.so
7fff35bac000-7fff35bb0000 r--p 0032c000 b3:02 1148623                    /home/xenobyte/.javacpp/cache/jaylib-5.5.0-2.jar/com/raylib/linux-arm64/libjniRaylib.so
7fff35bb0000-7fff35bbc000 rw-p 00330000 b3:02 1148623                    /home/xenobyte/.javacpp/cache/jaylib-5.5.0-2.jar/com/raylib/linux-arm64/libjniRaylib.so
7fff35bbc000-7fff35bf4000 rw-p 00000000 00:00 0 
7fff35c00000-7fff35c0c000 ---p 00000000 00:00 0 
7fff35c0c000-7fff35e00000 rw-p 00000000 00:00 0 
7fff35e00000-7fff35e0c000 ---p 00000000 00:00 0 
7fff35e0c000-7fff38024000 rw-p 00000000 00:00 0 
7fff38024000-7fff3c000000 ---p 00000000 00:00 0 
7fff3c000000-7fff3c024000 rw-p 00000000 00:00 0 
7fff3c024000-7fff40000000 ---p 00000000 00:00 0 
7fff40000000-7fff40024000 rw-p 00000000 00:00 0 
7fff40024000-7fff44000000 ---p 00000000 00:00 0 
7fff44070000-7fff44084000 r-xp 00000000 b3:02 1015948                    /usr/lib/aarch64-linux-gnu/libXext.so.6.4.0
7fff44084000-7fff4409c000 ---p 00014000 b3:02 1015948                    /usr/lib/aarch64-linux-gnu/libXext.so.6.4.0
7fff4409c000-7fff440a0000 r--p 0001c000 b3:02 1015948                    /usr/lib/aarch64-linux-gnu/libXext.so.6.4.0
7fff440a0000-7fff440a4000 rw-p 00020000 b3:02 1015948                    /usr/lib/aarch64-linux-gnu/libXext.so.6.4.0
7fff440e0000-7fff440e4000 r-xp 00000000 b3:02 1012285                    /usr/lib/aarch64-linux-gnu/libXau.so.6.0.0
7fff440e4000-7fff440fc000 ---p 00004000 b3:02 1012285                    /usr/lib/aarch64-linux-gnu/libXau.so.6.0.0
7fff440fc000-7fff44100000 r--p 0000c000 b3:02 1012285                    /usr/lib/aarch64-linux-gnu/libXau.so.6.0.0
7fff44100000-7fff44104000 rw-p 00010000 b3:02 1012285                    /usr/lib/aarch64-linux-gnu/libXau.so.6.0.0
7fff44110000-7fff4413c000 r-xp 00000000 b3:02 1014492                    /usr/lib/aarch64-linux-gnu/libxcb.so.1.1.0
7fff4413c000-7fff4414c000 ---p 0002c000 b3:02 1014492                    /usr/lib/aarch64-linux-gnu/libxcb.so.1.1.0
7fff4414c000-7fff44150000 r--p 0002c000 b3:02 1014492                    /usr/lib/aarch64-linux-gnu/libxcb.so.1.1.0
7fff44150000-7fff44154000 rw-p 00030000 b3:02 1014492                    /usr/lib/aarch64-linux-gnu/libxcb.so.1.1.0
7fff44160000-7fff44180000 r-xp 00000000 b3:02 1023597                    /usr/lib/aarch64-linux-gnu/libgcc_s.so.1
7fff44180000-7fff4418c000 ---p 00020000 b3:02 1023597                    /usr/lib/aarch64-linux-gnu/libgcc_s.so.1
7fff4418c000-7fff44190000 r--p 0001c000 b3:02 1023597                    /usr/lib/aarch64-linux-gnu/libgcc_s.so.1
7fff44190000-7fff44194000 rw-p 00020000 b3:02 1023597                    /usr/lib/aarch64-linux-gnu/libgcc_s.so.1
7fff441b0000-7fff441c0000 ---p 00000000 00:00 0 
7fff441c0000-7fff443c0000 rw-p 00000000 00:00 0 
7fff443c0000-7fff443d0000 ---p 00000000 00:00 0 
7fff443d0000-7fff445d0000 rw-p 00000000 00:00 0 
7fff445d0000-7fff445e0000 ---p 00000000 00:00 0 
7fff445e0000-7fff447e0000 rw-p 00000000 00:00 0 
7fff447e0000-7fff448e0000 r-xp 00000000 00:31 365                        /tmp/sqlite-3.45.1.0-16a25d1f-a4df-4959-b92e-71ab3b7c9def-libsqlitejdbc.so
7fff448e0000-7fff448ec000 ---p 00100000 00:31 365                        /tmp/sqlite-3.45.1.0-16a25d1f-a4df-4959-b92e-71ab3b7c9def-libsqlitejdbc.so
7fff448ec000-7fff448f0000 r--p 000fc000 00:31 365                        /tmp/sqlite-3.45.1.0-16a25d1f-a4df-4959-b92e-71ab3b7c9def-libsqlitejdbc.so
7fff448f0000-7fff448f8000 rw-p 00100000 00:31 365                        /tmp/sqlite-3.45.1.0-16a25d1f-a4df-4959-b92e-71ab3b7c9def-libsqlitejdbc.so
7fff448fc000-7fff44908000 ---p 00000000 00:00 0 
7fff44908000-7fff44930000 rw-p 00000000 00:00 0 
7fff44930000-7fff4493c000 r-xp 00000000 b3:02 1384254                    /app/extra/jbr/lib/libverify.so
7fff4493c000-7fff4494c000 ---p 0000c000 b3:02 1384254                    /app/extra/jbr/lib/libverify.so
7fff4494c000-7fff44950000 r--p 0000c000 b3:02 1384254                    /app/extra/jbr/lib/libverify.so
7fff44950000-7fff44954000 rw-p 00000000 00:00 0 
7fff44960000-7fff44964000 r-xp 00000000 b3:02 1384237                    /app/extra/jbr/lib/libextnet.so
7fff44964000-7fff4497c000 ---p 00004000 b3:02 1384237                    /app/extra/jbr/lib/libextnet.so
7fff4497c000-7fff44980000 r--p 0000c000 b3:02 1384237                    /app/extra/jbr/lib/libextnet.so
7fff44980000-7fff44984000 rw-p 00000000 00:00 0 
7fff44990000-7fff4499c000 ---p 00000000 00:00 0 
7fff4499c000-7fff44b90000 rw-p 00000000 00:00 0 
7fff44b90000-7fff44b9c000 ---p 00000000 00:00 0 
7fff44b9c000-7fff44d90000 rw-p 00000000 00:00 0 
7fff44d90000-7fff44d9c000 ---p 00000000 00:00 0 
7fff44d9c000-7fff44f90000 rw-p 00000000 00:00 0 
7fff44f90000-7fff44f9c000 r-xp 00000000 b3:02 1384383                    /app/extra/jbr/lib/libnet.so
7fff44f9c000-7fff44fac000 ---p 0000c000 b3:02 1384383                    /app/extra/jbr/lib/libnet.so
7fff44fac000-7fff44fb0000 r--p 0000c000 b3:02 1384383                    /app/extra/jbr/lib/libnet.so
7fff44fb0000-7fff44fb4000 rw-p 00000000 00:00 0 
7fff44fc0000-7fff44fd4000 r-xp 00000000 b3:02 1384220                    /app/extra/jbr/lib/libnio.so
7fff44fd4000-7fff44fec000 ---p 00014000 b3:02 1384220                    /app/extra/jbr/lib/libnio.so
7fff44fec000-7fff44ff0000 r--p 0001c000 b3:02 1384220                    /app/extra/jbr/lib/libnio.so
7fff44ff0000-7fff44ff4000 rw-p 00020000 b3:02 1384220                    /app/extra/jbr/lib/libnio.so
7fff45004000-7fff4507c000 rw-p 00000000 00:00 0 
7fff4507c000-7fff45384000 ---p 00000000 00:00 0 
7fff45384000-7fff45394000 rw-p 00000000 00:00 0 
7fff45394000-7fff453fc000 ---p 00000000 00:00 0 
7fff453fc000-7fff45404000 rw-p 00000000 00:00 0 
7fff45404000-7fff48f54000 ---p 00000000 00:00 0 
7fff48f54000-7fff48f64000 rw-p 00000000 00:00 0 
7fff48f64000-7fff494c4000 rwxp 00000000 00:00 0 
7fff494c4000-7fff50498000 ---p 00000000 00:00 0 
7fff50498000-7fff50708000 rwxp 00000000 00:00 0 
7fff50708000-7fff50a2c000 ---p 00000000 00:00 0 
7fff50a2c000-7fff50c9c000 rwxp 00000000 00:00 0 
7fff50c9c000-7fff57f64000 ---p 00000000 00:00 0 
7fff57f64000-7fff5c000000 r--s 00000000 b3:02 1384325                    /app/extra/jbr/lib/modules
7fff5c000000-7fff5fffc000 rw-p 00000000 00:00 0 
7fff5fffc000-7fff60000000 ---p 00000000 00:00 0 
7fff60010000-7fff60018000 r-xp 00000000 b3:02 1384387                    /app/extra/jbr/lib/libzip.so
7fff60018000-7fff6002c000 ---p 00008000 b3:02 1384387                    /app/extra/jbr/lib/libzip.so
7fff6002c000-7fff60030000 r--p 0000c000 b3:02 1384387                    /app/extra/jbr/lib/libzip.so
7fff60030000-7fff60034000 rw-p 00000000 00:00 0 
7fff60040000-7fff6004c000 ---p 00000000 00:00 0 
7fff6004c000-7fff60240000 rw-p 00000000 00:00 0 
7fff60240000-7fff6024c000 ---p 00000000 00:00 0 
7fff6024c000-7fff60440000 rw-p 00000000 00:00 0 
7fff60440000-7fff6044c000 ---p 00000000 00:00 0 
7fff6044c000-7fff60640000 rw-p 00000000 00:00 0 
7fff60640000-7fff6064c000 ---p 00000000 00:00 0 
7fff6064c000-7fff60840000 rw-p 00000000 00:00 0 
7fff60840000-7fff6084c000 ---p 00000000 00:00 0 
7fff6084c000-7fff60a40000 rw-p 00000000 00:00 0 
7fff60a40000-7fff60a4c000 ---p 00000000 00:00 0 
7fff60a4c000-7fff60c40000 rw-p 00000000 00:00 0 
7fff60c40000-7fff60c4c000 ---p 00000000 00:00 0 
7fff60c4c000-7fff60e40000 rw-p 00000000 00:00 0 
7fff60e40000-7fff60e4c000 ---p 00000000 00:00 0 
7fff60e4c000-7fff61040000 rw-p 00000000 00:00 0 
7fff61040000-7fff6109c000 r--p 00000000 b3:02 1014467                    /usr/lib/locale/C.utf8/LC_CTYPE
7fff6109c000-7fff610ac000 ---p 00000000 00:00 0 
7fff610ac000-7fff612ac000 rw-p 00000000 00:00 0 
7fff612ac000-7fff612bc000 ---p 00000000 00:00 0 
7fff612bc000-7fff616fc000 rw-p 00000000 00:00 0 
7fff616fc000-7fff6170c000 ---p 00000000 00:00 0 
7fff6170c000-7fff6190c000 rw-p 00000000 00:00 0 
7fff6190c000-7fff6191c000 ---p 00000000 00:00 0 
7fff6191c000-7fff61f2c000 rw-p 00000000 00:00 0 
7fff61f2c000-7fff61f3c000 ---p 00000000 00:00 0 
7fff61f3c000-7fff6213c000 rw-p 00000000 00:00 0 
7fff6213c000-7fff6214c000 ---p 00000000 00:00 0 
7fff6214c000-7fff6234c000 rw-p 00000000 00:00 0 
7fff6234c000-7fff6235c000 ---p 00000000 00:00 0 
7fff6235c000-7fff625b0000 rw-p 00000000 00:00 0 
7fff625b0000-7fff62610000 ---p 00000000 00:00 0 
7fff62610000-7fff62614000 rw-p 00000000 00:00 0 
7fff62614000-7fff6261c000 ---p 00000000 00:00 0 
7fff6261c000-7fff62620000 rw-p 00000000 00:00 0 
7fff62620000-7fff62d88000 ---p 00000000 00:00 0 
7fff62d88000-7fff62d9c000 rw-p 00000000 00:00 0 
7fff62d9c000-7fff62dfc000 ---p 00000000 00:00 0 
7fff62dfc000-7fff62e00000 rw-p 00000000 00:00 0 
7fff62e00000-7fff62e08000 ---p 00000000 00:00 0 
7fff62e08000-7fff62e0c000 rw-p 00000000 00:00 0 
7fff62e0c000-7fff63574000 ---p 00000000 00:00 0 
7fff63574000-7fff63990000 rw-p 00000000 00:00 0 
7fff63990000-7fff63a74000 ---p 00000000 00:00 0 
7fff63a74000-7fff63a80000 rw-p 00000000 00:00 0 
7fff63a80000-7fff63b60000 ---p 00000000 00:00 0 
7fff63b60000-7fff63b84000 r-xp 00000000 b3:02 1384252                    /app/extra/jbr/lib/libjava.so
7fff63b84000-7fff63b9c000 ---p 00024000 b3:02 1384252                    /app/extra/jbr/lib/libjava.so
7fff63b9c000-7fff63ba0000 r--p 0002c000 b3:02 1384252                    /app/extra/jbr/lib/libjava.so
7fff63ba0000-7fff63ba4000 rw-p 00030000 b3:02 1384252                    /app/extra/jbr/lib/libjava.so
7fff63bb0000-7fff63bbc000 r-xp 00000000 b3:02 1384390                    /app/extra/jbr/lib/libinstrument.so
7fff63bbc000-7fff63bcc000 ---p 0000c000 b3:02 1384390                    /app/extra/jbr/lib/libinstrument.so
7fff63bcc000-7fff63bd0000 r--p 0000c000 b3:02 1384390                    /app/extra/jbr/lib/libinstrument.so
7fff63bd0000-7fff63bd4000 rw-p 00010000 b3:02 1384390                    /app/extra/jbr/lib/libinstrument.so
7fff63be0000-7fff63bfc000 r-xp 00000000 b3:02 1384258                    /app/extra/jbr/lib/libjimage.so
7fff63bfc000-7fff63c0c000 ---p 0001c000 b3:02 1384258                    /app/extra/jbr/lib/libjimage.so
7fff63c0c000-7fff63c10000 r--p 0001c000 b3:02 1384258                    /app/extra/jbr/lib/libjimage.so
7fff63c10000-7fff63c14000 rw-p 00020000 b3:02 1384258                    /app/extra/jbr/lib/libjimage.so
7fff63c20000-7fff63c2c000 ---p 00000000 00:00 0 
7fff63c2c000-7fff63e20000 rw-p 00000000 00:00 0 
7fff63e20000-7fff63ec0000 r-xp 00000000 b3:02 1014251                    /usr/lib/aarch64-linux-gnu/libm.so.6
7fff63ec0000-7fff63ecc000 ---p 000a0000 b3:02 1014251                    /usr/lib/aarch64-linux-gnu/libm.so.6
7fff63ecc000-7fff63ed0000 r--p 0009c000 b3:02 1014251                    /usr/lib/aarch64-linux-gnu/libm.so.6
7fff63ed0000-7fff63ed4000 rw-p 000a0000 b3:02 1014251                    /usr/lib/aarch64-linux-gnu/libm.so.6
7fff63ee0000-7fff63ee4000 r-xp 00000000 b3:02 1024174                    /usr/lib/aarch64-linux-gnu/librt.so.1
7fff63ee4000-7fff63efc000 ---p 00004000 b3:02 1024174                    /usr/lib/aarch64-linux-gnu/librt.so.1
7fff63efc000-7fff63f00000 r--p 0000c000 b3:02 1024174                    /usr/lib/aarch64-linux-gnu/librt.so.1
7fff63f00000-7fff63f04000 rw-p 00010000 b3:02 1024174                    /usr/lib/aarch64-linux-gnu/librt.so.1
7fff63f10000-7fff65164000 r-xp 00000000 b3:02 1384226                    /app/extra/jbr/lib/server/libjvm.so
7fff65164000-7fff65180000 ---p 01254000 b3:02 1384226                    /app/extra/jbr/lib/server/libjvm.so
7fff65180000-7fff65260000 r--p 01260000 b3:02 1384226                    /app/extra/jbr/lib/server/libjvm.so
7fff65260000-7fff65294000 rw-p 01340000 b3:02 1384226                    /app/extra/jbr/lib/server/libjvm.so
7fff65294000-7fff6532c000 rw-p 00000000 00:00 0 
7fff6532c000-7fff65330000 rw-p 00000000 00:00 0 
7fff65330000-7fff654dc000 r-xp 00000000 b3:02 1024392                    /usr/lib/aarch64-linux-gnu/libc.so.6
7fff654dc000-7fff654ec000 ---p 001ac000 b3:02 1024392                    /usr/lib/aarch64-linux-gnu/libc.so.6
7fff654ec000-7fff654f0000 r--p 001ac000 b3:02 1024392                    /usr/lib/aarch64-linux-gnu/libc.so.6
7fff654f0000-7fff654f4000 rw-p 001b0000 b3:02 1024392                    /usr/lib/aarch64-linux-gnu/libc.so.6
7fff654f4000-7fff65500000 rw-p 00000000 00:00 0 
7fff65500000-7fff65504000 r--p 00000000 b3:02 1023989                    /usr/lib/locale/C.utf8/LC_NUMERIC
7fff65504000-7fff65508000 r--p 00000000 b3:02 1015907                    /usr/lib/locale/C.utf8/LC_TIME
7fff65508000-7fff6550c000 r--p 00000000 b3:02 1009269                    /usr/lib/locale/C.utf8/LC_COLLATE
7fff6550c000-7fff65510000 r--p 00000000 b3:02 1016180                    /usr/lib/locale/C.utf8/LC_MONETARY
7fff65510000-7fff65514000 r-xp 00000000 b3:02 1014935                    /usr/lib/aarch64-linux-gnu/libdl.so.2
7fff65514000-7fff6552c000 ---p 00004000 b3:02 1014935                    /usr/lib/aarch64-linux-gnu/libdl.so.2
7fff6552c000-7fff65530000 r--p 0000c000 b3:02 1014935                    /usr/lib/aarch64-linux-gnu/libdl.so.2
7fff65530000-7fff65534000 rw-p 00010000 b3:02 1014935                    /usr/lib/aarch64-linux-gnu/libdl.so.2
7fff65534000-7fff65538000 r--p 00000000 b3:02 1015533                    /usr/lib/locale/C.utf8/LC_MESSAGES/SYS_LC_MESSAGES
7fff65538000-7fff6553c000 r--p 00000000 b3:02 1016584                    /usr/lib/locale/C.utf8/LC_PAPER
7fff6553c000-7fff65540000 r--p 00000000 b3:02 1011487                    /usr/lib/locale/C.utf8/LC_NAME
7fff65540000-7fff65544000 r-xp 00000000 b3:02 1018393                    /usr/lib/aarch64-linux-gnu/libpthread.so.0
7fff65544000-7fff6555c000 ---p 00004000 b3:02 1018393                    /usr/lib/aarch64-linux-gnu/libpthread.so.0
7fff6555c000-7fff65560000 r--p 0000c000 b3:02 1018393                    /usr/lib/aarch64-linux-gnu/libpthread.so.0
7fff65560000-7fff65564000 rw-p 00010000 b3:02 1018393                    /usr/lib/aarch64-linux-gnu/libpthread.so.0
7fff65564000-7fff65568000 r--p 00000000 b3:02 1018154                    /usr/lib/locale/C.utf8/LC_ADDRESS
7fff65568000-7fff6556c000 r--p 00000000 b3:02 1015776                    /usr/lib/locale/C.utf8/LC_TELEPHONE
7fff6556c000-7fff65570000 r--p 00000000 b3:02 1015606                    /usr/lib/locale/C.utf8/LC_MEASUREMENT
7fff65570000-7fff65580000 r-xp 00000000 b3:02 1384217                    /app/extra/jbr/lib/libjli.so
7fff65580000-7fff6558c000 ---p 00010000 b3:02 1384217                    /app/extra/jbr/lib/libjli.so
7fff6558c000-7fff65590000 r--p 0000c000 b3:02 1384217                    /app/extra/jbr/lib/libjli.so
7fff65590000-7fff65594000 rw-p 00010000 b3:02 1384217                    /app/extra/jbr/lib/libjli.so
7fff65594000-7fff6559c000 rw-p 00000000 00:00 0 
7fff6559c000-7fff655a0000 ---p 00000000 00:00 0 
7fff655a0000-7fff655b8000 r-xp 00000000 b3:02 1009545                    /usr/lib/aarch64-linux-gnu/libz.so.1.3.1
7fff655b8000-7fff655cc000 ---p 00018000 b3:02 1009545                    /usr/lib/aarch64-linux-gnu/libz.so.1.3.1
7fff655cc000-7fff655d0000 r--p 0001c000 b3:02 1009545                    /usr/lib/aarch64-linux-gnu/libz.so.1.3.1
7fff655d0000-7fff655d4000 rw-p 00020000 b3:02 1009545                    /usr/lib/aarch64-linux-gnu/libz.so.1.3.1
7fff655d4000-7fff655dc000 r--s 00000000 b3:02 1016340                    /usr/lib/aarch64-linux-gnu/gconv/gconv-modules.cache
7fff655dc000-7fff655e4000 rw-p 00000000 00:00 0 
7fff655e4000-7fff655e8000 r--p 00000000 b3:02 1015975                    /usr/lib/locale/C.utf8/LC_IDENTIFICATION
7fff655e8000-7fff655f0000 rw-s 00000000 00:31 363                        /tmp/hsperfdata_xenobyte/674
7fff655f0000-7fff655f4000 ---p 00000000 00:00 0 
7fff655f4000-7fff655f8000 r--p 00000000 00:00 0 
7fff655f8000-7fff65624000 r-xp 00000000 b3:02 1017896                    /usr/lib/aarch64-linux-gnu/ld-linux-aarch64.so.1
7fff65624000-7fff65628000 ---p 00000000 00:00 0 
7fff65628000-7fff65630000 r--p 00000000 00:00 0                          [vvar]
7fff65630000-7fff65634000 r-xp 00000000 00:00 0                          [vdso]
7fff65634000-7fff65638000 r--p 0002c000 b3:02 1017896                    /usr/lib/aarch64-linux-gnu/ld-linux-aarch64.so.1
7fff65638000-7fff6563c000 rw-p 00030000 b3:02 1017896                    /usr/lib/aarch64-linux-gnu/ld-linux-aarch64.so.1
7fffda7d4000-7fffda7f8000 rw-p 00000000 00:00 0                          [stack]
Total number of mappings: 323

JVMTI agents:
/app/extra/lib/idea_rt.jar path:none, loaded, initialized, instrumentlib options:37709


VM Arguments:
jvm_args: -javaagent:/app/extra/lib/idea_rt.jar=37709 -Dfile.encoding=UTF-8 -Dsun.stdout.encoding=UTF-8 -Dsun.stderr.encoding=UTF-8 -Dawt.toolkit.name=XToolkit 
java_command: de.htwsaar.Berta.Main
java_class_path (initial): /home/xenobyte/projects/GameLibrary/target/classes:/home/xenobyte/.m2/repository/org/jooq/jooq/3.19.5/jooq-3.19.5.jar:/home/xenobyte/.m2/repository/io/r2dbc/r2dbc-spi/1.0.0.RELEASE/r2dbc-spi-1.0.0.RELEASE.jar:/home/xenobyte/.m2/repository/org/reactivestreams/reactive-streams/1.0.3/reactive-streams-1.0.3.jar:/home/xenobyte/.m2/repository/org/xerial/sqlite-jdbc/3.45.1.0/sqlite-jdbc-3.45.1.0.jar:/home/xenobyte/.m2/repository/org/slf4j/slf4j-api/1.7.36/slf4j-api-1.7.36.jar:/home/xenobyte/.m2/repository/uk/co/electronstudio/jaylib/jaylib/5.5.0-2/jaylib-5.5.0-2.jar:/home/xenobyte/.m2/repository/com/fasterxml/jackson/core/jackson-databind/2.17.0/jackson-databind-2.17.0.jar:/home/xenobyte/.m2/repository/com/fasterxml/jackson/core/jackson-annotations/2.17.0/jackson-annotations-2.17.0.jar:/home/xenobyte/.m2/repository/com/fasterxml/jackson/core/jackson-core/2.17.0/jackson-core-2.17.0.jar:/home/xenobyte/.m2/repository/net/bytebuddy/byte-buddy/1.14.9/byte-buddy-1.14.9.jar
Launcher Type: SUN_STANDARD

[Global flags]
     intx CICompilerCount                          = 3                                         {product} {ergonomic}
     uint ConcGCThreads                            = 1                                         {product} {ergonomic}
     uint G1ConcRefinementThreads                  = 4                                         {product} {ergonomic}
   size_t G1HeapRegionSize                         = 2097152                                   {product} {ergonomic}
    uintx GCDrainStackTargetSize                   = 64                                        {product} {ergonomic}
   size_t InitialHeapSize                          = 268435456                                 {product} {ergonomic}
   size_t MarkStackSize                            = 4194304                                   {product} {ergonomic}
   size_t MaxHeapSize                              = 4253024256                                {product} {ergonomic}
   size_t MaxNewSize                               = 2550136832                                {product} {ergonomic}
   size_t MinHeapDeltaBytes                        = 2097152                                   {product} {ergonomic}
   size_t MinHeapSize                              = 8388608                                   {product} {ergonomic}
    uintx NonNMethodCodeHeapSize                   = 5832908                                {pd product} {ergonomic}
    uintx NonProfiledCodeHeapSize                  = 122912666                              {pd product} {ergonomic}
    uintx ProfiledCodeHeapSize                     = 122912666                              {pd product} {ergonomic}
    uintx ReservedCodeCacheSize                    = 251658240                              {pd product} {ergonomic}
     bool SegmentedCodeCache                       = true                                      {product} {ergonomic}
   size_t SoftMaxHeapSize                          = 4253024256                             {manageable} {ergonomic}
     bool UseCompressedOops                        = true                           {product lp64_product} {ergonomic}
     bool UseG1GC                                  = true                                      {product} {ergonomic}

Logging:
Log output configuration:
 #0: stdout all=warning uptime,level,tags foldmultilines=false
 #1: stderr all=off uptime,level,tags foldmultilines=false

Release file:
JAVA_VERSION="21.0.9"
MODULES="java.base java.datatransfer java.xml java.prefs java.desktop gluegen.rt java.compiler java.instrument java.logging java.management java.security.sasl java.naming java.rmi java.management.rmi java.net.http java.scripting java.security.jgss java.transaction.xa java.sql java.sql.rowset java.xml.crypto java.se java.smartcardio jogl.all jcef jdk.accessibility jdk.internal.jvmstat jdk.attach jdk.charsets jdk.internal.opt jdk.zipfs jdk.compiler jdk.crypto.ec jdk.crypto.cryptoki jdk.dynalink jdk.hotspot.agent jdk.httpserver jdk.internal.ed jdk.internal.le jdk.internal.vm.ci jdk.javadoc jdk.jcmd jdk.jdwp.agent jdk.jdi jdk.jfr jdk.jsobject jdk.localedata jdk.management jdk.management.agent jdk.management.jfr jdk.naming.dns jdk.naming.rmi jdk.net jdk.sctp jdk.security.auth jdk.security.jgss jdk.unsupported jdk.unsupported.desktop jdk.xml.dom"
IMPLEMENTOR="JetBrains s.r.o."
IMPLEMENTOR_VERSION="JBR-21.0.9+10-1163.94-jcef"
JAVA_RUNTIME_VERSION="21.0.9+10-b1163.94"
LIBC="gnu"
OS_ARCH="aarch64"
OS_NAME="Linux"
SOURCE=".:git:5d82c7fa6abe+ jcef_git:git:4a605f44671a"
JCEF_VERSION="137.0.17.1087+g722a58e"
JCEF_COMMIT_HASH="722a58ea148c6577a6b7e379036edec01083f004"

Environment Variables:
JAVA_HOME=/app/extra/jbr
PATH=/app/bin:/usr/bin:/home/xenobyte/.var/app/com.jetbrains.IntelliJ-IDEA-Community/data/node/bin:/home/xenobyte/.var/app/com.jetbrains.IntelliJ-IDEA-Community/data/cargo/bin:/home/xenobyte/.var/app/com.jetbrains.IntelliJ-IDEA-Community/data/python/bin
XDG_CACHE_HOME=/home/xenobyte/.var/app/com.jetbrains.IntelliJ-IDEA-Community/cache
XDG_CONFIG_HOME=/home/xenobyte/.var/app/com.jetbrains.IntelliJ-IDEA-Community/config
LD_LIBRARY_PATH=
SHELL=/bin/sh
DISPLAY=:0
LANG=C.UTF-8
LC_ALL=C.UTF-8
TERM=xterm-256color

Active Locale:
LC_ALL=C.UTF-8
LC_COLLATE=C.UTF-8
LC_CTYPE=C.UTF-8
LC_MESSAGES=C.UTF-8
LC_MONETARY=C.UTF-8
LC_NUMERIC=C.UTF-8
LC_TIME=C.UTF-8

Signal Handlers:
   SIGSEGV: crash_handler in libjvm.so, mask=11100100010111111101111111111110, flags=SA_RESTART|SA_SIGINFO, unblocked
    SIGBUS: crash_handler in libjvm.so, mask=11100100010111111101111111111110, flags=SA_RESTART|SA_SIGINFO, unblocked
    SIGFPE: crash_handler in libjvm.so, mask=11100100010111111101111111111110, flags=SA_RESTART|SA_SIGINFO, unblocked
   SIGPIPE: javaSignalHandler in libjvm.so, mask=11100100010111111101111111111110, flags=SA_RESTART|SA_SIGINFO, blocked
   SIGXFSZ: javaSignalHandler in libjvm.so, mask=11100100010111111101111111111110, flags=SA_RESTART|SA_SIGINFO, blocked
    SIGILL: crash_handler in libjvm.so, mask=11100100010111111101111111111110, flags=SA_RESTART|SA_SIGINFO, unblocked
   SIGUSR2: SR_handler in libjvm.so, mask=00000000000000000000000000000000, flags=SA_RESTART|SA_SIGINFO, blocked
    SIGHUP: UserHandler in libjvm.so, mask=11100100010111111101111111111110, flags=SA_RESTART|SA_SIGINFO, blocked
    SIGINT: UserHandler in libjvm.so, mask=11100100010111111101111111111110, flags=SA_RESTART|SA_SIGINFO, blocked
   SIGTERM: UserHandler in libjvm.so, mask=11100100010111111101111111111110, flags=SA_RESTART|SA_SIGINFO, blocked
   SIGQUIT: UserHandler in libjvm.so, mask=11100100010111111101111111111110, flags=SA_RESTART|SA_SIGINFO, blocked
   SIGTRAP: crash_handler in libjvm.so, mask=11100100010111111101111111111110, flags=SA_RESTART|SA_SIGINFO, unblocked


Periodic native trim disabled

JNI global refs:
JNI global refs: 14, weak refs: 332

JNI global refs memory usage: 859, weak refs: 4017

Process memory usage:
Resident Set Size: 264560K (1% of 16604080K total physical memory with 13572032K free physical memory)

OOME stack traces (most recent first):
Classloader memory used:
Loader jdk.internal.loader.ClassLoaders$AppClassLoader                                 : 23527K
Loader bootstrap                                                                       : 2829K
Loader jdk.internal.loader.ClassLoaders$PlatformClassLoader                            : 2269K

---------------  S Y S T E M  ---------------

OS:
NAME="Freedesktop SDK"
VERSION="25.08 (Flatpak runtime)"
VERSION_ID=25.08
ID=org.freedesktop.platform
PRETTY_NAME="Freedesktop SDK 25.08 (Flatpak runtime)"
BUG_REPORT_URL=https://gitlab.com/freedesktop-sdk/freedesktop-sdk/issues
uname: Linux 6.12.62+rpt-rpi-2712 #1 SMP PREEMPT Debian 1:6.12.62-1+rpt1 (2025-12-18) aarch64
OS uptime: 0 days 1:12 hours
libc: glibc 2.42 NPTL 2.42 
rlimit (soft/hard): STACK 8192k/infinity , CORE 0k/infinity , NPROC 64521/64521 , NOFILE 524288/524288 , AS infinity/infinity , CPU infinity/infinity , DATA infinity/infinity , FSIZE infinity/infinity , MEMLOCK 8192k/8192k
load average: 3.19 1.71 1.28

/proc/meminfo:
MemTotal:       16604080 kB
MemFree:        11410528 kB
MemAvailable:   13572032 kB
Buffers:           94480 kB
Cached:          2272480 kB
SwapCached:            0 kB
Active:          4241376 kB
Inactive:         577632 kB
Active(anon):    2597088 kB
Inactive(anon):        0 kB
Active(file):    1644288 kB
Inactive(file):   577632 kB
Unevictable:       66160 kB
Mlocked:              32 kB
SwapTotal:       2097136 kB
SwapFree:        2097136 kB
Zswap:                 0 kB
Zswapped:              0 kB
Dirty:              2800 kB
Writeback:             0 kB
AnonPages:       2517760 kB
Mapped:          1063664 kB
Shmem:            145712 kB
KReclaimable:      51664 kB
Slab:             107664 kB
SReclaimable:      51664 kB
SUnreclaim:        56000 kB
KernelStack:       10016 kB
PageTables:        22912 kB
SecPageTables:       160 kB
NFS_Unstable:          0 kB
Bounce:                0 kB
WritebackTmp:          0 kB
CommitLimit:    10399168 kB
Committed_AS:    7493984 kB
VmallocTotal:   68447887360 kB
VmallocUsed:       74496 kB
VmallocChunk:          0 kB
Percpu:             1344 kB
CmaTotal:          65536 kB
CmaFree:           55296 kB

/sys/kernel/mm/transparent_hugepage/enabled: <Not Available>
/sys/kernel/mm/transparent_hugepage/hpage_pmd_size: <Not Available>
/sys/kernel/mm/transparent_hugepage/defrag (defrag/compaction efforts parameter): <Not Available>

Process Memory:
Virtual Size: 7921856K (peak: 8023632K)
Resident Set Size: 264544K (peak: 288384K) (anon: 194496K, file: 69120K, shmem: 928K)
Swapped out: 0K
C-Heap outstanding allocations: 39687K, retained: 87224K
glibc malloc tunables: (default)

/proc/sys/kernel/threads-max (system-wide limit on the number of threads): 129043
/proc/sys/vm/max_map_count (maximum number of memory map areas a process may have): 1048576
/proc/sys/vm/swappiness (control to define how aggressively the kernel swaps out anonymous memory): 60
/proc/sys/kernel/pid_max (system-wide limit on number of process identifiers): 4194304

container information not found.
Steal ticks since vm start: 0
Steal ticks percentage since vm start:  0.000

CPU: total 4 (initial active 4) 0x41:0x4:0xd0b:1, fp, asimd, evtstrm, aes, pmull, sha1, sha256, crc32, lse, dcpop
/proc/cpuinfo:
processor	: 0
BogoMIPS	: 108.00
Features	: fp asimd evtstrm aes pmull sha1 sha2 crc32 atomics fphp asimdhp cpuid asimdrdm lrcpc dcpop asimddp
CPU implementer	: 0x41
CPU architecture: 8
CPU variant	: 0x4
CPU part	: 0xd0b
CPU revision	: 1

processor	: 1
BogoMIPS	: 108.00
Features	: fp asimd evtstrm aes pmull sha1 sha2 crc32 atomics fphp asimdhp cpuid asimdrdm lrcpc dcpop asimddp
CPU implementer	: 0x41
CPU architecture: 8
CPU variant	: 0x4
CPU part	: 0xd0b
CPU revision	: 1

processor	: 2
BogoMIPS	: 108.00
Features	: fp asimd evtstrm aes pmull sha1 sha2 crc32 atomics fphp asimdhp cpuid asimdrdm lrcpc dcpop asimddp
CPU implementer	: 0x41
CPU architecture: 8
CPU variant	: 0x4
CPU part	: 0xd0b
CPU revision	: 1

processor	: 3
BogoMIPS	: 108.00
Features	: fp asimd evtstrm aes pmull sha1 sha2 crc32 atomics fphp asimdhp cpuid asimdrdm lrcpc dcpop asimddp
CPU implementer	: 0x41
CPU architecture: 8
CPU variant	: 0x4
CPU part	: 0xd0b
CPU revision	: 1

Revision	: e04171
Serial		: 9192f57b0739c71a
Model		: Raspberry Pi 5 Model B Rev 1.1

Online cpus: 0-3
Offline cpus: 

Memory: 16k page, physical 16604080k(13572032k free), swap 2097136k(2097136k free)
Page Sizes: 16k

vm_info: OpenJDK 64-Bit Server VM (21.0.9+10-b1163.94) for linux-aarch64 JRE (21.0.9+10-b1163.94), built on 2026-01-12 by "builduser" with gcc 10.3.1 20210422 (Red Hat 10.3.1-1.2.0.1)

END.
