#
# A fatal error has been detected by the Java Runtime Environment:
#
#  SIGSEGV (0xb) at pc=0x00007fff0b956100, pid=319, tid=322
#
# JRE version: OpenJDK Runtime Environment JBR-21.0.9+10-1163.94-jcef (21.0.9+10) (build 21.0.9+10-b1163.94)
# Java VM: OpenJDK 64-Bit Server VM JBR-21.0.9+10-1163.94-jcef (21.0.9+10-b1163.94, mixed mode, sharing, tiered, compressed oops, compressed class ptrs, g1 gc, linux-aarch64)
# Problematic frame:
# C  [libjniRaylib.so+0x1e5e18]  ClearBackground+0x18
#
# No core dump will be written. Core dumps have been disabled. To enable core dumping, try "ulimit -c unlimited" before starting Java again
#
# If you would like to submit a bug report, please visit:
#   https://youtrack.jetbrains.com/issues/JBR
# The crash happened outside the Java Virtual Machine in native code.
# See problematic frame for where to report the bug.
#

---------------  S U M M A R Y ------------

Command Line: -javaagent:/app/extra/lib/idea_rt.jar=34261 -Dfile.encoding=UTF-8 -Dsun.stdout.encoding=UTF-8 -Dsun.stderr.encoding=UTF-8 -Dawt.toolkit.name=XToolkit de.htwsaar.Berta.servicelayer.Application

Host: AArch64, 4 cores, 15G, Freedesktop SDK 25.08 (Flatpak runtime)
Time: Sun Feb  1 15:04:23 2026 GMT elapsed time: 46.022911 seconds (0d 0h 0m 46s)

---------------  T H R E A D  ---------------

Current thread (0x00007fff8c02d290):  JavaThread "main"             [_thread_in_native, id=322, stack(0x00007fff92690000,0x00007fff9288e000) (2040K)]

Stack: [0x00007fff92690000,0x00007fff9288e000],  sp=0x00007fff9288c180,  free space=2032k
Native frames: (J=compiled Java code, j=interpreted, Vv=VM code, C=native code)
C  [libjniRaylib.so+0x1e5e18]  ClearBackground+0x18
C  [libjniRaylib.so+0xb3ef0]  Java_com_raylib_Raylib_ClearBackground+0xd4
J 2327  com.raylib.Raylib.ClearBackground(Lcom/raylib/Raylib$Color;)V (0 bytes) @ 0x00007fff80b0d8f0 [0x00007fff80b0d840+0x00000000000000b0]
j  de.htwsaar.Berta.presentation.WindowManager.run()V+44
j  de.htwsaar.Berta.servicelayer.Application.main([Ljava/lang/String;)V+73
v  ~StubRoutines::call_stub 0x00007fff80498154
V  [libjvm.so+0x82cec8]  JavaCalls::call_helper(JavaValue*, methodHandle const&, JavaCallArguments*, JavaThread*)+0x218
V  [libjvm.so+0x8c3170]  jni_invoke_static(JNIEnv_*, JavaValue*, _jobject*, JNICallType, _jmethodID*, JNI_ArgumentPusher*, JavaThread*) [clone .constprop.1]+0x220
V  [libjvm.so+0x8c4d5c]  jni_CallStaticVoidMethod+0xdc
C  [libjli.so+0x4e58]  JavaMain+0xe88
C  [libjli.so+0x764c]  ThreadJavaMain+0xc
C  [libc.so.6+0x8fdcc]
Java frames: (J=compiled Java code, j=interpreted, Vv=VM code)
J 2327  com.raylib.Raylib.ClearBackground(Lcom/raylib/Raylib$Color;)V (0 bytes) @ 0x00007fff80b0d8f0 [0x00007fff80b0d840+0x00000000000000b0]
j  de.htwsaar.Berta.presentation.WindowManager.run()V+44
j  de.htwsaar.Berta.servicelayer.Application.main([Ljava/lang/String;)V+73
v  ~StubRoutines::call_stub 0x00007fff80498154

siginfo: si_signo: 11 (SIGSEGV), si_code: 1 (SEGV_MAPERR), si_addr: 0x00007fff0b956100

Registers:
R0=0x00007fff0b956100
R1=0x0000000000000050
R2=0x0000000000000050
R3=0x00000000000000ff
R4=0x00000000437f0000
R5=0x0000000000000018
R6=0x00007fff93d5e000
R7=0x0000000000000000
R8=0x0000000000000030
R9=0x00007fff8c02d6d4
R10=0x000000000000000a
R11=0x000000000000000a
R12=0x00007fff55ab9830
R13=0x00007fff8d467680
R14=0x0000000000000000
R15=0x000000000000000a
R16=0x00007fff0b956100
R17=0x00007fff93e17e60
R18=0x0000007800b0f810
R19=0x00007fff9288c250
R20=0x00007fff9288c278
R21=0x00007fff93d71a00
R22=0x00007fff55aa9cf4
R23=0x0000000000000030
R24=0x00007fff9288c2e8
R25=0x0000000703b83a30
R26=0x00007fff55aa9e00
R27=0x0000000000000030
R28=0x00007fff8c02d290
R29=0x00007fff9288c180
R30=0x00007fff64385e1c


Register to memory mapping:

R0 =0x00007fff0b956100 is an unknown value
R1 =0x0000000000000050 is an unknown value
R2 =0x0000000000000050 is an unknown value
R3 =0x00000000000000ff is an unknown value
R4 =0x00000000437f0000 is an unknown value
R5 =0x0000000000000018 is an unknown value
R6 =0x00007fff93d5e000: <offset 0x00000000013de000> in /app/extra/jbr/lib/server/libjvm.so at 0x00007fff92980000
R7 =0x0 is null
R8 =0x0000000000000030 is an unknown value
R9 =0x00007fff8c02d6d4 points into unknown readable memory: 04 00 00 00
R10=0x000000000000000a is an unknown value
R11=0x000000000000000a is an unknown value
R12={method} {0x00007fff55ab9830} 'ClearBackground' '(Lcom/raylib/Raylib$Color;)V' in 'com/raylib/Raylib'
R13=0x00007fff8d467680 points into unknown readable memory: 0x00007fff641a0000 | 00 00 1a 64 ff 7f 00 00
R14=0x0 is null
R15=0x000000000000000a is an unknown value
R16=0x00007fff0b956100 is an unknown value
R17=0x00007fff93e17e60: fflush+0x0000000000000000 in /usr/lib/aarch64-linux-gnu/libc.so.6 at 0x00007fff93da0000
R18={method} {0x0000007800b0f810} 'findNative' '(Ljava/lang/ClassLoader;Ljava/lang/String;)J' in 'java/lang/ClassLoader'
R19=0x00007fff9288c250 is pointing into the stack for thread: 0x00007fff8c02d290
R20=0x00007fff9288c278 is pointing into the stack for thread: 0x00007fff8c02d290
R21=0x00007fff93d71a00: <offset 0x00000000013f1a00> in /app/extra/jbr/lib/server/libjvm.so at 0x00007fff92980000
R22=0x00007fff55aa9cf4 is pointing into metadata
R23=0x0000000000000030 is an unknown value
R24=0x00007fff9288c2e8 is pointing into the stack for thread: 0x00007fff8c02d290
R25=0x0000000703b83a30 is an oop: java.lang.String 
{0x0000000703b83a30} - klass: 'java/lang/String'
 - string: "10"
 - ---- fields (total size 3 words):
 - private 'hash' 'I' @12  0 (0x00000000)
 - private final 'coder' 'B' @16  0 (0x00)
 - private 'hashIsZero' 'Z' @17  false (0x00)
 - injected 'flags' 'B' @18  0 (0x00)
 - private final 'value' '[B' @20  [B{0x0000000703b83a18} (0xe0770743)
R26=0x00007fff55aa9e00 is pointing into metadata
R27=0x0000000000000030 is an unknown value
R28=0x00007fff8c02d290 is a thread
R29=0x00007fff9288c180 is pointing into the stack for thread: 0x00007fff8c02d290
R30=0x00007fff64385e1c: ClearBackground+0x000000000000001c in /home/xenobyte/.javacpp/cache/jaylib-5.5.0-2.jar/com/raylib/linux-arm64/libjniRaylib.so at 0x00007fff641a0000

Top of Stack: (sp=0x00007fff9288c180)
0x00007fff9288c180:   00007fff9288c190 00007fff64253ef0
0x00007fff9288c190:   00007fff9288c240 00007fff80b0d8f0
0x00007fff9288c1a0:   00007fff9288c250 3f80000000000000
0x00007fff9288c1b0:   00007fff9288c240 00007fff9288c1f0
0x00007fff9288c1c0:   00007fff9288c230 00007fff8c02d648
0x00007fff9288c1d0:   00007fff9288c230 0000000000000000
0x00007fff9288c1e0:   00007fff8f44bc90 0000000000000000
0x00007fff9288c1f0:   00000007041892b8 00007fff55aa7660
0x00007fff9288c200:   0000000000000000 00007fff9288c250
0x00007fff9288c210:   00007fff9288c2d0 00007fff8049d62c
0x00007fff9288c220:   0000000000000003 00007fff55aa5800
0x00007fff9288c230:   0000000704349418 00007fff794675b8
0x00007fff9288c240:   00007fff9288c2d0 00007fff8049d17c
0x00007fff9288c250:   0000000703a59f28 0000000703a56af8
0x00007fff9288c260:   0000000703a52a20 0000000703a40ad0
0x00007fff9288c270:   0000000000000000 00000007041892b8
0x00007fff9288c280:   00007fff9288c280 00007fff55aa9cf4
0x00007fff9288c290:   0000000000000003 00007fff55aa9e00
0x00007fff9288c2a0:   00000007042df4c8 00007fff9288c250
0x00007fff9288c2b0:   0000000000000000 00007fff55aa9d30
0x00007fff9288c2c0:   00007fff9288c278 00007fff9288c2b0
0x00007fff9288c2d0:   00007fff9288c340 00007fff8049d17c
0x00007fff9288c2e0:   00000007042df610 00000007042df610
0x00007fff9288c2f0:   00007fff9288c2f0 00007fff54401ed9
0x00007fff9288c300:   0000000000000009 00007fff54407b30
0x00007fff9288c310:   00000007028a5620 00007fff9288c2b0
0x00007fff9288c320:   0000000000000000 00007fff54401f70
0x00007fff9288c330:   00007fff9288c2e8 00007fff9288c380
0x00007fff9288c340:   00007fff9288c470 00007fff80498154
0x00007fff9288c350:   00000007042df610 00000007042de298
0x00007fff9288c360:   00000007042db580 00000007042affd8
0x00007fff9288c370:   000000070fc00c30 00000007028a5690 

Instructions: (pc=0x00007fff64385e18)
0x00007fff64385d18:   ff 7f 0d a9 ff 7f 0e a9 ff 7f 0f a9 e3 ff ff 97
0x00007fff64385d28:   00 00 22 1e 29 19 20 1e e4 ff ff 97 01 00 22 1e
0x00007fff64385d38:   e8 a7 49 a9 e2 63 02 91 46 1c 41 a9 e1 83 00 91
0x00007fff64385d48:   08 19 21 1e e0 03 01 aa 44 14 43 a9 e8 27 02 a9
0x00007fff64385d58:   e6 1f 03 a9 46 1c 44 a9 e4 17 05 a9 44 14 45 a9
0x00007fff64385d68:   e6 1f 06 a9 43 30 40 f9 e4 17 07 a9 e3 43 00 f9
0x00007fff64385d78:   e9 23 18 2d 42 0c 42 a9 e2 0f 04 a9 c0 f9 ff 97
0x00007fff64385d88:   e8 27 41 6d fd 7b d0 a8 c0 03 5f d6 c0 0a 00 b0
0x00007fff64385d98:   00 94 46 f9 00 44 40 b9 c0 03 5f d6 c0 0a 00 b0
0x00007fff64385da8:   00 94 46 f9 00 48 40 b9 c0 03 5f d6 c0 0a 00 b0
0x00007fff64385db8:   21 00 80 52 00 94 46 f9 01 40 00 39 c0 03 5f d6
0x00007fff64385dc8:   1f 20 03 d5 1f 20 03 d5 c0 0a 00 b0 00 94 46 f9
0x00007fff64385dd8:   1f 40 00 39 c0 03 5f d6 c0 0a 00 b0 00 94 46 f9
0x00007fff64385de8:   00 c0 5d 39 c0 03 5f d6 c0 0a 00 b0 00 94 46 f9
0x00007fff64385df8:   00 c4 5d 39 c0 03 5f d6 e1 03 00 2a fd 7b bf a9
0x00007fff64385e08:   03 7c 18 53 fd 03 00 91 22 5c 50 d3 21 3c 48 d3
0x00007fff64385e18:   62 c2 ff 97 fd 7b c1 a8 74 c2 ff 17 fd 7b ba a9
0x00007fff64385e28:   fd 03 00 91 f3 0b 00 f9 d3 0a 00 b0 93 f9 ff 97
0x00007fff64385e38:   73 96 46 f9 01 04 08 4e 62 56 45 fd 61 aa 82 3d
0x00007fff64385e48:   00 38 62 1e 60 5a 05 fd 91 bd ff 97 63 42 46 fc
0x00007fff64385e58:   e0 83 00 91 64 42 47 fc 61 c2 46 fc 66 c2 47 fc
0x00007fff64385e68:   70 38 84 0e 63 78 84 0e 62 42 48 fc 60 c2 48 fc
0x00007fff64385e78:   27 38 86 0e 65 42 49 fc 21 78 86 0e 64 c2 49 fc
0x00007fff64385e88:   46 38 85 0e 42 78 85 0e 05 38 84 0e 00 78 84 0e
0x00007fff64385e98:   f0 1b 02 6d e3 0b 03 6d e7 17 04 6d e1 03 05 6d
0x00007fff64385ea8:   ca be ff 97 f3 0b 40 f9 fd 7b c6 a8 c0 03 5f d6
0x00007fff64385eb8:   1f 20 03 d5 1f 20 03 d5 fd 7b bb a9 fd 03 00 91
0x00007fff64385ec8:   ef d2 ff 97 72 bd ff 97 3c c1 ff 97 60 00 00 34
0x00007fff64385ed8:   fd 7b c5 a8 c0 03 5f d6 c1 0a 00 b0 e0 43 00 91
0x00007fff64385ee8:   21 94 46 f9 23 40 46 fc 24 40 47 fc 21 c0 46 fc
0x00007fff64385ef8:   26 c0 47 fc 70 38 84 0e 63 78 84 0e 22 40 48 fc
0x00007fff64385f08:   20 c0 48 fc 27 38 86 0e 25 40 49 fc 21 78 86 0e 


Stack slot to memory mapping:

stack at sp + 0 slots: 0x00007fff9288c190 is pointing into the stack for thread: 0x00007fff8c02d290
stack at sp + 1 slots: 0x00007fff64253ef0: Java_com_raylib_Raylib_ClearBackground+0x00000000000000d4 in /home/xenobyte/.javacpp/cache/jaylib-5.5.0-2.jar/com/raylib/linux-arm64/libjniRaylib.so at 0x00007fff641a0000
stack at sp + 2 slots: 0x00007fff9288c240 is pointing into the stack for thread: 0x00007fff8c02d290
stack at sp + 3 slots: 0x00007fff80b0d8f0 is at entry_point+176 in (nmethod*)0x00007fff80b0d690
Compiled method (n/a) 46083 2327     n 0       com.raylib.Raylib::ClearBackground (native)
 total in heap  [0x00007fff80b0d690,0x00007fff80b0da08] = 888
 relocation     [0x00007fff80b0d7e0,0x00007fff80b0d810] = 48
 main code      [0x00007fff80b0d840,0x00007fff80b0d9ec] = 428
 stub code      [0x00007fff80b0d9ec,0x00007fff80b0d9f0] = 4
 oops           [0x00007fff80b0d9f0,0x00007fff80b0da00] = 16
 metadata       [0x00007fff80b0da00,0x00007fff80b0da08] = 8
stack at sp + 4 slots: 0x00007fff9288c250 is pointing into the stack for thread: 0x00007fff8c02d290
stack at sp + 5 slots: 0x3f80000000000000 is an unknown value
stack at sp + 6 slots: 0x00007fff9288c240 is pointing into the stack for thread: 0x00007fff8c02d290
stack at sp + 7 slots: 0x00007fff9288c1f0 is pointing into the stack for thread: 0x00007fff8c02d290


Compiled method (n/a) 46084 2327     n 0       com.raylib.Raylib::ClearBackground (native)
 total in heap  [0x00007fff80b0d690,0x00007fff80b0da08] = 888
 relocation     [0x00007fff80b0d7e0,0x00007fff80b0d810] = 48
 main code      [0x00007fff80b0d840,0x00007fff80b0d9ec] = 428
 stub code      [0x00007fff80b0d9ec,0x00007fff80b0d9f0] = 4
 oops           [0x00007fff80b0d9f0,0x00007fff80b0da00] = 16
 metadata       [0x00007fff80b0da00,0x00007fff80b0da08] = 8

[Constant Pool (empty)]

[MachCode]
[Entry Point]
  # {method} {0x00007fff55ab9830} 'ClearBackground' '(Lcom/raylib/Raylib$Color;)V' in 'com/raylib/Raylib'
  # parm0:    c_rarg1:c_rarg1 
                        = 'com/raylib/Raylib$Color'
  #           [sp+0x60]  (sp of caller)
  0x00007fff80b0d840: 2808 40b9 | 3f01 086b | 4000 0054 

  0x00007fff80b0d84c: ;   {runtime_call ic_miss_stub}
  0x00007fff80b0d84c: 8d19 e717 
[Verified Entry Point]
  0x00007fff80b0d850: 1f20 03d5 | e953 40d1 | 3f01 00f9 | fd7b bfa9 | fd03 0091 | ff43 01d1 | 2801 0018 | 8923 40b9 
  0x00007fff80b0d870: 1f01 09eb | e000 0054 | 0830 9bd2 | a809 b0f2 | e8ff cff2 | 0001 3fd6 | 0200 0014 | 0300 0000 
  0x00007fff80b0d890: e103 00f9 | 3f00 1feb | e203 00d1 | e203 829a 

  0x00007fff80b0d8a0: ;   {oop(a 'java/lang/Class'{0x0000000704349418} = 'com/raylib/Raylib')}
  0x00007fff80b0d8a0: 0183 92d2 | 8186 a0f2 | e100 c0f2 | e123 00f9 | e103 0191 | e801 0010 | 88d3 01f9 | e803 0091 
  0x00007fff80b0d8c0: 88cf 01f9 

  0x00007fff80b0d8c4: ;   {external_word}
  0x00007fff80b0d8c4: 4890 09d0 | 0815 5439 | 0806 0035 | 80e3 0e91 | e803 7eb2 | 8913 1191 | 28fd 9f88 

  0x00007fff80b0d8e0: ;   {runtime_call Java_com_raylib_Raylib_ClearBackground}
  0x00007fff80b0d8e0: 88c3 87d2 | a884 acf2 | e8ff cff2 | 0001 3fd6 | a800 80d2 | 8847 04b9 | bf3b 03d5 | 8823 1191 
  0x00007fff80b0d900: 08fd dfc8 | bf03 08eb | 6803 0054 | 8843 44b9 | 2803 0035 | e803 7db2 | 8913 1191 | 28fd 9f88 
  0x00007fff80b0d920: 8803 5339 | 1f09 0071 | c001 0054 

  0x00007fff80b0d92c: ;   {external_word}
  0x00007fff80b0d92c: 4890 09d0 | 0815 5439 | 6804 0035 | 9fcf 01f9 | 9fd3 01f9 | 8217 42f9 | 5f80 00f9 | bf03 0091 
  0x00007fff80b0d94c: fd7b c1a8 | 8807 40f9 | 4800 00b5 | c003 5fd6 

  0x00007fff80b0d95c: ;   {runtime_call StubRoutines (initial stubs)}
  0x00007fff80b0d95c: c929 e617 

  0x00007fff80b0d960: ;   {runtime_call SharedRuntime::reguard_yellow_pages()}
  0x00007fff80b0d960: 08aa 94d2 | c86b b2f2 | e8ff cff2 | 0001 3fd6 | efff ff17 | e003 1caa 

  0x00007fff80b0d978: ;   {runtime_call JavaThread::check_special_condition_for_native_trans(JavaThread*)}
  0x00007fff80b0d978: 88f4 87d2 | 8863 b2f2 | e8ff cff2 | 0001 3fd6 | e3ff ff17 | e10b bfa9 

  0x00007fff80b0d990: ;   {metadata({method} {0x00007fff55ab9830} 'ClearBackground' '(Lcom/raylib/Raylib$Color;)V' in 'com/raylib/Raylib')}
  0x00007fff80b0d990: 0106 93d2 | 61b5 aaf2 | e1ff cff2 | e003 1caa | e833 bfa9 | 08e8 92d2 | c86b b2f2 | e8ff cff2 
  0x00007fff80b0d9b0: 0001 3fd6 | e833 c1a8 | e10b c1a8 | c5ff ff17 

  0x00007fff80b0d9c0: ;   {metadata({method} {0x00007fff55ab9830} 'ClearBackground' '(Lcom/raylib/Raylib$Color;)V' in 'com/raylib/Raylib')}
  0x00007fff80b0d9c0: 0106 93d2 | 61b5 aaf2 | e1ff cff2 | e003 1caa | e833 bfa9 | 08ec 92d2 | c86b b2f2 | e8ff cff2 
  0x00007fff80b0d9e0: 0001 3fd6 | e833 c1a8 | d4ff ff17 
[Stub Code]
  0x00007fff80b0d9ec: 0000 0000 
[/MachCode]


---------------  P R O C E S S  ---------------

Threads class SMR info:
_java_thread_list=0x00007ffef40034f0, length=19, elements={
0x00007fff8c02d290, 0x00007fff8c123ac0, 0x00007fff8c126d20, 0x00007fff8c128320,
0x00007fff8c129ac0, 0x00007fff8c12b120, 0x00007fff8c12c6d0, 0x00007fff8c12e1b0,
0x00007fff8c12f880, 0x00007fff8c207350, 0x00007fff8c208110, 0x00007fff8c298d50,
0x00007fff8ce75af0, 0x00007fff0c00b5e0, 0x00007fff0c00dab0, 0x00007fff8d4bea90,
0x00007fff8c75b720, 0x00007ffef4001100, 0x00007ffef4002330
}

Java Threads: ( => current thread )
=>0x00007fff8c02d290 JavaThread "main"                              [_thread_in_native, id=322, stack(0x00007fff92690000,0x00007fff9288e000) (2040K)]
  0x00007fff8c123ac0 JavaThread "Common-Cleaner"             daemon [_thread_blocked, id=330, stack(0x00007fff7486c000,0x00007fff74a6c000) (2048K)]
  0x00007fff8c126d20 JavaThread "Reference Handler"          daemon [_thread_blocked, id=331, stack(0x00007fff7466c000,0x00007fff7486c000) (2048K)]
  0x00007fff8c128320 JavaThread "Finalizer"                  daemon [_thread_blocked, id=332, stack(0x00007fff7446c000,0x00007fff7466c000) (2048K)]
  0x00007fff8c129ac0 JavaThread "Signal Dispatcher"          daemon [_thread_blocked, id=333, stack(0x00007fff7426c000,0x00007fff7446c000) (2048K)]
  0x00007fff8c12b120 JavaThread "Service Thread"             daemon [_thread_blocked, id=334, stack(0x00007fff7406c000,0x00007fff7426c000) (2048K)]
  0x00007fff8c12c6d0 JavaThread "Monitor Deflation Thread"   daemon [_thread_blocked, id=335, stack(0x00007fff65e00000,0x00007fff66000000) (2048K)]
  0x00007fff8c12e1b0 JavaThread "C2 CompilerThread0"         daemon [_thread_blocked, id=336, stack(0x00007fff65c00000,0x00007fff65e00000) (2048K)]
  0x00007fff8c12f880 JavaThread "C1 CompilerThread0"         daemon [_thread_blocked, id=337, stack(0x00007fff65a00000,0x00007fff65c00000) (2048K)]
  0x00007fff8c207350 JavaThread "Monitor Ctrl-Break"         daemon [_thread_in_native, id=338, stack(0x00007fff657d0000,0x00007fff659d0000) (2048K)]
  0x00007fff8c208110 JavaThread "Notification Thread"        daemon [_thread_blocked, id=339, stack(0x00007fff655d0000,0x00007fff657d0000) (2048K)]
  0x00007fff8c298d50 JavaThread "process reaper"             daemon [_thread_blocked, id=343, stack(0x00007fff6553c000,0x00007fff65570000) (208K)]
  0x00007fff8ce75af0 JavaThread "HttpClient-1-SelectorManager" daemon [_thread_in_native, id=361, stack(0x00007fff649f0000,0x00007fff64bf0000) (2048K)]
  0x00007fff0c00b5e0 JavaThread "HttpClient-1-Worker-0"      daemon [_thread_blocked, id=362, stack(0x00007fff64730000,0x00007fff64930000) (2048K)]
  0x00007fff0c00dab0 JavaThread "HttpClient-1-Worker-1"      daemon [_thread_blocked, id=363, stack(0x00007fff64530000,0x00007fff64730000) (2048K)]
  0x00007fff8d4bea90 JavaThread "JavaCPP Deallocator"        daemon [_thread_blocked, id=377, stack(0x00007fff6533c000,0x00007fff6553c000) (2048K)]
  0x00007fff8c75b720 JavaThread "HttpClient-2-SelectorManager" daemon [_thread_in_native, id=399, stack(0x00007ffefa4a0000,0x00007ffefa6a0000) (2048K)]
  0x00007ffef4001100 JavaThread "HttpClient-2-Worker-0"      daemon [_thread_blocked, id=400, stack(0x00007ffefa2a0000,0x00007ffefa4a0000) (2048K)]
  0x00007ffef4002330 JavaThread "HttpClient-2-Worker-1"      daemon [_thread_blocked, id=401, stack(0x00007ffefa0a0000,0x00007ffefa2a0000) (2048K)]
Total: 19

Other Threads:
  0x00007fff8c119630 VMThread "VM Thread"                           [id=329, stack(0x00007fff74ad8000,0x00007fff74cd8000) (2048K)]
  0x00007fff8c107350 WatcherThread "VM Periodic Task Thread"        [id=328, stack(0x00007fff74ce8000,0x00007fff74ee8000) (2048K)]
  0x00007fff8c07c0b0 WorkerThread "GC Thread#0"                     [id=323, stack(0x00007fff90dcc000,0x00007fff90fcc000) (2048K)]
  0x00007fff4c0068a0 WorkerThread "GC Thread#1"                     [id=346, stack(0x00007fff65020000,0x00007fff65220000) (2048K)]
  0x00007fff4c007110 WorkerThread "GC Thread#2"                     [id=347, stack(0x00007fff64e10000,0x00007fff65010000) (2048K)]
  0x00007fff4c007a70 WorkerThread "GC Thread#3"                     [id=348, stack(0x00007fff64c00000,0x00007fff64e00000) (2048K)]
  0x00007fff8c08d2c0 ConcurrentGCThread "G1 Main Marker"            [id=324, stack(0x00007fff90bbc000,0x00007fff90dbc000) (2048K)]
  0x00007fff8c08e270 WorkerThread "G1 Conc#0"                       [id=325, stack(0x00007fff909ac000,0x00007fff90bac000) (2048K)]
  0x00007fff8c0f47e0 ConcurrentGCThread "G1 Refine#0"               [id=326, stack(0x00007fff9038c000,0x00007fff9058c000) (2048K)]
  0x00007fff8c0f57b0 ConcurrentGCThread "G1 Service"                [id=327, stack(0x00007fff9017c000,0x00007fff9037c000) (2048K)]
Total: 10

Threads with active compile tasks:
Total: 0

VM state: not at safepoint (normal execution)

VM Mutex/Monitor currently owned by a thread: None

Heap address: 0x0000000702800000, size: 4056 MB, Compressed Oops mode: Zero based, Oop shift amount: 3

CDS archive(s) mapped at: [0x0000007800000000-0x0000007801c90000-0x0000007801c90000), size 29949952, SharedBaseAddress: 0x0000007800000000, ArchiveRelocationMode: 1.
Compressed class space mapped at: 0x0000007802000000-0x0000007842000000, reserved size: 1073741824
Narrow klass base: 0x0000007800000000, Narrow klass shift: 0, Narrow klass range: 0x100000000

GC Precious Log:
 CardTable entry size: 512
 Card Set container configuration: InlinePtr #cards 4 size 8 Array Of Cards #cards 16 size 48 Howl #buckets 8 coarsen threshold 3686 Howl Bitmap #cards 512 size 80 coarsen threshold 460 Card regions per heap region 1 cards per card region 4096
 CPUs: 4 total, 4 available
 Memory: 16214M
 Large Page Support: Disabled
 NUMA Support: Disabled
 Compressed Oops: Enabled (Zero based)
 Heap Region Size: 2M
 Heap Min Capacity: 8M
 Heap Initial Capacity: 256M
 Heap Max Capacity: 4056M
 Pre-touch: Disabled
 Parallel Workers: 4
 Concurrent Workers: 1
 Concurrent Refinement Workers: 4
 Periodic GC: Disabled

Heap:
 garbage-first heap   total 40960K, used 20924K [0x0000000702800000, 0x0000000800000000)
  region size 2048K, 9 young (18432K), 2 survivors (4096K)
 Metaspace       used 29535K, committed 29824K, reserved 1114112K
  class space    used 2306K, committed 2432K, reserved 1048576K

Heap Regions: E=young(eden), S=young(survivor), O=old, HS=humongous(starts), HC=humongous(continues), CS=collection set, F=free, TAMS=top-at-mark-start, PB=parsable bottom
|   0|0x0000000702800000, 0x0000000702a00000, 0x0000000702a00000|100%| O|  |TAMS 0x0000000702800000| PB 0x0000000702800000| Untracked 
|   1|0x0000000702a00000, 0x0000000702a78100, 0x0000000702c00000| 23%| O|  |TAMS 0x0000000702a00000| PB 0x0000000702a00000| Untracked 
|   2|0x0000000702c00000, 0x0000000702c00000, 0x0000000702e00000|  0%| F|  |TAMS 0x0000000702c00000| PB 0x0000000702c00000| Untracked 
|   3|0x0000000702e00000, 0x0000000702e00000, 0x0000000703000000|  0%| F|  |TAMS 0x0000000702e00000| PB 0x0000000702e00000| Untracked 
|   4|0x0000000703000000, 0x0000000703000000, 0x0000000703200000|  0%| F|  |TAMS 0x0000000703000000| PB 0x0000000703000000| Untracked 
|   5|0x0000000703200000, 0x0000000703200000, 0x0000000703400000|  0%| F|  |TAMS 0x0000000703200000| PB 0x0000000703200000| Untracked 
|   6|0x0000000703400000, 0x0000000703400000, 0x0000000703600000|  0%| F|  |TAMS 0x0000000703400000| PB 0x0000000703400000| Untracked 
|   7|0x0000000703600000, 0x0000000703600000, 0x0000000703800000|  0%| F|  |TAMS 0x0000000703600000| PB 0x0000000703600000| Untracked 
|   8|0x0000000703800000, 0x0000000703800000, 0x0000000703a00000|  0%| F|  |TAMS 0x0000000703800000| PB 0x0000000703800000| Untracked 
|   9|0x0000000703a00000, 0x0000000703c00000, 0x0000000703c00000|100%| E|  |TAMS 0x0000000703a00000| PB 0x0000000703a00000| Complete 
|  10|0x0000000703c00000, 0x0000000703e00000, 0x0000000703e00000|100%| E|CS|TAMS 0x0000000703c00000| PB 0x0000000703c00000| Complete 
|  11|0x0000000703e00000, 0x0000000704000000, 0x0000000704000000|100%| E|CS|TAMS 0x0000000703e00000| PB 0x0000000703e00000| Complete 
|  12|0x0000000704000000, 0x0000000704200000, 0x0000000704200000|100%| E|CS|TAMS 0x0000000704000000| PB 0x0000000704000000| Complete 
|  13|0x0000000704200000, 0x0000000704400000, 0x0000000704400000|100%| E|CS|TAMS 0x0000000704200000| PB 0x0000000704200000| Complete 
|  14|0x0000000704400000, 0x0000000704600000, 0x0000000704600000|100%| E|CS|TAMS 0x0000000704400000| PB 0x0000000704400000| Complete 
| 105|0x000000070fa00000, 0x000000070fbc5a80, 0x000000070fc00000| 88%| S|CS|TAMS 0x000000070fa00000| PB 0x000000070fa00000| Complete 
| 106|0x000000070fc00000, 0x000000070fe00000, 0x000000070fe00000|100%| S|CS|TAMS 0x000000070fc00000| PB 0x000000070fc00000| Complete 
| 127|0x0000000712600000, 0x0000000712800000, 0x0000000712800000|100%| E|CS|TAMS 0x0000000712600000| PB 0x0000000712600000| Complete 
|2026|0x00000007ffc00000, 0x00000007ffe00000, 0x00000007ffe00000|100%| O|  |TAMS 0x00000007ffc00000| PB 0x00000007ffc00000| Untracked 
|2027|0x00000007ffe00000, 0x00000007ffe31850, 0x0000000800000000|  9%| O|Cm|TAMS 0x00000007ffe00000| PB 0x00000007ffe00000| Complete 

Card table byte_map: [0x00007fff91010000,0x00007fff917fc000] _byte_map_base: 0x00007fff8d7fc000

Marking Bits: (CMBitMap*) 0x00007fff8c07cbe0
 Bits: [0x00007fff75004000, 0x00007fff78f64000)

Polling page: 0x00007fff94054000

Metaspace:

Usage:
  Non-class:     26.59 MB used.
      Class:      2.25 MB used.
       Both:     28.84 MB used.

Virtual space:
  Non-class space:       64.00 MB reserved,      26.75 MB ( 42%) committed,  1 nodes.
      Class space:        1.00 GB reserved,       2.38 MB ( <1%) committed,  1 nodes.
             Both:        1.06 GB reserved,      29.12 MB (  3%) committed. 

Chunk freelists:
   Non-Class:  3.70 MB
       Class:  13.57 MB
        Both:  17.28 MB

MaxMetaspaceSize: unlimited
CompressedClassSpaceSize: 1.00 GB
Initial GC threshold: 21.00 MB
Current GC threshold: 36.25 MB
CDS: on
 - commit_granule_bytes: 65536.
 - commit_granule_words: 8192.
 - virtual_space_node_default_size: 8388608.
 - enlarge_chunks_in_place: 1.
 - use_allocation_guard: 0.


Internal statistics:

num_allocs_failed_limit: 9.
num_arena_births: 276.
num_arena_deaths: 0.
num_vsnodes_births: 2.
num_vsnodes_deaths: 0.
num_space_committed: 463.
num_space_uncommitted: 0.
num_chunks_returned_to_freelist: 9.
num_chunks_taken_from_freelist: 1263.
num_chunk_merges: 9.
num_chunk_splits: 1023.
num_chunks_enlarged: 862.
num_inconsistent_stats: 0.

CodeHeap 'non-profiled nmethods': size=120032Kb used=1005Kb max_used=1005Kb free=119026Kb
 bounds [0x00007fff80a2c000, 0x00007fff80c9c000, 0x00007fff87f64000]
CodeHeap 'profiled nmethods': size=120016Kb used=5347Kb max_used=5347Kb free=114668Kb
 bounds [0x00007fff78f64000, 0x00007fff794a4000, 0x00007fff80498000]
CodeHeap 'non-nmethods': size=5712Kb used=1476Kb max_used=1500Kb free=4235Kb
 bounds [0x00007fff80498000, 0x00007fff80708000, 0x00007fff80a2c000]
CodeCache: size=245760Kb, used=7828Kb, max_used=7852Kb, free=237929Kb
 total_blobs=3147, nmethods=2502, adapters=553, full_count=0
Compilation: enabled, stopped_count=0, restarted_count=0

Compilation events (20 events):
Event: 43.944 Thread 0x00007fff8c12f880 2496       3       org.jooq.tools.StringUtils::defaultIfNull (10 bytes)
Event: 43.944 Thread 0x00007fff8c12f880 nmethod 2496 0x00007fff79492a10 code [0x00007fff79492bc0, 0x00007fff79492ce8]
Event: 43.944 Thread 0x00007fff8c12f880 2497       3       org.jooq.impl.AbstractNamed::getUnqualifiedName (10 bytes)
Event: 43.944 Thread 0x00007fff8c12f880 nmethod 2497 0x00007fff79492d90 code [0x00007fff79492f40, 0x00007fff79493158]
Event: 43.944 Thread 0x00007fff8c12f880 2498       1       org.jooq.impl.AbstractContext::declareWindows (5 bytes)
Event: 43.944 Thread 0x00007fff8c12f880 nmethod 2498 0x00007fff80b26b90 code [0x00007fff80b26d00, 0x00007fff80b26da8]
Event: 43.944 Thread 0x00007fff8c12f880 2499       1       org.jooq.impl.AbstractContext::declareCTE (5 bytes)
Event: 43.944 Thread 0x00007fff8c12f880 nmethod 2499 0x00007fff80b26e90 code [0x00007fff80b27000, 0x00007fff80b270a8]
Event: 43.944 Thread 0x00007fff8c12f880 2500       1       org.jooq.impl.QualifiedName::unqualifiedName (5 bytes)
Event: 43.944 Thread 0x00007fff8c12f880 nmethod 2500 0x00007fff80b27190 code [0x00007fff80b27300, 0x00007fff80b273a8]
Event: 43.944 Thread 0x00007fff8c12f880 2501       3       java.util.regex.Pattern::sequence (647 bytes)
Event: 43.946 Thread 0x00007fff8c12f880 nmethod 2501 0x00007fff79493210 code [0x00007fff79493ac0, 0x00007fff79496d10]
Event: 43.971 Thread 0x00007fff8c12f880 2502       3       java.nio.charset.CoderResult::isOverflow (14 bytes)
Event: 43.971 Thread 0x00007fff8c12f880 nmethod 2502 0x00007fff79497d10 code [0x00007fff79497ec0, 0x00007fff79498030]
Event: 44.690 Thread 0x00007fff8c12f880 2503       3       de.htwsaar.Berta.presentation.SelectionScreen::handleSelection (92 bytes)
Event: 44.692 Thread 0x00007fff8c12f880 nmethod 2503 0x00007fff79498110 code [0x00007fff794985c0, 0x00007fff79499b98]
Event: 44.692 Thread 0x00007fff8c12f880 2504       3       de.htwsaar.Berta.presentation.SelectionScreen::drawPaginationInfo (79 bytes)
Event: 44.693 Thread 0x00007fff8c12f880 nmethod 2504 0x00007fff7949a490 code [0x00007fff7949a8c0, 0x00007fff7949beb0]
Event: 44.693 Thread 0x00007fff8c12f880 2505       3       de.htwsaar.Berta.presentation.SelectionScreen::drawSearchBar (77 bytes)
Event: 44.694 Thread 0x00007fff8c12f880 nmethod 2505 0x00007fff7949c710 code [0x00007fff7949c900, 0x00007fff7949cc40]

GC Heap History (6 events):
Event: 1.040 GC heap before
{Heap before GC invocations=0 (full 0):
 garbage-first heap   total 266240K, used 12486K [0x0000000702800000, 0x0000000800000000)
  region size 2048K, 6 young (12288K), 0 survivors (0K)
 Metaspace       used 4363K, committed 4480K, reserved 1114112K
  class space    used 233K, committed 320K, reserved 1048576K
}
Event: 1.054 GC heap after
{Heap after GC invocations=1 (full 0):
 garbage-first heap   total 266240K, used 4768K [0x0000000702800000, 0x0000000800000000)
  region size 2048K, 1 young (2048K), 1 survivors (2048K)
 Metaspace       used 4363K, committed 4480K, reserved 1114112K
  class space    used 233K, committed 320K, reserved 1048576K
}
Event: 2.046 GC heap before
{Heap before GC invocations=1 (full 0):
 garbage-first heap   total 266240K, used 17056K [0x0000000702800000, 0x0000000800000000)
  region size 2048K, 7 young (14336K), 1 survivors (2048K)
 Metaspace       used 13225K, committed 13504K, reserved 1114112K
  class space    used 705K, committed 832K, reserved 1048576K
}
Event: 2.061 GC heap after
{Heap after GC invocations=2 (full 0):
 garbage-first heap   total 266240K, used 5368K [0x0000000702800000, 0x0000000800000000)
  region size 2048K, 1 young (2048K), 1 survivors (2048K)
 Metaspace       used 13225K, committed 13504K, reserved 1114112K
  class space    used 705K, committed 832K, reserved 1048576K
}
Event: 3.979 GC heap before
{Heap before GC invocations=2 (full 0):
 garbage-first heap   total 266240K, used 42232K [0x0000000702800000, 0x0000000800000000)
  region size 2048K, 21 young (43008K), 1 survivors (2048K)
 Metaspace       used 21292K, committed 21504K, reserved 1114112K
  class space    used 1535K, committed 1664K, reserved 1048576K
}
Event: 3.998 GC heap after
{Heap after GC invocations=3 (full 0):
 garbage-first heap   total 266240K, used 8636K [0x0000000702800000, 0x0000000800000000)
  region size 2048K, 2 young (4096K), 2 survivors (4096K)
 Metaspace       used 21292K, committed 21504K, reserved 1114112K
  class space    used 1535K, committed 1664K, reserved 1048576K
}

Dll operation events (11 events):
Event: 0.002 Loaded shared library /app/extra/jbr/lib/libjava.so
Event: 0.101 Loaded shared library /app/extra/jbr/lib/libzip.so
Event: 0.130 Loaded shared library /app/extra/jbr/lib/libnio.so
Event: 0.145 Loaded shared library /app/extra/jbr/lib/libinstrument.so
Event: 0.161 Loaded shared library /app/extra/jbr/lib/libzip.so
Event: 0.193 Loaded shared library /app/extra/jbr/lib/libnet.so
Event: 0.194 Loaded shared library /app/extra/jbr/lib/libjimage.so
Event: 0.198 Loaded shared library /app/extra/jbr/lib/libextnet.so
Event: 0.275 Loaded shared library /app/extra/jbr/lib/libverify.so
Event: 0.751 Loaded shared library /tmp/sqlite-3.45.1.0-5243a6d2-4db2-4094-bea4-55168c991da7-libsqlitejdbc.so
Event: 4.814 Loaded shared library /home/xenobyte/.javacpp/cache/jaylib-5.5.0-2.jar/com/raylib/linux-arm64/libjniRaylib.so

Deoptimization events (20 events):
Event: 5.037 Thread 0x00007fff8c02d290 DEOPT PACKING pc=0x00007fff80aa5f60 sp=0x00007fff9288b800
Event: 5.037 Thread 0x00007fff8c02d290 DEOPT UNPACKING pc=0x00007fff804db01c sp=0x00007fff9288b7a0 mode 2
Event: 5.542 Thread 0x00007fff8c02d290 DEOPT PACKING pc=0x00007fff793f9774 sp=0x00007fff9288b9b0
Event: 5.542 Thread 0x00007fff8c02d290 DEOPT UNPACKING pc=0x00007fff804dae7c sp=0x00007fff9288b630 mode 0
Event: 5.944 Thread 0x00007fff8c02d290 DEOPT PACKING pc=0x00007fff793f9774 sp=0x00007fff9288ba40
Event: 5.944 Thread 0x00007fff8c02d290 DEOPT UNPACKING pc=0x00007fff804dae7c sp=0x00007fff9288b6c0 mode 0
Event: 37.920 Thread 0x00007fff8c02d290 DEOPT PACKING pc=0x00007fff794675b8 sp=0x00007fff9288c120
Event: 37.920 Thread 0x00007fff8c02d290 DEOPT UNPACKING pc=0x00007fff804dae7c sp=0x00007fff9288be90 mode 3
Event: 37.921 Thread 0x00007fff8c02d290 Uncommon trap: trap_request=0xffffff45 fr.pc=0x00007fff80b18154 relative=0x0000000000000054
Event: 37.921 Thread 0x00007fff8c02d290 Uncommon trap: reason=unstable_if action=reinterpret pc=0x00007fff80b18154 method=java.util.Formatter$Conversion.isValid(C)Z @ 1 c2
Event: 37.921 Thread 0x00007fff8c02d290 DEOPT PACKING pc=0x00007fff80b18154 sp=0x00007fff9288b900
Event: 37.921 Thread 0x00007fff8c02d290 DEOPT UNPACKING pc=0x00007fff804db01c sp=0x00007fff9288b890 mode 2
Event: 37.921 Thread 0x00007fff8c02d290 Uncommon trap: trap_request=0xffffff45 fr.pc=0x00007fff80b18548 relative=0x0000000000000108
Event: 37.921 Thread 0x00007fff8c02d290 Uncommon trap: reason=unstable_if action=reinterpret pc=0x00007fff80b18548 method=java.util.Formatter$FormatSpecifier.print(Ljava/util/Formatter;Ljava/lang/Object;Ljava/util/Locale;)V @ 19 c2
Event: 37.921 Thread 0x00007fff8c02d290 DEOPT PACKING pc=0x00007fff80b18548 sp=0x00007fff9288ba40
Event: 37.921 Thread 0x00007fff8c02d290 DEOPT UNPACKING pc=0x00007fff804db01c sp=0x00007fff9288b9c0 mode 2
Event: 37.921 Thread 0x00007fff8c02d290 Uncommon trap: trap_request=0xffffff45 fr.pc=0x00007fff80b17898 relative=0x0000000000000418
Event: 37.921 Thread 0x00007fff8c02d290 Uncommon trap: reason=unstable_if action=reinterpret pc=0x00007fff80b17898 method=java.lang.AbstractStringBuilder.append(Ljava/lang/CharSequence;)Ljava/lang/AbstractStringBuilder; @ 13 c2
Event: 37.921 Thread 0x00007fff8c02d290 DEOPT PACKING pc=0x00007fff80b17898 sp=0x00007fff9288b7f0
Event: 37.921 Thread 0x00007fff8c02d290 DEOPT UNPACKING pc=0x00007fff804db01c sp=0x00007fff9288b6d0 mode 2

Classes loaded (20 events):
Event: 3.567 Loading class sun/security/validator/CamerfirmaTLSPolicy
Event: 3.567 Loading class sun/security/validator/CamerfirmaTLSPolicy done
Event: 3.619 Loading class jdk/internal/event/TLSHandshakeEvent
Event: 3.619 Loading class jdk/internal/event/TLSHandshakeEvent done
Event: 3.850 Loading class java/net/Authenticator$RequestorType
Event: 3.851 Loading class java/net/Authenticator$RequestorType done
Event: 4.700 Loading class javax/xml/parsers/ParserConfigurationException
Event: 4.700 Loading class javax/xml/parsers/ParserConfigurationException done
Event: 4.700 Loading class org/w3c/dom/Node
Event: 4.701 Loading class org/w3c/dom/Node done
Event: 4.701 Loading class org/xml/sax/Attributes
Event: 4.701 Loading class org/xml/sax/Attributes done
Event: 4.701 Loading class org/xml/sax/SAXException
Event: 4.701 Loading class org/xml/sax/SAXException done
Event: 4.701 Loading class org/xml/sax/ErrorHandler
Event: 4.701 Loading class org/xml/sax/ErrorHandler done
Event: 4.809 Loading class java/time/zone/ZoneOffsetTransitionRule$TimeDefinition
Event: 4.809 Loading class java/time/zone/ZoneOffsetTransitionRule$TimeDefinition done
Event: 4.810 Loading class java/time/temporal/TemporalAdjusters
Event: 4.811 Loading class java/time/temporal/TemporalAdjusters done

Classes unloaded (0 events):
No events

Classes redefined (0 events):
No events

Internal exceptions (20 events):
Event: 2.709 Thread 0x00007fff8c02d290 Exception <a 'java/lang/NoSuchMethodError'{0x0000000711627c30}: 'java.lang.Object java.lang.invoke.DirectMethodHandle$Holder.invokeSpecial(java.lang.Object, java.lang.Object, int, java.lang.Object, java.lang.Object)'> (0x0000000711627c30) 
thrown [src/hotspot/share/interpreter/linkResolver.cpp, line 783]
Event: 2.710 Thread 0x00007fff8c02d290 Exception <a 'java/lang/NoSuchMethodError'{0x000000071162b5c0}: 'java.lang.Object java.lang.invoke.DelegatingMethodHandle$Holder.delegate(java.lang.Object, int, java.lang.Object, java.lang.Object)'> (0x000000071162b5c0) 
thrown [src/hotspot/share/interpreter/linkResolver.cpp, line 783]
Event: 2.713 Thread 0x00007fff8c02d290 Exception <a 'java/lang/NoSuchMethodError'{0x000000071163ad78}: 'int java.lang.invoke.Invokers$Holder.linkToTargetMethod(java.lang.Object, java.lang.Object, java.lang.Object)'> (0x000000071163ad78) 
thrown [src/hotspot/share/interpreter/linkResolver.cpp, line 783]
Event: 2.719 Thread 0x00007fff8c02d290 Exception <a 'java/lang/NoSuchMethodError'{0x000000071166c5e0}: 'long java.lang.invoke.DirectMethodHandle$Holder.invokeSpecial(java.lang.Object, java.lang.Object)'> (0x000000071166c5e0) 
thrown [src/hotspot/share/interpreter/linkResolver.cpp, line 783]
Event: 3.101 Thread 0x00007fff8ce75af0 Implicit null exception at 0x00007fff80a9e804 to 0x00007fff80a9e918
Event: 3.105 Thread 0x00007fff8c02d290 Exception <a 'java/lang/NoSuchMethodError'{0x0000000710f4b218}: 'java.lang.Object java.lang.invoke.DirectMethodHandle$Holder.newInvokeSpecial(java.lang.Object, java.lang.Object, java.lang.Object, java.lang.Object, java.lang.Object)'> (0x0000000710f4b218) 
thrown [src/hotspot/share/interpreter/linkResolver.cpp, line 783]
Event: 3.186 Thread 0x00007fff8c02d290 Exception <a 'java/lang/NoSuchMethodError'{0x0000000710a774a8}: 'void java.lang.invoke.DirectMethodHandle$Holder.invokeSpecial(java.lang.Object, java.lang.Object, java.lang.Object)'> (0x0000000710a774a8) 
thrown [src/hotspot/share/interpreter/linkResolver.cpp, line 783]
Event: 3.210 Thread 0x00007fff8c02d290 Exception <a 'java/lang/NoSuchMethodError'{0x0000000710b02d40}: 'void java.lang.invoke.DirectMethodHandle$Holder.invokeSpecial(java.lang.Object, java.lang.Object, java.lang.Object, java.lang.Object, java.lang.Object)'> (0x0000000710b02d40) 
thrown [src/hotspot/share/interpreter/linkResolver.cpp, line 783]
Event: 3.218 Thread 0x00007fff8ce75af0 Exception <a 'java/lang/NoSuchMethodError'{0x0000000710f8d6e0}: 'void java.lang.invoke.DirectMethodHandle$Holder.invokeStatic(java.lang.Object, java.lang.Object, int)'> (0x0000000710f8d6e0) 
thrown [src/hotspot/share/interpreter/linkResolver.cpp, line 783]
Event: 3.238 Thread 0x00007fff0c00b5e0 Exception <a 'java/lang/NoSuchMethodError'{0x0000000710bbea00}: 'void java.lang.invoke.DirectMethodHandle$Holder.invokeInterface(java.lang.Object, java.lang.Object, java.lang.Object)'> (0x0000000710bbea00) 
thrown [src/hotspot/share/interpreter/linkResolver.cpp, line 783]
Event: 3.470 Thread 0x00007fff0c00b5e0 Exception <a 'java/lang/NoSuchMethodError'{0x00000007109ed190}: 'void java.lang.invoke.DirectMethodHandle$Holder.invokeInterface(java.lang.Object, java.lang.Object)'> (0x00000007109ed190) 
thrown [src/hotspot/share/interpreter/linkResolver.cpp, line 783]
Event: 3.621 Thread 0x00007fff0c00b5e0 Exception <a 'java/lang/NoSuchMethodError'{0x000000071024dda8}: 'void java.lang.invoke.DirectMethodHandle$Holder.invokeStatic(java.lang.Object, java.lang.Object, java.lang.Object, java.lang.Object)'> (0x000000071024dda8) 
thrown [src/hotspot/share/interpreter/linkResolver.cpp, line 783]
Event: 3.862 Thread 0x00007fff0c00b5e0 Exception <a 'java/lang/NoSuchMethodError'{0x00000007103c0a40}: 'void java.lang.invoke.DirectMethodHandle$Holder.invokeSpecial(java.lang.Object, java.lang.Object, java.lang.Object, java.lang.Object, java.lang.Object, java.lang.Object, java.lang.Object)'> (0x00000007103c0a40) 
thrown [src/hotspot/share/interpreter/linkResolver.cpp, line 783]
Event: 4.632 Thread 0x00007fff8c02d290 Exception <a 'java/lang/NoSuchMethodError'{0x00000007044e91a0}: 'void java.lang.invoke.DirectMethodHandle$Holder.invokeStaticInit(java.lang.Object, java.lang.Object, java.lang.Object, java.lang.Object, java.lang.Object)'> (0x00000007044e91a0) 
thrown [src/hotspot/share/interpreter/linkResolver.cpp, line 783]
Event: 4.655 Thread 0x00007fff8c02d290 Exception <a 'java/lang/NoSuchMethodError'{0x0000000704552060}: 'int java.lang.invoke.DirectMethodHandle$Holder.invokeInterface(java.lang.Object, java.lang.Object)'> (0x0000000704552060) 
thrown [src/hotspot/share/interpreter/linkResolver.cpp, line 783]
Event: 4.726 Thread 0x00007fff8c02d290 Exception <a 'java/lang/NoSuchMethodError'{0x00000007042c6b68}: 'java.lang.Object java.lang.invoke.DirectMethodHandle$Holder.invokeSpecial(java.lang.Object, java.lang.Object, int, java.lang.Object, long)'> (0x00000007042c6b68) 
thrown [src/hotspot/share/interpreter/linkResolver.cpp, line 783]
Event: 4.755 Thread 0x00007fff8c02d290 Exception <a 'java/lang/IncompatibleClassChangeError'{0x0000000704382b20}: Found class java.lang.Object, but interface was expected> (0x0000000704382b20) 
thrown [src/hotspot/share/interpreter/linkResolver.cpp, line 851]
Event: 7.680 Thread 0x00007fff8c02d290 Exception <a 'java/lang/NoSuchMethodError'{0x0000000703f84e48}: 'java.lang.Object java.lang.invoke.DirectMethodHandle$Holder.invokeVirtual(java.lang.Object, java.lang.Object, java.lang.Object, java.lang.Object)'> (0x0000000703f84e48) 
thrown [src/hotspot/share/interpreter/linkResolver.cpp, line 783]
Event: 7.721 Thread 0x00007fff8c02d290 Exception <a 'java/lang/NoSuchMethodError'{0x0000000703fb8d28}: 'java.lang.Object java.lang.invoke.DirectMethodHandle$Holder.newInvokeSpecial(java.lang.Object, java.lang.Object, long)'> (0x0000000703fb8d28) 
thrown [src/hotspot/share/interpreter/linkResolver.cpp, line 783]
Event: 7.722 Thread 0x00007fff8c02d290 Exception <a 'java/lang/NoSuchMethodError'{0x0000000703fbc430}: 'java.lang.Object java.lang.invoke.Invokers$Holder.linkToTargetMethod(java.lang.Object, long, java.lang.Object)'> (0x0000000703fbc430) 
thrown [src/hotspot/share/interpreter/linkResolver.cpp, line 783]

ZGC Phase Switch (0 events):
No events

VM Operations (20 events):
Event: 9.781 Executing VM operation: Cleanup
Event: 9.781 Executing VM operation: Cleanup done
Event: 12.781 Executing VM operation: Cleanup
Event: 12.782 Executing VM operation: Cleanup done
Event: 27.783 Executing VM operation: Cleanup
Event: 27.783 Executing VM operation: Cleanup done
Event: 33.783 Executing VM operation: Cleanup
Event: 33.783 Executing VM operation: Cleanup done
Event: 35.784 Executing VM operation: Cleanup
Event: 35.784 Executing VM operation: Cleanup done
Event: 36.784 Executing VM operation: Cleanup
Event: 36.784 Executing VM operation: Cleanup done
Event: 38.784 Executing VM operation: Cleanup
Event: 38.784 Executing VM operation: Cleanup done
Event: 39.784 Executing VM operation: Cleanup
Event: 39.784 Executing VM operation: Cleanup done
Event: 40.784 Executing VM operation: Cleanup
Event: 40.784 Executing VM operation: Cleanup done
Event: 44.785 Executing VM operation: Cleanup
Event: 44.785 Executing VM operation: Cleanup done

Memory protections (20 events):
Event: 0.050 Protecting memory [0x00007fff7466c000,0x00007fff74678000] with protection modes 0
Event: 0.050 Protecting memory [0x00007fff7446c000,0x00007fff74478000] with protection modes 0
Event: 0.051 Protecting memory [0x00007fff7426c000,0x00007fff74278000] with protection modes 0
Event: 0.051 Protecting memory [0x00007fff7406c000,0x00007fff74078000] with protection modes 0
Event: 0.051 Protecting memory [0x00007fff65e00000,0x00007fff65e0c000] with protection modes 0
Event: 0.051 Protecting memory [0x00007fff65c00000,0x00007fff65c0c000] with protection modes 0
Event: 0.060 Protecting memory [0x00007fff65a00000,0x00007fff65a0c000] with protection modes 0
Event: 0.192 Protecting memory [0x00007fff657d0000,0x00007fff657dc000] with protection modes 0
Event: 0.194 Protecting memory [0x00007fff655d0000,0x00007fff655dc000] with protection modes 0
Event: 0.482 Protecting memory [0x00007fff6553c000,0x00007fff65548000] with protection modes 0
Event: 0.588 Protecting memory [0x00007fff6533c000,0x00007fff65348000] with protection modes 0
Event: 2.071 Protecting memory [0x00007fff6533c000,0x00007fff65348000] with protection modes 0
Event: 2.788 Protecting memory [0x00007fff6533c000,0x00007fff65348000] with protection modes 0
Event: 3.101 Protecting memory [0x00007fff649f0000,0x00007fff649fc000] with protection modes 0
Event: 3.234 Protecting memory [0x00007fff64730000,0x00007fff6473c000] with protection modes 0
Event: 3.258 Protecting memory [0x00007fff64530000,0x00007fff6453c000] with protection modes 0
Event: 4.823 Protecting memory [0x00007fff6533c000,0x00007fff65348000] with protection modes 0
Event: 37.923 Protecting memory [0x00007ffefa4a0000,0x00007ffefa4ac000] with protection modes 0
Event: 37.952 Protecting memory [0x00007ffefa2a0000,0x00007ffefa2ac000] with protection modes 0
Event: 37.952 Protecting memory [0x00007ffefa0a0000,0x00007ffefa0ac000] with protection modes 0

Nmethod flushes (0 events):
No events

Events (20 events):
Event: 0.051 Thread 0x00007fff8c02d290 Thread added: 0x00007fff8c12b120
Event: 0.051 Thread 0x00007fff8c02d290 Thread added: 0x00007fff8c12c6d0
Event: 0.051 Thread 0x00007fff8c02d290 Thread added: 0x00007fff8c12e1b0
Event: 0.055 Thread 0x00007fff8c02d290 Thread added: 0x00007fff8c12f880
Event: 0.192 Thread 0x00007fff8c02d290 Thread added: 0x00007fff8c207350
Event: 0.192 Thread 0x00007fff8c02d290 Thread added: 0x00007fff8c208110
Event: 0.482 Thread 0x00007fff8c02d290 Thread added: 0x00007fff8c298d50
Event: 0.588 Thread 0x00007fff8c12f880 Thread added: 0x00007fff2c0e6330
Event: 1.035 Thread 0x00007fff2c0e6330 Thread exited: 0x00007fff2c0e6330
Event: 2.069 Thread 0x00007fff8c12e1b0 Thread added: 0x00007fff38121a20
Event: 2.588 Thread 0x00007fff38121a20 Thread exited: 0x00007fff38121a20
Event: 2.788 Thread 0x00007fff8c12f880 Thread added: 0x00007fff2c4273d0
Event: 3.098 Thread 0x00007fff8c02d290 Thread added: 0x00007fff8ce75af0
Event: 3.234 Thread 0x00007fff8ce75af0 Thread added: 0x00007fff0c00b5e0
Event: 3.258 Thread 0x00007fff8ce75af0 Thread added: 0x00007fff0c00dab0
Event: 3.844 Thread 0x00007fff2c4273d0 Thread exited: 0x00007fff2c4273d0
Event: 4.823 Thread 0x00007fff8c02d290 Thread added: 0x00007fff8d4bea90
Event: 37.923 Thread 0x00007fff8c02d290 Thread added: 0x00007fff8c75b720
Event: 37.951 Thread 0x00007fff8c75b720 Thread added: 0x00007ffef4001100
Event: 37.952 Thread 0x00007fff8c75b720 Thread added: 0x00007ffef4002330


Dynamic libraries:
702800000-704600000 rw-p 00000000 00:00 0 
704600000-70fa00000 ---p 00000000 00:00 0 
70fa00000-70fe00000 rw-p 00000000 00:00 0 
70fe00000-712600000 ---p 00000000 00:00 0 
712600000-712800000 rw-p 00000000 00:00 0 
712800000-7ffc00000 ---p 00000000 00:00 0 
7ffc00000-7ffe34000 rw-p 01d30000 b3:02 1384225                          /app/extra/jbr/lib/server/classes.jsa
7ffe34000-800000000 rw-p 00000000 00:00 0 
7800000000-7801c90000 rw-p 00010000 b3:02 1384225                        /app/extra/jbr/lib/server/classes.jsa
7801c90000-7802000000 ---p 00000000 00:00 0 
7802000000-7802040000 rw-p 00000000 00:00 0 
7802040000-7802070000 rw-p 00000000 00:00 0 
7802070000-7802080000 ---p 00000000 00:00 0 
7802080000-7802270000 rw-p 00000000 00:00 0 
7802270000-7842000000 ---p 00000000 00:00 0 
55559a100000-55559a104000 r-xp 00000000 b3:02 1384397                    /app/extra/jbr/bin/java
55559a11c000-55559a120000 r--p 0000c000 b3:02 1384397                    /app/extra/jbr/bin/java
55559a120000-55559a124000 rw-p 00010000 b3:02 1384397                    /app/extra/jbr/bin/java
55559b74c000-55559b780000 rw-p 00000000 00:00 0                          [heap]
7ffee4000000-7ffee60cc000 rw-p 00000000 00:00 0 
7ffee60cc000-7ffee8000000 ---p 00000000 00:00 0 
7ffeec000000-7ffeec024000 rw-p 00000000 00:00 0 
7ffeec024000-7ffef0000000 ---p 00000000 00:00 0 
7ffef0000000-7ffef0024000 rw-p 00000000 00:00 0 
7ffef0024000-7ffef4000000 ---p 00000000 00:00 0 
7ffef4000000-7ffef4024000 rw-p 00000000 00:00 0 
7ffef4024000-7ffef8000000 ---p 00000000 00:00 0 
7ffefa0a0000-7ffefa0ac000 ---p 00000000 00:00 0 
7ffefa0ac000-7ffefa2a0000 rw-p 00000000 00:00 0 
7ffefa2a0000-7ffefa2ac000 ---p 00000000 00:00 0 
7ffefa2ac000-7ffefa4a0000 rw-p 00000000 00:00 0 
7ffefa4a0000-7ffefa4ac000 ---p 00000000 00:00 0 
7ffefa4ac000-7ffefa6a0000 rw-p 00000000 00:00 0 
7ffefa6a0000-7ffefa6b0000 ---p 00000000 00:00 0 
7ffefa6b0000-7ffefaeb0000 rw-p 00000000 00:00 0 
7ffefcef0000-7ffefcf00000 ---p 00000000 00:00 0 
7ffefcf00000-7ffefd700000 rw-p 00000000 00:00 0 
7ffefd700000-7ffefd710000 ---p 00000000 00:00 0 
7ffefd710000-7ffefdf10000 rw-p 00000000 00:00 0 
7ffefdf10000-7ffefdf20000 ---p 00000000 00:00 0 
7ffefdf20000-7ffefe720000 rw-p 00000000 00:00 0 
7ffefe720000-7fff03de0000 r-xp 00000000 b3:02 1007600                    /usr/lib/aarch64-linux-gnu/GL/default/lib/libLLVM.so.21.1
7fff03de0000-7fff03de8000 ---p 056c0000 b3:02 1007600                    /usr/lib/aarch64-linux-gnu/GL/default/lib/libLLVM.so.21.1
7fff03de8000-7fff03f00000 r--p 056c8000 b3:02 1007600                    /usr/lib/aarch64-linux-gnu/GL/default/lib/libLLVM.so.21.1
7fff03f00000-7fff03f5c000 rw-p 057e0000 b3:02 1007600                    /usr/lib/aarch64-linux-gnu/GL/default/lib/libLLVM.so.21.1
7fff03f5c000-7fff03ffc000 rw-p 00000000 00:00 0 
7fff04000000-7fff04024000 rw-p 00000000 00:00 0 
7fff04024000-7fff08000000 ---p 00000000 00:00 0 
7fff08f20000-7fff08f38000 r-xp 00000000 b3:02 1016669                    /usr/lib/aarch64-linux-gnu/libffi.so.8.2.0
7fff08f38000-7fff08f4c000 ---p 00018000 b3:02 1016669                    /usr/lib/aarch64-linux-gnu/libffi.so.8.2.0
7fff08f4c000-7fff08f50000 r--p 0001c000 b3:02 1016669                    /usr/lib/aarch64-linux-gnu/libffi.so.8.2.0
7fff08f50000-7fff08f54000 rw-p 00020000 b3:02 1016669                    /usr/lib/aarch64-linux-gnu/libffi.so.8.2.0
7fff09070000-7fff0911c000 r-xp 00000000 b3:02 1017858                    /usr/lib/aarch64-linux-gnu/libzstd.so.1.5.7
7fff0911c000-7fff0912c000 ---p 000ac000 b3:02 1017858                    /usr/lib/aarch64-linux-gnu/libzstd.so.1.5.7
7fff0912c000-7fff09130000 r--p 000ac000 b3:02 1017858                    /usr/lib/aarch64-linux-gnu/libzstd.so.1.5.7
7fff09130000-7fff09134000 rw-p 000b0000 b3:02 1017858                    /usr/lib/aarch64-linux-gnu/libzstd.so.1.5.7
7fff0bc50000-7fff0bc64000 r-xp 00000000 b3:02 1015948                    /usr/lib/aarch64-linux-gnu/libXext.so.6.4.0
7fff0bc64000-7fff0bc7c000 ---p 00014000 b3:02 1015948                    /usr/lib/aarch64-linux-gnu/libXext.so.6.4.0
7fff0bc7c000-7fff0bc80000 r--p 0001c000 b3:02 1015948                    /usr/lib/aarch64-linux-gnu/libXext.so.6.4.0
7fff0bc80000-7fff0bc84000 rw-p 00020000 b3:02 1015948                    /usr/lib/aarch64-linux-gnu/libXext.so.6.4.0
7fff0bcc0000-7fff0bcc4000 r-xp 00000000 b3:02 1012285                    /usr/lib/aarch64-linux-gnu/libXau.so.6.0.0
7fff0bcc4000-7fff0bcdc000 ---p 00004000 b3:02 1012285                    /usr/lib/aarch64-linux-gnu/libXau.so.6.0.0
7fff0bcdc000-7fff0bce0000 r--p 0000c000 b3:02 1012285                    /usr/lib/aarch64-linux-gnu/libXau.so.6.0.0
7fff0bce0000-7fff0bce4000 rw-p 00010000 b3:02 1012285                    /usr/lib/aarch64-linux-gnu/libXau.so.6.0.0
7fff0bcf0000-7fff0bd1c000 r-xp 00000000 b3:02 1014492                    /usr/lib/aarch64-linux-gnu/libxcb.so.1.1.0
7fff0bd1c000-7fff0bd2c000 ---p 0002c000 b3:02 1014492                    /usr/lib/aarch64-linux-gnu/libxcb.so.1.1.0
7fff0bd2c000-7fff0bd30000 r--p 0002c000 b3:02 1014492                    /usr/lib/aarch64-linux-gnu/libxcb.so.1.1.0
7fff0bd30000-7fff0bd34000 rw-p 00030000 b3:02 1014492                    /usr/lib/aarch64-linux-gnu/libxcb.so.1.1.0
7fff0bd40000-7fff0bfd8000 r-xp 00000000 b3:02 1024413                    /usr/lib/aarch64-linux-gnu/libstdc++.so.6.0.34
7fff0bfd8000-7fff0bfe0000 ---p 00298000 b3:02 1024413                    /usr/lib/aarch64-linux-gnu/libstdc++.so.6.0.34
7fff0bfe0000-7fff0bff0000 r--p 002a0000 b3:02 1024413                    /usr/lib/aarch64-linux-gnu/libstdc++.so.6.0.34
7fff0bff0000-7fff0bff4000 rw-p 002b0000 b3:02 1024413                    /usr/lib/aarch64-linux-gnu/libstdc++.so.6.0.34
7fff0bff4000-7fff0bff8000 rw-p 00000000 00:00 0 
7fff0c000000-7fff0c024000 rw-p 00000000 00:00 0 
7fff0c024000-7fff10000000 ---p 00000000 00:00 0 
7fff10000000-7fff10080000 rw-p 00000000 00:00 0 
7fff10080000-7fff14000000 ---p 00000000 00:00 0 
7fff14000000-7fff14024000 rw-p 00000000 00:00 0 
7fff14024000-7fff18000000 ---p 00000000 00:00 0 
7fff18000000-7fff18230000 rw-p 00000000 00:00 0 
7fff18230000-7fff1c000000 ---p 00000000 00:00 0 
7fff1c000000-7fff1c104000 rw-p 00000000 00:00 0 
7fff1c104000-7fff20000000 ---p 00000000 00:00 0 
7fff20000000-7fff20024000 rw-p 00000000 00:00 0 
7fff20024000-7fff24000000 ---p 00000000 00:00 0 
7fff24000000-7fff24024000 rw-p 00000000 00:00 0 
7fff24024000-7fff28000000 ---p 00000000 00:00 0 
7fff28000000-7fff28024000 rw-p 00000000 00:00 0 
7fff28024000-7fff2c000000 ---p 00000000 00:00 0 
7fff2c000000-7fff2c778000 rw-p 00000000 00:00 0 
7fff2c778000-7fff30000000 ---p 00000000 00:00 0 
7fff30000000-7fff30024000 rw-p 00000000 00:00 0 
7fff30024000-7fff34000000 ---p 00000000 00:00 0 
7fff34000000-7fff34024000 rw-p 00000000 00:00 0 
7fff34024000-7fff38000000 ---p 00000000 00:00 0 
7fff38000000-7fff388d4000 rw-p 00000000 00:00 0 
7fff388d4000-7fff3c000000 ---p 00000000 00:00 0 
7fff3c000000-7fff3c024000 rw-p 00000000 00:00 0 
7fff3c024000-7fff40000000 ---p 00000000 00:00 0 
7fff40000000-7fff40024000 rw-p 00000000 00:00 0 
7fff40024000-7fff44000000 ---p 00000000 00:00 0 
7fff44000000-7fff44024000 rw-p 00000000 00:00 0 
7fff44024000-7fff48000000 ---p 00000000 00:00 0 
7fff48000000-7fff48024000 rw-p 00000000 00:00 0 
7fff48024000-7fff4c000000 ---p 00000000 00:00 0 
7fff4c000000-7fff4c024000 rw-p 00000000 00:00 0 
7fff4c024000-7fff50000000 ---p 00000000 00:00 0 
7fff50000000-7fff50024000 rw-p 00000000 00:00 0 
7fff50024000-7fff54000000 ---p 00000000 00:00 0 
7fff54000000-7fff54270000 rw-p 00000000 00:00 0 
7fff54270000-7fff54400000 ---p 00000000 00:00 0 
7fff54400000-7fff55c50000 rw-p 00000000 00:00 0 
7fff55c50000-7fff58000000 ---p 00000000 00:00 0 
7fff58000000-7fff58024000 rw-p 00000000 00:00 0 
7fff58024000-7fff5c000000 ---p 00000000 00:00 0 
7fff5c000000-7fff5c024000 rw-p 00000000 00:00 0 
7fff5c024000-7fff60000000 ---p 00000000 00:00 0 
7fff60000000-7fff60024000 rw-p 00000000 00:00 0 
7fff60024000-7fff64000000 ---p 00000000 00:00 0 
7fff64030000-7fff64178000 r-xp 00000000 b3:02 1024375                    /usr/lib/aarch64-linux-gnu/libX11.so.6.4.0
7fff64178000-7fff6418c000 ---p 00148000 b3:02 1024375                    /usr/lib/aarch64-linux-gnu/libX11.so.6.4.0
7fff6418c000-7fff64190000 r--p 0014c000 b3:02 1024375                    /usr/lib/aarch64-linux-gnu/libX11.so.6.4.0
7fff64190000-7fff64194000 rw-p 00150000 b3:02 1024375                    /usr/lib/aarch64-linux-gnu/libX11.so.6.4.0
7fff641a0000-7fff644d0000 r-xp 00000000 b3:02 1148623                    /home/xenobyte/.javacpp/cache/jaylib-5.5.0-2.jar/com/raylib/linux-arm64/libjniRaylib.so
7fff644d0000-7fff644dc000 ---p 00330000 b3:02 1148623                    /home/xenobyte/.javacpp/cache/jaylib-5.5.0-2.jar/com/raylib/linux-arm64/libjniRaylib.so
7fff644dc000-7fff644e0000 r--p 0032c000 b3:02 1148623                    /home/xenobyte/.javacpp/cache/jaylib-5.5.0-2.jar/com/raylib/linux-arm64/libjniRaylib.so
7fff644e0000-7fff644ec000 rw-p 00330000 b3:02 1148623                    /home/xenobyte/.javacpp/cache/jaylib-5.5.0-2.jar/com/raylib/linux-arm64/libjniRaylib.so
7fff644ec000-7fff64524000 rw-p 00000000 00:00 0 
7fff64530000-7fff6453c000 ---p 00000000 00:00 0 
7fff6453c000-7fff64730000 rw-p 00000000 00:00 0 
7fff64730000-7fff6473c000 ---p 00000000 00:00 0 
7fff6473c000-7fff64930000 rw-p 00000000 00:00 0 
7fff64930000-7fff64950000 r-xp 00000000 b3:02 1023597                    /usr/lib/aarch64-linux-gnu/libgcc_s.so.1
7fff64950000-7fff6495c000 ---p 00020000 b3:02 1023597                    /usr/lib/aarch64-linux-gnu/libgcc_s.so.1
7fff6495c000-7fff64960000 r--p 0001c000 b3:02 1023597                    /usr/lib/aarch64-linux-gnu/libgcc_s.so.1
7fff64960000-7fff64964000 rw-p 00020000 b3:02 1023597                    /usr/lib/aarch64-linux-gnu/libgcc_s.so.1
7fff64970000-7fff6497c000 r-xp 00000000 b3:02 1020260                    /usr/lib/aarch64-linux-gnu/libcap.so.2.77
7fff6497c000-7fff6498c000 ---p 0000c000 b3:02 1020260                    /usr/lib/aarch64-linux-gnu/libcap.so.2.77
7fff6498c000-7fff64990000 r--p 0000c000 b3:02 1020260                    /usr/lib/aarch64-linux-gnu/libcap.so.2.77
7fff64990000-7fff64994000 rw-p 00010000 b3:02 1020260                    /usr/lib/aarch64-linux-gnu/libcap.so.2.77
7fff649a0000-7fff649d0000 r-xp 00000000 b3:02 1011394                    /usr/lib/aarch64-linux-gnu/libnss_resolve.so.2
7fff649d0000-7fff649dc000 ---p 00030000 b3:02 1011394                    /usr/lib/aarch64-linux-gnu/libnss_resolve.so.2
7fff649dc000-7fff649e0000 r--p 0002c000 b3:02 1011394                    /usr/lib/aarch64-linux-gnu/libnss_resolve.so.2
7fff649e0000-7fff649e4000 rw-p 00030000 b3:02 1011394                    /usr/lib/aarch64-linux-gnu/libnss_resolve.so.2
7fff649f0000-7fff649fc000 ---p 00000000 00:00 0 
7fff649fc000-7fff64bf0000 rw-p 00000000 00:00 0 
7fff64bf0000-7fff64c00000 ---p 00000000 00:00 0 
7fff64c00000-7fff64e00000 rw-p 00000000 00:00 0 
7fff64e00000-7fff64e10000 ---p 00000000 00:00 0 
7fff64e10000-7fff65010000 rw-p 00000000 00:00 0 
7fff65010000-7fff65020000 ---p 00000000 00:00 0 
7fff65020000-7fff65220000 rw-p 00000000 00:00 0 
7fff65220000-7fff65320000 r-xp 00000000 00:31 277                        /tmp/sqlite-3.45.1.0-5243a6d2-4db2-4094-bea4-55168c991da7-libsqlitejdbc.so
7fff65320000-7fff6532c000 ---p 00100000 00:31 277                        /tmp/sqlite-3.45.1.0-5243a6d2-4db2-4094-bea4-55168c991da7-libsqlitejdbc.so
7fff6532c000-7fff65330000 r--p 000fc000 00:31 277                        /tmp/sqlite-3.45.1.0-5243a6d2-4db2-4094-bea4-55168c991da7-libsqlitejdbc.so
7fff65330000-7fff65338000 rw-p 00100000 00:31 277                        /tmp/sqlite-3.45.1.0-5243a6d2-4db2-4094-bea4-55168c991da7-libsqlitejdbc.so
7fff6533c000-7fff65348000 ---p 00000000 00:00 0 
7fff65348000-7fff6553c000 rw-p 00000000 00:00 0 
7fff6553c000-7fff65548000 ---p 00000000 00:00 0 
7fff65548000-7fff65570000 rw-p 00000000 00:00 0 
7fff65570000-7fff6557c000 r-xp 00000000 b3:02 1384254                    /app/extra/jbr/lib/libverify.so
7fff6557c000-7fff6558c000 ---p 0000c000 b3:02 1384254                    /app/extra/jbr/lib/libverify.so
7fff6558c000-7fff65590000 r--p 0000c000 b3:02 1384254                    /app/extra/jbr/lib/libverify.so
7fff65590000-7fff65594000 rw-p 00000000 00:00 0 
7fff655a0000-7fff655a4000 r-xp 00000000 b3:02 1384237                    /app/extra/jbr/lib/libextnet.so
7fff655a4000-7fff655bc000 ---p 00004000 b3:02 1384237                    /app/extra/jbr/lib/libextnet.so
7fff655bc000-7fff655c0000 r--p 0000c000 b3:02 1384237                    /app/extra/jbr/lib/libextnet.so
7fff655c0000-7fff655c4000 rw-p 00000000 00:00 0 
7fff655d0000-7fff655dc000 ---p 00000000 00:00 0 
7fff655dc000-7fff657d0000 rw-p 00000000 00:00 0 
7fff657d0000-7fff657dc000 ---p 00000000 00:00 0 
7fff657dc000-7fff659d0000 rw-p 00000000 00:00 0 
7fff659d0000-7fff659dc000 r-xp 00000000 b3:02 1384383                    /app/extra/jbr/lib/libnet.so
7fff659dc000-7fff659ec000 ---p 0000c000 b3:02 1384383                    /app/extra/jbr/lib/libnet.so
7fff659ec000-7fff659f0000 r--p 0000c000 b3:02 1384383                    /app/extra/jbr/lib/libnet.so
7fff659f0000-7fff659f4000 rw-p 00000000 00:00 0 
7fff65a00000-7fff65a0c000 ---p 00000000 00:00 0 
7fff65a0c000-7fff65c00000 rw-p 00000000 00:00 0 
7fff65c00000-7fff65c0c000 ---p 00000000 00:00 0 
7fff65c0c000-7fff65e00000 rw-p 00000000 00:00 0 
7fff65e00000-7fff65e0c000 ---p 00000000 00:00 0 
7fff65e0c000-7fff68024000 rw-p 00000000 00:00 0 
7fff68024000-7fff6c000000 ---p 00000000 00:00 0 
7fff6c000000-7fff6c024000 rw-p 00000000 00:00 0 
7fff6c024000-7fff70000000 ---p 00000000 00:00 0 
7fff70000000-7fff70024000 rw-p 00000000 00:00 0 
7fff70024000-7fff74000000 ---p 00000000 00:00 0 
7fff74030000-7fff74044000 r-xp 00000000 b3:02 1384220                    /app/extra/jbr/lib/libnio.so
7fff74044000-7fff7405c000 ---p 00014000 b3:02 1384220                    /app/extra/jbr/lib/libnio.so
7fff7405c000-7fff74060000 r--p 0001c000 b3:02 1384220                    /app/extra/jbr/lib/libnio.so
7fff74060000-7fff74064000 rw-p 00020000 b3:02 1384220                    /app/extra/jbr/lib/libnio.so
7fff7406c000-7fff74078000 ---p 00000000 00:00 0 
7fff74078000-7fff7426c000 rw-p 00000000 00:00 0 
7fff7426c000-7fff74278000 ---p 00000000 00:00 0 
7fff74278000-7fff7446c000 rw-p 00000000 00:00 0 
7fff7446c000-7fff74478000 ---p 00000000 00:00 0 
7fff74478000-7fff7466c000 rw-p 00000000 00:00 0 
7fff7466c000-7fff74678000 ---p 00000000 00:00 0 
7fff74678000-7fff7486c000 rw-p 00000000 00:00 0 
7fff7486c000-7fff74878000 ---p 00000000 00:00 0 
7fff74878000-7fff74a6c000 rw-p 00000000 00:00 0 
7fff74a6c000-7fff74ac8000 r--p 00000000 b3:02 1014467                    /usr/lib/locale/C.utf8/LC_CTYPE
7fff74ac8000-7fff74ad8000 ---p 00000000 00:00 0 
7fff74ad8000-7fff74cd8000 rw-p 00000000 00:00 0 
7fff74cd8000-7fff74ce8000 ---p 00000000 00:00 0 
7fff74ce8000-7fff7507c000 rw-p 00000000 00:00 0 
7fff7507c000-7fff7534c000 ---p 00000000 00:00 0 
7fff7534c000-7fff7535c000 rw-p 00000000 00:00 0 
7fff7535c000-7fff753fc000 ---p 00000000 00:00 0 
7fff753fc000-7fff75404000 rw-p 00000000 00:00 0 
7fff75404000-7fff78f54000 ---p 00000000 00:00 0 
7fff78f54000-7fff78f64000 rw-p 00000000 00:00 0 
7fff78f64000-7fff794a4000 rwxp 00000000 00:00 0 
7fff794a4000-7fff80498000 ---p 00000000 00:00 0 
7fff80498000-7fff80708000 rwxp 00000000 00:00 0 
7fff80708000-7fff80a2c000 ---p 00000000 00:00 0 
7fff80a2c000-7fff80c9c000 rwxp 00000000 00:00 0 
7fff80c9c000-7fff87f64000 ---p 00000000 00:00 0 
7fff87f64000-7fff8c000000 r--s 00000000 b3:02 1384325                    /app/extra/jbr/lib/modules
7fff8c000000-7fff8fffc000 rw-p 00000000 00:00 0 
7fff8fffc000-7fff90000000 ---p 00000000 00:00 0 
7fff90020000-7fff90028000 r-xp 00000000 b3:02 1384387                    /app/extra/jbr/lib/libzip.so
7fff90028000-7fff9003c000 ---p 00008000 b3:02 1384387                    /app/extra/jbr/lib/libzip.so
7fff9003c000-7fff90040000 r--p 0000c000 b3:02 1384387                    /app/extra/jbr/lib/libzip.so
7fff90040000-7fff90044000 rw-p 00000000 00:00 0 
7fff90048000-7fff9016c000 rw-p 00000000 00:00 0 
7fff9016c000-7fff9017c000 ---p 00000000 00:00 0 
7fff9017c000-7fff9037c000 rw-p 00000000 00:00 0 
7fff9037c000-7fff9038c000 ---p 00000000 00:00 0 
7fff9038c000-7fff9099c000 rw-p 00000000 00:00 0 
7fff9099c000-7fff909ac000 ---p 00000000 00:00 0 
7fff909ac000-7fff90bac000 rw-p 00000000 00:00 0 
7fff90bac000-7fff90bbc000 ---p 00000000 00:00 0 
7fff90bbc000-7fff90dbc000 rw-p 00000000 00:00 0 
7fff90dbc000-7fff90dcc000 ---p 00000000 00:00 0 
7fff90dcc000-7fff91020000 rw-p 00000000 00:00 0 
7fff91020000-7fff91078000 ---p 00000000 00:00 0 
7fff91078000-7fff9107c000 rw-p 00000000 00:00 0 
7fff9107c000-7fff9108c000 ---p 00000000 00:00 0 
7fff9108c000-7fff91090000 rw-p 00000000 00:00 0 
7fff91090000-7fff917f8000 ---p 00000000 00:00 0 
7fff917f8000-7fff9180c000 rw-p 00000000 00:00 0 
7fff9180c000-7fff91864000 ---p 00000000 00:00 0 
7fff91864000-7fff91868000 rw-p 00000000 00:00 0 
7fff91868000-7fff91878000 ---p 00000000 00:00 0 
7fff91878000-7fff9187c000 rw-p 00000000 00:00 0 
7fff9187c000-7fff91fe4000 ---p 00000000 00:00 0 
7fff91fe4000-7fff92400000 rw-p 00000000 00:00 0 
7fff92400000-7fff924e4000 ---p 00000000 00:00 0 
7fff924e4000-7fff924f0000 rw-p 00000000 00:00 0 
7fff924f0000-7fff925d0000 ---p 00000000 00:00 0 
7fff925d0000-7fff925f4000 r-xp 00000000 b3:02 1384252                    /app/extra/jbr/lib/libjava.so
7fff925f4000-7fff9260c000 ---p 00024000 b3:02 1384252                    /app/extra/jbr/lib/libjava.so
7fff9260c000-7fff92610000 r--p 0002c000 b3:02 1384252                    /app/extra/jbr/lib/libjava.so
7fff92610000-7fff92614000 rw-p 00030000 b3:02 1384252                    /app/extra/jbr/lib/libjava.so
7fff92620000-7fff9262c000 r-xp 00000000 b3:02 1384390                    /app/extra/jbr/lib/libinstrument.so
7fff9262c000-7fff9263c000 ---p 0000c000 b3:02 1384390                    /app/extra/jbr/lib/libinstrument.so
7fff9263c000-7fff92640000 r--p 0000c000 b3:02 1384390                    /app/extra/jbr/lib/libinstrument.so
7fff92640000-7fff92644000 rw-p 00010000 b3:02 1384390                    /app/extra/jbr/lib/libinstrument.so
7fff92650000-7fff9266c000 r-xp 00000000 b3:02 1384258                    /app/extra/jbr/lib/libjimage.so
7fff9266c000-7fff9267c000 ---p 0001c000 b3:02 1384258                    /app/extra/jbr/lib/libjimage.so
7fff9267c000-7fff92680000 r--p 0001c000 b3:02 1384258                    /app/extra/jbr/lib/libjimage.so
7fff92680000-7fff92684000 rw-p 00020000 b3:02 1384258                    /app/extra/jbr/lib/libjimage.so
7fff92690000-7fff9269c000 ---p 00000000 00:00 0 
7fff9269c000-7fff92890000 rw-p 00000000 00:00 0 
7fff92890000-7fff92930000 r-xp 00000000 b3:02 1014251                    /usr/lib/aarch64-linux-gnu/libm.so.6
7fff92930000-7fff9293c000 ---p 000a0000 b3:02 1014251                    /usr/lib/aarch64-linux-gnu/libm.so.6
7fff9293c000-7fff92940000 r--p 0009c000 b3:02 1014251                    /usr/lib/aarch64-linux-gnu/libm.so.6
7fff92940000-7fff92944000 rw-p 000a0000 b3:02 1014251                    /usr/lib/aarch64-linux-gnu/libm.so.6
7fff92950000-7fff92954000 r-xp 00000000 b3:02 1024174                    /usr/lib/aarch64-linux-gnu/librt.so.1
7fff92954000-7fff9296c000 ---p 00004000 b3:02 1024174                    /usr/lib/aarch64-linux-gnu/librt.so.1
7fff9296c000-7fff92970000 r--p 0000c000 b3:02 1024174                    /usr/lib/aarch64-linux-gnu/librt.so.1
7fff92970000-7fff92974000 rw-p 00010000 b3:02 1024174                    /usr/lib/aarch64-linux-gnu/librt.so.1
7fff92974000-7fff92978000 rw-p 00000000 00:00 0 
7fff92978000-7fff9297c000 rw-p 00000000 00:00 0 
7fff9297c000-7fff92980000 r--p 00000000 b3:02 1023989                    /usr/lib/locale/C.utf8/LC_NUMERIC
7fff92980000-7fff93bd4000 r-xp 00000000 b3:02 1384226                    /app/extra/jbr/lib/server/libjvm.so
7fff93bd4000-7fff93bf0000 ---p 01254000 b3:02 1384226                    /app/extra/jbr/lib/server/libjvm.so
7fff93bf0000-7fff93cd0000 r--p 01260000 b3:02 1384226                    /app/extra/jbr/lib/server/libjvm.so
7fff93cd0000-7fff93d04000 rw-p 01340000 b3:02 1384226                    /app/extra/jbr/lib/server/libjvm.so
7fff93d04000-7fff93d98000 rw-p 00000000 00:00 0 
7fff93d98000-7fff93d9c000 r--p 00000000 b3:02 1015907                    /usr/lib/locale/C.utf8/LC_TIME
7fff93d9c000-7fff93da0000 r--p 00000000 b3:02 1009269                    /usr/lib/locale/C.utf8/LC_COLLATE
7fff93da0000-7fff93f4c000 r-xp 00000000 b3:02 1024392                    /usr/lib/aarch64-linux-gnu/libc.so.6
7fff93f4c000-7fff93f5c000 ---p 001ac000 b3:02 1024392                    /usr/lib/aarch64-linux-gnu/libc.so.6
7fff93f5c000-7fff93f60000 r--p 001ac000 b3:02 1024392                    /usr/lib/aarch64-linux-gnu/libc.so.6
7fff93f60000-7fff93f64000 rw-p 001b0000 b3:02 1024392                    /usr/lib/aarch64-linux-gnu/libc.so.6
7fff93f64000-7fff93f70000 rw-p 00000000 00:00 0 
7fff93f70000-7fff93f74000 r--p 00000000 b3:02 1016180                    /usr/lib/locale/C.utf8/LC_MONETARY
7fff93f74000-7fff93f78000 r--p 00000000 b3:02 1015533                    /usr/lib/locale/C.utf8/LC_MESSAGES/SYS_LC_MESSAGES
7fff93f78000-7fff93f7c000 r--p 00000000 b3:02 1016584                    /usr/lib/locale/C.utf8/LC_PAPER
7fff93f7c000-7fff93f80000 r--p 00000000 b3:02 1011487                    /usr/lib/locale/C.utf8/LC_NAME
7fff93f80000-7fff93f84000 r-xp 00000000 b3:02 1014935                    /usr/lib/aarch64-linux-gnu/libdl.so.2
7fff93f84000-7fff93f9c000 ---p 00004000 b3:02 1014935                    /usr/lib/aarch64-linux-gnu/libdl.so.2
7fff93f9c000-7fff93fa0000 r--p 0000c000 b3:02 1014935                    /usr/lib/aarch64-linux-gnu/libdl.so.2
7fff93fa0000-7fff93fa4000 rw-p 00010000 b3:02 1014935                    /usr/lib/aarch64-linux-gnu/libdl.so.2
7fff93fa4000-7fff93fa8000 r--p 00000000 b3:02 1018154                    /usr/lib/locale/C.utf8/LC_ADDRESS
7fff93fa8000-7fff93fb0000 r--s 00000000 b3:02 1016340                    /usr/lib/aarch64-linux-gnu/gconv/gconv-modules.cache
7fff93fb0000-7fff93fb4000 r-xp 00000000 b3:02 1018393                    /usr/lib/aarch64-linux-gnu/libpthread.so.0
7fff93fb4000-7fff93fcc000 ---p 00004000 b3:02 1018393                    /usr/lib/aarch64-linux-gnu/libpthread.so.0
7fff93fcc000-7fff93fd0000 r--p 0000c000 b3:02 1018393                    /usr/lib/aarch64-linux-gnu/libpthread.so.0
7fff93fd0000-7fff93fd4000 rw-p 00010000 b3:02 1018393                    /usr/lib/aarch64-linux-gnu/libpthread.so.0
7fff93fd4000-7fff93fdc000 rw-p 00000000 00:00 0 
7fff93fdc000-7fff93fe0000 ---p 00000000 00:00 0 
7fff93fe0000-7fff93ff0000 r-xp 00000000 b3:02 1384217                    /app/extra/jbr/lib/libjli.so
7fff93ff0000-7fff93ffc000 ---p 00010000 b3:02 1384217                    /app/extra/jbr/lib/libjli.so
7fff93ffc000-7fff94000000 r--p 0000c000 b3:02 1384217                    /app/extra/jbr/lib/libjli.so
7fff94000000-7fff94004000 rw-p 00010000 b3:02 1384217                    /app/extra/jbr/lib/libjli.so
7fff94004000-7fff94008000 r--p 00000000 b3:02 1015776                    /usr/lib/locale/C.utf8/LC_TELEPHONE
7fff94008000-7fff94010000 rw-p 00000000 00:00 0 
7fff94010000-7fff94028000 r-xp 00000000 b3:02 1009545                    /usr/lib/aarch64-linux-gnu/libz.so.1.3.1
7fff94028000-7fff9403c000 ---p 00018000 b3:02 1009545                    /usr/lib/aarch64-linux-gnu/libz.so.1.3.1
7fff9403c000-7fff94040000 r--p 0001c000 b3:02 1009545                    /usr/lib/aarch64-linux-gnu/libz.so.1.3.1
7fff94040000-7fff94044000 rw-p 00020000 b3:02 1009545                    /usr/lib/aarch64-linux-gnu/libz.so.1.3.1
7fff94044000-7fff94048000 r--p 00000000 b3:02 1015606                    /usr/lib/locale/C.utf8/LC_MEASUREMENT
7fff94048000-7fff9404c000 r--p 00000000 b3:02 1015975                    /usr/lib/locale/C.utf8/LC_IDENTIFICATION
7fff9404c000-7fff94054000 rw-s 00000000 00:31 275                        /tmp/hsperfdata_xenobyte/319
7fff94054000-7fff94058000 ---p 00000000 00:00 0 
7fff94058000-7fff9405c000 r--p 00000000 00:00 0 
7fff9405c000-7fff94088000 r-xp 00000000 b3:02 1017896                    /usr/lib/aarch64-linux-gnu/ld-linux-aarch64.so.1
7fff94088000-7fff9408c000 ---p 00000000 00:00 0 
7fff9408c000-7fff94094000 r--p 00000000 00:00 0                          [vvar]
7fff94094000-7fff94098000 r-xp 00000000 00:00 0                          [vdso]
7fff94098000-7fff9409c000 r--p 0002c000 b3:02 1017896                    /usr/lib/aarch64-linux-gnu/ld-linux-aarch64.so.1
7fff9409c000-7fff940a0000 rw-p 00030000 b3:02 1017896                    /usr/lib/aarch64-linux-gnu/ld-linux-aarch64.so.1
7fffd3f00000-7fffd3f24000 rw-p 00000000 00:00 0                          [stack]
Total number of mappings: 326

JVMTI agents:
/app/extra/lib/idea_rt.jar path:none, loaded, initialized, instrumentlib options:34261


VM Arguments:
jvm_args: -javaagent:/app/extra/lib/idea_rt.jar=34261 -Dfile.encoding=UTF-8 -Dsun.stdout.encoding=UTF-8 -Dsun.stderr.encoding=UTF-8 -Dawt.toolkit.name=XToolkit 
java_command: de.htwsaar.Berta.servicelayer.Application
java_class_path (initial): /home/xenobyte/projects/GameLibrary/target/classes:/home/xenobyte/.m2/repository/org/jooq/jooq/3.19.5/jooq-3.19.5.jar:/home/xenobyte/.m2/repository/io/r2dbc/r2dbc-spi/1.0.0.RELEASE/r2dbc-spi-1.0.0.RELEASE.jar:/home/xenobyte/.m2/repository/org/reactivestreams/reactive-streams/1.0.3/reactive-streams-1.0.3.jar:/home/xenobyte/.m2/repository/org/xerial/sqlite-jdbc/3.45.1.0/sqlite-jdbc-3.45.1.0.jar:/home/xenobyte/.m2/repository/org/slf4j/slf4j-api/1.7.36/slf4j-api-1.7.36.jar:/home/xenobyte/.m2/repository/uk/co/electronstudio/jaylib/jaylib/5.5.0-2/jaylib-5.5.0-2.jar:/home/xenobyte/.m2/repository/com/fasterxml/jackson/core/jackson-databind/2.17.0/jackson-databind-2.17.0.jar:/home/xenobyte/.m2/repository/com/fasterxml/jackson/core/jackson-annotations/2.17.0/jackson-annotations-2.17.0.jar:/home/xenobyte/.m2/repository/com/fasterxml/jackson/core/jackson-core/2.17.0/jackson-core-2.17.0.jar:/home/xenobyte/.m2/repository/net/bytebuddy/byte-buddy/1.14.9/byte-buddy-1.14.9.jar
Launcher Type: SUN_STANDARD

[Global flags]
     intx CICompilerCount                          = 3                                         {product} {ergonomic}
     uint ConcGCThreads                            = 1                                         {product} {ergonomic}
     uint G1ConcRefinementThreads                  = 4                                         {product} {ergonomic}
   size_t G1HeapRegionSize                         = 2097152                                   {product} {ergonomic}
    uintx GCDrainStackTargetSize                   = 64                                        {product} {ergonomic}
   size_t InitialHeapSize                          = 268435456                                 {product} {ergonomic}
   size_t MarkStackSize                            = 4194304                                   {product} {ergonomic}
   size_t MaxHeapSize                              = 4253024256                                {product} {ergonomic}
   size_t MaxNewSize                               = 2550136832                                {product} {ergonomic}
   size_t MinHeapDeltaBytes                        = 2097152                                   {product} {ergonomic}
   size_t MinHeapSize                              = 8388608                                   {product} {ergonomic}
    uintx NonNMethodCodeHeapSize                   = 5832908                                {pd product} {ergonomic}
    uintx NonProfiledCodeHeapSize                  = 122912666                              {pd product} {ergonomic}
    uintx ProfiledCodeHeapSize                     = 122912666                              {pd product} {ergonomic}
    uintx ReservedCodeCacheSize                    = 251658240                              {pd product} {ergonomic}
     bool SegmentedCodeCache                       = true                                      {product} {ergonomic}
   size_t SoftMaxHeapSize                          = 4253024256                             {manageable} {ergonomic}
     bool UseCompressedOops                        = true                           {product lp64_product} {ergonomic}
     bool UseG1GC                                  = true                                      {product} {ergonomic}

Logging:
Log output configuration:
 #0: stdout all=warning uptime,level,tags foldmultilines=false
 #1: stderr all=off uptime,level,tags foldmultilines=false

Release file:
JAVA_VERSION="21.0.9"
MODULES="java.base java.datatransfer java.xml java.prefs java.desktop gluegen.rt java.compiler java.instrument java.logging java.management java.security.sasl java.naming java.rmi java.management.rmi java.net.http java.scripting java.security.jgss java.transaction.xa java.sql java.sql.rowset java.xml.crypto java.se java.smartcardio jogl.all jcef jdk.accessibility jdk.internal.jvmstat jdk.attach jdk.charsets jdk.internal.opt jdk.zipfs jdk.compiler jdk.crypto.ec jdk.crypto.cryptoki jdk.dynalink jdk.hotspot.agent jdk.httpserver jdk.internal.ed jdk.internal.le jdk.internal.vm.ci jdk.javadoc jdk.jcmd jdk.jdwp.agent jdk.jdi jdk.jfr jdk.jsobject jdk.localedata jdk.management jdk.management.agent jdk.management.jfr jdk.naming.dns jdk.naming.rmi jdk.net jdk.sctp jdk.security.auth jdk.security.jgss jdk.unsupported jdk.unsupported.desktop jdk.xml.dom"
IMPLEMENTOR="JetBrains s.r.o."
IMPLEMENTOR_VERSION="JBR-21.0.9+10-1163.94-jcef"
JAVA_RUNTIME_VERSION="21.0.9+10-b1163.94"
LIBC="gnu"
OS_ARCH="aarch64"
OS_NAME="Linux"
SOURCE=".:git:5d82c7fa6abe+ jcef_git:git:4a605f44671a"
JCEF_VERSION="137.0.17.1087+g722a58e"
JCEF_COMMIT_HASH="722a58ea148c6577a6b7e379036edec01083f004"

Environment Variables:
JAVA_HOME=/app/extra/jbr
PATH=/app/bin:/usr/bin:/home/xenobyte/.var/app/com.jetbrains.IntelliJ-IDEA-Community/data/node/bin:/home/xenobyte/.var/app/com.jetbrains.IntelliJ-IDEA-Community/data/cargo/bin:/home/xenobyte/.var/app/com.jetbrains.IntelliJ-IDEA-Community/data/python/bin
XDG_CACHE_HOME=/home/xenobyte/.var/app/com.jetbrains.IntelliJ-IDEA-Community/cache
XDG_CONFIG_HOME=/home/xenobyte/.var/app/com.jetbrains.IntelliJ-IDEA-Community/config
LD_LIBRARY_PATH=
SHELL=/bin/sh
DISPLAY=:0
LANG=C.UTF-8
LC_ALL=C.UTF-8
TERM=xterm-256color

Active Locale:
LC_ALL=C.UTF-8
LC_COLLATE=C.UTF-8
LC_CTYPE=C.UTF-8
LC_MESSAGES=C.UTF-8
LC_MONETARY=C.UTF-8
LC_NUMERIC=C.UTF-8
LC_TIME=C.UTF-8

Signal Handlers:
   SIGSEGV: crash_handler in libjvm.so, mask=11100100010111111101111111111110, flags=SA_RESTART|SA_SIGINFO, unblocked
    SIGBUS: crash_handler in libjvm.so, mask=11100100010111111101111111111110, flags=SA_RESTART|SA_SIGINFO, unblocked
    SIGFPE: crash_handler in libjvm.so, mask=11100100010111111101111111111110, flags=SA_RESTART|SA_SIGINFO, unblocked
   SIGPIPE: javaSignalHandler in libjvm.so, mask=11100100010111111101111111111110, flags=SA_RESTART|SA_SIGINFO, blocked
   SIGXFSZ: javaSignalHandler in libjvm.so, mask=11100100010111111101111111111110, flags=SA_RESTART|SA_SIGINFO, blocked
    SIGILL: crash_handler in libjvm.so, mask=11100100010111111101111111111110, flags=SA_RESTART|SA_SIGINFO, unblocked
   SIGUSR2: SR_handler in libjvm.so, mask=00000000000000000000000000000000, flags=SA_RESTART|SA_SIGINFO, blocked
    SIGHUP: UserHandler in libjvm.so, mask=11100100010111111101111111111110, flags=SA_RESTART|SA_SIGINFO, blocked
    SIGINT: UserHandler in libjvm.so, mask=11100100010111111101111111111110, flags=SA_RESTART|SA_SIGINFO, blocked
   SIGTERM: UserHandler in libjvm.so, mask=11100100010111111101111111111110, flags=SA_RESTART|SA_SIGINFO, blocked
   SIGQUIT: UserHandler in libjvm.so, mask=11100100010111111101111111111110, flags=SA_RESTART|SA_SIGINFO, blocked
   SIGTRAP: crash_handler in libjvm.so, mask=11100100010111111101111111111110, flags=SA_RESTART|SA_SIGINFO, unblocked


Periodic native trim disabled

JNI global refs:
JNI global refs: 14, weak refs: 332

JNI global refs memory usage: 859, weak refs: 4017

Process memory usage:
Resident Set Size: 256416K (1% of 16604080K total physical memory with 13931856K free physical memory)

OOME stack traces (most recent first):
Classloader memory used:
Loader jdk.internal.loader.ClassLoaders$AppClassLoader                                 : 24398K
Loader bootstrap                                                                       : 2858K
Loader jdk.internal.loader.ClassLoaders$PlatformClassLoader                            : 2277K

---------------  S Y S T E M  ---------------

OS:
NAME="Freedesktop SDK"
VERSION="25.08 (Flatpak runtime)"
VERSION_ID=25.08
ID=org.freedesktop.platform
PRETTY_NAME="Freedesktop SDK 25.08 (Flatpak runtime)"
BUG_REPORT_URL=https://gitlab.com/freedesktop-sdk/freedesktop-sdk/issues
uname: Linux 6.12.62+rpt-rpi-2712 #1 SMP PREEMPT Debian 1:6.12.62-1+rpt1 (2025-12-18) aarch64
OS uptime: 0 days 0:09 hours
libc: glibc 2.42 NPTL 2.42 
rlimit (soft/hard): STACK 8192k/infinity , CORE 0k/infinity , NPROC 64521/64521 , NOFILE 524288/524288 , AS infinity/infinity , CPU infinity/infinity , DATA infinity/infinity , FSIZE infinity/infinity , MEMLOCK 8192k/8192k
load average: 3.98 2.16 0.94

/proc/meminfo:
MemTotal:       16604080 kB
MemFree:        12064000 kB
MemAvailable:   13931856 kB
Buffers:           73440 kB
Cached:          2002224 kB
SwapCached:            0 kB
Active:          3731968 kB
Inactive:         477552 kB
Active(anon):    2278928 kB
Inactive(anon):        0 kB
Active(file):    1453040 kB
Inactive(file):   477552 kB
Unevictable:       70064 kB
Mlocked:              32 kB
SwapTotal:       2097136 kB
SwapFree:        2097136 kB
Zswap:                 0 kB
Zswapped:              0 kB
Dirty:               448 kB
Writeback:             0 kB
AnonPages:       2202000 kB
Mapped:          1005824 kB
Shmem:            149696 kB
KReclaimable:      47040 kB
Slab:              98560 kB
SReclaimable:      47040 kB
SUnreclaim:        51520 kB
KernelStack:       10352 kB
PageTables:        21648 kB
SecPageTables:       160 kB
NFS_Unstable:          0 kB
Bounce:                0 kB
WritebackTmp:          0 kB
CommitLimit:    10399168 kB
Committed_AS:    6782400 kB
VmallocTotal:   68447887360 kB
VmallocUsed:       74896 kB
VmallocChunk:          0 kB
Percpu:             1344 kB
CmaTotal:          65536 kB
CmaFree:           55296 kB

/sys/kernel/mm/transparent_hugepage/enabled: <Not Available>
/sys/kernel/mm/transparent_hugepage/hpage_pmd_size: <Not Available>
/sys/kernel/mm/transparent_hugepage/defrag (defrag/compaction efforts parameter): <Not Available>

Process Memory:
Virtual Size: 7923904K (peak: 8083008K)
Resident Set Size: 256432K (peak: 276320K) (anon: 186752K, file: 68752K, shmem: 928K)
Swapped out: 0K
C-Heap outstanding allocations: 40168K, retained: 89127K
glibc malloc tunables: (default)

/proc/sys/kernel/threads-max (system-wide limit on the number of threads): 129043
/proc/sys/vm/max_map_count (maximum number of memory map areas a process may have): 1048576
/proc/sys/vm/swappiness (control to define how aggressively the kernel swaps out anonymous memory): 60
/proc/sys/kernel/pid_max (system-wide limit on number of process identifiers): 4194304

container information not found.
Steal ticks since vm start: 0
Steal ticks percentage since vm start:  0.000

CPU: total 4 (initial active 4) 0x41:0x4:0xd0b:1, fp, asimd, evtstrm, aes, pmull, sha1, sha256, crc32, lse, dcpop
/proc/cpuinfo:
processor	: 0
BogoMIPS	: 108.00
Features	: fp asimd evtstrm aes pmull sha1 sha2 crc32 atomics fphp asimdhp cpuid asimdrdm lrcpc dcpop asimddp
CPU implementer	: 0x41
CPU architecture: 8
CPU variant	: 0x4
CPU part	: 0xd0b
CPU revision	: 1

processor	: 1
BogoMIPS	: 108.00
Features	: fp asimd evtstrm aes pmull sha1 sha2 crc32 atomics fphp asimdhp cpuid asimdrdm lrcpc dcpop asimddp
CPU implementer	: 0x41
CPU architecture: 8
CPU variant	: 0x4
CPU part	: 0xd0b
CPU revision	: 1

processor	: 2
BogoMIPS	: 108.00
Features	: fp asimd evtstrm aes pmull sha1 sha2 crc32 atomics fphp asimdhp cpuid asimdrdm lrcpc dcpop asimddp
CPU implementer	: 0x41
CPU architecture: 8
CPU variant	: 0x4
CPU part	: 0xd0b
CPU revision	: 1

processor	: 3
BogoMIPS	: 108.00
Features	: fp asimd evtstrm aes pmull sha1 sha2 crc32 atomics fphp asimdhp cpuid asimdrdm lrcpc dcpop asimddp
CPU implementer	: 0x41
CPU architecture: 8
CPU variant	: 0x4
CPU part	: 0xd0b
CPU revision	: 1

Revision	: e04171
Serial		: 9192f57b0739c71a
Model		: Raspberry Pi 5 Model B Rev 1.1

Online cpus: 0-3
Offline cpus: 

Memory: 16k page, physical 16604080k(13931856k free), swap 2097136k(2097136k free)
Page Sizes: 16k

vm_info: OpenJDK 64-Bit Server VM (21.0.9+10-b1163.94) for linux-aarch64 JRE (21.0.9+10-b1163.94), built on 2026-01-12 by "builduser" with gcc 10.3.1 20210422 (Red Hat 10.3.1-1.2.0.1)

END.
