#
# A fatal error has been detected by the Java Runtime Environment:
#
#  SIGSEGV (0xb) at pc=0x00007fff04c56100, pid=6711, tid=6828
#
# JRE version: OpenJDK Runtime Environment (21.0.9+10) (build 21.0.9+10-Debian-1deb13u1)
# Java VM: OpenJDK 64-Bit Server VM (21.0.9+10-Debian-1deb13u1, mixed mode, sharing, tiered, compressed oops, compressed class ptrs, g1 gc, linux-aarch64)
# Problematic frame:
# C  [libjniRaylib.so+0x1e5e18]  ClearBackground+0x18
#
# No core dump will be written. Core dumps have been disabled. To enable core dumping, try "ulimit -c unlimited" before starting Java again
#
# If you would like to submit a bug report, please visit:
#   https://bugs.debian.org/openjdk-21
# The crash happened outside the Java Virtual Machine in native code.
# See problematic frame for where to report the bug.
#

---------------  S U M M A R Y ------------

Command Line: -Djansi.mode=force -Dclassworlds.conf=/usr/share/maven/bin/m2.conf -Dmaven.home=/usr/share/maven -Dlibrary.jansi.path=/usr/share/maven/lib/jansi-native -Dmaven.multiModuleProjectDirectory=/home/xenobyte/projects/GameLibrary org.codehaus.plexus.classworlds.launcher.Launcher clean compile exec:java

Host: AArch64, 4 cores, 15G, Debian GNU/Linux 13 (trixie)
Time: Sun Feb  1 16:01:49 2026 GMT elapsed time: 33.840105 seconds (0d 0h 0m 33s)

---------------  T H R E A D  ---------------

Current thread (0x00007fff4a2389c0):  JavaThread "de.htwsaar.Berta.Main.main()"        [_thread_in_native, id=6828, stack(0x00007fff05e80000,0x00007fff06080000) (2048K)]

Stack: [0x00007fff05e80000,0x00007fff06080000],  sp=0x00007fff0607df50,  free space=2039k
Native frames: (J=compiled Java code, j=interpreted, Vv=VM code, C=native code)
C  [libjniRaylib.so+0x1e5e18]  ClearBackground+0x18
C  [libjniRaylib.so+0xb3ef0]  Java_com_raylib_Raylib_ClearBackground+0xd4
J 5518  com.raylib.Raylib.ClearBackground(Lcom/raylib/Raylib$Color;)V (0 bytes) @ 0x00007fff3870e8f0 [0x00007fff3870e840+0x00000000000000b0]
j  de.htwsaar.Berta.presentation.WindowManager.run()V+44
j  de.htwsaar.Berta.servicelayer.Application.run()V+41
j  de.htwsaar.Berta.Main.main([Ljava/lang/String;)V+24
j  java.lang.invoke.LambdaForm$DMH+0x0000009001489400.invokeStaticInit(Ljava/lang/Object;Ljava/lang/Object;)V+10 java.base@21.0.9
j  java.lang.invoke.LambdaForm$MH+0x000000900148a000.invoke_MT(Ljava/lang/Object;Ljava/lang/Object;Ljava/lang/Object;)V+18 java.base@21.0.9
j  org.codehaus.mojo.exec.ExecJavaMojo$1.run()V+85
j  java.lang.Thread.runWith(Ljava/lang/Object;Ljava/lang/Runnable;)V+5 java.base@21.0.9
j  java.lang.Thread.run()V+19 java.base@21.0.9
v  ~StubRoutines::call_stub 0x00007fff37eec154
V  [libjvm.so+0x89fb88]  JavaCalls::call_helper(JavaValue*, methodHandle const&, JavaCallArguments*, JavaThread*)+0x29c
V  [libjvm.so+0x8a1178]  JavaCalls::call_virtual(JavaValue*, Handle, Klass*, Symbol*, Symbol*, JavaThread*)+0x148
V  [libjvm.so+0x974dd0]  thread_entry(JavaThread*, JavaThread*)+0x90
V  [libjvm.so+0x8b9424]  JavaThread::thread_main_inner()+0x184
V  [libjvm.so+0xe94aec]  Thread::call_run()+0xac
V  [libjvm.so+0xc5ab20]  thread_native_entry(Thread*)+0xe0
C  [libc.so.6+0x85f78]
Java frames: (J=compiled Java code, j=interpreted, Vv=VM code)
J 5518  com.raylib.Raylib.ClearBackground(Lcom/raylib/Raylib$Color;)V (0 bytes) @ 0x00007fff3870e8f0 [0x00007fff3870e840+0x00000000000000b0]
j  de.htwsaar.Berta.presentation.WindowManager.run()V+44
j  de.htwsaar.Berta.servicelayer.Application.run()V+41
j  de.htwsaar.Berta.Main.main([Ljava/lang/String;)V+24
j  java.lang.invoke.LambdaForm$DMH+0x0000009001489400.invokeStaticInit(Ljava/lang/Object;Ljava/lang/Object;)V+10 java.base@21.0.9
j  java.lang.invoke.LambdaForm$MH+0x000000900148a000.invoke_MT(Ljava/lang/Object;Ljava/lang/Object;Ljava/lang/Object;)V+18 java.base@21.0.9
j  org.codehaus.mojo.exec.ExecJavaMojo$1.run()V+85
j  java.lang.Thread.runWith(Ljava/lang/Object;Ljava/lang/Runnable;)V+5 java.base@21.0.9
j  java.lang.Thread.run()V+19 java.base@21.0.9
v  ~StubRoutines::call_stub 0x00007fff37eec154

siginfo: si_signo: 11 (SIGSEGV), si_code: 1 (SEGV_MAPERR), si_addr: 0x00007fff04c56100

Registers:
R0=0x00007fff04c56100
R1=0x0000000000000050
R2=0x0000000000000050
R3=0x00000000000000ff
R4=0x00000000437f0000
R5=0x0000000000000018
R6=0x00007fff4de3e000
R7=0x0000000000000000
R8=0x0000000000000056
R9=0x00007fff4a238e04
R10=0x000000000000000a
R11=0x0000000000000000
R12=0x00007fff13f25298
R13=0x0000000000000010
R14=0x0000000000000000
R15=0x00000000001ec8ce
R16=0x00007fff04c56100
R17=0x00007fff4dedf2a0
R18=0x000000900064ca48
R19=0x00007fff0607e020
R20=0x00007fff0607e048
R21=0x00007fff4de515c0
R22=0x00007fff13f171f4
R23=0x0000000703be12f0
R24=0x00007fff0607e0b8
R25=0x0000000000000001
R26=0x00007fff13f172e8
R27=0x000000070e911cd0
R28=0x00007fff4a2389c0
R29=0x00007fff0607df50
R30=0x00007fff05395e1c


Register to memory mapping:

R0 =0x00007fff04c56100 is an unknown value
R1 =0x0000000000000050 is an unknown value
R2 =0x0000000000000050 is an unknown value
R3 =0x00000000000000ff is an unknown value
R4 =0x00000000437f0000 is an unknown value
R5 =0x0000000000000018 is an unknown value
R6 =0x00007fff4de3e000: <offset 0x000000000149e000> in /usr/lib/jvm/java-21-openjdk-arm64/lib/server/libjvm.so at 0x00007fff4c9a0000
R7 =0x0 is null
R8 =0x0000000000000056 is an unknown value
R9 =0x00007fff4a238e04 points into unknown readable memory: 04 00 00 00
R10=0x000000000000000a is an unknown value
R11=0x0 is null
R12={method} {0x00007fff13f25298} 'ClearBackground' '(Lcom/raylib/Raylib$Color;)V' in 'com/raylib/Raylib'
R13=0x0000000000000010 is an unknown value
R14=0x0 is null
R15=0x00000000001ec8ce is an unknown value
R16=0x00007fff04c56100 is an unknown value
R17=0x00007fff4dedf2a0: fflush+0x0000000000000000 in /lib/aarch64-linux-gnu/libc.so.6 at 0x00007fff4de70000
R18=0x000000900064ca48 is pointing into metadata
R19=0x00007fff0607e020 is pointing into the stack for thread: 0x00007fff4a2389c0
R20=0x00007fff0607e048 is pointing into the stack for thread: 0x00007fff4a2389c0
R21=0x00007fff4de515c0: <offset 0x00000000014b15c0> in /usr/lib/jvm/java-21-openjdk-arm64/lib/server/libjvm.so at 0x00007fff4c9a0000
R22=0x00007fff13f171f4 is pointing into metadata
R23=0x0000000703be12f0 is an oop: java.lang.String 
{0x0000000703be12f0} - klass: 'java/lang/String'
 - string: "Page %d of %d (Total: %d)"
 - ---- fields (total size 3 words):
 - private 'hash' 'I' @12  0 (0x00000000)
 - private final 'coder' 'B' @16  0 (0x00)
 - private 'hashIsZero' 'Z' @17  false (0x00)
 - injected 'flags' 'B' @18  0 (0x00)
 - private final 'value' '[B' @20  [B{0x0000000703be1308} (0xe077c261)
R24=0x00007fff0607e0b8 is pointing into the stack for thread: 0x00007fff4a2389c0
R25=0x0000000000000001 is an unknown value
R26=0x00007fff13f172e8 is pointing into metadata
R27=0x000000070e911cd0 is an oop: java.util.concurrent.ConcurrentHashMap$Node 
{0x000000070e911cd0} - klass: 'java/util/concurrent/ConcurrentHashMap$Node'
 - ---- fields (total size 4 words):
 - final 'hash' 'I' @12  1144225685 (0x44337f95)
 - final 'key' 'Ljava/lang/Object;' @16  a 'org/sqlite/core/SafeStmtPtr'{0x000000070e911c18} (0xe1d22383)
 - volatile 'val' 'Ljava/lang/Object;' @20  a 'java/lang/Boolean'{0x00000007028aa320} = true (0xe0515464)
 - volatile 'next' 'Ljava/util/concurrent/ConcurrentHashMap$Node;' @24  null (0x00000000)
R28=0x00007fff4a2389c0 is a thread
R29=0x00007fff0607df50 is pointing into the stack for thread: 0x00007fff4a2389c0
R30=0x00007fff05395e1c: ClearBackground+0x000000000000001c in /home/xenobyte/.javacpp/cache/jaylib-5.5.0-2.jar/com/raylib/linux-arm64/libjniRaylib.so at 0x00007fff051b0000

Top of Stack: (sp=0x00007fff0607df50)
0x00007fff0607df50:   00007fff0607df60 00007fff05263ef0
0x00007fff0607df60:   00007fff0607e010 00007fff3870e8f0
0x00007fff0607df70:   00007fff0607e020 3f80000000000000
0x00007fff0607df80:   00007fff0607e010 00007fff0607dfc0
0x00007fff0607df90:   00007fff0607e000 00007fff4a238d78
0x00007fff0607dfa0:   00007fff0607e000 0000000000000000
0x00007fff0607dfb0:   00007ffec63090d0 0000000000000000
0x00007fff0607dfc0:   0000000703b86388 00007fff13f15cb0
0x00007fff0607dfd0:   0000000000000000 00007fff0607e020
0x00007fff0607dfe0:   00007fff0607e0a0 00007fff37ef162c
0x00007fff0607dff0:   0000000000000003 00007fff13f16558
0x00007fff0607e000:   0000000703bdc8a8 00007fff0607dfa0
0x00007fff0607e010:   00007fff0607e0a0 00007fff37ef117c
0x00007fff0607e020:   00000007126edd28 00000007126e89b8
0x00007fff0607e030:   00000007126e3980 0000000703b6e2f0
0x00007fff0607e040:   0000000000000000 0000000703b86388
0x00007fff0607e050:   00007fff0607e050 00007fff13f171f4
0x00007fff0607e060:   0000000000000003 00007fff13f172e8
0x00007fff0607e070:   0000000703b6e308 00007fff0607e020
0x00007fff0607e080:   0000000000000000 00007fff13f17230
0x00007fff0607e090:   00007fff0607e048 00007fff0607e080
0x00007fff0607e0a0:   00007fff0607e110 00007fff37ef117c
0x00007fff0607e0b0:   0000000704be59e0 0000000703b6e388
0x00007fff0607e0c0:   00007fff0607e0c0 00007fff128e9171
0x00007fff0607e0d0:   0000000000000005 00007fff128e9af0
0x00007fff0607e0e0:   00000007035223d8 00007fff0607e080
0x00007fff0607e0f0:   0000000000000000 00007fff128e91d8
0x00007fff0607e100:   00007fff0607e0b8 00007fff0607e110
0x00007fff0607e110:   00007fff0607e190 00007fff37ef117c
0x00007fff0607e120:   0000000703b6e388 0000000703b6e2c8
0x00007fff0607e130:   0000000703b6e3b0 0000000703b6e398
0x00007fff0607e140:   00007fff0607e140 00007fff128e2b20 

Instructions: (pc=0x00007fff05395e18)
0x00007fff05395d18:   ff 7f 0d a9 ff 7f 0e a9 ff 7f 0f a9 e3 ff ff 97
0x00007fff05395d28:   00 00 22 1e 29 19 20 1e e4 ff ff 97 01 00 22 1e
0x00007fff05395d38:   e8 a7 49 a9 e2 63 02 91 46 1c 41 a9 e1 83 00 91
0x00007fff05395d48:   08 19 21 1e e0 03 01 aa 44 14 43 a9 e8 27 02 a9
0x00007fff05395d58:   e6 1f 03 a9 46 1c 44 a9 e4 17 05 a9 44 14 45 a9
0x00007fff05395d68:   e6 1f 06 a9 43 30 40 f9 e4 17 07 a9 e3 43 00 f9
0x00007fff05395d78:   e9 23 18 2d 42 0c 42 a9 e2 0f 04 a9 c0 f9 ff 97
0x00007fff05395d88:   e8 27 41 6d fd 7b d0 a8 c0 03 5f d6 c0 0a 00 b0
0x00007fff05395d98:   00 94 46 f9 00 44 40 b9 c0 03 5f d6 c0 0a 00 b0
0x00007fff05395da8:   00 94 46 f9 00 48 40 b9 c0 03 5f d6 c0 0a 00 b0
0x00007fff05395db8:   21 00 80 52 00 94 46 f9 01 40 00 39 c0 03 5f d6
0x00007fff05395dc8:   1f 20 03 d5 1f 20 03 d5 c0 0a 00 b0 00 94 46 f9
0x00007fff05395dd8:   1f 40 00 39 c0 03 5f d6 c0 0a 00 b0 00 94 46 f9
0x00007fff05395de8:   00 c0 5d 39 c0 03 5f d6 c0 0a 00 b0 00 94 46 f9
0x00007fff05395df8:   00 c4 5d 39 c0 03 5f d6 e1 03 00 2a fd 7b bf a9
0x00007fff05395e08:   03 7c 18 53 fd 03 00 91 22 5c 50 d3 21 3c 48 d3
0x00007fff05395e18:   62 c2 ff 97 fd 7b c1 a8 74 c2 ff 17 fd 7b ba a9
0x00007fff05395e28:   fd 03 00 91 f3 0b 00 f9 d3 0a 00 b0 93 f9 ff 97
0x00007fff05395e38:   73 96 46 f9 01 04 08 4e 62 56 45 fd 61 aa 82 3d
0x00007fff05395e48:   00 38 62 1e 60 5a 05 fd 91 bd ff 97 63 42 46 fc
0x00007fff05395e58:   e0 83 00 91 64 42 47 fc 61 c2 46 fc 66 c2 47 fc
0x00007fff05395e68:   70 38 84 0e 63 78 84 0e 62 42 48 fc 60 c2 48 fc
0x00007fff05395e78:   27 38 86 0e 65 42 49 fc 21 78 86 0e 64 c2 49 fc
0x00007fff05395e88:   46 38 85 0e 42 78 85 0e 05 38 84 0e 00 78 84 0e
0x00007fff05395e98:   f0 1b 02 6d e3 0b 03 6d e7 17 04 6d e1 03 05 6d
0x00007fff05395ea8:   ca be ff 97 f3 0b 40 f9 fd 7b c6 a8 c0 03 5f d6
0x00007fff05395eb8:   1f 20 03 d5 1f 20 03 d5 fd 7b bb a9 fd 03 00 91
0x00007fff05395ec8:   ef d2 ff 97 72 bd ff 97 3c c1 ff 97 60 00 00 34
0x00007fff05395ed8:   fd 7b c5 a8 c0 03 5f d6 c1 0a 00 b0 e0 43 00 91
0x00007fff05395ee8:   21 94 46 f9 23 40 46 fc 24 40 47 fc 21 c0 46 fc
0x00007fff05395ef8:   26 c0 47 fc 70 38 84 0e 63 78 84 0e 22 40 48 fc
0x00007fff05395f08:   20 c0 48 fc 27 38 86 0e 25 40 49 fc 21 78 86 0e 


Stack slot to memory mapping:

stack at sp + 0 slots: 0x00007fff0607df60 is pointing into the stack for thread: 0x00007fff4a2389c0
stack at sp + 1 slots: 0x00007fff05263ef0: Java_com_raylib_Raylib_ClearBackground+0x00000000000000d4 in /home/xenobyte/.javacpp/cache/jaylib-5.5.0-2.jar/com/raylib/linux-arm64/libjniRaylib.so at 0x00007fff051b0000
stack at sp + 2 slots: 0x00007fff0607e010 is pointing into the stack for thread: 0x00007fff4a2389c0
stack at sp + 3 slots: 0x00007fff3870e8f0 is at entry_point+176 in (nmethod*)0x00007fff3870e690
Compiled method (n/a) 33847 5518     n 0       com.raylib.Raylib::ClearBackground (native)
 total in heap  [0x00007fff3870e690,0x00007fff3870ea08] = 888
 relocation     [0x00007fff3870e7e0,0x00007fff3870e810] = 48
 main code      [0x00007fff3870e840,0x00007fff3870e9ec] = 428
 stub code      [0x00007fff3870e9ec,0x00007fff3870e9f0] = 4
 oops           [0x00007fff3870e9f0,0x00007fff3870ea00] = 16
 metadata       [0x00007fff3870ea00,0x00007fff3870ea08] = 8
stack at sp + 4 slots: 0x00007fff0607e020 is pointing into the stack for thread: 0x00007fff4a2389c0
stack at sp + 5 slots: 0x3f80000000000000 is an unknown value
stack at sp + 6 slots: 0x00007fff0607e010 is pointing into the stack for thread: 0x00007fff4a2389c0
stack at sp + 7 slots: 0x00007fff0607dfc0 is pointing into the stack for thread: 0x00007fff4a2389c0


Compiled method (n/a) 33847 5518     n 0       com.raylib.Raylib::ClearBackground (native)
 total in heap  [0x00007fff3870e690,0x00007fff3870ea08] = 888
 relocation     [0x00007fff3870e7e0,0x00007fff3870e810] = 48
 main code      [0x00007fff3870e840,0x00007fff3870e9ec] = 428
 stub code      [0x00007fff3870e9ec,0x00007fff3870e9f0] = 4
 oops           [0x00007fff3870e9f0,0x00007fff3870ea00] = 16
 metadata       [0x00007fff3870ea00,0x00007fff3870ea08] = 8

[Constant Pool (empty)]

[MachCode]
[Entry Point]
  # {method} {0x00007fff13f25298} 'ClearBackground' '(Lcom/raylib/Raylib$Color;)V' in 'com/raylib/Raylib'
  # parm0:    c_rarg1:c_rarg1 
                        = 'com/raylib/Raylib$Color'
  #           [sp+0x60]  (sp of caller)
  0x00007fff3870e840: 2808 40b9 | 3f01 086b | 4000 0054 

  0x00007fff3870e84c: ;   {runtime_call ic_miss_stub}
  0x00007fff3870e84c: 8d65 e017 
[Verified Entry Point]
  0x00007fff3870e850: 1f20 03d5 | e953 40d1 | 3f01 00f9 | fd7b bfa9 | fd03 0091 | ff43 01d1 | 2801 0018 | 8923 40b9 
  0x00007fff3870e870: 1f01 09eb | e000 0054 | 0830 83d2 | 68fe a6f2 | e8ff cff2 | 0001 3fd6 | 0200 0014 | 0700 0000 
  0x00007fff3870e890: e103 00f9 | 3f00 1feb | e203 00d1 | e203 829a 

  0x00007fff3870e8a0: ;   {oop(a 'java/lang/Class'{0x0000000703bdc8a8} = 'com/raylib/Raylib')}
  0x00007fff3870e8a0: 0115 99d2 | a177 a0f2 | e100 c0f2 | e123 00f9 | e103 0191 | e801 0010 | 88d3 01f9 | e803 0091 
  0x00007fff3870e8c0: 88cf 01f9 

  0x00007fff3870e8c4: ;   {external_word}
  0x00007fff3870e8c4: 48b7 0ab0 | 0835 5039 | 0806 0035 | 80e3 0e91 | e803 7eb2 | 8913 1191 | 28fd 9f88 

  0x00007fff3870e8e0: ;   {runtime_call Java_com_raylib_Raylib_ClearBackground}
  0x00007fff3870e8e0: 88c3 87d2 | c8a4 a0f2 | e8ff cff2 | 0001 3fd6 | a800 80d2 | 8847 04b9 | bf3b 03d5 | 8823 1191 
  0x00007fff3870e900: 08fd dfc8 | bf03 08eb | 6803 0054 | 8843 44b9 | 2803 0035 | e803 7db2 | 8913 1191 | 28fd 9f88 
  0x00007fff3870e920: 8803 5339 | 1f09 0071 | c001 0054 

  0x00007fff3870e92c: ;   {external_word}
  0x00007fff3870e92c: 48b7 0ab0 | 0835 5039 | 6804 0035 | 9fcf 01f9 | 9fd3 01f9 | 8217 42f9 | 5f80 00f9 | bf03 0091 
  0x00007fff3870e94c: fd7b c1a8 | 8807 40f9 | 4800 00b5 | c003 5fd6 

  0x00007fff3870e95c: ;   {runtime_call StubRoutines (initial stubs)}
  0x00007fff3870e95c: c975 df17 

  0x00007fff3870e960: ;   {runtime_call SharedRuntime::reguard_yellow_pages()}
  0x00007fff3870e960: 0848 86d2 | 68ad a9f2 | e8ff cff2 | 0001 3fd6 | efff ff17 | e003 1caa 

  0x00007fff3870e978: ;   {runtime_call JavaThread::check_special_condition_for_native_trans(JavaThread*)}
  0x00007fff3870e978: 08bc 93d2 | a8a4 a9f2 | e8ff cff2 | 0001 3fd6 | e3ff ff17 | e10b bfa9 

  0x00007fff3870e990: ;   {metadata({method} {0x00007fff13f25298} 'ClearBackground' '(Lcom/raylib/Raylib$Color;)V' in 'com/raylib/Raylib')}
  0x00007fff3870e990: 0153 8ad2 | 417e a2f2 | e1ff cff2 | e003 1caa | e833 bfa9 | 0849 84d2 | 68ad a9f2 | e8ff cff2 
  0x00007fff3870e9b0: 0001 3fd6 | e833 c1a8 | e10b c1a8 | c5ff ff17 

  0x00007fff3870e9c0: ;   {metadata({method} {0x00007fff13f25298} 'ClearBackground' '(Lcom/raylib/Raylib$Color;)V' in 'com/raylib/Raylib')}
  0x00007fff3870e9c0: 0153 8ad2 | 417e a2f2 | e1ff cff2 | e003 1caa | e833 bfa9 | 086c 84d2 | 68ad a9f2 | e8ff cff2 
  0x00007fff3870e9e0: 0001 3fd6 | e833 c1a8 | d4ff ff17 
[Stub Code]
  0x00007fff3870e9ec: 0000 0000 
[/MachCode]


---------------  P R O C E S S  ---------------

Threads class SMR info:
_java_thread_list=0x00007ffed4011220, length=21, elements={
0x00007fff48019910, 0x00007fff48118dc0, 0x00007fff4811a3c0, 0x00007fff4811bb70,
0x00007fff4811d1d0, 0x00007fff4811e790, 0x00007fff48120280, 0x00007fff48121960,
0x00007fff48165870, 0x00007fff48168b70, 0x00007fff489c6250, 0x00007fff499a4510,
0x00007fff4a236e60, 0x00007ffed8f33fb0, 0x00007fff4a2389c0, 0x00007ffec42f1f20,
0x00007ffec4306770, 0x00007ffec44832f0, 0x00007ffec42b8660, 0x00007ffec00042b0,
0x00007ffec00067b0
}

Java Threads: ( => current thread )
  0x00007fff48019910 JavaThread "main"                              [_thread_blocked, id=6735, stack(0x00007fff4c440000,0x00007fff4c63e000) (2040K)]
  0x00007fff48118dc0 JavaThread "Reference Handler"          daemon [_thread_blocked, id=6743, stack(0x00007fff07e00000,0x00007fff08000000) (2048K)]
  0x00007fff4811a3c0 JavaThread "Finalizer"                  daemon [_thread_blocked, id=6744, stack(0x00007fff07c00000,0x00007fff07e00000) (2048K)]
  0x00007fff4811bb70 JavaThread "Signal Dispatcher"          daemon [_thread_blocked, id=6745, stack(0x00007fff07a00000,0x00007fff07c00000) (2048K)]
  0x00007fff4811d1d0 JavaThread "Service Thread"             daemon [_thread_blocked, id=6746, stack(0x00007fff07800000,0x00007fff07a00000) (2048K)]
  0x00007fff4811e790 JavaThread "Monitor Deflation Thread"   daemon [_thread_blocked, id=6747, stack(0x00007fff07600000,0x00007fff07800000) (2048K)]
  0x00007fff48120280 JavaThread "C2 CompilerThread0"         daemon [_thread_blocked, id=6748, stack(0x00007fff07400000,0x00007fff07600000) (2048K)]
  0x00007fff48121960 JavaThread "C1 CompilerThread0"         daemon [_thread_blocked, id=6749, stack(0x00007fff07200000,0x00007fff07400000) (2048K)]
  0x00007fff48165870 JavaThread "Notification Thread"        daemon [_thread_blocked, id=6750, stack(0x00007fff07000000,0x00007fff07200000) (2048K)]
  0x00007fff48168b70 JavaThread "Common-Cleaner"             daemon [_thread_blocked, id=6751, stack(0x00007fff06e00000,0x00007fff07000000) (2048K)]
  0x00007fff489c6250 JavaThread "Thread-1"                   daemon [_thread_blocked, id=6757, stack(0x00007fff063d0000,0x00007fff065d0000) (2048K)]
  0x00007fff499a4510 JavaThread "process reaper"             daemon [_thread_blocked, id=6760, stack(0x00007fff2805c000,0x00007fff28090000) (208K)]
  0x00007fff4a236e60 JavaThread "ForkJoinPool.commonPool-worker-1" daemon [_thread_blocked, id=6826, stack(0x00007fff06c00000,0x00007fff06e00000) (2048K)]
  0x00007ffed8f33fb0 JavaThread "ForkJoinPool.commonPool-worker-2" daemon [_thread_blocked, id=6827, stack(0x00007fff06080000,0x00007fff06280000) (2048K)]
=>0x00007fff4a2389c0 JavaThread "de.htwsaar.Berta.Main.main()"        [_thread_in_native, id=6828, stack(0x00007fff05e80000,0x00007fff06080000) (2048K)]
  0x00007ffec42f1f20 JavaThread "HttpClient-1-SelectorManager" daemon [_thread_in_native, id=6831, stack(0x00007fff05960000,0x00007fff05b60000) (2048K)]
  0x00007ffec4306770 JavaThread "HttpClient-2-SelectorManager" daemon [_thread_in_native, id=6832, stack(0x00007fff05760000,0x00007fff05960000) (2048K)]
  0x00007ffec44832f0 JavaThread "JavaCPP Deallocator"        daemon [_thread_blocked, id=6833, stack(0x00007fff04fb0000,0x00007fff051b0000) (2048K)]
  0x00007ffec42b8660 JavaThread "HttpClient-3-SelectorManager" daemon [_thread_in_native, id=6848, stack(0x00007fff05b60000,0x00007fff05d60000) (2048K)]
  0x00007ffec00042b0 JavaThread "HttpClient-3-Worker-0"      daemon [_thread_blocked, id=6849, stack(0x00007ffe9c058000,0x00007ffe9c258000) (2048K)]
  0x00007ffec00067b0 JavaThread "HttpClient-3-Worker-1"      daemon [_thread_blocked, id=6850, stack(0x00007ffe97e00000,0x00007ffe98000000) (2048K)]
Total: 21

Other Threads:
  0x00007fff4810d8f0 VMThread "VM Thread"                           [id=6742, stack(0x00007fff28480000,0x00007fff28680000) (2048K)]
  0x00007fff480fbd50 WatcherThread "VM Periodic Task Thread"        [id=6741, stack(0x00007fff28690000,0x00007fff28890000) (2048K)]
  0x00007fff48069040 WorkerThread "GC Thread#0"                     [id=6736, stack(0x00007fff2b574000,0x00007fff2b774000) (2048K)]
  0x00007fff080067f0 WorkerThread "GC Thread#1"                     [id=6754, stack(0x00007fff06a00000,0x00007fff06c00000) (2048K)]
  0x00007fff080072e0 WorkerThread "GC Thread#2"                     [id=6755, stack(0x00007fff067f0000,0x00007fff069f0000) (2048K)]
  0x00007fff08007e10 WorkerThread "GC Thread#3"                     [id=6756, stack(0x00007fff065e0000,0x00007fff067e0000) (2048K)]
  0x00007fff4807a260 ConcurrentGCThread "G1 Main Marker"            [id=6737, stack(0x00007fff2b364000,0x00007fff2b564000) (2048K)]
  0x00007fff4807b220 WorkerThread "G1 Conc#0"                       [id=6738, stack(0x00007fff2b154000,0x00007fff2b354000) (2048K)]
  0x00007fff480e17a0 ConcurrentGCThread "G1 Refine#0"               [id=6739, stack(0x00007fff28b34000,0x00007fff28d34000) (2048K)]
  0x00007fff480e2780 ConcurrentGCThread "G1 Service"                [id=6740, stack(0x00007fff28924000,0x00007fff28b24000) (2048K)]
Total: 10

Threads with active compile tasks:
Total: 0

VM state: not at safepoint (normal execution)

VM Mutex/Monitor currently owned by a thread: None

Heap address: 0x0000000702800000, size: 4056 MB, Compressed Oops mode: Zero based, Oop shift amount: 3

CDS archive(s) mapped at: [0x0000009000000000-0x0000009000cb0000-0x0000009000cb0000), size 13303808, SharedBaseAddress: 0x0000009000000000, ArchiveRelocationMode: 1.
Compressed class space mapped at: 0x0000009001000000-0x0000009041000000, reserved size: 1073741824
Narrow klass base: 0x0000009000000000, Narrow klass shift: 0, Narrow klass range: 0x100000000

GC Precious Log:
 CardTable entry size: 512
 Card Set container configuration: InlinePtr #cards 4 size 8 Array Of Cards #cards 16 size 48 Howl #buckets 8 coarsen threshold 3686 Howl Bitmap #cards 512 size 80 coarsen threshold 460 Card regions per heap region 1 cards per card region 4096
 CPUs: 4 total, 4 available
 Memory: 16214M
 Large Page Support: Disabled
 NUMA Support: Disabled
 Compressed Oops: Enabled (Zero based)
 Heap Region Size: 2M
 Heap Min Capacity: 8M
 Heap Initial Capacity: 256M
 Heap Max Capacity: 4056M
 Pre-touch: Disabled
 Parallel Workers: 4
 Concurrent Workers: 1
 Concurrent Refinement Workers: 4
 Periodic GC: Disabled

Heap:
 garbage-first heap   total 49152K, used 22336K [0x0000000702800000, 0x0000000800000000)
  region size 2048K, 4 young (8192K), 2 survivors (4096K)
 Metaspace       used 76712K, committed 77376K, reserved 1179648K
  class space    used 7045K, committed 7360K, reserved 1048576K

Heap Regions: E=young(eden), S=young(survivor), O=old, HS=humongous(starts), HC=humongous(continues), CS=collection set, F=free, TAMS=top-at-mark-start, PB=parsable bottom
|   0|0x0000000702800000, 0x0000000702a00000, 0x0000000702a00000|100%| O|  |TAMS 0x0000000702800000| PB 0x0000000702800000| Untracked 
|   1|0x0000000702a00000, 0x0000000702c00000, 0x0000000702c00000|100%| O|  |TAMS 0x0000000702a00000| PB 0x0000000702a00000| Untracked 
|   2|0x0000000702c00000, 0x0000000702e00000, 0x0000000702e00000|100%| O|  |TAMS 0x0000000702c00000| PB 0x0000000702c00000| Untracked 
|   3|0x0000000702e00000, 0x0000000703000000, 0x0000000703000000|100%| O|  |TAMS 0x0000000702e00000| PB 0x0000000702e00000| Untracked 
|   4|0x0000000703000000, 0x0000000703200000, 0x0000000703200000|100%| O|  |TAMS 0x0000000703000000| PB 0x0000000703000000| Untracked 
|   5|0x0000000703200000, 0x0000000703400000, 0x0000000703400000|100%| O|  |TAMS 0x0000000703200000| PB 0x0000000703200000| Untracked 
|   6|0x0000000703400000, 0x0000000703600000, 0x0000000703600000|100%| O|  |TAMS 0x0000000703400000| PB 0x0000000703400000| Untracked 
|   7|0x0000000703600000, 0x00000007036c3990, 0x0000000703800000| 38%| O|  |TAMS 0x0000000703600000| PB 0x0000000703600000| Untracked 
|   8|0x0000000703800000, 0x0000000703a00000, 0x0000000703a00000|100%| S|CS|TAMS 0x0000000703800000| PB 0x0000000703800000| Complete 
|   9|0x0000000703a00000, 0x0000000703c00000, 0x0000000703c00000|100%| S|CS|TAMS 0x0000000703a00000| PB 0x0000000703a00000| Complete 
|  10|0x0000000703c00000, 0x0000000703c00000, 0x0000000703e00000|  0%| F|  |TAMS 0x0000000703c00000| PB 0x0000000703c00000| Untracked 
|  11|0x0000000703e00000, 0x0000000703e00000, 0x0000000704000000|  0%| F|  |TAMS 0x0000000703e00000| PB 0x0000000703e00000| Untracked 
|  12|0x0000000704000000, 0x0000000704000000, 0x0000000704200000|  0%| F|  |TAMS 0x0000000704000000| PB 0x0000000704000000| Untracked 
|  13|0x0000000704200000, 0x0000000704200000, 0x0000000704400000|  0%| F|  |TAMS 0x0000000704200000| PB 0x0000000704200000| Untracked 
|  14|0x0000000704400000, 0x0000000704400000, 0x0000000704600000|  0%| F|  |TAMS 0x0000000704400000| PB 0x0000000704400000| Untracked 
|  15|0x0000000704600000, 0x0000000704600000, 0x0000000704800000|  0%| F|  |TAMS 0x0000000704600000| PB 0x0000000704600000| Untracked 
|  16|0x0000000704800000, 0x0000000704800000, 0x0000000704a00000|  0%| F|  |TAMS 0x0000000704800000| PB 0x0000000704800000| Untracked 
|  17|0x0000000704a00000, 0x0000000704a00000, 0x0000000704c00000|  0%| F|  |TAMS 0x0000000704a00000| PB 0x0000000704a00000| Untracked 
|  18|0x0000000704c00000, 0x0000000704c00000, 0x0000000704e00000|  0%| F|  |TAMS 0x0000000704c00000| PB 0x0000000704c00000| Untracked 
|  19|0x0000000704e00000, 0x0000000704e00000, 0x0000000705000000|  0%| F|  |TAMS 0x0000000704e00000| PB 0x0000000704e00000| Untracked 
|  20|0x0000000705000000, 0x0000000705000000, 0x0000000705200000|  0%| F|  |TAMS 0x0000000705000000| PB 0x0000000705000000| Untracked 
|  96|0x000000070e800000, 0x000000070e9f1690, 0x000000070ea00000| 97%| E|  |TAMS 0x000000070e800000| PB 0x000000070e800000| Complete 
| 127|0x0000000712600000, 0x0000000712800000, 0x0000000712800000|100%| E|CS|TAMS 0x0000000712600000| PB 0x0000000712600000| Complete 
|2027|0x00000007ffe00000, 0x00000007fff0c840, 0x0000000800000000| 52%| O|Cm|TAMS 0x00000007ffe00000| PB 0x00000007ffe00000| Complete 

Card table byte_map: [0x00007fff2f6d4000,0x00007fff2fec0000] _byte_map_base: 0x00007fff2bec0000

Marking Bits: (CMBitMap*) 0x00007fff48069b80
 Bits: [0x00007fff2b774000, 0x00007fff2f6d4000)

Polling page: 0x00007fff4e0c0000

Metaspace:

Usage:
  Non-class:     68.03 MB used.
      Class:      6.88 MB used.
       Both:     74.91 MB used.

Virtual space:
  Non-class space:      128.00 MB reserved,      68.38 MB ( 53%) committed,  2 nodes.
      Class space:        1.00 GB reserved,       7.19 MB ( <1%) committed,  1 nodes.
             Both:        1.12 GB reserved,      75.56 MB (  7%) committed. 

Chunk freelists:
   Non-Class:  11.22 MB
       Class:  8.87 MB
        Both:  20.08 MB

MaxMetaspaceSize: unlimited
CompressedClassSpaceSize: 1.00 GB
Initial GC threshold: 21.00 MB
Current GC threshold: 102.75 MB
CDS: on
 - commit_granule_bytes: 65536.
 - commit_granule_words: 8192.
 - virtual_space_node_default_size: 8388608.
 - enlarge_chunks_in_place: 1.
 - use_allocation_guard: 0.


Internal statistics:

num_allocs_failed_limit: 21.
num_arena_births: 626.
num_arena_deaths: 0.
num_vsnodes_births: 3.
num_vsnodes_deaths: 0.
num_space_committed: 1201.
num_space_uncommitted: 0.
num_chunks_returned_to_freelist: 21.
num_chunks_taken_from_freelist: 3102.
num_chunk_merges: 12.
num_chunk_splits: 2434.
num_chunks_enlarged: 2025.
num_inconsistent_stats: 0.

CodeHeap 'non-profiled nmethods': size=120032Kb used=2953Kb max_used=2953Kb free=117078Kb
 bounds [0x00007fff38480000, 0x00007fff38770000, 0x00007fff3f9b8000]
CodeHeap 'profiled nmethods': size=120016Kb used=11020Kb max_used=11020Kb free=108995Kb
 bounds [0x00007fff309b8000, 0x00007fff31488000, 0x00007fff37eec000]
CodeHeap 'non-nmethods': size=5712Kb used=1522Kb max_used=1569Kb free=4189Kb
 bounds [0x00007fff37eec000, 0x00007fff3815c000, 0x00007fff38480000]
CodeCache: size=245760Kb, used=15495Kb, max_used=15542Kb, free=230262Kb
 total_blobs=5952, nmethods=5262, adapters=597, full_count=0
Compilation: enabled, stopped_count=0, restarted_count=0

Compilation events (20 events):
Event: 28.359 Thread 0x00007fff48121960 5900       3       org.jooq.impl.UnqualifiedName::empty (8 bytes)
Event: 28.360 Thread 0x00007fff48121960 nmethod 5900 0x00007fff31478010 code [0x00007fff314781c0, 0x00007fff314784e0]
Event: 28.360 Thread 0x00007fff48121960 5899       1       org.jooq.impl.AbstractContext::declareTables (5 bytes)
Event: 28.360 Thread 0x00007fff48121960 nmethod 5899 0x00007fff3875f190 code [0x00007fff3875f300, 0x00007fff3875f3a8]
Event: 28.360 Thread 0x00007fff48121960 5901       1       org.jooq.impl.AbstractContext::declareFields (5 bytes)
Event: 28.360 Thread 0x00007fff48121960 nmethod 5901 0x00007fff3875f490 code [0x00007fff3875f600, 0x00007fff3875f6a8]
Event: 28.360 Thread 0x00007fff48121960 5902       1       org.jooq.impl.DefaultExecuteContext::converterContext (5 bytes)
Event: 28.360 Thread 0x00007fff48121960 nmethod 5902 0x00007fff3875f790 code [0x00007fff3875f900, 0x00007fff3875f9a8]
Event: 29.037 Thread 0x00007fff48121960 5903       3       de.htwsaar.Berta.presentation.SelectionScreen::handleSelection (94 bytes)
Event: 29.038 Thread 0x00007fff48121960 nmethod 5903 0x00007fff31478690 code [0x00007fff31478b40, 0x00007fff3147a390]
Event: 29.039 Thread 0x00007fff48121960 5904       3       de.htwsaar.Berta.presentation.SelectionScreen::drawSearchBar (77 bytes)
Event: 29.039 Thread 0x00007fff48121960 nmethod 5904 0x00007fff3147ac90 code [0x00007fff3147ae80, 0x00007fff3147b1c0]
Event: 29.187 Thread 0x00007fff48120280 5905       4       java.lang.String::encode (48 bytes)
Event: 29.189 Thread 0x00007fff48120280 nmethod 5905 0x00007fff3875fa90 code [0x00007fff3875fc80, 0x00007fff38760018]
Event: 29.189 Thread 0x00007fff48120280 5906       4       java.lang.String::encodeUTF8 (141 bytes)
Event: 29.193 Thread 0x00007fff48120280 nmethod 5906 0x00007fff38760290 code [0x00007fff38760440, 0x00007fff387606a0]
Event: 29.204 Thread 0x00007fff48120280 5907       4       java.lang.String::getBytes (15 bytes)
Event: 29.205 Thread 0x00007fff48120280 nmethod 5907 0x00007fff38760810 code [0x00007fff387609c0, 0x00007fff38760c38]
Event: 31.554 Thread 0x00007fff48120280 5908       4       java.util.Formatter$FixedString::print (23 bytes)
Event: 31.573 Thread 0x00007fff48120280 nmethod 5908 0x00007fff38760e10 code [0x00007fff38761080, 0x00007fff38761bf0]

GC Heap History (20 events):
Event: 1.317 GC heap before
{Heap before GC invocations=2 (full 0):
 garbage-first heap   total 264192K, used 33006K [0x0000000702800000, 0x0000000800000000)
  region size 2048K, 16 young (32768K), 1 survivors (2048K)
 Metaspace       used 11877K, committed 12096K, reserved 1114112K
  class space    used 1439K, committed 1536K, reserved 1048576K
}
Event: 1.323 GC heap after
{Heap after GC invocations=3 (full 0):
 garbage-first heap   total 264192K, used 6567K [0x0000000702800000, 0x0000000800000000)
  region size 2048K, 2 young (4096K), 2 survivors (4096K)
 Metaspace       used 11877K, committed 12096K, reserved 1114112K
  class space    used 1439K, committed 1536K, reserved 1048576K
}
Event: 2.500 GC heap before
{Heap before GC invocations=3 (full 0):
 garbage-first heap   total 264192K, used 61863K [0x0000000702800000, 0x0000000800000000)
  region size 2048K, 31 young (63488K), 2 survivors (4096K)
 Metaspace       used 21266K, committed 21504K, reserved 1114112K
  class space    used 2136K, committed 2240K, reserved 1048576K
}
Event: 2.508 GC heap after
{Heap after GC invocations=4 (full 0):
 garbage-first heap   total 264192K, used 11203K [0x0000000702800000, 0x0000000800000000)
  region size 2048K, 4 young (8192K), 4 survivors (8192K)
 Metaspace       used 21266K, committed 21504K, reserved 1114112K
  class space    used 2136K, committed 2240K, reserved 1048576K
}
Event: 3.252 GC heap before
{Heap before GC invocations=5 (full 0):
 garbage-first heap   total 49152K, used 31683K [0x0000000702800000, 0x0000000800000000)
  region size 2048K, 14 young (28672K), 4 survivors (8192K)
 Metaspace       used 33890K, committed 34240K, reserved 1114112K
  class space    used 3038K, committed 3200K, reserved 1048576K
}
Event: 3.261 GC heap after
{Heap after GC invocations=6 (full 0):
 garbage-first heap   total 49152K, used 12435K [0x0000000702800000, 0x0000000800000000)
  region size 2048K, 1 young (2048K), 1 survivors (2048K)
 Metaspace       used 33890K, committed 34240K, reserved 1114112K
  class space    used 3038K, committed 3200K, reserved 1048576K
}
Event: 3.470 GC heap before
{Heap before GC invocations=6 (full 0):
 garbage-first heap   total 49152K, used 14483K [0x0000000702800000, 0x0000000800000000)
  region size 2048K, 4 young (8192K), 1 survivors (2048K)
 Metaspace       used 36075K, committed 36416K, reserved 1114112K
  class space    used 3288K, committed 3456K, reserved 1048576K
}
Event: 3.475 GC heap after
{Heap after GC invocations=7 (full 0):
 garbage-first heap   total 155648K, used 12711K [0x0000000702800000, 0x0000000800000000)
  region size 2048K, 1 young (2048K), 1 survivors (2048K)
 Metaspace       used 36075K, committed 36416K, reserved 1114112K
  class space    used 3288K, committed 3456K, reserved 1048576K
}
Event: 3.485 GC heap before
{Heap before GC invocations=7 (full 0):
 garbage-first heap   total 155648K, used 12711K [0x0000000702800000, 0x0000000800000000)
  region size 2048K, 2 young (4096K), 1 survivors (2048K)
 Metaspace       used 36357K, committed 36736K, reserved 1114112K
  class space    used 3314K, committed 3520K, reserved 1048576K
}
Event: 3.487 GC heap after
{Heap after GC invocations=8 (full 0):
 garbage-first heap   total 155648K, used 12543K [0x0000000702800000, 0x0000000800000000)
  region size 2048K, 1 young (2048K), 1 survivors (2048K)
 Metaspace       used 36357K, committed 36736K, reserved 1114112K
  class space    used 3314K, committed 3520K, reserved 1048576K
}
Event: 4.200 GC heap before
{Heap before GC invocations=9 (full 0):
 garbage-first heap   total 49152K, used 39167K [0x0000000702800000, 0x0000000800000000)
  region size 2048K, 14 young (28672K), 1 survivors (2048K)
 Metaspace       used 44225K, committed 44736K, reserved 1114112K
  class space    used 4246K, committed 4416K, reserved 1048576K
}
Event: 4.212 GC heap after
{Heap after GC invocations=10 (full 0):
 garbage-first heap   total 49152K, used 14057K [0x0000000702800000, 0x0000000800000000)
  region size 2048K, 2 young (4096K), 2 survivors (4096K)
 Metaspace       used 44225K, committed 44736K, reserved 1114112K
  class space    used 4246K, committed 4416K, reserved 1048576K
}
Event: 8.944 GC heap before
{Heap before GC invocations=10 (full 0):
 garbage-first heap   total 49152K, used 38633K [0x0000000702800000, 0x0000000800000000)
  region size 2048K, 14 young (28672K), 2 survivors (4096K)
 Metaspace       used 45837K, committed 46336K, reserved 1114112K
  class space    used 4376K, committed 4608K, reserved 1048576K
}
Event: 8.952 GC heap after
{Heap after GC invocations=11 (full 0):
 garbage-first heap   total 49152K, used 14586K [0x0000000702800000, 0x0000000800000000)
  region size 2048K, 2 young (4096K), 2 survivors (4096K)
 Metaspace       used 45837K, committed 46336K, reserved 1114112K
  class space    used 4376K, committed 4608K, reserved 1048576K
}
Event: 9.504 GC heap before
{Heap before GC invocations=11 (full 0):
 garbage-first heap   total 49152K, used 37114K [0x0000000702800000, 0x0000000800000000)
  region size 2048K, 14 young (28672K), 2 survivors (4096K)
 Metaspace       used 57189K, committed 57792K, reserved 1114112K
  class space    used 4972K, committed 5248K, reserved 1048576K
}
Event: 9.514 GC heap after
{Heap after GC invocations=12 (full 0):
 garbage-first heap   total 49152K, used 16324K [0x0000000702800000, 0x0000000800000000)
  region size 2048K, 2 young (4096K), 2 survivors (4096K)
 Metaspace       used 57189K, committed 57792K, reserved 1114112K
  class space    used 4972K, committed 5248K, reserved 1048576K
}
Event: 9.719 GC heap before
{Heap before GC invocations=12 (full 0):
 garbage-first heap   total 49152K, used 28612K [0x0000000702800000, 0x0000000800000000)
  region size 2048K, 9 young (18432K), 2 survivors (4096K)
 Metaspace       used 61764K, committed 62336K, reserved 1114112K
  class space    used 5482K, committed 5696K, reserved 1048576K
}
Event: 9.723 GC heap after
{Heap after GC invocations=13 (full 0):
 garbage-first heap   total 49152K, used 17164K [0x0000000702800000, 0x0000000800000000)
  region size 2048K, 2 young (4096K), 2 survivors (4096K)
 Metaspace       used 61764K, committed 62336K, reserved 1114112K
  class space    used 5482K, committed 5696K, reserved 1048576K
}
Event: 22.504 GC heap before
{Heap before GC invocations=14 (full 0):
 garbage-first heap   total 49152K, used 39692K [0x0000000702800000, 0x0000000800000000)
  region size 2048K, 13 young (26624K), 2 survivors (4096K)
 Metaspace       used 75559K, committed 76288K, reserved 1179648K
  class space    used 6906K, committed 7232K, reserved 1048576K
}
Event: 22.512 GC heap after
{Heap after GC invocations=15 (full 0):
 garbage-first heap   total 49152K, used 20288K [0x0000000702800000, 0x0000000800000000)
  region size 2048K, 2 young (4096K), 2 survivors (4096K)
 Metaspace       used 75559K, committed 76288K, reserved 1179648K
  class space    used 6906K, committed 7232K, reserved 1048576K
}

Dll operation events (11 events):
Event: 0.001 Loaded shared library /usr/lib/jvm/java-21-openjdk-arm64/lib/libjava.so
Event: 0.029 Loaded shared library /usr/lib/jvm/java-21-openjdk-arm64/lib/libnio.so
Event: 0.033 Loaded shared library /usr/lib/jvm/java-21-openjdk-arm64/lib/libzip.so
Event: 0.043 Loaded shared library /usr/lib/jvm/java-21-openjdk-arm64/lib/libnet.so
Event: 0.132 Loaded shared library /usr/lib/jvm/java-21-openjdk-arm64/lib/libjimage.so
Event: 3.342 Loaded shared library /tmp/sqlite-3.45.1.0-c2b64efc-68c3-477d-a91f-c44e8b377114-libsqlitejdbc.so
Event: 4.359 Loaded shared library /usr/lib/jvm/java-21-openjdk-arm64/lib/libverify.so
Event: 9.102 Loaded shared library /tmp/sqlite-3.45.1.0-53f274c7-96f0-4b72-98fd-b0d86095ab86-libsqlitejdbc.so
Event: 10.308 Loaded shared library /usr/lib/aarch64-linux-gnu/libX11.so.6.4.0
Event: 10.315 Loaded shared library /home/xenobyte/.javacpp/cache/jaylib-5.5.0-2.jar/com/raylib/linux-arm64/libjniRaylib.so
Event: 21.954 Loaded shared library /usr/lib/jvm/java-21-openjdk-arm64/lib/libextnet.so

Deoptimization events (20 events):
Event: 22.542 Thread 0x00007fff4a2389c0 Uncommon trap: trap_request=0xffffff45 fr.pc=0x00007fff3851f300 relative=0x00000000000000c0
Event: 22.542 Thread 0x00007fff4a2389c0 Uncommon trap: reason=unstable_if action=reinterpret pc=0x00007fff3851f300 method=java.lang.StringConcatHelper.newString([BJ)Ljava/lang/String; @ 3 c2
Event: 22.542 Thread 0x00007fff4a2389c0 DEOPT PACKING pc=0x00007fff3851f300 sp=0x00007fff0607dc10
Event: 22.542 Thread 0x00007fff4a2389c0 DEOPT UNPACKING pc=0x00007fff37f2f01c sp=0x00007fff0607db80 mode 2
Event: 22.542 Thread 0x00007fff4a2389c0 Uncommon trap: trap_request=0xffffff45 fr.pc=0x00007fff384a4168 relative=0x00000000000001a8
Event: 22.542 Thread 0x00007fff4a2389c0 Uncommon trap: reason=unstable_if action=reinterpret pc=0x00007fff384a4168 method=java.lang.String.isLatin1()Z @ 10 c2
Event: 22.542 Thread 0x00007fff4a2389c0 DEOPT PACKING pc=0x00007fff384a4168 sp=0x00007fff0607dba0
Event: 22.542 Thread 0x00007fff4a2389c0 DEOPT UNPACKING pc=0x00007fff37f2f01c sp=0x00007fff0607dad0 mode 2
Event: 22.583 Thread 0x00007fff4a2389c0 Uncommon trap: trap_request=0xffffff45 fr.pc=0x00007fff387111e8 relative=0x00000000000001a8
Event: 22.583 Thread 0x00007fff4a2389c0 Uncommon trap: reason=unstable_if action=reinterpret pc=0x00007fff387111e8 method=java.lang.String.encodeUTF8(B[BZ)[B @ 2 c2
Event: 22.583 Thread 0x00007fff4a2389c0 DEOPT PACKING pc=0x00007fff387111e8 sp=0x00007fff0607d780
Event: 22.583 Thread 0x00007fff4a2389c0 DEOPT UNPACKING pc=0x00007fff37f2f01c sp=0x00007fff0607d5d0 mode 2
Event: 22.583 Thread 0x00007fff4a2389c0 Uncommon trap: trap_request=0xffffff45 fr.pc=0x00007fff387103d0 relative=0x0000000000000190
Event: 22.583 Thread 0x00007fff4a2389c0 Uncommon trap: reason=unstable_if action=reinterpret pc=0x00007fff387103d0 method=java.lang.String.encodeUTF8(B[BZ)[B @ 2 c2
Event: 22.583 Thread 0x00007fff4a2389c0 DEOPT PACKING pc=0x00007fff387103d0 sp=0x00007fff0607d660
Event: 22.583 Thread 0x00007fff4a2389c0 DEOPT UNPACKING pc=0x00007fff37f2f01c sp=0x00007fff0607d5c0 mode 2
Event: 23.869 Thread 0x00007fff4a2389c0 Uncommon trap: trap_request=0xffffff45 fr.pc=0x00007fff386c4e68 relative=0x00000000000006a8
Event: 23.869 Thread 0x00007fff4a2389c0 Uncommon trap: reason=unstable_if action=reinterpret pc=0x00007fff386c4e68 method=java.lang.StringConcatHelper.mix(JLjava/lang/String;)J @ 13 c2
Event: 23.869 Thread 0x00007fff4a2389c0 DEOPT PACKING pc=0x00007fff386c4e68 sp=0x00007fff0607dcd0
Event: 23.869 Thread 0x00007fff4a2389c0 DEOPT UNPACKING pc=0x00007fff37f2f01c sp=0x00007fff0607dbd0 mode 2

Classes loaded (20 events):
Event: 22.500 Loading class java/util/stream/LongStream done
Event: 22.500 Loading class java/util/stream/LongPipeline done
Event: 22.500 Loading class java/util/stream/LongPipeline$StatelessOp done
Event: 22.500 Loading class java/util/stream/ReferencePipeline$5 done
Event: 22.500 Loading class java/util/stream/FindOps$FindSink$OfLong
Event: 22.500 Loading class java/util/stream/Sink$OfLong
Event: 22.500 Loading class java/util/stream/Sink$OfLong done
Event: 22.500 Loading class java/util/stream/FindOps$FindSink$OfLong done
Event: 22.500 Loading class java/util/OptionalLong
Event: 22.500 Loading class java/util/OptionalLong done
Event: 22.501 Loading class java/util/stream/ReferencePipeline$5$1
Event: 22.501 Loading class java/util/stream/ReferencePipeline$5$1 done
Event: 22.501 Loading class java/lang/invoke/VarHandleBytes$FieldInstanceReadWrite
Event: 22.501 Loading class java/lang/invoke/VarHandleBytes$FieldInstanceReadOnly
Event: 22.501 Loading class java/lang/invoke/VarHandleBytes$FieldInstanceReadOnly done
Event: 22.501 Loading class java/lang/invoke/VarHandleBytes$FieldInstanceReadWrite done
Event: 22.515 Loading class java/nio/HeapByteBufferR
Event: 22.515 Loading class java/nio/HeapByteBufferR done
Event: 22.520 Loading class java/util/LinkedList$DescendingIterator
Event: 22.520 Loading class java/util/LinkedList$DescendingIterator done

Classes unloaded (0 events):
No events

Classes redefined (0 events):
No events

Internal exceptions (20 events):
Event: 8.992 Thread 0x00007fff4a2389c0 Exception <a 'java/lang/NoSuchMethodError'{0x000000070e8ceaf8}: 'void java.lang.invoke.Invokers$Holder.invoke_MT(java.lang.Object, java.lang.Object, java.lang.Object)'> (0x000000070e8ceaf8) 
thrown [./src/hotspot/share/interpreter/linkResolver.cpp, line 772]
Event: 9.007 Thread 0x00007fff4a2389c0 Exception <a 'java/lang/NoClassDefFoundError'{0x000000070e9d7e40}: org/slf4j/impl/StaticLoggerBinder> (0x000000070e9d7e40) 
thrown [./src/hotspot/share/classfile/systemDictionary.cpp, line 301]
Event: 9.035 Thread 0x00007fff4a2389c0 Exception <a 'sun/nio/fs/UnixException'{0x000000070513e938}> (0x000000070513e938) 
thrown [./src/hotspot/share/prims/jni.cpp, line 520]
Event: 9.647 Thread 0x00007fff4a2389c0 Exception <a 'java/lang/NoSuchMethodError'{0x0000000704de41d8}: 'java.lang.Object java.lang.invoke.DirectMethodHandle$Holder.invokeStaticInit(java.lang.Object, java.lang.Object, int)'> (0x0000000704de41d8) 
thrown [./src/hotspot/share/interpreter/linkResolver.cpp, line 772]
Event: 9.649 Thread 0x00007fff4a2389c0 Exception <a 'java/lang/NoSuchMethodError'{0x0000000704dfb4f0}: 'int java.lang.invoke.DirectMethodHandle$Holder.invokeSpecialIFC(java.lang.Object, java.lang.Object, java.lang.Object)'> (0x0000000704dfb4f0) 
thrown [./src/hotspot/share/interpreter/linkResolver.cpp, line 772]
Event: 9.654 Thread 0x00007fff4a2389c0 Exception <a 'java/lang/NoSuchMethodError'{0x0000000704a1f900}: 'java.lang.Object java.lang.invoke.Invokers$Holder.invoke_MT(java.lang.Object, java.lang.Object, java.lang.Object, java.lang.Object, java.lang.Object, java.lang.Object, java.lang.Object, java.lang.Object, java.lang.Object, java.lang.Object)'> (0x0000000704a1f900) 
thrown [./src/hotspot/share/interpreter/linkResolver.cpp, line 772]
Event: 9.657 Thread 0x00007fff4a2389c0 Exception <a 'java/lang/NoSuchMethodError'{0x0000000704a4bbe8}: 'java.lang.Object java.lang.invoke.DirectMethodHandle$Holder.invokeSpecial(java.lang.Object, java.lang.Object, int, java.lang.Object, java.lang.Object)'> (0x0000000704a4bbe8) 
thrown [./src/hotspot/share/interpreter/linkResolver.cpp, line 772]
Event: 9.658 Thread 0x00007fff4a2389c0 Exception <a 'java/lang/NoSuchMethodError'{0x0000000704a4f578}: 'java.lang.Object java.lang.invoke.DelegatingMethodHandle$Holder.delegate(java.lang.Object, int, java.lang.Object, java.lang.Object)'> (0x0000000704a4f578) 
thrown [./src/hotspot/share/interpreter/linkResolver.cpp, line 772]
Event: 9.660 Thread 0x00007fff4a2389c0 Exception <a 'java/lang/NoSuchMethodError'{0x0000000704a5e9f8}: 'int java.lang.invoke.Invokers$Holder.linkToTargetMethod(java.lang.Object, java.lang.Object, java.lang.Object)'> (0x0000000704a5e9f8) 
thrown [./src/hotspot/share/interpreter/linkResolver.cpp, line 772]
Event: 9.663 Thread 0x00007fff4a2389c0 Exception <a 'java/lang/NoSuchMethodError'{0x0000000704a6d700}: 'long java.lang.invoke.DirectMethodHandle$Holder.invokeSpecial(java.lang.Object, java.lang.Object)'> (0x0000000704a6d700) 
thrown [./src/hotspot/share/interpreter/linkResolver.cpp, line 772]
Event: 9.726 Thread 0x00007fff4a2389c0 Implicit null exception at 0x00007fff3848b4fc to 0x00007fff3848b668
Event: 9.726 Thread 0x00007fff4a2389c0 Implicit null exception at 0x00007fff386d1b78 to 0x00007fff386d1c78
Event: 10.294 Thread 0x00007fff4a2389c0 Exception <a 'java/lang/NoSuchMethodError'{0x0000000704889250}: 'int java.lang.invoke.DirectMethodHandle$Holder.invokeStaticInit(java.lang.Object, java.lang.Object, java.lang.Object, java.lang.Object)'> (0x0000000704889250) 
thrown [./src/hotspot/share/interpreter/linkResolver.cpp, line 772]
Event: 10.294 Thread 0x00007fff4a2389c0 Exception <a 'java/lang/IncompatibleClassChangeError'{0x00000007048913f8}: Found class java.lang.Object, but interface was expected> (0x00000007048913f8) 
thrown [./src/hotspot/share/interpreter/linkResolver.cpp, line 840]
Event: 21.891 Thread 0x00007fff4a2389c0 Exception <a 'java/lang/NoSuchMethodError'{0x0000000704388de8}: 'void java.lang.invoke.DirectMethodHandle$Holder.invokeStatic(java.lang.Object, java.lang.Object, java.lang.Object, java.lang.Object, java.lang.Object, java.lang.Object, java.lang.Object)'> (0x0000000704388de8) 
thrown [./src/hotspot/share/interpreter/linkResolver.cpp, line 772]
Event: 21.975 Thread 0x00007ffec42b8660 Exception <a 'java/lang/NoSuchMethodError'{0x00000007043c7480}: 'void java.lang.invoke.DirectMethodHandle$Holder.invokeStatic(java.lang.Object, java.lang.Object, int)'> (0x00000007043c7480) 
thrown [./src/hotspot/share/interpreter/linkResolver.cpp, line 772]
Event: 22.110 Thread 0x00007ffec00042b0 Exception <a 'java/lang/NoSuchMethodError'{0x0000000703e73c20}: 'void java.lang.invoke.DirectMethodHandle$Holder.invokeInterface(java.lang.Object, java.lang.Object)'> (0x0000000703e73c20) 
thrown [./src/hotspot/share/interpreter/linkResolver.cpp, line 772]
Event: 22.502 Thread 0x00007ffec00042b0 Exception <a 'java/lang/NoSuchMethodError'{0x0000000703deb480}: 'java.lang.Object java.lang.invoke.DirectMethodHandle$Holder.newInvokeSpecial(java.lang.Object, java.lang.Object, long, java.lang.Object, java.lang.Object, java.lang.Object)'> (0x0000000703deb480) 
thrown [./src/hotspot/share/interpreter/linkResolver.cpp, line 772]
Event: 22.503 Thread 0x00007ffec00042b0 Exception <a 'java/lang/NoSuchMethodError'{0x0000000703df2ef0}: 'java.lang.Object java.lang.invoke.Invokers$Holder.linkToTargetMethod(java.lang.Object, long, java.lang.Object, java.lang.Object, java.lang.Object, java.lang.Object)'> (0x0000000703df2ef0) 
thrown [./src/hotspot/share/interpreter/linkResolver.cpp, line 772]
Event: 26.201 Thread 0x00007fff4a2389c0 Exception <a 'java/lang/NoSuchMethodError'{0x000000070e8a4048}: 'java.lang.Object java.lang.invoke.DirectMethodHandle$Holder.invokeVirtual(java.lang.Object, java.lang.Object, java.lang.Object, java.lang.Object)'> (0x000000070e8a4048) 
thrown [./src/hotspot/share/interpreter/linkResolver.cpp, line 772]

ZGC Phase Switch (0 events):
No events

VM Operations (20 events):
Event: 12.788 Executing VM operation: Cleanup
Event: 12.788 Executing VM operation: Cleanup done
Event: 22.150 Executing VM operation: HandshakeAllThreads (Deoptimize)
Event: 22.151 Executing VM operation: HandshakeAllThreads (Deoptimize) done
Event: 22.151 Executing VM operation: Cleanup
Event: 22.151 Executing VM operation: Cleanup done
Event: 22.152 Executing VM operation: HandshakeAllThreads (Deoptimize)
Event: 22.152 Executing VM operation: HandshakeAllThreads (Deoptimize) done
Event: 22.504 Executing VM operation: G1CollectForAllocation (G1 Evacuation Pause)
Event: 22.512 Executing VM operation: G1CollectForAllocation (G1 Evacuation Pause) done
Event: 22.516 Executing VM operation: HandshakeAllThreads (Deoptimize)
Event: 22.516 Executing VM operation: HandshakeAllThreads (Deoptimize) done
Event: 22.538 Executing VM operation: HandshakeAllThreads (Deoptimize)
Event: 22.538 Executing VM operation: HandshakeAllThreads (Deoptimize) done
Event: 23.538 Executing VM operation: Cleanup
Event: 23.538 Executing VM operation: Cleanup done
Event: 26.538 Executing VM operation: Cleanup
Event: 26.538 Executing VM operation: Cleanup done
Event: 32.539 Executing VM operation: Cleanup
Event: 32.539 Executing VM operation: Cleanup done

Memory protections (20 events):
Event: 0.301 Protecting memory [0x00007fff06c00000,0x00007fff06c0c000] with protection modes 0
Event: 1.591 Protecting memory [0x00007fff063d0000,0x00007fff063dc000] with protection modes 0
Event: 3.238 Protecting memory [0x00007fff06c00000,0x00007fff06c0c000] with protection modes 0
Event: 3.261 Protecting memory [0x00007fff2805c000,0x00007fff28068000] with protection modes 0
Event: 3.832 Protecting memory [0x00007fff06c00000,0x00007fff06c0c000] with protection modes 0
Event: 4.912 Protecting memory [0x00007fff06080000,0x00007fff0608c000] with protection modes 0
Event: 4.912 Protecting memory [0x00007fff05e80000,0x00007fff05e8c000] with protection modes 0
Event: 5.449 Protecting memory [0x00007fff06080000,0x00007fff0608c000] with protection modes 0
Event: 5.453 Protecting memory [0x00007fff05e80000,0x00007fff05e8c000] with protection modes 0
Event: 8.987 Protecting memory [0x00007fff06c00000,0x00007fff06c0c000] with protection modes 0
Event: 8.987 Protecting memory [0x00007fff06080000,0x00007fff0608c000] with protection modes 0
Event: 8.991 Protecting memory [0x00007fff05e80000,0x00007fff05e8c000] with protection modes 0
Event: 9.420 Protecting memory [0x00007fff05b60000,0x00007fff05b6c000] with protection modes 0
Event: 9.837 Protecting memory [0x00007fff05960000,0x00007fff0596c000] with protection modes 0
Event: 9.839 Protecting memory [0x00007fff05760000,0x00007fff0576c000] with protection modes 0
Event: 10.321 Protecting memory [0x00007fff04fb0000,0x00007fff04fbc000] with protection modes 0
Event: 21.888 Protecting memory [0x00007fff05b60000,0x00007fff05b6c000] with protection modes 0
Event: 21.977 Protecting memory [0x00007ffe9c058000,0x00007ffe9c064000] with protection modes 0
Event: 21.986 Protecting memory [0x00007ffe97e00000,0x00007ffe97e0c000] with protection modes 0
Event: 22.023 Protecting memory [0x00007ffe97c00000,0x00007ffe97c0c000] with protection modes 0

Nmethod flushes (20 events):
Event: 9.773 Thread 0x00007fff4810d8f0 flushing  nmethod 0x00007fff30c23c90
Event: 9.773 Thread 0x00007fff4810d8f0 flushing  nmethod 0x00007fff30c27390
Event: 9.773 Thread 0x00007fff4810d8f0 flushing  nmethod 0x00007fff30ecc690
Event: 9.773 Thread 0x00007fff4810d8f0 flushing  nmethod 0x00007fff30ecda90
Event: 9.773 Thread 0x00007fff4810d8f0 flushing  nmethod 0x00007fff30eef510
Event: 9.773 Thread 0x00007fff4810d8f0 flushing  nmethod 0x00007fff30f93f90
Event: 9.773 Thread 0x00007fff4810d8f0 flushing  nmethod 0x00007fff30f98e10
Event: 9.773 Thread 0x00007fff4810d8f0 flushing  nmethod 0x00007fff30fa8090
Event: 9.773 Thread 0x00007fff4810d8f0 flushing  nmethod 0x00007fff30fa8e90
Event: 9.773 Thread 0x00007fff4810d8f0 flushing  nmethod 0x00007fff30fa9510
Event: 9.773 Thread 0x00007fff4810d8f0 flushing  nmethod 0x00007fff30fbe410
Event: 9.773 Thread 0x00007fff4810d8f0 flushing  nmethod 0x00007fff31049e10
Event: 9.773 Thread 0x00007fff4810d8f0 flushing  nmethod 0x00007fff3106f690
Event: 9.773 Thread 0x00007fff4810d8f0 flushing  nmethod 0x00007fff310c9a10
Event: 9.773 Thread 0x00007fff4810d8f0 flushing  nmethod 0x00007fff31166490
Event: 9.773 Thread 0x00007fff4810d8f0 flushing  nmethod 0x00007fff31168410
Event: 9.773 Thread 0x00007fff4810d8f0 flushing  nmethod 0x00007fff31169010
Event: 9.773 Thread 0x00007fff4810d8f0 flushing  nmethod 0x00007fff31171d10
Event: 9.773 Thread 0x00007fff4810d8f0 flushing  nmethod 0x00007fff31172d10
Event: 9.773 Thread 0x00007fff4810d8f0 flushing  nmethod 0x00007fff31174110

Events (20 events):
Event: 5.430 Thread 0x00007fff4a1f27c0 Thread exited: 0x00007fff4a1f27c0
Event: 5.430 Thread 0x00007fff4a1f1480 Thread exited: 0x00007fff4a1f1480
Event: 5.448 Thread 0x00007fff48019910 Thread added: 0x00007fff4a1f1480
Event: 5.449 Thread 0x00007fff48019910 Thread added: 0x00007fff4a1f3a60
Event: 8.917 Thread 0x00007fff4a1f3a60 Thread exited: 0x00007fff4a1f3a60
Event: 8.917 Thread 0x00007fff4a1f1480 Thread exited: 0x00007fff4a1f1480
Event: 8.919 Thread 0x00007ffeec33dd00 Thread exited: 0x00007ffeec33dd00
Event: 8.987 Thread 0x00007fff48019910 Thread added: 0x00007fff4a236e60
Event: 8.987 Thread 0x00007fff4a236e60 Thread added: 0x00007ffed8f33fb0
Event: 8.991 Thread 0x00007fff48019910 Thread added: 0x00007fff4a2389c0
Event: 9.420 Thread 0x00007fff48121960 Thread added: 0x00007ffeec6e3670
Event: 9.837 Thread 0x00007fff4a2389c0 Thread added: 0x00007ffec42f1f20
Event: 9.839 Thread 0x00007fff4a2389c0 Thread added: 0x00007ffec4306770
Event: 10.321 Thread 0x00007fff4a2389c0 Thread added: 0x00007ffec44832f0
Event: 10.451 Thread 0x00007ffeec6e3670 Thread exited: 0x00007ffeec6e3670
Event: 21.888 Thread 0x00007fff4a2389c0 Thread added: 0x00007ffec42b8660
Event: 21.977 Thread 0x00007ffec42b8660 Thread added: 0x00007ffec00042b0
Event: 21.986 Thread 0x00007ffec42b8660 Thread added: 0x00007ffec00067b0
Event: 22.023 Thread 0x00007fff48121960 Thread added: 0x00007ffeec387b50
Event: 23.052 Thread 0x00007ffeec387b50 Thread exited: 0x00007ffeec387b50


Dynamic libraries:
702800000-705200000 rw-p 00000000 00:00 0 
705200000-70e800000 ---p 00000000 00:00 0 
70e800000-70ea00000 rw-p 00000000 00:00 0 
70ea00000-712600000 ---p 00000000 00:00 0 
712600000-712800000 rw-p 00000000 00:00 0 
712800000-7ffe00000 ---p 00000000 00:00 0 
7ffe00000-7fff10000 rw-p 00d00000 b3:02 1133383                          /usr/lib/jvm/java-21-openjdk-arm64/lib/server/classes.jsa
7fff10000-800000000 rw-p 00000000 00:00 0 
9000000000-9000cb0000 rw-p 00010000 b3:02 1133383                        /usr/lib/jvm/java-21-openjdk-arm64/lib/server/classes.jsa
9000cb0000-9001000000 ---p 00000000 00:00 0 
9001000000-9001040000 rw-p 00000000 00:00 0 
9001040000-9001080000 rw-p 00000000 00:00 0 
9001080000-90011c0000 rw-p 00000000 00:00 0 
90011c0000-9001200000 rw-p 00000000 00:00 0 
9001200000-90015c0000 rw-p 00000000 00:00 0 
90015c0000-90015e0000 rw-p 00000000 00:00 0 
90015e0000-9001600000 rw-p 00000000 00:00 0 
9001600000-9001730000 rw-p 00000000 00:00 0 
9001730000-9041000000 ---p 00000000 00:00 0 
55563dd40000-55563dd44000 r-xp 00000000 b3:02 1133231                    /usr/lib/jvm/java-21-openjdk-arm64/bin/java
55563dd5c000-55563dd60000 r--p 0000c000 b3:02 1133231                    /usr/lib/jvm/java-21-openjdk-arm64/bin/java
55563dd60000-55563dd64000 rw-p 00010000 b3:02 1133231                    /usr/lib/jvm/java-21-openjdk-arm64/bin/java
5556581a8000-5556581f0000 rw-p 00000000 00:00 0                          [heap]
7ffe8c000000-7ffe8d32c000 rw-p 00000000 00:00 0 
7ffe8d32c000-7ffe90000000 ---p 00000000 00:00 0 
7ffe90000000-7ffe90024000 rw-p 00000000 00:00 0 
7ffe90024000-7ffe94000000 ---p 00000000 00:00 0 
7ffe97e00000-7ffe97e0c000 ---p 00000000 00:00 0 
7ffe97e0c000-7ffe98024000 rw-p 00000000 00:00 0 
7ffe98024000-7ffe9c000000 ---p 00000000 00:00 0 
7ffe9c058000-7ffe9c064000 ---p 00000000 00:00 0 
7ffe9c064000-7ffe9c258000 rw-p 00000000 00:00 0 
7ffe9c430000-7ffe9c440000 ---p 00000000 00:00 0 
7ffe9c440000-7ffe9cc40000 rw-p 00000000 00:00 0 
7ffe9ec80000-7ffe9ec90000 ---p 00000000 00:00 0 
7ffe9ec90000-7ffe9f490000 rw-p 00000000 00:00 0 
7ffe9f490000-7ffe9f4a0000 ---p 00000000 00:00 0 
7ffe9f4a0000-7ffe9fca0000 rw-p 00000000 00:00 0 
7ffe9fca0000-7ffe9fcb0000 ---p 00000000 00:00 0 
7ffe9fcb0000-7ffea04b0000 rw-p 00000000 00:00 0 
7ffea0cc0000-7ffea262c000 r-xp 00000000 b3:02 4311                       /usr/lib/aarch64-linux-gnu/libz3.so.4
7ffea262c000-7ffea263c000 ---p 0196c000 b3:02 4311                       /usr/lib/aarch64-linux-gnu/libz3.so.4
7ffea263c000-7ffea2670000 r--p 0196c000 b3:02 4311                       /usr/lib/aarch64-linux-gnu/libz3.so.4
7ffea2670000-7ffea2674000 rw-p 019a0000 b3:02 4311                       /usr/lib/aarch64-linux-gnu/libz3.so.4
7ffea2680000-7ffea9650000 r-xp 00000000 b3:02 4330                       /usr/lib/aarch64-linux-gnu/libLLVM.so.19.1
7ffea9650000-7ffea9664000 ---p 06fd0000 b3:02 4330                       /usr/lib/aarch64-linux-gnu/libLLVM.so.19.1
7ffea9664000-7ffea9bd0000 r--p 06fd4000 b3:02 4330                       /usr/lib/aarch64-linux-gnu/libLLVM.so.19.1
7ffea9bd0000-7ffea9c18000 rw-p 07540000 b3:02 4330                       /usr/lib/aarch64-linux-gnu/libLLVM.so.19.1
7ffea9c18000-7ffea9cb8000 rw-p 00000000 00:00 0 
7ffeac000000-7ffeac100000 rw-p 00000000 00:00 0 
7ffeac100000-7ffeac280000 rw-p 00000000 00:00 0 
7ffeac280000-7ffeac290000 rw-p 00000000 00:00 0 
7ffeac290000-7ffeac300000 ---p 00000000 00:00 0 
7ffeac300000-7ffeac4d0000 rw-p 00000000 00:00 0 
7ffeac4d0000-7ffeb0000000 ---p 00000000 00:00 0 
7ffeb0000000-7ffeb0024000 rw-p 00000000 00:00 0 
7ffeb0024000-7ffeb4000000 ---p 00000000 00:00 0 
7ffeb4000000-7ffeb4024000 rw-p 00000000 00:00 0 
7ffeb4024000-7ffeb8000000 ---p 00000000 00:00 0 
7ffeb8000000-7ffeb85e0000 rw-p 00000000 00:00 0 
7ffeb85e0000-7ffebc000000 ---p 00000000 00:00 0 
7ffebc000000-7ffebc024000 rw-p 00000000 00:00 0 
7ffebc024000-7ffec0000000 ---p 00000000 00:00 0 
7ffec0000000-7ffec0024000 rw-p 00000000 00:00 0 
7ffec0024000-7ffec4000000 ---p 00000000 00:00 0 
7ffec4000000-7ffec8000000 rw-p 00000000 00:00 0 
7ffec8000000-7ffec8024000 rw-p 00000000 00:00 0 
7ffec8024000-7ffecc000000 ---p 00000000 00:00 0 
7ffecc000000-7ffecc0b8000 rw-p 00000000 00:00 0 
7ffecc0b8000-7ffed0000000 ---p 00000000 00:00 0 
7ffed0000000-7ffed0024000 rw-p 00000000 00:00 0 
7ffed0024000-7ffed4000000 ---p 00000000 00:00 0 
7ffed4000000-7ffed4afc000 rw-p 00000000 00:00 0 
7ffed4afc000-7ffed8000000 ---p 00000000 00:00 0 
7ffed8000000-7ffed93c0000 rw-p 00000000 00:00 0 
7ffed93c0000-7ffedc000000 ---p 00000000 00:00 0 
7ffedc000000-7ffedc024000 rw-p 00000000 00:00 0 
7ffedc024000-7ffee0000000 ---p 00000000 00:00 0 
7ffee0000000-7ffee0024000 rw-p 00000000 00:00 0 
7ffee0024000-7ffee4000000 ---p 00000000 00:00 0 
7ffee4000000-7ffee4024000 rw-p 00000000 00:00 0 
7ffee4024000-7ffee8000000 ---p 00000000 00:00 0 
7ffee8000000-7ffee928c000 rw-p 00000000 00:00 0 
7ffee928c000-7ffeec000000 ---p 00000000 00:00 0 
7ffeec000000-7ffeec71c000 rw-p 00000000 00:00 0 
7ffeec71c000-7ffef0000000 ---p 00000000 00:00 0 
7ffef0000000-7ffef0024000 rw-p 00000000 00:00 0 
7ffef0024000-7ffef4000000 ---p 00000000 00:00 0 
7ffef4000000-7ffef4024000 rw-p 00000000 00:00 0 
7ffef4024000-7ffef8000000 ---p 00000000 00:00 0 
7ffef8000000-7ffef8024000 rw-p 00000000 00:00 0 
7ffef8024000-7ffefc000000 ---p 00000000 00:00 0 
7ffefc000000-7ffefc024000 rw-p 00000000 00:00 0 
7ffefc024000-7fff00000000 ---p 00000000 00:00 0 
7fff00000000-7fff00024000 rw-p 00000000 00:00 0 
7fff00024000-7fff04000000 ---p 00000000 00:00 0 
7fff040b0000-7fff040b4000 r-xp 00000000 b3:02 1133351                    /usr/lib/jvm/java-21-openjdk-arm64/lib/libextnet.so
7fff040b4000-7fff040cc000 ---p 00004000 b3:02 1133351                    /usr/lib/jvm/java-21-openjdk-arm64/lib/libextnet.so
7fff040cc000-7fff040d0000 r--p 0000c000 b3:02 1133351                    /usr/lib/jvm/java-21-openjdk-arm64/lib/libextnet.so
7fff040d0000-7fff040d4000 rw-p 00010000 b3:02 1133351                    /usr/lib/jvm/java-21-openjdk-arm64/lib/libextnet.so
7fff040e0000-7fff040e4000 r-xp 00000000 b3:02 5643                       /usr/lib/aarch64-linux-gnu/libnss_mdns4_minimal.so.2
7fff040e4000-7fff040fc000 ---p 00004000 b3:02 5643                       /usr/lib/aarch64-linux-gnu/libnss_mdns4_minimal.so.2
7fff040fc000-7fff04100000 r--p 0000c000 b3:02 5643                       /usr/lib/aarch64-linux-gnu/libnss_mdns4_minimal.so.2
7fff04100000-7fff04104000 rw-p 00010000 b3:02 5643                       /usr/lib/aarch64-linux-gnu/libnss_mdns4_minimal.so.2
7fff04460000-7fff04470000 r-xp 00000000 b3:02 5605                       /usr/lib/aarch64-linux-gnu/libmd.so.0.1.0
7fff04470000-7fff0447c000 ---p 00010000 b3:02 5605                       /usr/lib/aarch64-linux-gnu/libmd.so.0.1.0
7fff0447c000-7fff04480000 r--p 0000c000 b3:02 5605                       /usr/lib/aarch64-linux-gnu/libmd.so.0.1.0
7fff04480000-7fff04484000 rw-p 00010000 b3:02 5605                       /usr/lib/aarch64-linux-gnu/libmd.so.0.1.0
7fff04490000-7fff044bc000 r-xp 00000000 b3:02 5596                       /usr/lib/aarch64-linux-gnu/liblzma.so.5.8.1
7fff044bc000-7fff044cc000 ---p 0002c000 b3:02 5596                       /usr/lib/aarch64-linux-gnu/liblzma.so.5.8.1
7fff044cc000-7fff044d0000 r--p 0002c000 b3:02 5596                       /usr/lib/aarch64-linux-gnu/liblzma.so.5.8.1
7fff044d0000-7fff044d4000 rw-p 00030000 b3:02 5596                       /usr/lib/aarch64-linux-gnu/liblzma.so.5.8.1
7fff044e0000-7fff044f4000 r-xp 00000000 b3:02 5464                       /usr/lib/aarch64-linux-gnu/libbsd.so.0.12.2
7fff044f4000-7fff0450c000 ---p 00014000 b3:02 5464                       /usr/lib/aarch64-linux-gnu/libbsd.so.0.12.2
7fff0450c000-7fff04510000 r--p 0001c000 b3:02 5464                       /usr/lib/aarch64-linux-gnu/libbsd.so.0.12.2
7fff04510000-7fff04514000 rw-p 00020000 b3:02 5464                       /usr/lib/aarch64-linux-gnu/libbsd.so.0.12.2
7fff04520000-7fff04550000 r-xp 00000000 b3:02 5726                       /usr/lib/aarch64-linux-gnu/libtinfo.so.6.5
7fff04550000-7fff0455c000 ---p 00030000 b3:02 5726                       /usr/lib/aarch64-linux-gnu/libtinfo.so.6.5
7fff0455c000-7fff04560000 r--p 0003c000 b3:02 5726                       /usr/lib/aarch64-linux-gnu/libtinfo.so.6.5
7fff04560000-7fff04564000 rw-p 00040000 b3:02 5726                       /usr/lib/aarch64-linux-gnu/libtinfo.so.6.5
7fff04570000-7fff04718000 r-xp 00000000 b3:02 5749                       /usr/lib/aarch64-linux-gnu/libxml2.so.2.9.14
7fff04718000-7fff04724000 ---p 001a8000 b3:02 5749                       /usr/lib/aarch64-linux-gnu/libxml2.so.2.9.14
7fff04724000-7fff04730000 r--p 001a4000 b3:02 5749                       /usr/lib/aarch64-linux-gnu/libxml2.so.2.9.14
7fff04730000-7fff04734000 rw-p 001b0000 b3:02 5749                       /usr/lib/aarch64-linux-gnu/libxml2.so.2.9.14
7fff04740000-7fff04774000 r-xp 00000000 b3:02 5507                       /usr/lib/aarch64-linux-gnu/libedit.so.2.0.75
7fff04774000-7fff0478c000 ---p 00034000 b3:02 5507                       /usr/lib/aarch64-linux-gnu/libedit.so.2.0.75
7fff0478c000-7fff04790000 r--p 0003c000 b3:02 5507                       /usr/lib/aarch64-linux-gnu/libedit.so.2.0.75
7fff04790000-7fff04794000 rw-p 00040000 b3:02 5507                       /usr/lib/aarch64-linux-gnu/libedit.so.2.0.75
7fff04794000-7fff04798000 rw-p 00000000 00:00 0 
7fff047a0000-7fff047ac000 r-xp 00000000 b3:02 5515                       /usr/lib/aarch64-linux-gnu/libffi.so.8.1.4
7fff047ac000-7fff047bc000 ---p 0000c000 b3:02 5515                       /usr/lib/aarch64-linux-gnu/libffi.so.8.1.4
7fff047bc000-7fff047c0000 r--p 0000c000 b3:02 5515                       /usr/lib/aarch64-linux-gnu/libffi.so.8.1.4
7fff047c0000-7fff047c4000 rw-p 00010000 b3:02 5515                       /usr/lib/aarch64-linux-gnu/libffi.so.8.1.4
7fff04900000-7fff049ac000 r-xp 00000000 b3:02 5755                       /usr/lib/aarch64-linux-gnu/libzstd.so.1.5.7
7fff049ac000-7fff049bc000 ---p 000ac000 b3:02 5755                       /usr/lib/aarch64-linux-gnu/libzstd.so.1.5.7
7fff049bc000-7fff049c0000 r--p 000ac000 b3:02 5755                       /usr/lib/aarch64-linux-gnu/libzstd.so.1.5.7
7fff049c0000-7fff049c4000 rw-p 000b0000 b3:02 5755                       /usr/lib/aarch64-linux-gnu/libzstd.so.1.5.7
7fff04f40000-7fff04f54000 r-xp 00000000 b3:02 5418                       /usr/lib/aarch64-linux-gnu/libXext.so.6.4.0
7fff04f54000-7fff04f6c000 ---p 00014000 b3:02 5418                       /usr/lib/aarch64-linux-gnu/libXext.so.6.4.0
7fff04f6c000-7fff04f70000 r--p 0001c000 b3:02 5418                       /usr/lib/aarch64-linux-gnu/libXext.so.6.4.0
7fff04f70000-7fff04f74000 rw-p 00020000 b3:02 5418                       /usr/lib/aarch64-linux-gnu/libXext.so.6.4.0
7fff04fb0000-7fff04fbc000 ---p 00000000 00:00 0 
7fff04fbc000-7fff051b0000 rw-p 00000000 00:00 0 
7fff051b0000-7fff054e0000 r-xp 00000000 b3:02 1148623                    /home/xenobyte/.javacpp/cache/jaylib-5.5.0-2.jar/com/raylib/linux-arm64/libjniRaylib.so
7fff054e0000-7fff054ec000 ---p 00330000 b3:02 1148623                    /home/xenobyte/.javacpp/cache/jaylib-5.5.0-2.jar/com/raylib/linux-arm64/libjniRaylib.so
7fff054ec000-7fff054f0000 r--p 0032c000 b3:02 1148623                    /home/xenobyte/.javacpp/cache/jaylib-5.5.0-2.jar/com/raylib/linux-arm64/libjniRaylib.so
7fff054f0000-7fff054fc000 rw-p 00330000 b3:02 1148623                    /home/xenobyte/.javacpp/cache/jaylib-5.5.0-2.jar/com/raylib/linux-arm64/libjniRaylib.so
7fff054fc000-7fff05534000 rw-p 00000000 00:00 0 
7fff05540000-7fff05548000 r-xp 00000000 b3:02 5417                       /usr/lib/aarch64-linux-gnu/libXdmcp.so.6.0.0
7fff05548000-7fff0555c000 ---p 00008000 b3:02 5417                       /usr/lib/aarch64-linux-gnu/libXdmcp.so.6.0.0
7fff0555c000-7fff05560000 r--p 0000c000 b3:02 5417                       /usr/lib/aarch64-linux-gnu/libXdmcp.so.6.0.0
7fff05560000-7fff05564000 rw-p 00010000 b3:02 5417                       /usr/lib/aarch64-linux-gnu/libXdmcp.so.6.0.0
7fff05570000-7fff05574000 r-xp 00000000 b3:02 5416                       /usr/lib/aarch64-linux-gnu/libXau.so.6.0.0
7fff05574000-7fff0558c000 ---p 00004000 b3:02 5416                       /usr/lib/aarch64-linux-gnu/libXau.so.6.0.0
7fff0558c000-7fff05590000 r--p 0000c000 b3:02 5416                       /usr/lib/aarch64-linux-gnu/libXau.so.6.0.0
7fff05590000-7fff05594000 rw-p 00010000 b3:02 5416                       /usr/lib/aarch64-linux-gnu/libXau.so.6.0.0
7fff055a0000-7fff055cc000 r-xp 00000000 b3:02 5748                       /usr/lib/aarch64-linux-gnu/libxcb.so.1.1.0
7fff055cc000-7fff055dc000 ---p 0002c000 b3:02 5748                       /usr/lib/aarch64-linux-gnu/libxcb.so.1.1.0
7fff055dc000-7fff055e0000 r--p 0002c000 b3:02 5748                       /usr/lib/aarch64-linux-gnu/libxcb.so.1.1.0
7fff055e0000-7fff055e4000 rw-p 00030000 b3:02 5748                       /usr/lib/aarch64-linux-gnu/libxcb.so.1.1.0
7fff055f0000-7fff05734000 r-xp 00000000 b3:02 5415                       /usr/lib/aarch64-linux-gnu/libX11.so.6.4.0
7fff05734000-7fff0574c000 ---p 00144000 b3:02 5415                       /usr/lib/aarch64-linux-gnu/libX11.so.6.4.0
7fff0574c000-7fff05750000 r--p 0014c000 b3:02 5415                       /usr/lib/aarch64-linux-gnu/libX11.so.6.4.0
7fff05750000-7fff05758000 rw-p 00150000 b3:02 5415                       /usr/lib/aarch64-linux-gnu/libX11.so.6.4.0
7fff05760000-7fff0576c000 ---p 00000000 00:00 0 
7fff0576c000-7fff05960000 rw-p 00000000 00:00 0 
7fff05960000-7fff0596c000 ---p 00000000 00:00 0 
7fff0596c000-7fff05b60000 rw-p 00000000 00:00 0 
7fff05b60000-7fff05b6c000 ---p 00000000 00:00 0 
7fff05b6c000-7fff05d60000 rw-p 00000000 00:00 0 
7fff05d60000-7fff05e60000 r-xp 00000000 00:20 176                        /tmp/sqlite-3.45.1.0-53f274c7-96f0-4b72-98fd-b0d86095ab86-libsqlitejdbc.so
7fff05e60000-7fff05e6c000 ---p 00100000 00:20 176                        /tmp/sqlite-3.45.1.0-53f274c7-96f0-4b72-98fd-b0d86095ab86-libsqlitejdbc.so
7fff05e6c000-7fff05e70000 r--p 000fc000 00:20 176                        /tmp/sqlite-3.45.1.0-53f274c7-96f0-4b72-98fd-b0d86095ab86-libsqlitejdbc.so
7fff05e70000-7fff05e78000 rw-p 00100000 00:20 176                        /tmp/sqlite-3.45.1.0-53f274c7-96f0-4b72-98fd-b0d86095ab86-libsqlitejdbc.so
7fff05e80000-7fff05e8c000 ---p 00000000 00:00 0 
7fff05e8c000-7fff06080000 rw-p 00000000 00:00 0 
7fff06080000-7fff0608c000 ---p 00000000 00:00 0 
7fff0608c000-7fff06280000 rw-p 00000000 00:00 0 
7fff06280000-7fff0628c000 r-xp 00000000 b3:02 1133378                    /usr/lib/jvm/java-21-openjdk-arm64/lib/libverify.so
7fff0628c000-7fff0629c000 ---p 0000c000 b3:02 1133378                    /usr/lib/jvm/java-21-openjdk-arm64/lib/libverify.so
7fff0629c000-7fff062a0000 r--p 0000c000 b3:02 1133378                    /usr/lib/jvm/java-21-openjdk-arm64/lib/libverify.so
7fff062a0000-7fff062a4000 rw-p 00010000 b3:02 1133378                    /usr/lib/jvm/java-21-openjdk-arm64/lib/libverify.so
7fff062b0000-7fff063b0000 r-xp 00000000 00:20 171                        /tmp/sqlite-3.45.1.0-c2b64efc-68c3-477d-a91f-c44e8b377114-libsqlitejdbc.so
7fff063b0000-7fff063bc000 ---p 00100000 00:20 171                        /tmp/sqlite-3.45.1.0-c2b64efc-68c3-477d-a91f-c44e8b377114-libsqlitejdbc.so
7fff063bc000-7fff063c0000 r--p 000fc000 00:20 171                        /tmp/sqlite-3.45.1.0-c2b64efc-68c3-477d-a91f-c44e8b377114-libsqlitejdbc.so
7fff063c0000-7fff063c8000 rw-p 00100000 00:20 171                        /tmp/sqlite-3.45.1.0-c2b64efc-68c3-477d-a91f-c44e8b377114-libsqlitejdbc.so
7fff063d0000-7fff063dc000 ---p 00000000 00:00 0 
7fff063dc000-7fff065d0000 rw-p 00000000 00:00 0 
7fff065d0000-7fff065e0000 ---p 00000000 00:00 0 
7fff065e0000-7fff067e0000 rw-p 00000000 00:00 0 
7fff067e0000-7fff067f0000 ---p 00000000 00:00 0 
7fff067f0000-7fff069f0000 rw-p 00000000 00:00 0 
7fff069f0000-7fff06a00000 ---p 00000000 00:00 0 
7fff06a00000-7fff06c00000 rw-p 00000000 00:00 0 
7fff06c00000-7fff06c0c000 ---p 00000000 00:00 0 
7fff06c0c000-7fff06e00000 rw-p 00000000 00:00 0 
7fff06e00000-7fff06e0c000 ---p 00000000 00:00 0 
7fff06e0c000-7fff07000000 rw-p 00000000 00:00 0 
7fff07000000-7fff0700c000 ---p 00000000 00:00 0 
7fff0700c000-7fff07200000 rw-p 00000000 00:00 0 
7fff07200000-7fff0720c000 ---p 00000000 00:00 0 
7fff0720c000-7fff07400000 rw-p 00000000 00:00 0 
7fff07400000-7fff0740c000 ---p 00000000 00:00 0 
7fff0740c000-7fff07600000 rw-p 00000000 00:00 0 
7fff07600000-7fff0760c000 ---p 00000000 00:00 0 
7fff0760c000-7fff07800000 rw-p 00000000 00:00 0 
7fff07800000-7fff0780c000 ---p 00000000 00:00 0 
7fff0780c000-7fff07a00000 rw-p 00000000 00:00 0 
7fff07a00000-7fff07a0c000 ---p 00000000 00:00 0 
7fff07a0c000-7fff07c00000 rw-p 00000000 00:00 0 
7fff07c00000-7fff07c0c000 ---p 00000000 00:00 0 
7fff07c0c000-7fff07e00000 rw-p 00000000 00:00 0 
7fff07e00000-7fff07e0c000 ---p 00000000 00:00 0 
7fff07e0c000-7fff08024000 rw-p 00000000 00:00 0 
7fff08024000-7fff0c000000 ---p 00000000 00:00 0 
7fff0c000000-7fff0c024000 rw-p 00000000 00:00 0 
7fff0c024000-7fff10000000 ---p 00000000 00:00 0 
7fff10000000-7fff10400000 rw-p 00000000 00:00 0 
7fff10400000-7fff11800000 rw-p 00000000 00:00 0 
7fff11800000-7fff11f00000 rw-p 00000000 00:00 0 
7fff11f00000-7fff12000000 rw-p 00000000 00:00 0 
7fff12000000-7fff12480000 rw-p 00000000 00:00 0 
7fff12480000-7fff12900000 rw-p 00000000 00:00 0 
7fff12900000-7fff12a00000 rw-p 00000000 00:00 0 
7fff12a00000-7fff13800000 rw-p 00000000 00:00 0 
7fff13800000-7fff13900000 rw-p 00000000 00:00 0 
7fff13900000-7fff13fc0000 rw-p 00000000 00:00 0 
7fff13fc0000-7fff14000000 rw-p 00000000 00:00 0 
7fff14000000-7fff14024000 rw-p 00000000 00:00 0 
7fff14024000-7fff18000000 ---p 00000000 00:00 0 
7fff18000000-7fff18024000 rw-p 00000000 00:00 0 
7fff18024000-7fff1c000000 ---p 00000000 00:00 0 
7fff1c000000-7fff1c024000 rw-p 00000000 00:00 0 
7fff1c024000-7fff20000000 ---p 00000000 00:00 0 
7fff20000000-7fff20024000 rw-p 00000000 00:00 0 
7fff20024000-7fff24000000 ---p 00000000 00:00 0 
7fff24000000-7fff24024000 rw-p 00000000 00:00 0 
7fff24024000-7fff28000000 ---p 00000000 00:00 0 
7fff28010000-7fff28014000 r-xp 00000000 b3:02 5686                       /usr/lib/aarch64-linux-gnu/libpthread.so.0
7fff28014000-7fff2802c000 ---p 00004000 b3:02 5686                       /usr/lib/aarch64-linux-gnu/libpthread.so.0
7fff2802c000-7fff28030000 r--p 0000c000 b3:02 5686                       /usr/lib/aarch64-linux-gnu/libpthread.so.0
7fff28030000-7fff28034000 rw-p 00010000 b3:02 5686                       /usr/lib/aarch64-linux-gnu/libpthread.so.0
7fff2805c000-7fff28068000 ---p 00000000 00:00 0 
7fff28068000-7fff28090000 rw-p 00000000 00:00 0 
7fff28090000-7fff28098000 r-xp 00000000 b3:02 1133379                    /usr/lib/jvm/java-21-openjdk-arm64/lib/libzip.so
7fff28098000-7fff280ac000 ---p 00008000 b3:02 1133379                    /usr/lib/jvm/java-21-openjdk-arm64/lib/libzip.so
7fff280ac000-7fff280b0000 r--p 0000c000 b3:02 1133379                    /usr/lib/jvm/java-21-openjdk-arm64/lib/libzip.so
7fff280b0000-7fff280b4000 rw-p 00010000 b3:02 1133379                    /usr/lib/jvm/java-21-openjdk-arm64/lib/libzip.so
7fff280c0000-7fff280d0000 r-xp 00000000 b3:02 1133371                    /usr/lib/jvm/java-21-openjdk-arm64/lib/libnet.so
7fff280d0000-7fff280dc000 ---p 00010000 b3:02 1133371                    /usr/lib/jvm/java-21-openjdk-arm64/lib/libnet.so
7fff280dc000-7fff280e0000 r--p 0000c000 b3:02 1133371                    /usr/lib/jvm/java-21-openjdk-arm64/lib/libnet.so
7fff280e0000-7fff280e4000 rw-p 00010000 b3:02 1133371                    /usr/lib/jvm/java-21-openjdk-arm64/lib/libnet.so
7fff280f0000-7fff28104000 r-xp 00000000 b3:02 1133372                    /usr/lib/jvm/java-21-openjdk-arm64/lib/libnio.so
7fff28104000-7fff2811c000 ---p 00014000 b3:02 1133372                    /usr/lib/jvm/java-21-openjdk-arm64/lib/libnio.so
7fff2811c000-7fff28120000 r--p 0001c000 b3:02 1133372                    /usr/lib/jvm/java-21-openjdk-arm64/lib/libnio.so
7fff28120000-7fff28124000 rw-p 00020000 b3:02 1133372                    /usr/lib/jvm/java-21-openjdk-arm64/lib/libnio.so
7fff28128000-7fff28184000 r--p 00000000 b3:02 9948                       /usr/lib/locale/C.utf8/LC_CTYPE
7fff28184000-7fff28470000 r--p 00000000 b3:02 9942                       /usr/lib/locale/locale-archive
7fff28470000-7fff28480000 ---p 00000000 00:00 0 
7fff28480000-7fff28680000 rw-p 00000000 00:00 0 
7fff28680000-7fff28690000 ---p 00000000 00:00 0 
7fff28690000-7fff28914000 rw-p 00000000 00:00 0 
7fff28914000-7fff28924000 ---p 00000000 00:00 0 
7fff28924000-7fff28b24000 rw-p 00000000 00:00 0 
7fff28b24000-7fff28b34000 ---p 00000000 00:00 0 
7fff28b34000-7fff2b144000 rw-p 00000000 00:00 0 
7fff2b144000-7fff2b154000 ---p 00000000 00:00 0 
7fff2b154000-7fff2b354000 rw-p 00000000 00:00 0 
7fff2b354000-7fff2b364000 ---p 00000000 00:00 0 
7fff2b364000-7fff2b564000 rw-p 00000000 00:00 0 
7fff2b564000-7fff2b574000 ---p 00000000 00:00 0 
7fff2b574000-7fff2b81c000 rw-p 00000000 00:00 0 
7fff2b81c000-7fff2ba74000 ---p 00000000 00:00 0 
7fff2ba74000-7fff2ba7c000 rw-p 00000000 00:00 0 
7fff2ba7c000-7fff2bb6c000 ---p 00000000 00:00 0 
7fff2bb6c000-7fff2bb74000 rw-p 00000000 00:00 0 
7fff2bb74000-7fff2f6cc000 ---p 00000000 00:00 0 
7fff2f6cc000-7fff2f6ec000 rw-p 00000000 00:00 0 
7fff2f6ec000-7fff2f734000 ---p 00000000 00:00 0 
7fff2f734000-7fff2f738000 rw-p 00000000 00:00 0 
7fff2f738000-7fff2f750000 ---p 00000000 00:00 0 
7fff2f750000-7fff2f754000 rw-p 00000000 00:00 0 
7fff2f754000-7fff2febc000 ---p 00000000 00:00 0 
7fff2febc000-7fff2fed8000 rw-p 00000000 00:00 0 
7fff2fed8000-7fff2ff20000 ---p 00000000 00:00 0 
7fff2ff20000-7fff2ff24000 rw-p 00000000 00:00 0 
7fff2ff24000-7fff2ff3c000 ---p 00000000 00:00 0 
7fff2ff3c000-7fff2ff40000 rw-p 00000000 00:00 0 
7fff2ff40000-7fff306a8000 ---p 00000000 00:00 0 
7fff306a8000-7fff309b8000 rw-p 00000000 00:00 0 
7fff309b8000-7fff31488000 rwxp 00000000 00:00 0 
7fff31488000-7fff37eec000 ---p 00000000 00:00 0 
7fff37eec000-7fff3815c000 rwxp 00000000 00:00 0 
7fff3815c000-7fff38480000 ---p 00000000 00:00 0 
7fff38480000-7fff38770000 rwxp 00000000 00:00 0 
7fff38770000-7fff3f9b8000 ---p 00000000 00:00 0 
7fff3f9b8000-7fff48000000 r--s 00000000 b3:02 1133380                    /usr/lib/jvm/java-21-openjdk-arm64/lib/modules
7fff48000000-7fff4a240000 rw-p 00000000 00:00 0 
7fff4a240000-7fff4c000000 ---p 00000000 00:00 0 
7fff4c000000-7fff4c1f0000 rw-p 00000000 00:00 0 
7fff4c1f0000-7fff4c2d4000 ---p 00000000 00:00 0 
7fff4c2d4000-7fff4c2ec000 rw-p 00000000 00:00 0 
7fff4c2ec000-7fff4c3c0000 ---p 00000000 00:00 0 
7fff4c3c0000-7fff4c3e4000 r-xp 00000000 b3:02 1133358                    /usr/lib/jvm/java-21-openjdk-arm64/lib/libjava.so
7fff4c3e4000-7fff4c3fc000 ---p 00024000 b3:02 1133358                    /usr/lib/jvm/java-21-openjdk-arm64/lib/libjava.so
7fff4c3fc000-7fff4c400000 r--p 0002c000 b3:02 1133358                    /usr/lib/jvm/java-21-openjdk-arm64/lib/libjava.so
7fff4c400000-7fff4c404000 rw-p 00030000 b3:02 1133358                    /usr/lib/jvm/java-21-openjdk-arm64/lib/libjava.so
7fff4c410000-7fff4c418000 r-xp 00000000 b3:02 1133361                    /usr/lib/jvm/java-21-openjdk-arm64/lib/libjimage.so
7fff4c418000-7fff4c42c000 ---p 00008000 b3:02 1133361                    /usr/lib/jvm/java-21-openjdk-arm64/lib/libjimage.so
7fff4c42c000-7fff4c430000 r--p 0000c000 b3:02 1133361                    /usr/lib/jvm/java-21-openjdk-arm64/lib/libjimage.so
7fff4c430000-7fff4c434000 rw-p 00010000 b3:02 1133361                    /usr/lib/jvm/java-21-openjdk-arm64/lib/libjimage.so
7fff4c440000-7fff4c44c000 ---p 00000000 00:00 0 
7fff4c44c000-7fff4c640000 rw-p 00000000 00:00 0 
7fff4c640000-7fff4c660000 r-xp 00000000 b3:02 5529                       /usr/lib/aarch64-linux-gnu/libgcc_s.so.1
7fff4c660000-7fff4c66c000 ---p 00020000 b3:02 5529                       /usr/lib/aarch64-linux-gnu/libgcc_s.so.1
7fff4c66c000-7fff4c670000 r--p 0001c000 b3:02 5529                       /usr/lib/aarch64-linux-gnu/libgcc_s.so.1
7fff4c670000-7fff4c674000 rw-p 00020000 b3:02 5529                       /usr/lib/aarch64-linux-gnu/libgcc_s.so.1
7fff4c680000-7fff4c710000 r-xp 00000000 b3:02 5600                       /usr/lib/aarch64-linux-gnu/libm.so.6
7fff4c710000-7fff4c71c000 ---p 00090000 b3:02 5600                       /usr/lib/aarch64-linux-gnu/libm.so.6
7fff4c71c000-7fff4c720000 r--p 0008c000 b3:02 5600                       /usr/lib/aarch64-linux-gnu/libm.so.6
7fff4c720000-7fff4c724000 rw-p 00090000 b3:02 5600                       /usr/lib/aarch64-linux-gnu/libm.so.6
7fff4c728000-7fff4c72c000 rw-p 00000000 00:00 0 
7fff4c72c000-7fff4c730000 rw-p 00000000 00:00 0 
7fff4c730000-7fff4c97c000 r-xp 00000000 b3:02 5718                       /usr/lib/aarch64-linux-gnu/libstdc++.so.6.0.33
7fff4c97c000-7fff4c984000 ---p 0024c000 b3:02 5718                       /usr/lib/aarch64-linux-gnu/libstdc++.so.6.0.33
7fff4c984000-7fff4c990000 r--p 00254000 b3:02 5718                       /usr/lib/aarch64-linux-gnu/libstdc++.so.6.0.33
7fff4c990000-7fff4c994000 rw-p 00260000 b3:02 5718                       /usr/lib/aarch64-linux-gnu/libstdc++.so.6.0.33
7fff4c994000-7fff4c998000 rw-p 00000000 00:00 0 
7fff4c998000-7fff4c99c000 r--p 00000000 b3:02 9953                       /usr/lib/locale/C.utf8/LC_NUMERIC
7fff4c99c000-7fff4c9a0000 r--p 00000000 b3:02 9956                       /usr/lib/locale/C.utf8/LC_TIME
7fff4c9a0000-7fff4dccc000 r-xp 00000000 b3:02 1133386                    /usr/lib/jvm/java-21-openjdk-arm64/lib/server/libjvm.so
7fff4dccc000-7fff4dcd0000 ---p 0132c000 b3:02 1133386                    /usr/lib/jvm/java-21-openjdk-arm64/lib/server/libjvm.so
7fff4dcd0000-7fff4ddb0000 r--p 01330000 b3:02 1133386                    /usr/lib/jvm/java-21-openjdk-arm64/lib/server/libjvm.so
7fff4ddb0000-7fff4dde4000 rw-p 01410000 b3:02 1133386                    /usr/lib/jvm/java-21-openjdk-arm64/lib/server/libjvm.so
7fff4dde4000-7fff4de68000 rw-p 00000000 00:00 0 
7fff4de68000-7fff4de6c000 r--p 00000000 b3:02 9947                       /usr/lib/locale/C.utf8/LC_COLLATE
7fff4de6c000-7fff4de70000 r--p 00000000 b3:02 9951                       /usr/lib/locale/C.utf8/LC_MONETARY
7fff4de70000-7fff4e010000 r-xp 00000000 b3:02 5469                       /usr/lib/aarch64-linux-gnu/libc.so.6
7fff4e010000-7fff4e01c000 ---p 001a0000 b3:02 5469                       /usr/lib/aarch64-linux-gnu/libc.so.6
7fff4e01c000-7fff4e020000 r--p 001ac000 b3:02 5469                       /usr/lib/aarch64-linux-gnu/libc.so.6
7fff4e020000-7fff4e024000 rw-p 001b0000 b3:02 5469                       /usr/lib/aarch64-linux-gnu/libc.so.6
7fff4e024000-7fff4e030000 rw-p 00000000 00:00 0 
7fff4e030000-7fff4e034000 r--p 00000000 b3:02 9957                       /usr/lib/locale/C.utf8/LC_MESSAGES/SYS_LC_MESSAGES
7fff4e034000-7fff4e038000 r--p 00000000 b3:02 9954                       /usr/lib/locale/C.utf8/LC_PAPER
7fff4e038000-7fff4e03c000 r--p 00000000 b3:02 9952                       /usr/lib/locale/C.utf8/LC_NAME
7fff4e03c000-7fff4e040000 r--p 00000000 b3:02 9946                       /usr/lib/locale/C.utf8/LC_ADDRESS
7fff4e040000-7fff4e050000 r-xp 00000000 b3:02 1133362                    /usr/lib/jvm/java-21-openjdk-arm64/lib/libjli.so
7fff4e050000-7fff4e05c000 ---p 00010000 b3:02 1133362                    /usr/lib/jvm/java-21-openjdk-arm64/lib/libjli.so
7fff4e05c000-7fff4e060000 r--p 0000c000 b3:02 1133362                    /usr/lib/jvm/java-21-openjdk-arm64/lib/libjli.so
7fff4e060000-7fff4e064000 rw-p 00010000 b3:02 1133362                    /usr/lib/jvm/java-21-openjdk-arm64/lib/libjli.so
7fff4e064000-7fff4e068000 r--p 00000000 b3:02 9955                       /usr/lib/locale/C.utf8/LC_TELEPHONE
7fff4e068000-7fff4e070000 r--s 00000000 b3:02 6075                       /usr/lib/aarch64-linux-gnu/gconv/gconv-modules.cache
7fff4e070000-7fff4e08c000 r-xp 00000000 b3:02 5754                       /usr/lib/aarch64-linux-gnu/libz.so.1.3.1
7fff4e08c000-7fff4e09c000 ---p 0001c000 b3:02 5754                       /usr/lib/aarch64-linux-gnu/libz.so.1.3.1
7fff4e09c000-7fff4e0a0000 r--p 0001c000 b3:02 5754                       /usr/lib/aarch64-linux-gnu/libz.so.1.3.1
7fff4e0a0000-7fff4e0a4000 rw-p 00020000 b3:02 5754                       /usr/lib/aarch64-linux-gnu/libz.so.1.3.1
7fff4e0a4000-7fff4e0a8000 r--p 00000000 b3:02 9950                       /usr/lib/locale/C.utf8/LC_MEASUREMENT
7fff4e0a8000-7fff4e0ac000 r--p 00000000 b3:02 9949                       /usr/lib/locale/C.utf8/LC_IDENTIFICATION
7fff4e0ac000-7fff4e0b4000 rw-p 00000000 00:00 0 
7fff4e0b4000-7fff4e0b8000 ---p 00000000 00:00 0 
7fff4e0b8000-7fff4e0c0000 rw-s 00000000 00:20 169                        /tmp/hsperfdata_xenobyte/6711
7fff4e0c0000-7fff4e0c4000 ---p 00000000 00:00 0 
7fff4e0c4000-7fff4e0c8000 r--p 00000000 00:00 0 
7fff4e0c8000-7fff4e0cc000 ---p 00000000 00:00 0 
7fff4e0cc000-7fff4e0f4000 r-xp 00000000 b3:02 5298                       /usr/lib/aarch64-linux-gnu/ld-linux-aarch64.so.1
7fff4e0f4000-7fff4e0fc000 rw-p 00000000 00:00 0 
7fff4e0fc000-7fff4e104000 r--p 00000000 00:00 0                          [vvar]
7fff4e104000-7fff4e108000 r-xp 00000000 00:00 0                          [vdso]
7fff4e108000-7fff4e10c000 r--p 0002c000 b3:02 5298                       /usr/lib/aarch64-linux-gnu/ld-linux-aarch64.so.1
7fff4e10c000-7fff4e110000 rw-p 00030000 b3:02 5298                       /usr/lib/aarch64-linux-gnu/ld-linux-aarch64.so.1
7fffd46c0000-7fffd46e4000 rw-p 00000000 00:00 0                          [stack]
Total number of mappings: 371

JVMTI agents: none


VM Arguments:
jvm_args: -Djansi.mode=force -Dclassworlds.conf=/usr/share/maven/bin/m2.conf -Dmaven.home=/usr/share/maven -Dlibrary.jansi.path=/usr/share/maven/lib/jansi-native -Dmaven.multiModuleProjectDirectory=/home/xenobyte/projects/GameLibrary 
java_command: org.codehaus.plexus.classworlds.launcher.Launcher clean compile exec:java
java_class_path (initial): /usr/share/maven/boot/plexus-classworlds-2.x.jar
Launcher Type: SUN_STANDARD

[Global flags]
     intx CICompilerCount                          = 3                                         {product} {ergonomic}
     uint ConcGCThreads                            = 1                                         {product} {ergonomic}
     uint G1ConcRefinementThreads                  = 4                                         {product} {ergonomic}
   size_t G1HeapRegionSize                         = 2097152                                   {product} {ergonomic}
    uintx GCDrainStackTargetSize                   = 64                                        {product} {ergonomic}
   size_t InitialHeapSize                          = 268435456                                 {product} {ergonomic}
   size_t MarkStackSize                            = 4194304                                   {product} {ergonomic}
   size_t MaxHeapSize                              = 4253024256                                {product} {ergonomic}
   size_t MaxNewSize                               = 2550136832                                {product} {ergonomic}
   size_t MinHeapDeltaBytes                        = 2097152                                   {product} {ergonomic}
   size_t MinHeapSize                              = 8388608                                   {product} {ergonomic}
    uintx NonNMethodCodeHeapSize                   = 5832908                                {pd product} {ergonomic}
    uintx NonProfiledCodeHeapSize                  = 122912666                              {pd product} {ergonomic}
    uintx ProfiledCodeHeapSize                     = 122912666                              {pd product} {ergonomic}
    uintx ReservedCodeCacheSize                    = 251658240                              {pd product} {ergonomic}
     bool SegmentedCodeCache                       = true                                      {product} {ergonomic}
   size_t SoftMaxHeapSize                          = 4253024256                             {manageable} {ergonomic}
     bool UseCompressedOops                        = true                           {product lp64_product} {ergonomic}
     bool UseG1GC                                  = true                                      {product} {ergonomic}

Logging:
Log output configuration:
 #0: stdout all=warning uptime,level,tags foldmultilines=false
 #1: stderr all=off uptime,level,tags foldmultilines=false

Release file:
IMPLEMENTOR="Debian"
JAVA_RUNTIME_VERSION="21.0.9+10-Debian-1deb13u1"
JAVA_VERSION="21.0.9"
JAVA_VERSION_DATE="2025-10-21"
LIBC="gnu"
MODULES="java.base java.compiler java.datatransfer java.xml java.prefs java.desktop java.instrument java.logging java.management java.security.sasl java.naming java.rmi java.management.rmi java.net.http java.scripting java.security.jgss java.transaction.xa java.sql java.sql.rowset java.xml.crypto java.se java.smartcardio jdk.accessibility jdk.internal.jvmstat jdk.attach jdk.charsets jdk.internal.opt jdk.zipfs jdk.compiler jdk.crypto.ec jdk.crypto.cryptoki jdk.dynalink jdk.internal.ed jdk.editpad jdk.hotspot.agent jdk.httpserver jdk.incubator.vector jdk.internal.le jdk.internal.vm.ci jdk.internal.vm.compiler jdk.internal.vm.compiler.management jdk.jartool jdk.javadoc jdk.jcmd jdk.management jdk.management.agent jdk.jconsole jdk.jdeps jdk.jdwp.agent jdk.jdi jdk.jfr jdk.jlink jdk.jpackage jdk.jshell jdk.jsobject jdk.jstatd jdk.localedata jdk.management.jfr jdk.naming.dns jdk.naming.rmi jdk.net jdk.nio.mapmode jdk.random jdk.sctp jdk.security.auth jdk.security.jgss jdk.unsupported jdk.unsupported.desktop jdk.xml.dom"
OS_ARCH="aarch64"
OS_NAME="Linux"
SOURCE=""

Environment Variables:
PATH=/home/xenobyte/neovim/bin:/home/xenobyte/scripts:/home/xenobyte/.local/bin:/usr/local/go/bin:/home/xenobyte/.cargo/bin:/home/xenobyte/.local/bin:/home/xenobyte/neovim/bin:/home/xenobyte/scripts:/home/xenobyte/.local/bin:/usr/local/go/bin:/home/xenobyte/.cargo/bin:/usr/local/sbin:/usr/local/bin:/usr/sbin:/usr/bin:/sbin:/bin:/usr/local/games:/usr/games
SHELL=/bin/bash
DISPLAY=:0
LANG=C.UTF-8
LC_ALL=C.UTF-8
TERM=xterm-256color

Active Locale:
LC_ALL=C.UTF-8
LC_COLLATE=C.UTF-8
LC_CTYPE=C.UTF-8
LC_MESSAGES=C.UTF-8
LC_MONETARY=C.UTF-8
LC_NUMERIC=C.UTF-8
LC_TIME=C.UTF-8

Signal Handlers:
   SIGSEGV: crash_handler in libjvm.so, mask=11100100010111111101111111111110, flags=SA_RESTART|SA_SIGINFO, unblocked
    SIGBUS: crash_handler in libjvm.so, mask=11100100010111111101111111111110, flags=SA_RESTART|SA_SIGINFO, unblocked
    SIGFPE: crash_handler in libjvm.so, mask=11100100010111111101111111111110, flags=SA_RESTART|SA_SIGINFO, unblocked
   SIGPIPE: javaSignalHandler in libjvm.so, mask=11100100010111111101111111111110, flags=SA_RESTART|SA_SIGINFO, blocked
   SIGXFSZ: javaSignalHandler in libjvm.so, mask=11100100010111111101111111111110, flags=SA_RESTART|SA_SIGINFO, blocked
    SIGILL: crash_handler in libjvm.so, mask=11100100010111111101111111111110, flags=SA_RESTART|SA_SIGINFO, unblocked
   SIGUSR2: SR_handler in libjvm.so, mask=00000000000000000000000000000000, flags=SA_RESTART|SA_SIGINFO, blocked
    SIGHUP: UserHandler in libjvm.so, mask=11100100010111111101111111111110, flags=SA_RESTART|SA_SIGINFO, blocked
    SIGINT: UserHandler in libjvm.so, mask=11100100010111111101111111111110, flags=SA_RESTART|SA_SIGINFO, blocked
   SIGTERM: UserHandler in libjvm.so, mask=11100100010111111101111111111110, flags=SA_RESTART|SA_SIGINFO, blocked
   SIGQUIT: UserHandler in libjvm.so, mask=11100100010111111101111111111110, flags=SA_RESTART|SA_SIGINFO, blocked
   SIGTRAP: crash_handler in libjvm.so, mask=11100100010111111101111111111110, flags=SA_RESTART|SA_SIGINFO, unblocked


Periodic native trim disabled

---------------  S Y S T E M  ---------------

OS:
PRETTY_NAME="Debian GNU/Linux 13 (trixie)"
NAME="Debian GNU/Linux"
VERSION_ID="13"
VERSION="13 (trixie)"
VERSION_CODENAME=trixie
DEBIAN_VERSION_FULL=13.3
ID=debian
HOME_URL="https://www.debian.org/"
SUPPORT_URL="https://www.debian.org/support"
BUG_REPORT_URL="https://bugs.debian.org/"
uname: Linux 6.12.62+rpt-rpi-2712 #1 SMP PREEMPT Debian 1:6.12.62-1+rpt1 (2025-12-18) aarch64
OS uptime: 0 days 1:07 hours
libc: glibc 2.41 NPTL 2.41 
rlimit (soft/hard): STACK 8192k/infinity , CORE 0k/infinity , NPROC 64521/64521 , NOFILE 524288/524288 , AS infinity/infinity , CPU infinity/infinity , DATA infinity/infinity , FSIZE infinity/infinity , MEMLOCK 8192k/8192k
load average: 1.62 1.24 1.09

/proc/meminfo:
MemTotal:       16604080 kB
MemFree:        11418384 kB
MemAvailable:   13571408 kB
Buffers:           93504 kB
Cached:          2262384 kB
SwapCached:            0 kB
Active:          4276192 kB
Inactive:         576240 kB
Active(anon):    2638864 kB
Inactive(anon):        0 kB
Active(file):    1637328 kB
Inactive(file):   576240 kB
Unevictable:       66688 kB
Mlocked:              32 kB
SwapTotal:       2097136 kB
SwapFree:        2097136 kB
Zswap:                 0 kB
Zswapped:              0 kB
Dirty:              3104 kB
Writeback:             0 kB
AnonPages:       2563632 kB
Mapped:          1042224 kB
Shmem:            142960 kB
KReclaimable:      51424 kB
Slab:             107248 kB
SReclaimable:      51424 kB
SUnreclaim:        55824 kB
KernelStack:        9552 kB
PageTables:        22352 kB
SecPageTables:       160 kB
NFS_Unstable:          0 kB
Bounce:                0 kB
WritebackTmp:          0 kB
CommitLimit:    10399168 kB
Committed_AS:    7118816 kB
VmallocTotal:   68447887360 kB
VmallocUsed:       74176 kB
VmallocChunk:          0 kB
Percpu:             1344 kB
CmaTotal:          65536 kB
CmaFree:           55296 kB

/sys/kernel/mm/transparent_hugepage/enabled: <Not Available>
/sys/kernel/mm/transparent_hugepage/hpage_pmd_size: <Not Available>
/sys/kernel/mm/transparent_hugepage/defrag (defrag/compaction efforts parameter): <Not Available>

Process Memory:
Virtual Size: 8242768K (peak: 8337840K)
Resident Set Size: 399824K (peak: 418224K) (anon: 322768K, file: 75232K, shmem: 1824K)
Swapped out: 0K
C-Heap outstanding allocations: 60264K, retained: 133623K
glibc malloc tunables: (default)

/proc/sys/kernel/threads-max (system-wide limit on the number of threads): 129043
/proc/sys/vm/max_map_count (maximum number of memory map areas a process may have): 1048576
/proc/sys/vm/swappiness (control to define how aggressively the kernel swaps out anonymous memory): 60
/proc/sys/kernel/pid_max (system-wide limit on number of process identifiers): 4194304

container information not found.
Steal ticks since vm start: 0
Steal ticks percentage since vm start:  0.000

CPU: total 4 (initial active 4) 0x41:0x4:0xd0b:1, fp, asimd, evtstrm, aes, pmull, sha1, sha256, crc32, lse, dcpop
/proc/cpuinfo:
processor	: 0
BogoMIPS	: 108.00
Features	: fp asimd evtstrm aes pmull sha1 sha2 crc32 atomics fphp asimdhp cpuid asimdrdm lrcpc dcpop asimddp
CPU implementer	: 0x41
CPU architecture: 8
CPU variant	: 0x4
CPU part	: 0xd0b
CPU revision	: 1

processor	: 1
BogoMIPS	: 108.00
Features	: fp asimd evtstrm aes pmull sha1 sha2 crc32 atomics fphp asimdhp cpuid asimdrdm lrcpc dcpop asimddp
CPU implementer	: 0x41
CPU architecture: 8
CPU variant	: 0x4
CPU part	: 0xd0b
CPU revision	: 1

processor	: 2
BogoMIPS	: 108.00
Features	: fp asimd evtstrm aes pmull sha1 sha2 crc32 atomics fphp asimdhp cpuid asimdrdm lrcpc dcpop asimddp
CPU implementer	: 0x41
CPU architecture: 8
CPU variant	: 0x4
CPU part	: 0xd0b
CPU revision	: 1

processor	: 3
BogoMIPS	: 108.00
Features	: fp asimd evtstrm aes pmull sha1 sha2 crc32 atomics fphp asimdhp cpuid asimdrdm lrcpc dcpop asimddp
CPU implementer	: 0x41
CPU architecture: 8
CPU variant	: 0x4
CPU part	: 0xd0b
CPU revision	: 1

Revision	: e04171
Serial		: 9192f57b0739c71a
Model		: Raspberry Pi 5 Model B Rev 1.1

Online cpus: 0-3
Offline cpus: 

Memory: 16k page, physical 16604080k(13571408k free), swap 2097136k(2097136k free)
Page Sizes: 16k

vm_info: OpenJDK 64-Bit Server VM (21.0.9+10-Debian-1deb13u1) for linux-aarch64 JRE (21.0.9+10-Debian-1deb13u1), built on 2025-10-23T10:14:51Z by "sbuild" with gcc 14.2.0

END.
