#
# A fatal error has been detected by the Java Runtime Environment:
#
#  SIGSEGV (0xb) at pc=0x00007ffe3f506100, pid=588, tid=589
#
# JRE version: OpenJDK Runtime Environment JBR-21.0.9+10-1163.94-jcef (21.0.9+10) (build 21.0.9+10-b1163.94)
# Java VM: OpenJDK 64-Bit Server VM JBR-21.0.9+10-1163.94-jcef (21.0.9+10-b1163.94, mixed mode, sharing, tiered, compressed oops, compressed class ptrs, g1 gc, linux-aarch64)
# Problematic frame:
# C  [libjniRaylib.so+0x1e5e18]  ClearBackground+0x18
#
# No core dump will be written. Core dumps have been disabled. To enable core dumping, try "ulimit -c unlimited" before starting Java again
#
# If you would like to submit a bug report, please visit:
#   https://youtrack.jetbrains.com/issues/JBR
# The crash happened outside the Java Virtual Machine in native code.
# See problematic frame for where to report the bug.
#

---------------  S U M M A R Y ------------

Command Line: -javaagent:/app/extra/lib/idea_rt.jar=35837 -Dfile.encoding=UTF-8 -Dsun.stdout.encoding=UTF-8 -Dsun.stderr.encoding=UTF-8 -Dawt.toolkit.name=XToolkit de.htwsaar.Berta.servicelayer.Application

Host: AArch64, 4 cores, 15G, Freedesktop SDK 25.08 (Flatpak runtime)
Time: Sun Feb  1 15:06:50 2026 GMT elapsed time: 12.541001 seconds (0d 0h 0m 12s)

---------------  T H R E A D  ---------------

Current thread (0x00007ffec002d290):  JavaThread "main"             [_thread_in_native, id=589, stack(0x00007ffec6200000,0x00007ffec63fe000) (2040K)]

Stack: [0x00007ffec6200000,0x00007ffec63fe000],  sp=0x00007ffec63fc180,  free space=2032k
Native frames: (J=compiled Java code, j=interpreted, Vv=VM code, C=native code)
C  [libjniRaylib.so+0x1e5e18]  ClearBackground+0x18
C  [libjniRaylib.so+0xb3ef0]  Java_com_raylib_Raylib_ClearBackground+0xd4
J 2324  com.raylib.Raylib.ClearBackground(Lcom/raylib/Raylib$Color;)V (0 bytes) @ 0x00007ffeb4b0eef0 [0x00007ffeb4b0ee40+0x00000000000000b0]
j  de.htwsaar.Berta.presentation.WindowManager.run()V+44
j  de.htwsaar.Berta.servicelayer.Application.main([Ljava/lang/String;)V+73
v  ~StubRoutines::call_stub 0x00007ffeb4498154
V  [libjvm.so+0x82cec8]  JavaCalls::call_helper(JavaValue*, methodHandle const&, JavaCallArguments*, JavaThread*)+0x218
V  [libjvm.so+0x8c3170]  jni_invoke_static(JNIEnv_*, JavaValue*, _jobject*, JNICallType, _jmethodID*, JNI_ArgumentPusher*, JavaThread*) [clone .constprop.1]+0x220
V  [libjvm.so+0x8c4d5c]  jni_CallStaticVoidMethod+0xdc
C  [libjli.so+0x4e58]  JavaMain+0xe88
C  [libjli.so+0x764c]  ThreadJavaMain+0xc
C  [libc.so.6+0x8fdcc]
Java frames: (J=compiled Java code, j=interpreted, Vv=VM code)
J 2324  com.raylib.Raylib.ClearBackground(Lcom/raylib/Raylib$Color;)V (0 bytes) @ 0x00007ffeb4b0eef0 [0x00007ffeb4b0ee40+0x00000000000000b0]
j  de.htwsaar.Berta.presentation.WindowManager.run()V+44
j  de.htwsaar.Berta.servicelayer.Application.main([Ljava/lang/String;)V+73
v  ~StubRoutines::call_stub 0x00007ffeb4498154

siginfo: si_signo: 11 (SIGSEGV), si_code: 1 (SEGV_MAPERR), si_addr: 0x00007ffe3f506100

Registers:
R0=0x00007ffe3f506100
R1=0x0000000000000050
R2=0x0000000000000050
R3=0x00000000000000ff
R4=0x00000000437f0000
R5=0x0000000000000018
R6=0x00007ffec78ce000
R7=0x0000000000000000
R8=0x000000000000001a
R9=0x00007ffec002d6d4
R10=0x000000000000000a
R11=0x000000000000000a
R12=0x00007ffe89ab9830
R13=0x00007ffec1453160
R14=0x0000000000000000
R15=0x000000000000000a
R16=0x00007ffe3f506100
R17=0x00007ffec7987e60
R18=0x000000c800b0f810
R19=0x00007ffec63fc250
R20=0x00007ffec63fc278
R21=0x00007ffec78e1a00
R22=0x00007ffe89aa9cc4
R23=0x00000000e07ccbd1
R24=0x00007ffec63fc2e8
R25=0x0000000000000000
R26=0x00007ffe89aa9dd0
R27=0x0000000703e51c5c
R28=0x00007ffec002d290
R29=0x00007ffec63fc180
R30=0x00007ffe3fe55e1c


Register to memory mapping:

R0 =0x00007ffe3f506100 is an unknown value
R1 =0x0000000000000050 is an unknown value
R2 =0x0000000000000050 is an unknown value
R3 =0x00000000000000ff is an unknown value
R4 =0x00000000437f0000 is an unknown value
R5 =0x0000000000000018 is an unknown value
R6 =0x00007ffec78ce000: <offset 0x00000000013de000> in /app/extra/jbr/lib/server/libjvm.so at 0x00007ffec64f0000
R7 =0x0 is null
R8 =0x000000000000001a is an unknown value
R9 =0x00007ffec002d6d4 points into unknown readable memory: 04 00 00 00
R10=0x000000000000000a is an unknown value
R11=0x000000000000000a is an unknown value
R12={method} {0x00007ffe89ab9830} 'ClearBackground' '(Lcom/raylib/Raylib$Color;)V' in 'com/raylib/Raylib'
R13=0x00007ffec1453160 points into unknown readable memory: 0x00007ffe3fc70000 | 00 00 c7 3f fe 7f 00 00
R14=0x0 is null
R15=0x000000000000000a is an unknown value
R16=0x00007ffe3f506100 is an unknown value
R17=0x00007ffec7987e60: fflush+0x0000000000000000 in /usr/lib/aarch64-linux-gnu/libc.so.6 at 0x00007ffec7910000
R18={method} {0x000000c800b0f810} 'findNative' '(Ljava/lang/ClassLoader;Ljava/lang/String;)J' in 'java/lang/ClassLoader'
R19=0x00007ffec63fc250 is pointing into the stack for thread: 0x00007ffec002d290
R20=0x00007ffec63fc278 is pointing into the stack for thread: 0x00007ffec002d290
R21=0x00007ffec78e1a00: <offset 0x00000000013f1a00> in /app/extra/jbr/lib/server/libjvm.so at 0x00007ffec64f0000
R22=0x00007ffe89aa9cc4 is pointing into metadata
R23=3766275025 is a compressed pointer to object: [Ljava.lang.Object; 
{0x0000000703e65e88} - klass: 'java/lang/Object'[]
 - length: 22
R24=0x00007ffec63fc2e8 is pointing into the stack for thread: 0x00007ffec002d290
R25=0x0 is null
R26=0x00007ffe89aa9dd0 is pointing into metadata
R27=
[error occurred during error reporting (printing register info), id 0xb, SIGSEGV (0xb) at pc=0x00007ffec6becf14]
R28=0x00007ffec002d290 is a thread
R29=0x00007ffec63fc180 is pointing into the stack for thread: 0x00007ffec002d290
R30=0x00007ffe3fe55e1c: ClearBackground+0x000000000000001c in /home/xenobyte/.javacpp/cache/jaylib-5.5.0-2.jar/com/raylib/linux-arm64/libjniRaylib.so at 0x00007ffe3fc70000

Top of Stack: (sp=0x00007ffec63fc180)
0x00007ffec63fc180:   00007ffec63fc190 00007ffe3fd23ef0
0x00007ffec63fc190:   00007ffec63fc240 00007ffeb4b0eef0
0x00007ffec63fc1a0:   00007ffec63fc250 3f80000000000000
0x00007ffec63fc1b0:   00007ffec63fc240 00007ffec63fc1f0
0x00007ffec63fc1c0:   00007ffec63fc230 00007ffec002d648
0x00007ffec63fc1d0:   00007ffec63fc230 0000000000000000
0x00007ffec63fc1e0:   00007ffec343c030 0000000000000000
0x00007ffec63fc1f0:   00000007041892d8 00007ffe89aa7630
0x00007ffec63fc200:   0000000000000000 00007ffec63fc250
0x00007ffec63fc210:   00007ffec63fc2d0 00007ffeb449d62c
0x00007ffec63fc220:   0000000000000003 00007ffe89aa5800
0x00007ffec63fc230:   0000000704349bc8 00007ffead443b38
0x00007ffec63fc240:   00007ffec63fc2d0 00007ffeb449d17c
0x00007ffec63fc250:   0000000703e65ef0 0000000703e62398
0x00007ffec63fc260:   0000000703e5e940 0000000703e50a68
0x00007ffec63fc270:   0000000000000000 00000007041892d8
0x00007ffec63fc280:   00007ffec63fc280 00007ffe89aa9cc4
0x00007ffec63fc290:   0000000000000003 00007ffe89aa9dd0
0x00007ffec63fc2a0:   00000007042dfc78 00007ffec63fc250
0x00007ffec63fc2b0:   0000000000000000 00007ffe89aa9d00
0x00007ffec63fc2c0:   00007ffec63fc278 00007ffec63fc2b0
0x00007ffec63fc2d0:   00007ffec63fc340 00007ffeb449d17c
0x00007ffec63fc2e0:   00000007042dfdc0 00000007042dfdc0
0x00007ffec63fc2f0:   00007ffec63fc2f0 00007ffe88401ed9
0x00007ffec63fc300:   0000000000000009 00007ffe88407b30
0x00007ffec63fc310:   0000000702878070 00007ffec63fc2b0
0x00007ffec63fc320:   0000000000000000 00007ffe88401f70
0x00007ffec63fc330:   00007ffec63fc2e8 00007ffec63fc380
0x00007ffec63fc340:   00007ffec63fc470 00007ffeb4498154
0x00007ffec63fc350:   00000007042dfdc0 00000007042dea48
0x00007ffec63fc360:   00000007042dbd28 00000007042b0028
0x00007ffec63fc370:   000000070fc00c30 00000007028780e0 

Instructions: (pc=0x00007ffe3fe55e18)
0x00007ffe3fe55d18:   ff 7f 0d a9 ff 7f 0e a9 ff 7f 0f a9 e3 ff ff 97
0x00007ffe3fe55d28:   00 00 22 1e 29 19 20 1e e4 ff ff 97 01 00 22 1e
0x00007ffe3fe55d38:   e8 a7 49 a9 e2 63 02 91 46 1c 41 a9 e1 83 00 91
0x00007ffe3fe55d48:   08 19 21 1e e0 03 01 aa 44 14 43 a9 e8 27 02 a9
0x00007ffe3fe55d58:   e6 1f 03 a9 46 1c 44 a9 e4 17 05 a9 44 14 45 a9
0x00007ffe3fe55d68:   e6 1f 06 a9 43 30 40 f9 e4 17 07 a9 e3 43 00 f9
0x00007ffe3fe55d78:   e9 23 18 2d 42 0c 42 a9 e2 0f 04 a9 c0 f9 ff 97
0x00007ffe3fe55d88:   e8 27 41 6d fd 7b d0 a8 c0 03 5f d6 c0 0a 00 b0
0x00007ffe3fe55d98:   00 94 46 f9 00 44 40 b9 c0 03 5f d6 c0 0a 00 b0
0x00007ffe3fe55da8:   00 94 46 f9 00 48 40 b9 c0 03 5f d6 c0 0a 00 b0
0x00007ffe3fe55db8:   21 00 80 52 00 94 46 f9 01 40 00 39 c0 03 5f d6
0x00007ffe3fe55dc8:   1f 20 03 d5 1f 20 03 d5 c0 0a 00 b0 00 94 46 f9
0x00007ffe3fe55dd8:   1f 40 00 39 c0 03 5f d6 c0 0a 00 b0 00 94 46 f9
0x00007ffe3fe55de8:   00 c0 5d 39 c0 03 5f d6 c0 0a 00 b0 00 94 46 f9
0x00007ffe3fe55df8:   00 c4 5d 39 c0 03 5f d6 e1 03 00 2a fd 7b bf a9
0x00007ffe3fe55e08:   03 7c 18 53 fd 03 00 91 22 5c 50 d3 21 3c 48 d3
0x00007ffe3fe55e18:   62 c2 ff 97 fd 7b c1 a8 74 c2 ff 17 fd 7b ba a9
0x00007ffe3fe55e28:   fd 03 00 91 f3 0b 00 f9 d3 0a 00 b0 93 f9 ff 97
0x00007ffe3fe55e38:   73 96 46 f9 01 04 08 4e 62 56 45 fd 61 aa 82 3d
0x00007ffe3fe55e48:   00 38 62 1e 60 5a 05 fd 91 bd ff 97 63 42 46 fc
0x00007ffe3fe55e58:   e0 83 00 91 64 42 47 fc 61 c2 46 fc 66 c2 47 fc
0x00007ffe3fe55e68:   70 38 84 0e 63 78 84 0e 62 42 48 fc 60 c2 48 fc
0x00007ffe3fe55e78:   27 38 86 0e 65 42 49 fc 21 78 86 0e 64 c2 49 fc
0x00007ffe3fe55e88:   46 38 85 0e 42 78 85 0e 05 38 84 0e 00 78 84 0e
0x00007ffe3fe55e98:   f0 1b 02 6d e3 0b 03 6d e7 17 04 6d e1 03 05 6d
0x00007ffe3fe55ea8:   ca be ff 97 f3 0b 40 f9 fd 7b c6 a8 c0 03 5f d6
0x00007ffe3fe55eb8:   1f 20 03 d5 1f 20 03 d5 fd 7b bb a9 fd 03 00 91
0x00007ffe3fe55ec8:   ef d2 ff 97 72 bd ff 97 3c c1 ff 97 60 00 00 34
0x00007ffe3fe55ed8:   fd 7b c5 a8 c0 03 5f d6 c1 0a 00 b0 e0 43 00 91
0x00007ffe3fe55ee8:   21 94 46 f9 23 40 46 fc 24 40 47 fc 21 c0 46 fc
0x00007ffe3fe55ef8:   26 c0 47 fc 70 38 84 0e 63 78 84 0e 22 40 48 fc
0x00007ffe3fe55f08:   20 c0 48 fc 27 38 86 0e 25 40 49 fc 21 78 86 0e 


Stack slot to memory mapping:

stack at sp + 0 slots: 0x00007ffec63fc190 is pointing into the stack for thread: 0x00007ffec002d290
stack at sp + 1 slots: 0x00007ffe3fd23ef0: Java_com_raylib_Raylib_ClearBackground+0x00000000000000d4 in /home/xenobyte/.javacpp/cache/jaylib-5.5.0-2.jar/com/raylib/linux-arm64/libjniRaylib.so at 0x00007ffe3fc70000
stack at sp + 2 slots: 0x00007ffec63fc240 is pointing into the stack for thread: 0x00007ffec002d290
stack at sp + 3 slots: 0x00007ffeb4b0eef0 is at entry_point+176 in (nmethod*)0x00007ffeb4b0ec90
Compiled method (n/a) 12547 2324     n 0       com.raylib.Raylib::ClearBackground (native)
 total in heap  [0x00007ffeb4b0ec90,0x00007ffeb4b0f008] = 888
 relocation     [0x00007ffeb4b0ede0,0x00007ffeb4b0ee10] = 48
 main code      [0x00007ffeb4b0ee40,0x00007ffeb4b0efec] = 428
 stub code      [0x00007ffeb4b0efec,0x00007ffeb4b0eff0] = 4
 oops           [0x00007ffeb4b0eff0,0x00007ffeb4b0f000] = 16
 metadata       [0x00007ffeb4b0f000,0x00007ffeb4b0f008] = 8
stack at sp + 4 slots: 0x00007ffec63fc250 is pointing into the stack for thread: 0x00007ffec002d290
stack at sp + 5 slots: 0x3f80000000000000 is an unknown value
stack at sp + 6 slots: 0x00007ffec63fc240 is pointing into the stack for thread: 0x00007ffec002d290
stack at sp + 7 slots: 0x00007ffec63fc1f0 is pointing into the stack for thread: 0x00007ffec002d290


Compiled method (n/a) 12548 2324     n 0       com.raylib.Raylib::ClearBackground (native)
 total in heap  [0x00007ffeb4b0ec90,0x00007ffeb4b0f008] = 888
 relocation     [0x00007ffeb4b0ede0,0x00007ffeb4b0ee10] = 48
 main code      [0x00007ffeb4b0ee40,0x00007ffeb4b0efec] = 428
 stub code      [0x00007ffeb4b0efec,0x00007ffeb4b0eff0] = 4
 oops           [0x00007ffeb4b0eff0,0x00007ffeb4b0f000] = 16
 metadata       [0x00007ffeb4b0f000,0x00007ffeb4b0f008] = 8

[Constant Pool (empty)]

[MachCode]
[Entry Point]
  # {method} {0x00007ffe89ab9830} 'ClearBackground' '(Lcom/raylib/Raylib$Color;)V' in 'com/raylib/Raylib'
  # parm0:    c_rarg1:c_rarg1 
                        = 'com/raylib/Raylib$Color'
  #           [sp+0x60]  (sp of caller)
  0x00007ffeb4b0ee40: 2808 40b9 | 3f01 086b | 4000 0054 

  0x00007ffeb4b0ee4c: ;   {runtime_call ic_miss_stub}
  0x00007ffeb4b0ee4c: 0d14 e717 
[Verified Entry Point]
  0x00007ffeb4b0ee50: 1f20 03d5 | e953 40d1 | 3f01 00f9 | fd7b bfa9 | fd03 0091 | ff43 01d1 | 2801 0018 | 8923 40b9 
  0x00007ffeb4b0ee70: 1f01 09eb | e000 0054 | 0830 9bd2 | a889 b6f2 | c8ff cff2 | 0001 3fd6 | 0200 0014 | 0300 0000 
  0x00007ffeb4b0ee90: e103 00f9 | 3f00 1feb | e203 00d1 | e203 829a 

  0x00007ffeb4b0eea0: ;   {oop(a 'java/lang/Class'{0x0000000704349bc8} = 'com/raylib/Raylib')}
  0x00007ffeb4b0eea0: 0179 93d2 | 8186 a0f2 | e100 c0f2 | e123 00f9 | e103 0191 | e801 0010 | 88d3 01f9 | e803 0091 
  0x00007ffeb4b0eec0: 88cf 01f9 

  0x00007ffeb4b0eec4: ;   {external_word}
  0x00007ffeb4b0eec4: c86b 09b0 | 0815 5439 | 0806 0035 | 80e3 0e91 | e803 7eb2 | 8913 1191 | 28fd 9f88 

  0x00007ffeb4b0eee0: ;   {runtime_call Java_com_raylib_Raylib_ClearBackground}
  0x00007ffeb4b0eee0: 88c3 87d2 | 48fa a7f2 | c8ff cff2 | 0001 3fd6 | a800 80d2 | 8847 04b9 | bf3b 03d5 | 8823 1191 
  0x00007ffeb4b0ef00: 08fd dfc8 | bf03 08eb | 6803 0054 | 8843 44b9 | 2803 0035 | e803 7db2 | 8913 1191 | 28fd 9f88 
  0x00007ffeb4b0ef20: 8803 5339 | 1f09 0071 | c001 0054 

  0x00007ffeb4b0ef2c: ;   {external_word}
  0x00007ffeb4b0ef2c: c86b 09b0 | 0815 5439 | 6804 0035 | 9fcf 01f9 | 9fd3 01f9 | 8217 42f9 | 5f80 00f9 | bf03 0091 
  0x00007ffeb4b0ef4c: fd7b c1a8 | 8807 40f9 | 4800 00b5 | c003 5fd6 

  0x00007ffeb4b0ef5c: ;   {runtime_call StubRoutines (initial stubs)}
  0x00007ffeb4b0ef5c: 4924 e617 

  0x00007ffeb4b0ef60: ;   {runtime_call SharedRuntime::reguard_yellow_pages()}
  0x00007ffeb4b0ef60: 08aa 94d2 | a8e2 b8f2 | c8ff cff2 | 0001 3fd6 | efff ff17 | e003 1caa 

  0x00007ffeb4b0ef78: ;   {runtime_call JavaThread::check_special_condition_for_native_trans(JavaThread*)}
  0x00007ffeb4b0ef78: 88f4 87d2 | 68da b8f2 | c8ff cff2 | 0001 3fd6 | e3ff ff17 | e10b bfa9 

  0x00007ffeb4b0ef90: ;   {metadata({method} {0x00007ffe89ab9830} 'ClearBackground' '(Lcom/raylib/Raylib$Color;)V' in 'com/raylib/Raylib')}
  0x00007ffeb4b0ef90: 0106 93d2 | 6135 b1f2 | c1ff cff2 | e003 1caa | e833 bfa9 | 08e8 92d2 | a8e2 b8f2 | c8ff cff2 
  0x00007ffeb4b0efb0: 0001 3fd6 | e833 c1a8 | e10b c1a8 | c5ff ff17 

  0x00007ffeb4b0efc0: ;   {metadata({method} {0x00007ffe89ab9830} 'ClearBackground' '(Lcom/raylib/Raylib$Color;)V' in 'com/raylib/Raylib')}
  0x00007ffeb4b0efc0: 0106 93d2 | 6135 b1f2 | c1ff cff2 | e003 1caa | e833 bfa9 | 08ec 92d2 | a8e2 b8f2 | c8ff cff2 
  0x00007ffeb4b0efe0: 0001 3fd6 | e833 c1a8 | d4ff ff17 
[Stub Code]
  0x00007ffeb4b0efec: 0000 0000 
[/MachCode]


---------------  P R O C E S S  ---------------

Threads class SMR info:
_java_thread_list=0x00007ffe18000cb0, length=19, elements={
0x00007ffec002d290, 0x00007ffec0123ac0, 0x00007ffec0126d20, 0x00007ffec0128320,
0x00007ffec0129ac0, 0x00007ffec012b120, 0x00007ffec012c6d0, 0x00007ffec012e1b0,
0x00007ffec012f880, 0x00007ffec023f990, 0x00007ffec0240750, 0x00007ffec02cff40,
0x00007ffec0e656b0, 0x00007ffe40009f90, 0x00007ffe4000c790, 0x00007ffec14af110,
0x00007ffec3e5fae0, 0x00007ffe280010a0, 0x00007ffe28002300
}

Java Threads: ( => current thread )
=>0x00007ffec002d290 JavaThread "main"                              [_thread_in_native, id=589, stack(0x00007ffec6200000,0x00007ffec63fe000) (2040K)]
  0x00007ffec0123ac0 JavaThread "Common-Cleaner"             daemon [_thread_blocked, id=607, stack(0x00007ffea8424000,0x00007ffea8624000) (2048K)]
  0x00007ffec0126d20 JavaThread "Reference Handler"          daemon [_thread_blocked, id=608, stack(0x00007ffea8224000,0x00007ffea8424000) (2048K)]
  0x00007ffec0128320 JavaThread "Finalizer"                  daemon [_thread_blocked, id=609, stack(0x00007ffea8024000,0x00007ffea8224000) (2048K)]
  0x00007ffec0129ac0 JavaThread "Signal Dispatcher"          daemon [_thread_blocked, id=610, stack(0x00007ffe99e00000,0x00007ffe9a000000) (2048K)]
  0x00007ffec012b120 JavaThread "Service Thread"             daemon [_thread_blocked, id=611, stack(0x00007ffe99c00000,0x00007ffe99e00000) (2048K)]
  0x00007ffec012c6d0 JavaThread "Monitor Deflation Thread"   daemon [_thread_blocked, id=612, stack(0x00007ffe99a00000,0x00007ffe99c00000) (2048K)]
  0x00007ffec012e1b0 JavaThread "C2 CompilerThread0"         daemon [_thread_blocked, id=613, stack(0x00007ffe99800000,0x00007ffe99a00000) (2048K)]
  0x00007ffec012f880 JavaThread "C1 CompilerThread0"         daemon [_thread_blocked, id=614, stack(0x00007ffe99600000,0x00007ffe99800000) (2048K)]
  0x00007ffec023f990 JavaThread "Monitor Ctrl-Break"         daemon [_thread_in_native, id=616, stack(0x00007ffe99360000,0x00007ffe99560000) (2048K)]
  0x00007ffec0240750 JavaThread "Notification Thread"        daemon [_thread_blocked, id=617, stack(0x00007ffe99160000,0x00007ffe99360000) (2048K)]
  0x00007ffec02cff40 JavaThread "process reaper"             daemon [_thread_blocked, id=620, stack(0x00007ffe990cc000,0x00007ffe99100000) (208K)]
  0x00007ffec0e656b0 JavaThread "HttpClient-1-SelectorManager" daemon [_thread_in_native, id=632, stack(0x00007ffe98580000,0x00007ffe98780000) (2048K)]
  0x00007ffe40009f90 JavaThread "HttpClient-1-Worker-0"      daemon [_thread_blocked, id=633, stack(0x00007ffe982c0000,0x00007ffe984c0000) (2048K)]
  0x00007ffe4000c790 JavaThread "HttpClient-1-Worker-1"      daemon [_thread_blocked, id=634, stack(0x00007ffe980c0000,0x00007ffe982c0000) (2048K)]
  0x00007ffec14af110 JavaThread "JavaCPP Deallocator"        daemon [_thread_blocked, id=635, stack(0x00007ffe98ecc000,0x00007ffe990cc000) (2048K)]
  0x00007ffec3e5fae0 JavaThread "HttpClient-2-SelectorManager" daemon [_thread_in_native, id=645, stack(0x00007ffe2e0c0000,0x00007ffe2e2c0000) (2048K)]
  0x00007ffe280010a0 JavaThread "HttpClient-2-Worker-0"      daemon [_thread_blocked, id=646, stack(0x00007ffe2dec0000,0x00007ffe2e0c0000) (2048K)]
  0x00007ffe28002300 JavaThread "HttpClient-2-Worker-1"      daemon [_thread_blocked, id=647, stack(0x00007ffe2dcc0000,0x00007ffe2dec0000) (2048K)]
Total: 19

Other Threads:
  0x00007ffec0119630 VMThread "VM Thread"                           [id=606, stack(0x00007ffea8634000,0x00007ffea8834000) (2048K)]
  0x00007ffec0107350 WatcherThread "VM Periodic Task Thread"        [id=604, stack(0x00007ffea8844000,0x00007ffea8a44000) (2048K)]
  0x00007ffec007c0b0 WorkerThread "GC Thread#0"                     [id=591, stack(0x00007ffec493c000,0x00007ffec4b3c000) (2048K)]
  0x00007ffe80006880 WorkerThread "GC Thread#1"                     [id=622, stack(0x00007ffe98bb0000,0x00007ffe98db0000) (2048K)]
  0x00007ffe800073a0 WorkerThread "GC Thread#2"                     [id=623, stack(0x00007ffe989a0000,0x00007ffe98ba0000) (2048K)]
  0x00007ffe80007ec0 WorkerThread "GC Thread#3"                     [id=624, stack(0x00007ffe98790000,0x00007ffe98990000) (2048K)]
  0x00007ffec008d2c0 ConcurrentGCThread "G1 Main Marker"            [id=592, stack(0x00007ffec472c000,0x00007ffec492c000) (2048K)]
  0x00007ffec008e270 WorkerThread "G1 Conc#0"                       [id=593, stack(0x00007ffec451c000,0x00007ffec471c000) (2048K)]
  0x00007ffec00f47e0 ConcurrentGCThread "G1 Refine#0"               [id=595, stack(0x00007ffea8e04000,0x00007ffea9004000) (2048K)]
  0x00007ffec00f57b0 ConcurrentGCThread "G1 Service"                [id=596, stack(0x00007ffea8bf4000,0x00007ffea8df4000) (2048K)]
Total: 10

Threads with active compile tasks:
Total: 0

VM state: not at safepoint (normal execution)

VM Mutex/Monitor currently owned by a thread: None

Heap address: 0x0000000702800000, size: 4056 MB, Compressed Oops mode: Zero based, Oop shift amount: 3

CDS archive(s) mapped at: [0x000000c800000000-0x000000c801c90000-0x000000c801c90000), size 29949952, SharedBaseAddress: 0x000000c800000000, ArchiveRelocationMode: 1.
Compressed class space mapped at: 0x000000c802000000-0x000000c842000000, reserved size: 1073741824
Narrow klass base: 0x000000c800000000, Narrow klass shift: 0, Narrow klass range: 0x100000000

GC Precious Log:
 CardTable entry size: 512
 Card Set container configuration: InlinePtr #cards 4 size 8 Array Of Cards #cards 16 size 48 Howl #buckets 8 coarsen threshold 3686 Howl Bitmap #cards 512 size 80 coarsen threshold 460 Card regions per heap region 1 cards per card region 4096
 CPUs: 4 total, 4 available
 Memory: 16214M
 Large Page Support: Disabled
 NUMA Support: Disabled
 Compressed Oops: Enabled (Zero based)
 Heap Region Size: 2M
 Heap Min Capacity: 8M
 Heap Initial Capacity: 256M
 Heap Max Capacity: 4056M
 Pre-touch: Disabled
 Parallel Workers: 4
 Concurrent Workers: 1
 Concurrent Refinement Workers: 4
 Periodic GC: Disabled

Heap:
 garbage-first heap   total 40960K, used 16818K [0x0000000702800000, 0x0000000800000000)
  region size 2048K, 7 young (14336K), 2 survivors (4096K)
 Metaspace       used 28597K, committed 28928K, reserved 1114112K
  class space    used 2203K, committed 2368K, reserved 1048576K

Heap Regions: E=young(eden), S=young(survivor), O=old, HS=humongous(starts), HC=humongous(continues), CS=collection set, F=free, TAMS=top-at-mark-start, PB=parsable bottom
|   0|0x0000000702800000, 0x0000000702a00000, 0x0000000702a00000|100%| O|  |TAMS 0x0000000702800000| PB 0x0000000702800000| Untracked 
|   1|0x0000000702a00000, 0x0000000702a80cf0, 0x0000000702c00000| 25%| O|  |TAMS 0x0000000702a00000| PB 0x0000000702a00000| Untracked 
|   2|0x0000000702c00000, 0x0000000702c00000, 0x0000000702e00000|  0%| F|  |TAMS 0x0000000702c00000| PB 0x0000000702c00000| Untracked 
|   3|0x0000000702e00000, 0x0000000702e00000, 0x0000000703000000|  0%| F|  |TAMS 0x0000000702e00000| PB 0x0000000702e00000| Untracked 
|   4|0x0000000703000000, 0x0000000703000000, 0x0000000703200000|  0%| F|  |TAMS 0x0000000703000000| PB 0x0000000703000000| Untracked 
|   5|0x0000000703200000, 0x0000000703200000, 0x0000000703400000|  0%| F|  |TAMS 0x0000000703200000| PB 0x0000000703200000| Untracked 
|   6|0x0000000703400000, 0x0000000703400000, 0x0000000703600000|  0%| F|  |TAMS 0x0000000703400000| PB 0x0000000703400000| Untracked 
|   7|0x0000000703600000, 0x0000000703600000, 0x0000000703800000|  0%| F|  |TAMS 0x0000000703600000| PB 0x0000000703600000| Untracked 
|   8|0x0000000703800000, 0x0000000703800000, 0x0000000703a00000|  0%| F|  |TAMS 0x0000000703800000| PB 0x0000000703800000| Untracked 
|   9|0x0000000703a00000, 0x0000000703a00000, 0x0000000703c00000|  0%| F|  |TAMS 0x0000000703a00000| PB 0x0000000703a00000| Untracked 
|  10|0x0000000703c00000, 0x0000000703c00000, 0x0000000703e00000|  0%| F|  |TAMS 0x0000000703c00000| PB 0x0000000703c00000| Untracked 
|  11|0x0000000703e00000, 0x0000000703fb4b08, 0x0000000704000000| 85%| E|  |TAMS 0x0000000703e00000| PB 0x0000000703e00000| Complete 
|  12|0x0000000704000000, 0x0000000704200000, 0x0000000704200000|100%| E|CS|TAMS 0x0000000704000000| PB 0x0000000704000000| Complete 
|  13|0x0000000704200000, 0x0000000704400000, 0x0000000704400000|100%| E|CS|TAMS 0x0000000704200000| PB 0x0000000704200000| Complete 
|  14|0x0000000704400000, 0x0000000704600000, 0x0000000704600000|100%| E|CS|TAMS 0x0000000704400000| PB 0x0000000704400000| Complete 
| 105|0x000000070fa00000, 0x000000070fbba570, 0x000000070fc00000| 86%| S|CS|TAMS 0x000000070fa00000| PB 0x000000070fa00000| Complete 
| 106|0x000000070fc00000, 0x000000070fe00000, 0x000000070fe00000|100%| S|CS|TAMS 0x000000070fc00000| PB 0x000000070fc00000| Complete 
| 127|0x0000000712600000, 0x0000000712800000, 0x0000000712800000|100%| E|CS|TAMS 0x0000000712600000| PB 0x0000000712600000| Complete 
|2026|0x00000007ffc00000, 0x00000007ffe00000, 0x00000007ffe00000|100%| O|  |TAMS 0x00000007ffc00000| PB 0x00000007ffc00000| Untracked 
|2027|0x00000007ffe00000, 0x00000007ffe31850, 0x0000000800000000|  9%| O|Cm|TAMS 0x00000007ffe00000| PB 0x00000007ffe00000| Complete 

Card table byte_map: [0x00007ffec4b80000,0x00007ffec536c000] _byte_map_base: 0x00007ffec136c000

Marking Bits: (CMBitMap*) 0x00007ffec007cbe0
 Bits: [0x00007ffea9004000, 0x00007ffeacf64000)

Polling page: 0x00007ffec7bcc000

Metaspace:

Usage:
  Non-class:     25.77 MB used.
      Class:      2.15 MB used.
       Both:     27.93 MB used.

Virtual space:
  Non-class space:       64.00 MB reserved,      25.94 MB ( 41%) committed,  1 nodes.
      Class space:        1.00 GB reserved,       2.31 MB ( <1%) committed,  1 nodes.
             Both:        1.06 GB reserved,      28.25 MB (  3%) committed. 

Chunk freelists:
   Non-Class:  4.45 MB
       Class:  13.67 MB
        Both:  18.12 MB

MaxMetaspaceSize: unlimited
CompressedClassSpaceSize: 1.00 GB
Initial GC threshold: 21.00 MB
Current GC threshold: 35.56 MB
CDS: on
 - commit_granule_bytes: 65536.
 - commit_granule_words: 8192.
 - virtual_space_node_default_size: 8388608.
 - enlarge_chunks_in_place: 1.
 - use_allocation_guard: 0.


Internal statistics:

num_allocs_failed_limit: 3.
num_arena_births: 266.
num_arena_deaths: 0.
num_vsnodes_births: 2.
num_vsnodes_deaths: 0.
num_space_committed: 449.
num_space_uncommitted: 0.
num_chunks_returned_to_freelist: 3.
num_chunks_taken_from_freelist: 1222.
num_chunk_merges: 3.
num_chunk_splits: 984.
num_chunks_enlarged: 832.
num_inconsistent_stats: 0.

CodeHeap 'non-profiled nmethods': size=120032Kb used=941Kb max_used=941Kb free=119090Kb
 bounds [0x00007ffeb4a2c000, 0x00007ffeb4c9c000, 0x00007ffebbf64000]
CodeHeap 'profiled nmethods': size=120016Kb used=5120Kb max_used=5120Kb free=114895Kb
 bounds [0x00007ffeacf64000, 0x00007ffead474000, 0x00007ffeb4498000]
CodeHeap 'non-nmethods': size=5712Kb used=1477Kb max_used=1504Kb free=4234Kb
 bounds [0x00007ffeb4498000, 0x00007ffeb4708000, 0x00007ffeb4a2c000]
CodeCache: size=245760Kb, used=7538Kb, max_used=7565Kb, free=238219Kb
 total_blobs=3080, nmethods=2435, adapters=553, full_count=0
Compilation: enabled, stopped_count=0, restarted_count=0

Compilation events (20 events):
Event: 9.525 Thread 0x00007ffec012f880 2428       3       java.nio.MappedByteBuffer::position (6 bytes)
Event: 9.525 Thread 0x00007ffec012f880 nmethod 2428 0x00007ffead463c10 code [0x00007ffead463dc0, 0x00007ffead464000]
Event: 9.525 Thread 0x00007ffec012f880 2429       1       org.jooq.impl.DefaultBindingGetResultSetContext::index (6 bytes)
Event: 9.525 Thread 0x00007ffec012f880 nmethod 2429 0x00007ffeb4b15590 code [0x00007ffeb4b15700, 0x00007ffeb4b157a8]
Event: 9.525 Thread 0x00007ffec012f880 2430       1       org.jooq.impl.DefaultBindingGetResultSetContext::field (6 bytes)
Event: 9.525 Thread 0x00007ffec012f880 nmethod 2430 0x00007ffeb4b15890 code [0x00007ffeb4b15a00, 0x00007ffeb4b15af0]
Event: 9.525 Thread 0x00007ffec012f880 2431       1       org.jooq.impl.DefaultBindingGetResultSetContext::index (5 bytes)
Event: 9.526 Thread 0x00007ffec012f880 nmethod 2431 0x00007ffeb4b15b90 code [0x00007ffeb4b15d00, 0x00007ffeb4b15da8]
Event: 9.526 Thread 0x00007ffec012f880 2432       1       org.jooq.impl.DefaultExecuteContext::converterContext (5 bytes)
Event: 9.526 Thread 0x00007ffec012f880 nmethod 2432 0x00007ffeb4b15e90 code [0x00007ffeb4b16000, 0x00007ffeb4b160a8]
Event: 9.526 Thread 0x00007ffec012f880 2433       1       org.jooq.impl.DefaultBindingGetResultSetContext::value (6 bytes)
Event: 9.526 Thread 0x00007ffec012f880 nmethod 2433 0x00007ffeb4b16190 code [0x00007ffeb4b16300, 0x00007ffeb4b163f0]
Event: 9.526 Thread 0x00007ffec012f880 2434       1       org.jooq.impl.DefaultBindingGetResultSetContext::value (5 bytes)
Event: 9.526 Thread 0x00007ffec012f880 nmethod 2434 0x00007ffeb4b16490 code [0x00007ffeb4b16600, 0x00007ffeb4b166a8]
Event: 10.712 Thread 0x00007ffec012e1b0 2435       4       java.lang.String::encode (48 bytes)
Event: 10.715 Thread 0x00007ffec012e1b0 nmethod 2435 0x00007ffeb4b16790 code [0x00007ffeb4b16980, 0x00007ffeb4b16ce0]
Event: 12.296 Thread 0x00007ffec012e1b0 2436   !   4       java.nio.charset.Charset::defaultCharset (52 bytes)
Event: 12.296 Thread 0x00007ffec012e1b0 nmethod 2436 0x00007ffeb4b16f10 code [0x00007ffeb4b17080, 0x00007ffeb4b170f8]
Event: 12.329 Thread 0x00007ffec012e1b0 2437       4       java.lang.String::getBytes (15 bytes)
Event: 12.332 Thread 0x00007ffec012e1b0 nmethod 2437 0x00007ffeb4b17210 code [0x00007ffeb4b173c0, 0x00007ffeb4b175e8]

GC Heap History (6 events):
Event: 0.680 GC heap before
{Heap before GC invocations=0 (full 0):
 garbage-first heap   total 266240K, used 12486K [0x0000000702800000, 0x0000000800000000)
  region size 2048K, 6 young (12288K), 0 survivors (0K)
 Metaspace       used 4400K, committed 4544K, reserved 1114112K
  class space    used 233K, committed 320K, reserved 1048576K
}
Event: 0.684 GC heap after
{Heap after GC invocations=1 (full 0):
 garbage-first heap   total 266240K, used 4752K [0x0000000702800000, 0x0000000800000000)
  region size 2048K, 1 young (2048K), 1 survivors (2048K)
 Metaspace       used 4400K, committed 4544K, reserved 1114112K
  class space    used 233K, committed 320K, reserved 1048576K
}
Event: 1.148 GC heap before
{Heap before GC invocations=1 (full 0):
 garbage-first heap   total 266240K, used 17040K [0x0000000702800000, 0x0000000800000000)
  region size 2048K, 7 young (14336K), 1 survivors (2048K)
 Metaspace       used 13263K, committed 13504K, reserved 1114112K
  class space    used 705K, committed 832K, reserved 1048576K
}
Event: 1.152 GC heap after
{Heap after GC invocations=2 (full 0):
 garbage-first heap   total 266240K, used 5451K [0x0000000702800000, 0x0000000800000000)
  region size 2048K, 1 young (2048K), 1 survivors (2048K)
 Metaspace       used 13263K, committed 13504K, reserved 1114112K
  class space    used 705K, committed 832K, reserved 1048576K
}
Event: 2.427 GC heap before
{Heap before GC invocations=2 (full 0):
 garbage-first heap   total 266240K, used 42315K [0x0000000702800000, 0x0000000800000000)
  region size 2048K, 21 young (43008K), 1 survivors (2048K)
 Metaspace       used 21256K, committed 21504K, reserved 1114112K
  class space    used 1535K, committed 1664K, reserved 1048576K
}
Event: 2.432 GC heap after
{Heap after GC invocations=3 (full 0):
 garbage-first heap   total 266240K, used 8626K [0x0000000702800000, 0x0000000800000000)
  region size 2048K, 2 young (4096K), 2 survivors (4096K)
 Metaspace       used 21256K, committed 21504K, reserved 1114112K
  class space    used 1535K, committed 1664K, reserved 1048576K
}

Dll operation events (11 events):
Event: 0.002 Loaded shared library /app/extra/jbr/lib/libjava.so
Event: 0.107 Loaded shared library /app/extra/jbr/lib/libzip.so
Event: 0.127 Loaded shared library /app/extra/jbr/lib/libnio.so
Event: 0.134 Loaded shared library /app/extra/jbr/lib/libinstrument.so
Event: 0.143 Loaded shared library /app/extra/jbr/lib/libzip.so
Event: 0.175 Loaded shared library /app/extra/jbr/lib/libnet.so
Event: 0.180 Loaded shared library /app/extra/jbr/lib/libjimage.so
Event: 0.183 Loaded shared library /app/extra/jbr/lib/libextnet.so
Event: 0.234 Loaded shared library /app/extra/jbr/lib/libverify.so
Event: 0.588 Loaded shared library /tmp/sqlite-3.45.1.0-4556864d-8ea8-454c-acde-77a3df58ae67-libsqlitejdbc.so
Event: 2.918 Loaded shared library /home/xenobyte/.javacpp/cache/jaylib-5.5.0-2.jar/com/raylib/linux-arm64/libjniRaylib.so

Deoptimization events (20 events):
Event: 2.910 Thread 0x00007ffec002d290 Uncommon trap: trap_request=0xffffff45 fr.pc=0x00007ffeb4afbbe8 relative=0x0000000000000128
Event: 2.910 Thread 0x00007ffec002d290 Uncommon trap: reason=unstable_if action=reinterpret pc=0x00007ffeb4afbbe8 method=java.lang.ThreadLocal$ThreadLocalMap.getEntry(Ljava/lang/ThreadLocal;)Ljava/lang/ThreadLocal$ThreadLocalMap$Entry; @ 29 c2
Event: 2.910 Thread 0x00007ffec002d290 DEOPT PACKING pc=0x00007ffeb4afbbe8 sp=0x00007ffec63fb5d0
Event: 2.910 Thread 0x00007ffec002d290 DEOPT UNPACKING pc=0x00007ffeb44db01c sp=0x00007ffec63fb4e0 mode 2
Event: 2.911 Thread 0x00007ffec002d290 DEOPT PACKING pc=0x00007ffead3f5474 sp=0x00007ffec63fb020
Event: 2.911 Thread 0x00007ffec002d290 DEOPT UNPACKING pc=0x00007ffeb44dae7c sp=0x00007ffec63faca0 mode 0
Event: 3.034 Thread 0x00007ffec002d290 Uncommon trap: trap_request=0xffffff45 fr.pc=0x00007ffeb4aa3060 relative=0x0000000000000060
Event: 3.034 Thread 0x00007ffec002d290 Uncommon trap: reason=unstable_if action=reinterpret pc=0x00007ffeb4aa3060 method=java.lang.CharacterData.of(I)Ljava/lang/CharacterData; @ 4 c2
Event: 3.034 Thread 0x00007ffec002d290 DEOPT PACKING pc=0x00007ffeb4aa3060 sp=0x00007ffec63fb800
Event: 3.034 Thread 0x00007ffec002d290 DEOPT UNPACKING pc=0x00007ffeb44db01c sp=0x00007ffec63fb7a0 mode 2
Event: 3.057 Thread 0x00007ffec002d290 DEOPT PACKING pc=0x00007ffead3f5474 sp=0x00007ffec63fb940
Event: 3.057 Thread 0x00007ffec002d290 DEOPT UNPACKING pc=0x00007ffeb44dae7c sp=0x00007ffec63fb5c0 mode 0
Event: 3.441 Thread 0x00007ffec002d290 DEOPT PACKING pc=0x00007ffead3f5474 sp=0x00007ffec63fb9b0
Event: 3.441 Thread 0x00007ffec002d290 DEOPT UNPACKING pc=0x00007ffeb44dae7c sp=0x00007ffec63fb630 mode 0
Event: 9.276 Thread 0x00007ffec002d290 DEOPT PACKING pc=0x00007ffead443b38 sp=0x00007ffec63fc120
Event: 9.276 Thread 0x00007ffec002d290 DEOPT UNPACKING pc=0x00007ffeb44dae7c sp=0x00007ffec63fbe90 mode 3
Event: 9.297 Thread 0x00007ffe280010a0 Uncommon trap: trap_request=0xffffff45 fr.pc=0x00007ffeb4ae1d34 relative=0x00000000000002f4
Event: 9.297 Thread 0x00007ffe280010a0 Uncommon trap: reason=unstable_if action=reinterpret pc=0x00007ffeb4ae1d34 method=java.util.concurrent.locks.ReentrantLock$Sync.lock()V @ 4 c2
Event: 9.297 Thread 0x00007ffe280010a0 DEOPT PACKING pc=0x00007ffeb4ae1d34 sp=0x00007ffe2e0bdaa0
Event: 9.297 Thread 0x00007ffe280010a0 DEOPT UNPACKING pc=0x00007ffeb44db01c sp=0x00007ffe2e0bd9d0 mode 2

Classes loaded (20 events):
Event: 2.049 Loading class sun/security/validator/CamerfirmaTLSPolicy
Event: 2.049 Loading class sun/security/validator/CamerfirmaTLSPolicy done
Event: 2.097 Loading class jdk/internal/event/TLSHandshakeEvent
Event: 2.097 Loading class jdk/internal/event/TLSHandshakeEvent done
Event: 2.340 Loading class java/net/Authenticator$RequestorType
Event: 2.340 Loading class java/net/Authenticator$RequestorType done
Event: 2.850 Loading class javax/xml/parsers/ParserConfigurationException
Event: 2.850 Loading class javax/xml/parsers/ParserConfigurationException done
Event: 2.850 Loading class org/w3c/dom/Node
Event: 2.850 Loading class org/w3c/dom/Node done
Event: 2.850 Loading class org/xml/sax/Attributes
Event: 2.851 Loading class org/xml/sax/Attributes done
Event: 2.851 Loading class org/xml/sax/SAXException
Event: 2.851 Loading class org/xml/sax/SAXException done
Event: 2.851 Loading class org/xml/sax/ErrorHandler
Event: 2.851 Loading class org/xml/sax/ErrorHandler done
Event: 2.915 Loading class java/time/zone/ZoneOffsetTransitionRule$TimeDefinition
Event: 2.915 Loading class java/time/zone/ZoneOffsetTransitionRule$TimeDefinition done
Event: 2.916 Loading class java/time/temporal/TemporalAdjusters
Event: 2.916 Loading class java/time/temporal/TemporalAdjusters done

Classes unloaded (0 events):
No events

Classes redefined (0 events):
No events

Internal exceptions (20 events):
Event: 1.397 Thread 0x00007ffec002d290 Exception <a 'java/lang/NoSuchMethodError'{0x0000000711b94688}: 'java.lang.Object java.lang.invoke.DirectMethodHandle$Holder.invokeStaticInit(java.lang.Object, java.lang.Object, int)'> (0x0000000711b94688) 
thrown [src/hotspot/share/interpreter/linkResolver.cpp, line 783]
Event: 1.401 Thread 0x00007ffec002d290 Exception <a 'java/lang/NoSuchMethodError'{0x0000000711baa498}: 'int java.lang.invoke.DirectMethodHandle$Holder.invokeSpecialIFC(java.lang.Object, java.lang.Object, java.lang.Object)'> (0x0000000711baa498) 
thrown [src/hotspot/share/interpreter/linkResolver.cpp, line 783]
Event: 1.410 Thread 0x00007ffec002d290 Exception <a 'java/lang/NoSuchMethodError'{0x0000000711bda910}: 'java.lang.Object java.lang.invoke.Invokers$Holder.invoke_MT(java.lang.Object, java.lang.Object, java.lang.Object, java.lang.Object, java.lang.Object, java.lang.Object, java.lang.Object, java.lang.Object, java.lang.Object, java.lang.Object)'> (0x0000000711bda910) 
thrown [src/hotspot/share/interpreter/linkResolver.cpp, line 783]
Event: 1.419 Thread 0x00007ffec002d290 Exception <a 'java/lang/NoSuchMethodError'{0x0000000711613050}: 'int java.lang.invoke.DirectMethodHandle$Holder.invokeSpecial(java.lang.Object, java.lang.Object, java.lang.Object, java.lang.Object)'> (0x0000000711613050) 
thrown [src/hotspot/share/interpreter/linkResolver.cpp, line 783]
Event: 1.422 Thread 0x00007ffec002d290 Exception <a 'java/lang/NoSuchMethodError'{0x0000000711627c60}: 'java.lang.Object java.lang.invoke.DirectMethodHandle$Holder.invokeSpecial(java.lang.Object, java.lang.Object, int, java.lang.Object, java.lang.Object)'> (0x0000000711627c60) 
thrown [src/hotspot/share/interpreter/linkResolver.cpp, line 783]
Event: 1.422 Thread 0x00007ffec002d290 Exception <a 'java/lang/NoSuchMethodError'{0x000000071162b5f0}: 'java.lang.Object java.lang.invoke.DelegatingMethodHandle$Holder.delegate(java.lang.Object, int, java.lang.Object, java.lang.Object)'> (0x000000071162b5f0) 
thrown [src/hotspot/share/interpreter/linkResolver.cpp, line 783]
Event: 1.425 Thread 0x00007ffec002d290 Exception <a 'java/lang/NoSuchMethodError'{0x000000071163ada0}: 'int java.lang.invoke.Invokers$Holder.linkToTargetMethod(java.lang.Object, java.lang.Object, java.lang.Object)'> (0x000000071163ada0) 
thrown [src/hotspot/share/interpreter/linkResolver.cpp, line 783]
Event: 1.430 Thread 0x00007ffec002d290 Exception <a 'java/lang/NoSuchMethodError'{0x000000071166c608}: 'long java.lang.invoke.DirectMethodHandle$Holder.invokeSpecial(java.lang.Object, java.lang.Object)'> (0x000000071166c608) 
thrown [src/hotspot/share/interpreter/linkResolver.cpp, line 783]
Event: 1.645 Thread 0x00007ffec002d290 Exception <a 'java/lang/NoSuchMethodError'{0x0000000710f4a818}: 'java.lang.Object java.lang.invoke.DirectMethodHandle$Holder.newInvokeSpecial(java.lang.Object, java.lang.Object, java.lang.Object, java.lang.Object, java.lang.Object)'> (0x0000000710f4a818) 
thrown [src/hotspot/share/interpreter/linkResolver.cpp, line 783]
Event: 1.726 Thread 0x00007ffec002d290 Exception <a 'java/lang/NoSuchMethodError'{0x0000000710a79058}: 'void java.lang.invoke.DirectMethodHandle$Holder.invokeSpecial(java.lang.Object, java.lang.Object, java.lang.Object)'> (0x0000000710a79058) 
thrown [src/hotspot/share/interpreter/linkResolver.cpp, line 783]
Event: 1.749 Thread 0x00007ffec002d290 Exception <a 'java/lang/NoSuchMethodError'{0x0000000710b04690}: 'void java.lang.invoke.DirectMethodHandle$Holder.invokeSpecial(java.lang.Object, java.lang.Object, java.lang.Object, java.lang.Object, java.lang.Object)'> (0x0000000710b04690) 
thrown [src/hotspot/share/interpreter/linkResolver.cpp, line 783]
Event: 1.759 Thread 0x00007ffec0e656b0 Exception <a 'java/lang/NoSuchMethodError'{0x0000000710f77fc8}: 'void java.lang.invoke.DirectMethodHandle$Holder.invokeStatic(java.lang.Object, java.lang.Object, int)'> (0x0000000710f77fc8) 
thrown [src/hotspot/share/interpreter/linkResolver.cpp, line 783]
Event: 1.777 Thread 0x00007ffe40009f90 Exception <a 'java/lang/NoSuchMethodError'{0x0000000710bbe3a0}: 'void java.lang.invoke.DirectMethodHandle$Holder.invokeInterface(java.lang.Object, java.lang.Object, java.lang.Object)'> (0x0000000710bbe3a0) 
thrown [src/hotspot/share/interpreter/linkResolver.cpp, line 783]
Event: 1.946 Thread 0x00007ffe40009f90 Exception <a 'java/lang/NoSuchMethodError'{0x00000007109ea160}: 'void java.lang.invoke.DirectMethodHandle$Holder.invokeInterface(java.lang.Object, java.lang.Object)'> (0x00000007109ea160) 
thrown [src/hotspot/share/interpreter/linkResolver.cpp, line 783]
Event: 2.098 Thread 0x00007ffe40009f90 Exception <a 'java/lang/NoSuchMethodError'{0x0000000710241ba0}: 'void java.lang.invoke.DirectMethodHandle$Holder.invokeStatic(java.lang.Object, java.lang.Object, java.lang.Object, java.lang.Object)'> (0x0000000710241ba0) 
thrown [src/hotspot/share/interpreter/linkResolver.cpp, line 783]
Event: 2.349 Thread 0x00007ffe40009f90 Exception <a 'java/lang/NoSuchMethodError'{0x00000007103b5c48}: 'void java.lang.invoke.DirectMethodHandle$Holder.invokeSpecial(java.lang.Object, java.lang.Object, java.lang.Object, java.lang.Object, java.lang.Object, java.lang.Object, java.lang.Object)'> (0x00000007103b5c48) 
thrown [src/hotspot/share/interpreter/linkResolver.cpp, line 783]
Event: 2.808 Thread 0x00007ffec002d290 Exception <a 'java/lang/NoSuchMethodError'{0x00000007044e91c0}: 'void java.lang.invoke.DirectMethodHandle$Holder.invokeStaticInit(java.lang.Object, java.lang.Object, java.lang.Object, java.lang.Object, java.lang.Object)'> (0x00000007044e91c0) 
thrown [src/hotspot/share/interpreter/linkResolver.cpp, line 783]
Event: 2.823 Thread 0x00007ffec002d290 Exception <a 'java/lang/NoSuchMethodError'{0x0000000704552080}: 'int java.lang.invoke.DirectMethodHandle$Holder.invokeInterface(java.lang.Object, java.lang.Object)'> (0x0000000704552080) 
thrown [src/hotspot/share/interpreter/linkResolver.cpp, line 783]
Event: 2.865 Thread 0x00007ffec002d290 Exception <a 'java/lang/NoSuchMethodError'{0x00000007042c6be8}: 'java.lang.Object java.lang.invoke.DirectMethodHandle$Holder.invokeSpecial(java.lang.Object, java.lang.Object, int, java.lang.Object, long)'> (0x00000007042c6be8) 
thrown [src/hotspot/share/interpreter/linkResolver.cpp, line 783]
Event: 2.884 Thread 0x00007ffec002d290 Exception <a 'java/lang/IncompatibleClassChangeError'{0x00000007043832d0}: Found class java.lang.Object, but interface was expected> (0x00000007043832d0) 
thrown [src/hotspot/share/interpreter/linkResolver.cpp, line 851]

ZGC Phase Switch (0 events):
No events

VM Operations (20 events):
Event: 2.369 Executing VM operation: HandshakeAllThreads (Deoptimize)
Event: 2.369 Executing VM operation: HandshakeAllThreads (Deoptimize) done
Event: 2.427 Executing VM operation: CollectForMetadataAllocation (Metadata GC Threshold)
Event: 2.433 Executing VM operation: CollectForMetadataAllocation (Metadata GC Threshold) done
Event: 2.447 Executing VM operation: G1PauseRemark
Event: 2.451 Executing VM operation: G1PauseRemark done
Event: 2.454 Executing VM operation: G1PauseCleanup
Event: 2.457 Executing VM operation: G1PauseCleanup done
Event: 2.896 Executing VM operation: HandshakeAllThreads (Deoptimize)
Event: 2.896 Executing VM operation: HandshakeAllThreads (Deoptimize) done
Event: 3.896 Executing VM operation: Cleanup
Event: 3.896 Executing VM operation: Cleanup done
Event: 4.896 Executing VM operation: Cleanup
Event: 4.896 Executing VM operation: Cleanup done
Event: 5.896 Executing VM operation: Cleanup
Event: 5.896 Executing VM operation: Cleanup done
Event: 7.897 Executing VM operation: Cleanup
Event: 7.897 Executing VM operation: Cleanup done
Event: 9.897 Executing VM operation: Cleanup
Event: 9.897 Executing VM operation: Cleanup done

Memory protections (20 events):
Event: 0.055 Protecting memory [0x00007ffea8224000,0x00007ffea8230000] with protection modes 0
Event: 0.055 Protecting memory [0x00007ffea8024000,0x00007ffea8030000] with protection modes 0
Event: 0.057 Protecting memory [0x00007ffe99e00000,0x00007ffe99e0c000] with protection modes 0
Event: 0.058 Protecting memory [0x00007ffe99c00000,0x00007ffe99c0c000] with protection modes 0
Event: 0.059 Protecting memory [0x00007ffe99800000,0x00007ffe9980c000] with protection modes 0
Event: 0.059 Protecting memory [0x00007ffe99a00000,0x00007ffe99a0c000] with protection modes 0
Event: 0.061 Protecting memory [0x00007ffe99600000,0x00007ffe9960c000] with protection modes 0
Event: 0.173 Protecting memory [0x00007ffe99360000,0x00007ffe9936c000] with protection modes 0
Event: 0.181 Protecting memory [0x00007ffe99160000,0x00007ffe9916c000] with protection modes 0
Event: 0.407 Protecting memory [0x00007ffe990cc000,0x00007ffe990d8000] with protection modes 0
Event: 0.470 Protecting memory [0x00007ffe98ecc000,0x00007ffe98ed8000] with protection modes 0
Event: 1.166 Protecting memory [0x00007ffe98ecc000,0x00007ffe98ed8000] with protection modes 0
Event: 1.640 Protecting memory [0x00007ffe98580000,0x00007ffe9858c000] with protection modes 0
Event: 1.773 Protecting memory [0x00007ffe982c0000,0x00007ffe982cc000] with protection modes 0
Event: 1.799 Protecting memory [0x00007ffe980c0000,0x00007ffe980cc000] with protection modes 0
Event: 2.923 Protecting memory [0x00007ffe98ecc000,0x00007ffe98ed8000] with protection modes 0
Event: 9.278 Protecting memory [0x00007ffe2e0c0000,0x00007ffe2e0cc000] with protection modes 0
Event: 9.297 Protecting memory [0x00007ffe2dec0000,0x00007ffe2decc000] with protection modes 0
Event: 9.297 Protecting memory [0x00007ffe2dcc0000,0x00007ffe2dccc000] with protection modes 0
Event: 9.301 Protecting memory [0x00007ffe2dac0000,0x00007ffe2dacc000] with protection modes 0

Nmethod flushes (0 events):
No events

Events (20 events):
Event: 0.058 Thread 0x00007ffec002d290 Thread added: 0x00007ffec012b120
Event: 0.059 Thread 0x00007ffec002d290 Thread added: 0x00007ffec012c6d0
Event: 0.059 Thread 0x00007ffec002d290 Thread added: 0x00007ffec012e1b0
Event: 0.061 Thread 0x00007ffec002d290 Thread added: 0x00007ffec012f880
Event: 0.173 Thread 0x00007ffec002d290 Thread added: 0x00007ffec023f990
Event: 0.177 Thread 0x00007ffec002d290 Thread added: 0x00007ffec0240750
Event: 0.407 Thread 0x00007ffec002d290 Thread added: 0x00007ffec02cff40
Event: 0.470 Thread 0x00007ffec012e1b0 Thread added: 0x00007ffe6c098730
Event: 0.754 Thread 0x00007ffe6c098730 Thread exited: 0x00007ffe6c098730
Event: 1.166 Thread 0x00007ffec012f880 Thread added: 0x00007ffe602834c0
Event: 1.640 Thread 0x00007ffec002d290 Thread added: 0x00007ffec0e656b0
Event: 1.772 Thread 0x00007ffec0e656b0 Thread added: 0x00007ffe40009f90
Event: 1.798 Thread 0x00007ffec0e656b0 Thread added: 0x00007ffe4000c790
Event: 2.354 Thread 0x00007ffe602834c0 Thread exited: 0x00007ffe602834c0
Event: 2.923 Thread 0x00007ffec002d290 Thread added: 0x00007ffec14af110
Event: 9.278 Thread 0x00007ffec002d290 Thread added: 0x00007ffec3e5fae0
Event: 9.297 Thread 0x00007ffec3e5fae0 Thread added: 0x00007ffe280010a0
Event: 9.297 Thread 0x00007ffec3e5fae0 Thread added: 0x00007ffe28002300
Event: 9.301 Thread 0x00007ffec012f880 Thread added: 0x00007ffe60052180
Event: 9.522 Thread 0x00007ffe60052180 Thread exited: 0x00007ffe60052180


Dynamic libraries:
702800000-704600000 rw-p 00000000 00:00 0 
704600000-70fa00000 ---p 00000000 00:00 0 
70fa00000-70fe00000 rw-p 00000000 00:00 0 
70fe00000-712600000 ---p 00000000 00:00 0 
712600000-712800000 rw-p 00000000 00:00 0 
712800000-7ffc00000 ---p 00000000 00:00 0 
7ffc00000-7ffe34000 rw-p 01d30000 b3:02 1384225                          /app/extra/jbr/lib/server/classes.jsa
7ffe34000-800000000 rw-p 00000000 00:00 0 
c800000000-c801c90000 rw-p 00010000 b3:02 1384225                        /app/extra/jbr/lib/server/classes.jsa
c801c90000-c802000000 ---p 00000000 00:00 0 
c802000000-c802040000 rw-p 00000000 00:00 0 
c802040000-c802070000 rw-p 00000000 00:00 0 
c802070000-c802080000 ---p 00000000 00:00 0 
c802080000-c802260000 rw-p 00000000 00:00 0 
c802260000-c842000000 ---p 00000000 00:00 0 
555645250000-555645254000 r-xp 00000000 b3:02 1384397                    /app/extra/jbr/bin/java
55564526c000-555645270000 r--p 0000c000 b3:02 1384397                    /app/extra/jbr/bin/java
555645270000-555645274000 rw-p 00010000 b3:02 1384397                    /app/extra/jbr/bin/java
555678ef4000-555678f28000 rw-p 00000000 00:00 0                          [heap]
7ffe18000000-7ffe18088000 rw-p 00000000 00:00 0 
7ffe18088000-7ffe1c000000 ---p 00000000 00:00 0 
7ffe1c000000-7ffe1e040000 rw-p 00000000 00:00 0 
7ffe1e040000-7ffe20000000 ---p 00000000 00:00 0 
7ffe20000000-7ffe20024000 rw-p 00000000 00:00 0 
7ffe20024000-7ffe24000000 ---p 00000000 00:00 0 
7ffe24000000-7ffe24024000 rw-p 00000000 00:00 0 
7ffe24024000-7ffe28000000 ---p 00000000 00:00 0 
7ffe28000000-7ffe28024000 rw-p 00000000 00:00 0 
7ffe28024000-7ffe2c000000 ---p 00000000 00:00 0 
7ffe2dcc0000-7ffe2dccc000 ---p 00000000 00:00 0 
7ffe2dccc000-7ffe2dec0000 rw-p 00000000 00:00 0 
7ffe2dec0000-7ffe2decc000 ---p 00000000 00:00 0 
7ffe2decc000-7ffe2e0c0000 rw-p 00000000 00:00 0 
7ffe2e0c0000-7ffe2e0cc000 ---p 00000000 00:00 0 
7ffe2e0cc000-7ffe2e2c0000 rw-p 00000000 00:00 0 
7ffe2e6a0000-7ffe2e6b0000 ---p 00000000 00:00 0 
7ffe2e6b0000-7ffe2eeb0000 rw-p 00000000 00:00 0 
7ffe30ef0000-7ffe30f00000 ---p 00000000 00:00 0 
7ffe30f00000-7ffe31700000 rw-p 00000000 00:00 0 
7ffe31700000-7ffe31710000 ---p 00000000 00:00 0 
7ffe31710000-7ffe31f10000 rw-p 00000000 00:00 0 
7ffe31f10000-7ffe31f20000 ---p 00000000 00:00 0 
7ffe31f20000-7ffe32720000 rw-p 00000000 00:00 0 
7ffe32720000-7ffe37de0000 r-xp 00000000 b3:02 1007600                    /usr/lib/aarch64-linux-gnu/GL/default/lib/libLLVM.so.21.1
7ffe37de0000-7ffe37de8000 ---p 056c0000 b3:02 1007600                    /usr/lib/aarch64-linux-gnu/GL/default/lib/libLLVM.so.21.1
7ffe37de8000-7ffe37f00000 r--p 056c8000 b3:02 1007600                    /usr/lib/aarch64-linux-gnu/GL/default/lib/libLLVM.so.21.1
7ffe37f00000-7ffe37f5c000 rw-p 057e0000 b3:02 1007600                    /usr/lib/aarch64-linux-gnu/GL/default/lib/libLLVM.so.21.1
7ffe37f5c000-7ffe37ffc000 rw-p 00000000 00:00 0 
7ffe38000000-7ffe38024000 rw-p 00000000 00:00 0 
7ffe38024000-7ffe3c000000 ---p 00000000 00:00 0 
7ffe3cad0000-7ffe3cae8000 r-xp 00000000 b3:02 1016669                    /usr/lib/aarch64-linux-gnu/libffi.so.8.2.0
7ffe3cae8000-7ffe3cafc000 ---p 00018000 b3:02 1016669                    /usr/lib/aarch64-linux-gnu/libffi.so.8.2.0
7ffe3cafc000-7ffe3cb00000 r--p 0001c000 b3:02 1016669                    /usr/lib/aarch64-linux-gnu/libffi.so.8.2.0
7ffe3cb00000-7ffe3cb04000 rw-p 00020000 b3:02 1016669                    /usr/lib/aarch64-linux-gnu/libffi.so.8.2.0
7ffe3cc20000-7ffe3cccc000 r-xp 00000000 b3:02 1017858                    /usr/lib/aarch64-linux-gnu/libzstd.so.1.5.7
7ffe3cccc000-7ffe3ccdc000 ---p 000ac000 b3:02 1017858                    /usr/lib/aarch64-linux-gnu/libzstd.so.1.5.7
7ffe3ccdc000-7ffe3cce0000 r--p 000ac000 b3:02 1017858                    /usr/lib/aarch64-linux-gnu/libzstd.so.1.5.7
7ffe3cce0000-7ffe3cce4000 rw-p 000b0000 b3:02 1017858                    /usr/lib/aarch64-linux-gnu/libzstd.so.1.5.7
7ffe3f800000-7ffe3f814000 r-xp 00000000 b3:02 1015948                    /usr/lib/aarch64-linux-gnu/libXext.so.6.4.0
7ffe3f814000-7ffe3f82c000 ---p 00014000 b3:02 1015948                    /usr/lib/aarch64-linux-gnu/libXext.so.6.4.0
7ffe3f82c000-7ffe3f830000 r--p 0001c000 b3:02 1015948                    /usr/lib/aarch64-linux-gnu/libXext.so.6.4.0
7ffe3f830000-7ffe3f834000 rw-p 00020000 b3:02 1015948                    /usr/lib/aarch64-linux-gnu/libXext.so.6.4.0
7ffe3f840000-7ffe3f988000 r-xp 00000000 b3:02 1024375                    /usr/lib/aarch64-linux-gnu/libX11.so.6.4.0
7ffe3f988000-7ffe3f99c000 ---p 00148000 b3:02 1024375                    /usr/lib/aarch64-linux-gnu/libX11.so.6.4.0
7ffe3f99c000-7ffe3f9a0000 r--p 0014c000 b3:02 1024375                    /usr/lib/aarch64-linux-gnu/libX11.so.6.4.0
7ffe3f9a0000-7ffe3f9a4000 rw-p 00150000 b3:02 1024375                    /usr/lib/aarch64-linux-gnu/libX11.so.6.4.0
7ffe3f9b0000-7ffe3fc48000 r-xp 00000000 b3:02 1024413                    /usr/lib/aarch64-linux-gnu/libstdc++.so.6.0.34
7ffe3fc48000-7ffe3fc50000 ---p 00298000 b3:02 1024413                    /usr/lib/aarch64-linux-gnu/libstdc++.so.6.0.34
7ffe3fc50000-7ffe3fc60000 r--p 002a0000 b3:02 1024413                    /usr/lib/aarch64-linux-gnu/libstdc++.so.6.0.34
7ffe3fc60000-7ffe3fc64000 rw-p 002b0000 b3:02 1024413                    /usr/lib/aarch64-linux-gnu/libstdc++.so.6.0.34
7ffe3fc64000-7ffe3fc68000 rw-p 00000000 00:00 0 
7ffe3fc70000-7ffe3ffa0000 r-xp 00000000 b3:02 1148623                    /home/xenobyte/.javacpp/cache/jaylib-5.5.0-2.jar/com/raylib/linux-arm64/libjniRaylib.so
7ffe3ffa0000-7ffe3ffac000 ---p 00330000 b3:02 1148623                    /home/xenobyte/.javacpp/cache/jaylib-5.5.0-2.jar/com/raylib/linux-arm64/libjniRaylib.so
7ffe3ffac000-7ffe3ffb0000 r--p 0032c000 b3:02 1148623                    /home/xenobyte/.javacpp/cache/jaylib-5.5.0-2.jar/com/raylib/linux-arm64/libjniRaylib.so
7ffe3ffb0000-7ffe3ffbc000 rw-p 00330000 b3:02 1148623                    /home/xenobyte/.javacpp/cache/jaylib-5.5.0-2.jar/com/raylib/linux-arm64/libjniRaylib.so
7ffe3ffbc000-7ffe3fff4000 rw-p 00000000 00:00 0 
7ffe40000000-7ffe40024000 rw-p 00000000 00:00 0 
7ffe40024000-7ffe44000000 ---p 00000000 00:00 0 
7ffe44000000-7ffe44088000 rw-p 00000000 00:00 0 
7ffe44088000-7ffe48000000 ---p 00000000 00:00 0 
7ffe48000000-7ffe48024000 rw-p 00000000 00:00 0 
7ffe48024000-7ffe4c000000 ---p 00000000 00:00 0 
7ffe4c000000-7ffe4c024000 rw-p 00000000 00:00 0 
7ffe4c024000-7ffe50000000 ---p 00000000 00:00 0 
7ffe50000000-7ffe50724000 rw-p 00000000 00:00 0 
7ffe50724000-7ffe54000000 ---p 00000000 00:00 0 
7ffe54000000-7ffe54024000 rw-p 00000000 00:00 0 
7ffe54024000-7ffe58000000 ---p 00000000 00:00 0 
7ffe58000000-7ffe58024000 rw-p 00000000 00:00 0 
7ffe58024000-7ffe5c000000 ---p 00000000 00:00 0 
7ffe5c000000-7ffe5c024000 rw-p 00000000 00:00 0 
7ffe5c024000-7ffe60000000 ---p 00000000 00:00 0 
7ffe60000000-7ffe60768000 rw-p 00000000 00:00 0 
7ffe60768000-7ffe64000000 ---p 00000000 00:00 0 
7ffe64000000-7ffe64024000 rw-p 00000000 00:00 0 
7ffe64024000-7ffe68000000 ---p 00000000 00:00 0 
7ffe68000000-7ffe68024000 rw-p 00000000 00:00 0 
7ffe68024000-7ffe6c000000 ---p 00000000 00:00 0 
7ffe6c000000-7ffe6c330000 rw-p 00000000 00:00 0 
7ffe6c330000-7ffe70000000 ---p 00000000 00:00 0 
7ffe70000000-7ffe70024000 rw-p 00000000 00:00 0 
7ffe70024000-7ffe74000000 ---p 00000000 00:00 0 
7ffe74000000-7ffe74024000 rw-p 00000000 00:00 0 
7ffe74024000-7ffe78000000 ---p 00000000 00:00 0 
7ffe78000000-7ffe78024000 rw-p 00000000 00:00 0 
7ffe78024000-7ffe7c000000 ---p 00000000 00:00 0 
7ffe7c000000-7ffe7c024000 rw-p 00000000 00:00 0 
7ffe7c024000-7ffe80000000 ---p 00000000 00:00 0 
7ffe80000000-7ffe80024000 rw-p 00000000 00:00 0 
7ffe80024000-7ffe84000000 ---p 00000000 00:00 0 
7ffe84000000-7ffe84024000 rw-p 00000000 00:00 0 
7ffe84024000-7ffe88000000 ---p 00000000 00:00 0 
7ffe88000000-7ffe88260000 rw-p 00000000 00:00 0 
7ffe88260000-7ffe88400000 ---p 00000000 00:00 0 
7ffe88400000-7ffe89b90000 rw-p 00000000 00:00 0 
7ffe89b90000-7ffe8c000000 ---p 00000000 00:00 0 
7ffe8c000000-7ffe8c024000 rw-p 00000000 00:00 0 
7ffe8c024000-7ffe90000000 ---p 00000000 00:00 0 
7ffe90000000-7ffe90024000 rw-p 00000000 00:00 0 
7ffe90024000-7ffe94000000 ---p 00000000 00:00 0 
7ffe94000000-7ffe94024000 rw-p 00000000 00:00 0 
7ffe94024000-7ffe98000000 ---p 00000000 00:00 0 
7ffe98040000-7ffe98044000 r-xp 00000000 b3:02 1012285                    /usr/lib/aarch64-linux-gnu/libXau.so.6.0.0
7ffe98044000-7ffe9805c000 ---p 00004000 b3:02 1012285                    /usr/lib/aarch64-linux-gnu/libXau.so.6.0.0
7ffe9805c000-7ffe98060000 r--p 0000c000 b3:02 1012285                    /usr/lib/aarch64-linux-gnu/libXau.so.6.0.0
7ffe98060000-7ffe98064000 rw-p 00010000 b3:02 1012285                    /usr/lib/aarch64-linux-gnu/libXau.so.6.0.0
7ffe98070000-7ffe9809c000 r-xp 00000000 b3:02 1014492                    /usr/lib/aarch64-linux-gnu/libxcb.so.1.1.0
7ffe9809c000-7ffe980ac000 ---p 0002c000 b3:02 1014492                    /usr/lib/aarch64-linux-gnu/libxcb.so.1.1.0
7ffe980ac000-7ffe980b0000 r--p 0002c000 b3:02 1014492                    /usr/lib/aarch64-linux-gnu/libxcb.so.1.1.0
7ffe980b0000-7ffe980b4000 rw-p 00030000 b3:02 1014492                    /usr/lib/aarch64-linux-gnu/libxcb.so.1.1.0
7ffe980c0000-7ffe980cc000 ---p 00000000 00:00 0 
7ffe980cc000-7ffe982c0000 rw-p 00000000 00:00 0 
7ffe982c0000-7ffe982cc000 ---p 00000000 00:00 0 
7ffe982cc000-7ffe984c0000 rw-p 00000000 00:00 0 
7ffe984c0000-7ffe984e0000 r-xp 00000000 b3:02 1023597                    /usr/lib/aarch64-linux-gnu/libgcc_s.so.1
7ffe984e0000-7ffe984ec000 ---p 00020000 b3:02 1023597                    /usr/lib/aarch64-linux-gnu/libgcc_s.so.1
7ffe984ec000-7ffe984f0000 r--p 0001c000 b3:02 1023597                    /usr/lib/aarch64-linux-gnu/libgcc_s.so.1
7ffe984f0000-7ffe984f4000 rw-p 00020000 b3:02 1023597                    /usr/lib/aarch64-linux-gnu/libgcc_s.so.1
7ffe98500000-7ffe9850c000 r-xp 00000000 b3:02 1020260                    /usr/lib/aarch64-linux-gnu/libcap.so.2.77
7ffe9850c000-7ffe9851c000 ---p 0000c000 b3:02 1020260                    /usr/lib/aarch64-linux-gnu/libcap.so.2.77
7ffe9851c000-7ffe98520000 r--p 0000c000 b3:02 1020260                    /usr/lib/aarch64-linux-gnu/libcap.so.2.77
7ffe98520000-7ffe98524000 rw-p 00010000 b3:02 1020260                    /usr/lib/aarch64-linux-gnu/libcap.so.2.77
7ffe98530000-7ffe98560000 r-xp 00000000 b3:02 1011394                    /usr/lib/aarch64-linux-gnu/libnss_resolve.so.2
7ffe98560000-7ffe9856c000 ---p 00030000 b3:02 1011394                    /usr/lib/aarch64-linux-gnu/libnss_resolve.so.2
7ffe9856c000-7ffe98570000 r--p 0002c000 b3:02 1011394                    /usr/lib/aarch64-linux-gnu/libnss_resolve.so.2
7ffe98570000-7ffe98574000 rw-p 00030000 b3:02 1011394                    /usr/lib/aarch64-linux-gnu/libnss_resolve.so.2
7ffe98580000-7ffe9858c000 ---p 00000000 00:00 0 
7ffe9858c000-7ffe98780000 rw-p 00000000 00:00 0 
7ffe98780000-7ffe98790000 ---p 00000000 00:00 0 
7ffe98790000-7ffe98990000 rw-p 00000000 00:00 0 
7ffe98990000-7ffe989a0000 ---p 00000000 00:00 0 
7ffe989a0000-7ffe98ba0000 rw-p 00000000 00:00 0 
7ffe98ba0000-7ffe98bb0000 ---p 00000000 00:00 0 
7ffe98bb0000-7ffe98db0000 rw-p 00000000 00:00 0 
7ffe98db0000-7ffe98eb0000 r-xp 00000000 00:31 289                        /tmp/sqlite-3.45.1.0-4556864d-8ea8-454c-acde-77a3df58ae67-libsqlitejdbc.so
7ffe98eb0000-7ffe98ebc000 ---p 00100000 00:31 289                        /tmp/sqlite-3.45.1.0-4556864d-8ea8-454c-acde-77a3df58ae67-libsqlitejdbc.so
7ffe98ebc000-7ffe98ec0000 r--p 000fc000 00:31 289                        /tmp/sqlite-3.45.1.0-4556864d-8ea8-454c-acde-77a3df58ae67-libsqlitejdbc.so
7ffe98ec0000-7ffe98ec8000 rw-p 00100000 00:31 289                        /tmp/sqlite-3.45.1.0-4556864d-8ea8-454c-acde-77a3df58ae67-libsqlitejdbc.so
7ffe98ecc000-7ffe98ed8000 ---p 00000000 00:00 0 
7ffe98ed8000-7ffe990cc000 rw-p 00000000 00:00 0 
7ffe990cc000-7ffe990d8000 ---p 00000000 00:00 0 
7ffe990d8000-7ffe99100000 rw-p 00000000 00:00 0 
7ffe99100000-7ffe9910c000 r-xp 00000000 b3:02 1384254                    /app/extra/jbr/lib/libverify.so
7ffe9910c000-7ffe9911c000 ---p 0000c000 b3:02 1384254                    /app/extra/jbr/lib/libverify.so
7ffe9911c000-7ffe99120000 r--p 0000c000 b3:02 1384254                    /app/extra/jbr/lib/libverify.so
7ffe99120000-7ffe99124000 rw-p 00000000 00:00 0 
7ffe99130000-7ffe99134000 r-xp 00000000 b3:02 1384237                    /app/extra/jbr/lib/libextnet.so
7ffe99134000-7ffe9914c000 ---p 00004000 b3:02 1384237                    /app/extra/jbr/lib/libextnet.so
7ffe9914c000-7ffe99150000 r--p 0000c000 b3:02 1384237                    /app/extra/jbr/lib/libextnet.so
7ffe99150000-7ffe99154000 rw-p 00000000 00:00 0 
7ffe99160000-7ffe9916c000 ---p 00000000 00:00 0 
7ffe9916c000-7ffe99360000 rw-p 00000000 00:00 0 
7ffe99360000-7ffe9936c000 ---p 00000000 00:00 0 
7ffe9936c000-7ffe99560000 rw-p 00000000 00:00 0 
7ffe99560000-7ffe9956c000 r-xp 00000000 b3:02 1384383                    /app/extra/jbr/lib/libnet.so
7ffe9956c000-7ffe9957c000 ---p 0000c000 b3:02 1384383                    /app/extra/jbr/lib/libnet.so
7ffe9957c000-7ffe99580000 r--p 0000c000 b3:02 1384383                    /app/extra/jbr/lib/libnet.so
7ffe99580000-7ffe99584000 rw-p 00000000 00:00 0 
7ffe99590000-7ffe995a4000 r-xp 00000000 b3:02 1384220                    /app/extra/jbr/lib/libnio.so
7ffe995a4000-7ffe995bc000 ---p 00014000 b3:02 1384220                    /app/extra/jbr/lib/libnio.so
7ffe995bc000-7ffe995c0000 r--p 0001c000 b3:02 1384220                    /app/extra/jbr/lib/libnio.so
7ffe995c0000-7ffe995c4000 rw-p 00020000 b3:02 1384220                    /app/extra/jbr/lib/libnio.so
7ffe995d0000-7ffe995d8000 r-xp 00000000 b3:02 1384387                    /app/extra/jbr/lib/libzip.so
7ffe995d8000-7ffe995ec000 ---p 00008000 b3:02 1384387                    /app/extra/jbr/lib/libzip.so
7ffe995ec000-7ffe995f0000 r--p 0000c000 b3:02 1384387                    /app/extra/jbr/lib/libzip.so
7ffe995f0000-7ffe995f4000 rw-p 00000000 00:00 0 
7ffe99600000-7ffe9960c000 ---p 00000000 00:00 0 
7ffe9960c000-7ffe99800000 rw-p 00000000 00:00 0 
7ffe99800000-7ffe9980c000 ---p 00000000 00:00 0 
7ffe9980c000-7ffe99a00000 rw-p 00000000 00:00 0 
7ffe99a00000-7ffe99a0c000 ---p 00000000 00:00 0 
7ffe99a0c000-7ffe99c00000 rw-p 00000000 00:00 0 
7ffe99c00000-7ffe99c0c000 ---p 00000000 00:00 0 
7ffe99c0c000-7ffe99e00000 rw-p 00000000 00:00 0 
7ffe99e00000-7ffe99e0c000 ---p 00000000 00:00 0 
7ffe99e0c000-7ffe9c024000 rw-p 00000000 00:00 0 
7ffe9c024000-7ffea0000000 ---p 00000000 00:00 0 
7ffea0000000-7ffea0024000 rw-p 00000000 00:00 0 
7ffea0024000-7ffea4000000 ---p 00000000 00:00 0 
7ffea4000000-7ffea4024000 rw-p 00000000 00:00 0 
7ffea4024000-7ffea8000000 ---p 00000000 00:00 0 
7ffea8024000-7ffea8030000 ---p 00000000 00:00 0 
7ffea8030000-7ffea8224000 rw-p 00000000 00:00 0 
7ffea8224000-7ffea8230000 ---p 00000000 00:00 0 
7ffea8230000-7ffea8424000 rw-p 00000000 00:00 0 
7ffea8424000-7ffea8430000 ---p 00000000 00:00 0 
7ffea8430000-7ffea8624000 rw-p 00000000 00:00 0 
7ffea8624000-7ffea8634000 ---p 00000000 00:00 0 
7ffea8634000-7ffea8834000 rw-p 00000000 00:00 0 
7ffea8834000-7ffea8844000 ---p 00000000 00:00 0 
7ffea8844000-7ffea8be4000 rw-p 00000000 00:00 0 
7ffea8be4000-7ffea8bf4000 ---p 00000000 00:00 0 
7ffea8bf4000-7ffea8df4000 rw-p 00000000 00:00 0 
7ffea8df4000-7ffea8e04000 ---p 00000000 00:00 0 
7ffea8e04000-7ffea907c000 rw-p 00000000 00:00 0 
7ffea907c000-7ffea934c000 ---p 00000000 00:00 0 
7ffea934c000-7ffea935c000 rw-p 00000000 00:00 0 
7ffea935c000-7ffea93fc000 ---p 00000000 00:00 0 
7ffea93fc000-7ffea9404000 rw-p 00000000 00:00 0 
7ffea9404000-7ffeacf54000 ---p 00000000 00:00 0 
7ffeacf54000-7ffeacf64000 rw-p 00000000 00:00 0 
7ffeacf64000-7ffead474000 rwxp 00000000 00:00 0 
7ffead474000-7ffeb4498000 ---p 00000000 00:00 0 
7ffeb4498000-7ffeb4708000 rwxp 00000000 00:00 0 
7ffeb4708000-7ffeb4a2c000 ---p 00000000 00:00 0 
7ffeb4a2c000-7ffeb4c9c000 rwxp 00000000 00:00 0 
7ffeb4c9c000-7ffebbf64000 ---p 00000000 00:00 0 
7ffebbf64000-7ffec0000000 r--s 00000000 b3:02 1384325                    /app/extra/jbr/lib/modules
7ffec0000000-7ffec4000000 rw-p 00000000 00:00 0 
7ffec4000000-7ffec405c000 r--p 00000000 b3:02 1014467                    /usr/lib/locale/C.utf8/LC_CTYPE
7ffec405c000-7ffec450c000 rw-p 00000000 00:00 0 
7ffec450c000-7ffec451c000 ---p 00000000 00:00 0 
7ffec451c000-7ffec471c000 rw-p 00000000 00:00 0 
7ffec471c000-7ffec472c000 ---p 00000000 00:00 0 
7ffec472c000-7ffec492c000 rw-p 00000000 00:00 0 
7ffec492c000-7ffec493c000 ---p 00000000 00:00 0 
7ffec493c000-7ffec4b90000 rw-p 00000000 00:00 0 
7ffec4b90000-7ffec4be8000 ---p 00000000 00:00 0 
7ffec4be8000-7ffec4bec000 rw-p 00000000 00:00 0 
7ffec4bec000-7ffec4bfc000 ---p 00000000 00:00 0 
7ffec4bfc000-7ffec4c00000 rw-p 00000000 00:00 0 
7ffec4c00000-7ffec5368000 ---p 00000000 00:00 0 
7ffec5368000-7ffec537c000 rw-p 00000000 00:00 0 
7ffec537c000-7ffec53d4000 ---p 00000000 00:00 0 
7ffec53d4000-7ffec53d8000 rw-p 00000000 00:00 0 
7ffec53d8000-7ffec53e8000 ---p 00000000 00:00 0 
7ffec53e8000-7ffec53ec000 rw-p 00000000 00:00 0 
7ffec53ec000-7ffec5b54000 ---p 00000000 00:00 0 
7ffec5b54000-7ffec5f70000 rw-p 00000000 00:00 0 
7ffec5f70000-7ffec6054000 ---p 00000000 00:00 0 
7ffec6054000-7ffec6060000 rw-p 00000000 00:00 0 
7ffec6060000-7ffec6140000 ---p 00000000 00:00 0 
7ffec6140000-7ffec6164000 r-xp 00000000 b3:02 1384252                    /app/extra/jbr/lib/libjava.so
7ffec6164000-7ffec617c000 ---p 00024000 b3:02 1384252                    /app/extra/jbr/lib/libjava.so
7ffec617c000-7ffec6180000 r--p 0002c000 b3:02 1384252                    /app/extra/jbr/lib/libjava.so
7ffec6180000-7ffec6184000 rw-p 00030000 b3:02 1384252                    /app/extra/jbr/lib/libjava.so
7ffec6190000-7ffec619c000 r-xp 00000000 b3:02 1384390                    /app/extra/jbr/lib/libinstrument.so
7ffec619c000-7ffec61ac000 ---p 0000c000 b3:02 1384390                    /app/extra/jbr/lib/libinstrument.so
7ffec61ac000-7ffec61b0000 r--p 0000c000 b3:02 1384390                    /app/extra/jbr/lib/libinstrument.so
7ffec61b0000-7ffec61b4000 rw-p 00010000 b3:02 1384390                    /app/extra/jbr/lib/libinstrument.so
7ffec61c0000-7ffec61dc000 r-xp 00000000 b3:02 1384258                    /app/extra/jbr/lib/libjimage.so
7ffec61dc000-7ffec61ec000 ---p 0001c000 b3:02 1384258                    /app/extra/jbr/lib/libjimage.so
7ffec61ec000-7ffec61f0000 r--p 0001c000 b3:02 1384258                    /app/extra/jbr/lib/libjimage.so
7ffec61f0000-7ffec61f4000 rw-p 00020000 b3:02 1384258                    /app/extra/jbr/lib/libjimage.so
7ffec6200000-7ffec620c000 ---p 00000000 00:00 0 
7ffec620c000-7ffec6400000 rw-p 00000000 00:00 0 
7ffec6400000-7ffec64a0000 r-xp 00000000 b3:02 1014251                    /usr/lib/aarch64-linux-gnu/libm.so.6
7ffec64a0000-7ffec64ac000 ---p 000a0000 b3:02 1014251                    /usr/lib/aarch64-linux-gnu/libm.so.6
7ffec64ac000-7ffec64b0000 r--p 0009c000 b3:02 1014251                    /usr/lib/aarch64-linux-gnu/libm.so.6
7ffec64b0000-7ffec64b4000 rw-p 000a0000 b3:02 1014251                    /usr/lib/aarch64-linux-gnu/libm.so.6
7ffec64c0000-7ffec64c4000 r-xp 00000000 b3:02 1024174                    /usr/lib/aarch64-linux-gnu/librt.so.1
7ffec64c4000-7ffec64dc000 ---p 00004000 b3:02 1024174                    /usr/lib/aarch64-linux-gnu/librt.so.1
7ffec64dc000-7ffec64e0000 r--p 0000c000 b3:02 1024174                    /usr/lib/aarch64-linux-gnu/librt.so.1
7ffec64e0000-7ffec64e4000 rw-p 00010000 b3:02 1024174                    /usr/lib/aarch64-linux-gnu/librt.so.1
7ffec64ec000-7ffec64f0000 rw-p 00000000 00:00 0 
7ffec64f0000-7ffec7744000 r-xp 00000000 b3:02 1384226                    /app/extra/jbr/lib/server/libjvm.so
7ffec7744000-7ffec7760000 ---p 01254000 b3:02 1384226                    /app/extra/jbr/lib/server/libjvm.so
7ffec7760000-7ffec7840000 r--p 01260000 b3:02 1384226                    /app/extra/jbr/lib/server/libjvm.so
7ffec7840000-7ffec7874000 rw-p 01340000 b3:02 1384226                    /app/extra/jbr/lib/server/libjvm.so
7ffec7874000-7ffec7908000 rw-p 00000000 00:00 0 
7ffec7908000-7ffec790c000 rw-p 00000000 00:00 0 
7ffec790c000-7ffec7910000 r--p 00000000 b3:02 1023989                    /usr/lib/locale/C.utf8/LC_NUMERIC
7ffec7910000-7ffec7abc000 r-xp 00000000 b3:02 1024392                    /usr/lib/aarch64-linux-gnu/libc.so.6
7ffec7abc000-7ffec7acc000 ---p 001ac000 b3:02 1024392                    /usr/lib/aarch64-linux-gnu/libc.so.6
7ffec7acc000-7ffec7ad0000 r--p 001ac000 b3:02 1024392                    /usr/lib/aarch64-linux-gnu/libc.so.6
7ffec7ad0000-7ffec7ad4000 rw-p 001b0000 b3:02 1024392                    /usr/lib/aarch64-linux-gnu/libc.so.6
7ffec7ad4000-7ffec7ae0000 rw-p 00000000 00:00 0 
7ffec7ae0000-7ffec7ae4000 r--p 00000000 b3:02 1015907                    /usr/lib/locale/C.utf8/LC_TIME
7ffec7ae4000-7ffec7ae8000 r--p 00000000 b3:02 1009269                    /usr/lib/locale/C.utf8/LC_COLLATE
7ffec7ae8000-7ffec7aec000 r--p 00000000 b3:02 1016180                    /usr/lib/locale/C.utf8/LC_MONETARY
7ffec7aec000-7ffec7af0000 r--p 00000000 b3:02 1015533                    /usr/lib/locale/C.utf8/LC_MESSAGES/SYS_LC_MESSAGES
7ffec7af0000-7ffec7af4000 r-xp 00000000 b3:02 1014935                    /usr/lib/aarch64-linux-gnu/libdl.so.2
7ffec7af4000-7ffec7b0c000 ---p 00004000 b3:02 1014935                    /usr/lib/aarch64-linux-gnu/libdl.so.2
7ffec7b0c000-7ffec7b10000 r--p 0000c000 b3:02 1014935                    /usr/lib/aarch64-linux-gnu/libdl.so.2
7ffec7b10000-7ffec7b14000 rw-p 00010000 b3:02 1014935                    /usr/lib/aarch64-linux-gnu/libdl.so.2
7ffec7b14000-7ffec7b18000 r--p 00000000 b3:02 1016584                    /usr/lib/locale/C.utf8/LC_PAPER
7ffec7b18000-7ffec7b1c000 r--p 00000000 b3:02 1011487                    /usr/lib/locale/C.utf8/LC_NAME
7ffec7b1c000-7ffec7b20000 r--p 00000000 b3:02 1018154                    /usr/lib/locale/C.utf8/LC_ADDRESS
7ffec7b20000-7ffec7b24000 r-xp 00000000 b3:02 1018393                    /usr/lib/aarch64-linux-gnu/libpthread.so.0
7ffec7b24000-7ffec7b3c000 ---p 00004000 b3:02 1018393                    /usr/lib/aarch64-linux-gnu/libpthread.so.0
7ffec7b3c000-7ffec7b40000 r--p 0000c000 b3:02 1018393                    /usr/lib/aarch64-linux-gnu/libpthread.so.0
7ffec7b40000-7ffec7b44000 rw-p 00010000 b3:02 1018393                    /usr/lib/aarch64-linux-gnu/libpthread.so.0
7ffec7b44000-7ffec7b48000 r--p 00000000 b3:02 1015776                    /usr/lib/locale/C.utf8/LC_TELEPHONE
7ffec7b48000-7ffec7b50000 r--s 00000000 b3:02 1016340                    /usr/lib/aarch64-linux-gnu/gconv/gconv-modules.cache
7ffec7b50000-7ffec7b60000 r-xp 00000000 b3:02 1384217                    /app/extra/jbr/lib/libjli.so
7ffec7b60000-7ffec7b6c000 ---p 00010000 b3:02 1384217                    /app/extra/jbr/lib/libjli.so
7ffec7b6c000-7ffec7b70000 r--p 0000c000 b3:02 1384217                    /app/extra/jbr/lib/libjli.so
7ffec7b70000-7ffec7b74000 rw-p 00010000 b3:02 1384217                    /app/extra/jbr/lib/libjli.so
7ffec7b74000-7ffec7b7c000 rw-p 00000000 00:00 0 
7ffec7b7c000-7ffec7b80000 ---p 00000000 00:00 0 
7ffec7b80000-7ffec7b98000 r-xp 00000000 b3:02 1009545                    /usr/lib/aarch64-linux-gnu/libz.so.1.3.1
7ffec7b98000-7ffec7bac000 ---p 00018000 b3:02 1009545                    /usr/lib/aarch64-linux-gnu/libz.so.1.3.1
7ffec7bac000-7ffec7bb0000 r--p 0001c000 b3:02 1009545                    /usr/lib/aarch64-linux-gnu/libz.so.1.3.1
7ffec7bb0000-7ffec7bb4000 rw-p 00020000 b3:02 1009545                    /usr/lib/aarch64-linux-gnu/libz.so.1.3.1
7ffec7bb4000-7ffec7bb8000 r--p 00000000 b3:02 1015606                    /usr/lib/locale/C.utf8/LC_MEASUREMENT
7ffec7bb8000-7ffec7bc0000 rw-p 00000000 00:00 0 
7ffec7bc0000-7ffec7bc4000 r--p 00000000 b3:02 1015975                    /usr/lib/locale/C.utf8/LC_IDENTIFICATION
7ffec7bc4000-7ffec7bcc000 rw-s 00000000 00:31 287                        /tmp/hsperfdata_xenobyte/588
7ffec7bcc000-7ffec7bd0000 ---p 00000000 00:00 0 
7ffec7bd0000-7ffec7bd4000 r--p 00000000 00:00 0 
7ffec7bd4000-7ffec7c00000 r-xp 00000000 b3:02 1017896                    /usr/lib/aarch64-linux-gnu/ld-linux-aarch64.so.1
7ffec7c00000-7ffec7c04000 ---p 00000000 00:00 0 
7ffec7c04000-7ffec7c0c000 r--p 00000000 00:00 0                          [vvar]
7ffec7c0c000-7ffec7c10000 r-xp 00000000 00:00 0                          [vdso]
7ffec7c10000-7ffec7c14000 r--p 0002c000 b3:02 1017896                    /usr/lib/aarch64-linux-gnu/ld-linux-aarch64.so.1
7ffec7c14000-7ffec7c18000 rw-p 00030000 b3:02 1017896                    /usr/lib/aarch64-linux-gnu/ld-linux-aarch64.so.1
7fffc1c98000-7fffc1cbc000 rw-p 00000000 00:00 0                          [stack]
Total number of mappings: 327

JVMTI agents:
/app/extra/lib/idea_rt.jar path:none, loaded, initialized, instrumentlib options:35837


VM Arguments:
jvm_args: -javaagent:/app/extra/lib/idea_rt.jar=35837 -Dfile.encoding=UTF-8 -Dsun.stdout.encoding=UTF-8 -Dsun.stderr.encoding=UTF-8 -Dawt.toolkit.name=XToolkit 
java_command: de.htwsaar.Berta.servicelayer.Application
java_class_path (initial): /home/xenobyte/projects/GameLibrary/target/classes:/home/xenobyte/.m2/repository/org/jooq/jooq/3.19.5/jooq-3.19.5.jar:/home/xenobyte/.m2/repository/io/r2dbc/r2dbc-spi/1.0.0.RELEASE/r2dbc-spi-1.0.0.RELEASE.jar:/home/xenobyte/.m2/repository/org/reactivestreams/reactive-streams/1.0.3/reactive-streams-1.0.3.jar:/home/xenobyte/.m2/repository/org/xerial/sqlite-jdbc/3.45.1.0/sqlite-jdbc-3.45.1.0.jar:/home/xenobyte/.m2/repository/org/slf4j/slf4j-api/1.7.36/slf4j-api-1.7.36.jar:/home/xenobyte/.m2/repository/uk/co/electronstudio/jaylib/jaylib/5.5.0-2/jaylib-5.5.0-2.jar:/home/xenobyte/.m2/repository/com/fasterxml/jackson/core/jackson-databind/2.17.0/jackson-databind-2.17.0.jar:/home/xenobyte/.m2/repository/com/fasterxml/jackson/core/jackson-annotations/2.17.0/jackson-annotations-2.17.0.jar:/home/xenobyte/.m2/repository/com/fasterxml/jackson/core/jackson-core/2.17.0/jackson-core-2.17.0.jar:/home/xenobyte/.m2/repository/net/bytebuddy/byte-buddy/1.14.9/byte-buddy-1.14.9.jar
Launcher Type: SUN_STANDARD

[Global flags]
     intx CICompilerCount                          = 3                                         {product} {ergonomic}
     uint ConcGCThreads                            = 1                                         {product} {ergonomic}
     uint G1ConcRefinementThreads                  = 4                                         {product} {ergonomic}
   size_t G1HeapRegionSize                         = 2097152                                   {product} {ergonomic}
    uintx GCDrainStackTargetSize                   = 64                                        {product} {ergonomic}
   size_t InitialHeapSize                          = 268435456                                 {product} {ergonomic}
   size_t MarkStackSize                            = 4194304                                   {product} {ergonomic}
   size_t MaxHeapSize                              = 4253024256                                {product} {ergonomic}
   size_t MaxNewSize                               = 2550136832                                {product} {ergonomic}
   size_t MinHeapDeltaBytes                        = 2097152                                   {product} {ergonomic}
   size_t MinHeapSize                              = 8388608                                   {product} {ergonomic}
    uintx NonNMethodCodeHeapSize                   = 5832908                                {pd product} {ergonomic}
    uintx NonProfiledCodeHeapSize                  = 122912666                              {pd product} {ergonomic}
    uintx ProfiledCodeHeapSize                     = 122912666                              {pd product} {ergonomic}
    uintx ReservedCodeCacheSize                    = 251658240                              {pd product} {ergonomic}
     bool SegmentedCodeCache                       = true                                      {product} {ergonomic}
   size_t SoftMaxHeapSize                          = 4253024256                             {manageable} {ergonomic}
     bool UseCompressedOops                        = true                           {product lp64_product} {ergonomic}
     bool UseG1GC                                  = true                                      {product} {ergonomic}

Logging:
Log output configuration:
 #0: stdout all=warning uptime,level,tags foldmultilines=false
 #1: stderr all=off uptime,level,tags foldmultilines=false

Release file:
JAVA_VERSION="21.0.9"
MODULES="java.base java.datatransfer java.xml java.prefs java.desktop gluegen.rt java.compiler java.instrument java.logging java.management java.security.sasl java.naming java.rmi java.management.rmi java.net.http java.scripting java.security.jgss java.transaction.xa java.sql java.sql.rowset java.xml.crypto java.se java.smartcardio jogl.all jcef jdk.accessibility jdk.internal.jvmstat jdk.attach jdk.charsets jdk.internal.opt jdk.zipfs jdk.compiler jdk.crypto.ec jdk.crypto.cryptoki jdk.dynalink jdk.hotspot.agent jdk.httpserver jdk.internal.ed jdk.internal.le jdk.internal.vm.ci jdk.javadoc jdk.jcmd jdk.jdwp.agent jdk.jdi jdk.jfr jdk.jsobject jdk.localedata jdk.management jdk.management.agent jdk.management.jfr jdk.naming.dns jdk.naming.rmi jdk.net jdk.sctp jdk.security.auth jdk.security.jgss jdk.unsupported jdk.unsupported.desktop jdk.xml.dom"
IMPLEMENTOR="JetBrains s.r.o."
IMPLEMENTOR_VERSION="JBR-21.0.9+10-1163.94-jcef"
JAVA_RUNTIME_VERSION="21.0.9+10-b1163.94"
LIBC="gnu"
OS_ARCH="aarch64"
OS_NAME="Linux"
SOURCE=".:git:5d82c7fa6abe+ jcef_git:git:4a605f44671a"
JCEF_VERSION="137.0.17.1087+g722a58e"
JCEF_COMMIT_HASH="722a58ea148c6577a6b7e379036edec01083f004"

Environment Variables:
JAVA_HOME=/app/extra/jbr
PATH=/app/bin:/usr/bin:/home/xenobyte/.var/app/com.jetbrains.IntelliJ-IDEA-Community/data/node/bin:/home/xenobyte/.var/app/com.jetbrains.IntelliJ-IDEA-Community/data/cargo/bin:/home/xenobyte/.var/app/com.jetbrains.IntelliJ-IDEA-Community/data/python/bin
XDG_CACHE_HOME=/home/xenobyte/.var/app/com.jetbrains.IntelliJ-IDEA-Community/cache
XDG_CONFIG_HOME=/home/xenobyte/.var/app/com.jetbrains.IntelliJ-IDEA-Community/config
LD_LIBRARY_PATH=
SHELL=/bin/sh
DISPLAY=:0
LANG=C.UTF-8
LC_ALL=C.UTF-8
TERM=xterm-256color

Active Locale:
LC_ALL=C.UTF-8
LC_COLLATE=C.UTF-8
LC_CTYPE=C.UTF-8
LC_MESSAGES=C.UTF-8
LC_MONETARY=C.UTF-8
LC_NUMERIC=C.UTF-8
LC_TIME=C.UTF-8

Signal Handlers:
   SIGSEGV: crash_handler in libjvm.so, mask=11100100010111111101111111111110, flags=SA_RESTART|SA_SIGINFO, unblocked
    SIGBUS: crash_handler in libjvm.so, mask=11100100010111111101111111111110, flags=SA_RESTART|SA_SIGINFO, unblocked
    SIGFPE: crash_handler in libjvm.so, mask=11100100010111111101111111111110, flags=SA_RESTART|SA_SIGINFO, unblocked
   SIGPIPE: javaSignalHandler in libjvm.so, mask=11100100010111111101111111111110, flags=SA_RESTART|SA_SIGINFO, blocked
   SIGXFSZ: javaSignalHandler in libjvm.so, mask=11100100010111111101111111111110, flags=SA_RESTART|SA_SIGINFO, blocked
    SIGILL: crash_handler in libjvm.so, mask=11100100010111111101111111111110, flags=SA_RESTART|SA_SIGINFO, unblocked
   SIGUSR2: SR_handler in libjvm.so, mask=00000000000000000000000000000000, flags=SA_RESTART|SA_SIGINFO, blocked
    SIGHUP: UserHandler in libjvm.so, mask=11100100010111111101111111111110, flags=SA_RESTART|SA_SIGINFO, blocked
    SIGINT: UserHandler in libjvm.so, mask=11100100010111111101111111111110, flags=SA_RESTART|SA_SIGINFO, blocked
   SIGTERM: UserHandler in libjvm.so, mask=11100100010111111101111111111110, flags=SA_RESTART|SA_SIGINFO, blocked
   SIGQUIT: UserHandler in libjvm.so, mask=11100100010111111101111111111110, flags=SA_RESTART|SA_SIGINFO, blocked
   SIGTRAP: crash_handler in libjvm.so, mask=11100100010111111101111111111110, flags=SA_RESTART|SA_SIGINFO, unblocked


Periodic native trim disabled

JNI global refs:
JNI global refs: 14, weak refs: 332

JNI global refs memory usage: 859, weak refs: 4017

Process memory usage:
Resident Set Size: 245584K (1% of 16604080K total physical memory with 14006592K free physical memory)

OOME stack traces (most recent first):
Classloader memory used:
Loader jdk.internal.loader.ClassLoaders$AppClassLoader                                 : 23535K
Loader bootstrap                                                                       : 2788K
Loader jdk.internal.loader.ClassLoaders$PlatformClassLoader                            : 2273K

---------------  S Y S T E M  ---------------

OS:
NAME="Freedesktop SDK"
VERSION="25.08 (Flatpak runtime)"
VERSION_ID=25.08
ID=org.freedesktop.platform
PRETTY_NAME="Freedesktop SDK 25.08 (Flatpak runtime)"
BUG_REPORT_URL=https://gitlab.com/freedesktop-sdk/freedesktop-sdk/issues
uname: Linux 6.12.62+rpt-rpi-2712 #1 SMP PREEMPT Debian 1:6.12.62-1+rpt1 (2025-12-18) aarch64
OS uptime: 0 days 0:12 hours
libc: glibc 2.42 NPTL 2.42 
rlimit (soft/hard): STACK 8192k/infinity , CORE 0k/infinity , NPROC 64521/64521 , NOFILE 524288/524288 , AS infinity/infinity , CPU infinity/infinity , DATA infinity/infinity , FSIZE infinity/infinity , MEMLOCK 8192k/8192k
load average: 2.45 2.31 1.18

/proc/meminfo:
MemTotal:       16604080 kB
MemFree:        12126160 kB
MemAvailable:   14006592 kB
Buffers:           73968 kB
Cached:          2015776 kB
SwapCached:            0 kB
Active:          3593280 kB
Inactive:         488224 kB
Active(anon):    2138112 kB
Inactive(anon):        0 kB
Active(file):    1455168 kB
Inactive(file):   488224 kB
Unevictable:       68160 kB
Mlocked:              32 kB
SwapTotal:       2097136 kB
SwapFree:        2097136 kB
Zswap:                 0 kB
Zswapped:              0 kB
Dirty:              1728 kB
Writeback:             0 kB
AnonPages:       2063392 kB
Mapped:           986128 kB
Shmem:            146992 kB
KReclaimable:      46576 kB
Slab:              98048 kB
SReclaimable:      46576 kB
SUnreclaim:        51472 kB
KernelStack:        9392 kB
PageTables:        20656 kB
SecPageTables:       160 kB
NFS_Unstable:          0 kB
Bounce:                0 kB
WritebackTmp:          0 kB
CommitLimit:    10399168 kB
Committed_AS:    6386128 kB
VmallocTotal:   68447887360 kB
VmallocUsed:       73920 kB
VmallocChunk:          0 kB
Percpu:             1344 kB
CmaTotal:          65536 kB
CmaFree:           55296 kB

/sys/kernel/mm/transparent_hugepage/enabled: <Not Available>
/sys/kernel/mm/transparent_hugepage/hpage_pmd_size: <Not Available>
/sys/kernel/mm/transparent_hugepage/defrag (defrag/compaction efforts parameter): <Not Available>

Process Memory:
Virtual Size: 7989440K (peak: 8090384K)
Resident Set Size: 245568K (peak: 267008K) (anon: 175504K, file: 69136K, shmem: 928K)
Swapped out: 0K
C-Heap outstanding allocations: 39606K, retained: 86089K
glibc malloc tunables: (default)

/proc/sys/kernel/threads-max (system-wide limit on the number of threads): 129043
/proc/sys/vm/max_map_count (maximum number of memory map areas a process may have): 1048576
/proc/sys/vm/swappiness (control to define how aggressively the kernel swaps out anonymous memory): 60
/proc/sys/kernel/pid_max (system-wide limit on number of process identifiers): 4194304

container information not found.
Steal ticks since vm start: 0
Steal ticks percentage since vm start:  0.000

CPU: total 4 (initial active 4) 0x41:0x4:0xd0b:1, fp, asimd, evtstrm, aes, pmull, sha1, sha256, crc32, lse, dcpop
/proc/cpuinfo:
processor	: 0
BogoMIPS	: 108.00
Features	: fp asimd evtstrm aes pmull sha1 sha2 crc32 atomics fphp asimdhp cpuid asimdrdm lrcpc dcpop asimddp
CPU implementer	: 0x41
CPU architecture: 8
CPU variant	: 0x4
CPU part	: 0xd0b
CPU revision	: 1

processor	: 1
BogoMIPS	: 108.00
Features	: fp asimd evtstrm aes pmull sha1 sha2 crc32 atomics fphp asimdhp cpuid asimdrdm lrcpc dcpop asimddp
CPU implementer	: 0x41
CPU architecture: 8
CPU variant	: 0x4
CPU part	: 0xd0b
CPU revision	: 1

processor	: 2
BogoMIPS	: 108.00
Features	: fp asimd evtstrm aes pmull sha1 sha2 crc32 atomics fphp asimdhp cpuid asimdrdm lrcpc dcpop asimddp
CPU implementer	: 0x41
CPU architecture: 8
CPU variant	: 0x4
CPU part	: 0xd0b
CPU revision	: 1

processor	: 3
BogoMIPS	: 108.00
Features	: fp asimd evtstrm aes pmull sha1 sha2 crc32 atomics fphp asimdhp cpuid asimdrdm lrcpc dcpop asimddp
CPU implementer	: 0x41
CPU architecture: 8
CPU variant	: 0x4
CPU part	: 0xd0b
CPU revision	: 1

Revision	: e04171
Serial		: 9192f57b0739c71a
Model		: Raspberry Pi 5 Model B Rev 1.1

Online cpus: 0-3
Offline cpus: 

Memory: 16k page, physical 16604080k(14006592k free), swap 2097136k(2097136k free)
Page Sizes: 16k

vm_info: OpenJDK 64-Bit Server VM (21.0.9+10-b1163.94) for linux-aarch64 JRE (21.0.9+10-b1163.94), built on 2026-01-12 by "builduser" with gcc 10.3.1 20210422 (Red Hat 10.3.1-1.2.0.1)

END.
