#
# A fatal error has been detected by the Java Runtime Environment:
#
#  SIGSEGV (0xb) at pc=0x00007ffe87bd6100, pid=4577, tid=4580
#
# JRE version: OpenJDK Runtime Environment JBR-21.0.9+10-1163.94-jcef (21.0.9+10) (build 21.0.9+10-b1163.94)
# Java VM: OpenJDK 64-Bit Server VM JBR-21.0.9+10-1163.94-jcef (21.0.9+10-b1163.94, mixed mode, sharing, tiered, compressed oops, compressed class ptrs, g1 gc, linux-aarch64)
# Problematic frame:
# C  [libjniRaylib.so+0x1e5e18]  ClearBackground+0x18
#
# No core dump will be written. Core dumps have been disabled. To enable core dumping, try "ulimit -c unlimited" before starting Java again
#
# If you would like to submit a bug report, please visit:
#   https://youtrack.jetbrains.com/issues/JBR
# The crash happened outside the Java Virtual Machine in native code.
# See problematic frame for where to report the bug.
#

---------------  S U M M A R Y ------------

Command Line: -javaagent:/app/extra/lib/idea_rt.jar=33257 -Dfile.encoding=UTF-8 -Dsun.stdout.encoding=UTF-8 -Dsun.stderr.encoding=UTF-8 -Dawt.toolkit.name=XToolkit de.htwsaar.Berta.servicelayer.Application

Host: AArch64, 4 cores, 15G, Freedesktop SDK 25.08 (Flatpak runtime)
Time: Sat Jan 31 17:06:42 2026 GMT elapsed time: 29.673189 seconds (0d 0h 0m 29s)

---------------  T H R E A D  ---------------

Current thread (0x00007fff0802d290):  JavaThread "main"             [_thread_in_native, id=4580, stack(0x00007fff0e8e0000,0x00007fff0eade000) (2040K)]

Stack: [0x00007fff0e8e0000,0x00007fff0eade000],  sp=0x00007fff0eadc180,  free space=2032k
Native frames: (J=compiled Java code, j=interpreted, Vv=VM code, C=native code)
C  [libjniRaylib.so+0x1e5e18]  ClearBackground+0x18
C  [libjniRaylib.so+0xb3ef0]  Java_com_raylib_Raylib_ClearBackground+0xd4
J 2360  com.raylib.Raylib.ClearBackground(Lcom/raylib/Raylib$Color;)V (0 bytes) @ 0x00007ffefcb11e70 [0x00007ffefcb11dc0+0x00000000000000b0]
j  de.htwsaar.Berta.presentation.WindowManager.run()V+44
j  de.htwsaar.Berta.servicelayer.Application.main([Ljava/lang/String;)V+73
v  ~StubRoutines::call_stub 0x00007ffefc498154
V  [libjvm.so+0x82cec8]  JavaCalls::call_helper(JavaValue*, methodHandle const&, JavaCallArguments*, JavaThread*)+0x218
V  [libjvm.so+0x8c3170]  jni_invoke_static(JNIEnv_*, JavaValue*, _jobject*, JNICallType, _jmethodID*, JNI_ArgumentPusher*, JavaThread*) [clone .constprop.1]+0x220
V  [libjvm.so+0x8c4d5c]  jni_CallStaticVoidMethod+0xdc
C  [libjli.so+0x4e58]  JavaMain+0xe88
C  [libjli.so+0x764c]  ThreadJavaMain+0xc
C  [libc.so.6+0x8fdcc]
Java frames: (J=compiled Java code, j=interpreted, Vv=VM code)
J 2360  com.raylib.Raylib.ClearBackground(Lcom/raylib/Raylib$Color;)V (0 bytes) @ 0x00007ffefcb11e70 [0x00007ffefcb11dc0+0x00000000000000b0]
j  de.htwsaar.Berta.presentation.WindowManager.run()V+44
j  de.htwsaar.Berta.servicelayer.Application.main([Ljava/lang/String;)V+73
v  ~StubRoutines::call_stub 0x00007ffefc498154

siginfo: si_signo: 11 (SIGSEGV), si_code: 1 (SEGV_MAPERR), si_addr: 0x00007ffe87bd6100

Registers:
R0=0x00007ffe87bd6100
R1=0x0000000000000050
R2=0x0000000000000050
R3=0x00000000000000ff
R4=0x00000000437f0000
R5=0x0000000000000018
R6=0x00007fff0ffae000
R7=0x0000000000000000
R8=0x0000000000000020
R9=0x00007fff0802d6d4
R10=0x000000000000000a
R11=0x000000000000000a
R12=0x00007ffed1ab9830
R13=0x00007fff093fb480
R14=0x0000000000000000
R15=0x000000000000000a
R16=0x00007ffe87bd6100
R17=0x00007fff10067e60
R18=0x0000000800b0f810
R19=0x00007fff0eadc250
R20=0x00007fff0eadc278
R21=0x00007fff0ffc1a00
R22=0x00007ffed1aaa52c
R23=0x0000000704186e70
R24=0x00007fff0eadc2e8
R25=0x0000000703f1ddac
R26=0x00007ffed1aaa638
R27=0x0000000000000000
R28=0x00007fff0802d290
R29=0x00007fff0eadc180
R30=0x00007ffee05e5e1c


Register to memory mapping:

R0 =0x00007ffe87bd6100 is an unknown value
R1 =0x0000000000000050 is an unknown value
R2 =0x0000000000000050 is an unknown value
R3 =0x00000000000000ff is an unknown value
R4 =0x00000000437f0000 is an unknown value
R5 =0x0000000000000018 is an unknown value
R6 =0x00007fff0ffae000: <offset 0x00000000013de000> in /app/extra/jbr/lib/server/libjvm.so at 0x00007fff0ebd0000
R7 =0x0 is null
R8 =0x0000000000000020 is an unknown value
R9 =0x00007fff0802d6d4 points into unknown readable memory: 04 00 00 00
R10=0x000000000000000a is an unknown value
R11=0x000000000000000a is an unknown value
R12={method} {0x00007ffed1ab9830} 'ClearBackground' '(Lcom/raylib/Raylib$Color;)V' in 'com/raylib/Raylib'
R13=0x00007fff093fb480 points into unknown readable memory: 0x00007ffee0400000 | 00 00 40 e0 fe 7f 00 00
R14=0x0 is null
R15=0x000000000000000a is an unknown value
R16=0x00007ffe87bd6100 is an unknown value
R17=0x00007fff10067e60: fflush+0x0000000000000000 in /usr/lib/aarch64-linux-gnu/libc.so.6 at 0x00007fff0fff0000
R18={method} {0x0000000800b0f810} 'findNative' '(Ljava/lang/ClassLoader;Ljava/lang/String;)J' in 'java/lang/ClassLoader'
R19=0x00007fff0eadc250 is pointing into the stack for thread: 0x00007fff0802d290
R20=0x00007fff0eadc278 is pointing into the stack for thread: 0x00007fff0802d290
R21=0x00007fff0ffc1a00: <offset 0x00000000013f1a00> in /app/extra/jbr/lib/server/libjvm.so at 0x00007fff0ebd0000
R22=0x00007ffed1aaa52c is pointing into metadata
R23=0x0000000704186e70 is an oop: java.lang.String 
{0x0000000704186e70} - klass: 'java/lang/String'
 - string: "Page %d of %d (Total: %d)"
 - ---- fields (total size 3 words):
 - private 'hash' 'I' @12  0 (0x00000000)
 - private final 'coder' 'B' @16  0 (0x00)
 - private 'hashIsZero' 'Z' @17  false (0x00)
 - injected 'flags' 'B' @18  0 (0x00)
 - private final 'value' '[B' @20  [B{0x0000000704186e88} (0xe0830dd1)
R24=0x00007fff0eadc2e8 is pointing into the stack for thread: 0x00007fff0802d290
R25=
[error occurred during error reporting (printing register info), id 0xb, SIGSEGV (0xb) at pc=0x00007fff0f2ccf14]
R26=0x00007ffed1aaa638 is pointing into metadata
R27=0x0 is null
R28=0x00007fff0802d290 is a thread
R29=0x00007fff0eadc180 is pointing into the stack for thread: 0x00007fff0802d290
R30=0x00007ffee05e5e1c: ClearBackground+0x000000000000001c in /home/xenobyte/.javacpp/cache/jaylib-5.5.0-2.jar/com/raylib/linux-arm64/libjniRaylib.so at 0x00007ffee0400000

Top of Stack: (sp=0x00007fff0eadc180)
0x00007fff0eadc180:   00007fff0eadc190 00007ffee04b3ef0
0x00007fff0eadc190:   00007fff0eadc240 00007ffefcb11e70
0x00007fff0eadc1a0:   00007fff0eadc250 3f80000000000000
0x00007fff0eadc1b0:   00007fff0eadc240 00007fff0eadc1f0
0x00007fff0eadc1c0:   00007fff0eadc230 00007fff0802d648
0x00007fff0eadc1d0:   00007fff0eadc230 0000000000000000
0x00007fff0eadc1e0:   00007fff0b3e2b40 0000000000000000
0x00007fff0eadc1f0:   0000000704185550 00007ffed1aa7ea0
0x00007fff0eadc200:   0000000000000000 00007fff0eadc250
0x00007fff0eadc210:   00007fff0eadc2d0 00007ffefc49d62c
0x00007fff0eadc220:   0000000000000003 00007ffed1aa8000
0x00007fff0eadc230:   0000000704346718 00007ffef546a738
0x00007fff0eadc240:   00007fff0eadc2d0 00007ffefc49d17c
0x00007fff0eadc250:   0000000703fb5070 0000000703f31e00
0x00007fff0eadc260:   0000000703f2ddd0 0000000703f1cbb8
0x00007fff0eadc270:   0000000000000000 0000000704185550
0x00007fff0eadc280:   00007fff0eadc280 00007ffed1aaa52c
0x00007fff0eadc290:   0000000000000003 00007ffed1aaa638
0x00007fff0eadc2a0:   00000007042dc7c8 00007fff0eadc250
0x00007fff0eadc2b0:   0000000000000000 00007ffed1aaa568
0x00007fff0eadc2c0:   00007fff0eadc278 00007fff0eadc2b0
0x00007fff0eadc2d0:   00007fff0eadc340 00007ffefc49d17c
0x00007fff0eadc2e0:   00000007042dc910 00000007042dc910
0x00007fff0eadc2f0:   00007fff0eadc2f0 00007ffed0401ed9
0x00007fff0eadc300:   0000000000000009 00007ffed0407b30
0x00007fff0eadc310:   0000000702875790 00007fff0eadc2b0
0x00007fff0eadc320:   0000000000000000 00007ffed0401f70
0x00007fff0eadc330:   00007fff0eadc2e8 00007fff0eadc380
0x00007fff0eadc340:   00007fff0eadc470 00007ffefc498154
0x00007fff0eadc350:   00000007042dc910 00000007042db598
0x00007fff0eadc360:   00000007042d8888 00000007042adaf0
0x00007fff0eadc370:   000000070fc00c30 0000000702875800 

Instructions: (pc=0x00007ffee05e5e18)
0x00007ffee05e5d18:   ff 7f 0d a9 ff 7f 0e a9 ff 7f 0f a9 e3 ff ff 97
0x00007ffee05e5d28:   00 00 22 1e 29 19 20 1e e4 ff ff 97 01 00 22 1e
0x00007ffee05e5d38:   e8 a7 49 a9 e2 63 02 91 46 1c 41 a9 e1 83 00 91
0x00007ffee05e5d48:   08 19 21 1e e0 03 01 aa 44 14 43 a9 e8 27 02 a9
0x00007ffee05e5d58:   e6 1f 03 a9 46 1c 44 a9 e4 17 05 a9 44 14 45 a9
0x00007ffee05e5d68:   e6 1f 06 a9 43 30 40 f9 e4 17 07 a9 e3 43 00 f9
0x00007ffee05e5d78:   e9 23 18 2d 42 0c 42 a9 e2 0f 04 a9 c0 f9 ff 97
0x00007ffee05e5d88:   e8 27 41 6d fd 7b d0 a8 c0 03 5f d6 c0 0a 00 b0
0x00007ffee05e5d98:   00 94 46 f9 00 44 40 b9 c0 03 5f d6 c0 0a 00 b0
0x00007ffee05e5da8:   00 94 46 f9 00 48 40 b9 c0 03 5f d6 c0 0a 00 b0
0x00007ffee05e5db8:   21 00 80 52 00 94 46 f9 01 40 00 39 c0 03 5f d6
0x00007ffee05e5dc8:   1f 20 03 d5 1f 20 03 d5 c0 0a 00 b0 00 94 46 f9
0x00007ffee05e5dd8:   1f 40 00 39 c0 03 5f d6 c0 0a 00 b0 00 94 46 f9
0x00007ffee05e5de8:   00 c0 5d 39 c0 03 5f d6 c0 0a 00 b0 00 94 46 f9
0x00007ffee05e5df8:   00 c4 5d 39 c0 03 5f d6 e1 03 00 2a fd 7b bf a9
0x00007ffee05e5e08:   03 7c 18 53 fd 03 00 91 22 5c 50 d3 21 3c 48 d3
0x00007ffee05e5e18:   62 c2 ff 97 fd 7b c1 a8 74 c2 ff 17 fd 7b ba a9
0x00007ffee05e5e28:   fd 03 00 91 f3 0b 00 f9 d3 0a 00 b0 93 f9 ff 97
0x00007ffee05e5e38:   73 96 46 f9 01 04 08 4e 62 56 45 fd 61 aa 82 3d
0x00007ffee05e5e48:   00 38 62 1e 60 5a 05 fd 91 bd ff 97 63 42 46 fc
0x00007ffee05e5e58:   e0 83 00 91 64 42 47 fc 61 c2 46 fc 66 c2 47 fc
0x00007ffee05e5e68:   70 38 84 0e 63 78 84 0e 62 42 48 fc 60 c2 48 fc
0x00007ffee05e5e78:   27 38 86 0e 65 42 49 fc 21 78 86 0e 64 c2 49 fc
0x00007ffee05e5e88:   46 38 85 0e 42 78 85 0e 05 38 84 0e 00 78 84 0e
0x00007ffee05e5e98:   f0 1b 02 6d e3 0b 03 6d e7 17 04 6d e1 03 05 6d
0x00007ffee05e5ea8:   ca be ff 97 f3 0b 40 f9 fd 7b c6 a8 c0 03 5f d6
0x00007ffee05e5eb8:   1f 20 03 d5 1f 20 03 d5 fd 7b bb a9 fd 03 00 91
0x00007ffee05e5ec8:   ef d2 ff 97 72 bd ff 97 3c c1 ff 97 60 00 00 34
0x00007ffee05e5ed8:   fd 7b c5 a8 c0 03 5f d6 c1 0a 00 b0 e0 43 00 91
0x00007ffee05e5ee8:   21 94 46 f9 23 40 46 fc 24 40 47 fc 21 c0 46 fc
0x00007ffee05e5ef8:   26 c0 47 fc 70 38 84 0e 63 78 84 0e 22 40 48 fc
0x00007ffee05e5f08:   20 c0 48 fc 27 38 86 0e 25 40 49 fc 21 78 86 0e 


Stack slot to memory mapping:

stack at sp + 0 slots: 0x00007fff0eadc190 is pointing into the stack for thread: 0x00007fff0802d290
stack at sp + 1 slots: 0x00007ffee04b3ef0: Java_com_raylib_Raylib_ClearBackground+0x00000000000000d4 in /home/xenobyte/.javacpp/cache/jaylib-5.5.0-2.jar/com/raylib/linux-arm64/libjniRaylib.so at 0x00007ffee0400000
stack at sp + 2 slots: 0x00007fff0eadc240 is pointing into the stack for thread: 0x00007fff0802d290
stack at sp + 3 slots: 0x00007ffefcb11e70 is at entry_point+176 in (nmethod*)0x00007ffefcb11c10
Compiled method (n/a) 29686 2360     n 0       com.raylib.Raylib::ClearBackground (native)
 total in heap  [0x00007ffefcb11c10,0x00007ffefcb11f88] = 888
 relocation     [0x00007ffefcb11d60,0x00007ffefcb11d90] = 48
 main code      [0x00007ffefcb11dc0,0x00007ffefcb11f6c] = 428
 stub code      [0x00007ffefcb11f6c,0x00007ffefcb11f70] = 4
 oops           [0x00007ffefcb11f70,0x00007ffefcb11f80] = 16
 metadata       [0x00007ffefcb11f80,0x00007ffefcb11f88] = 8
stack at sp + 4 slots: 0x00007fff0eadc250 is pointing into the stack for thread: 0x00007fff0802d290
stack at sp + 5 slots: 0x3f80000000000000 is an unknown value
stack at sp + 6 slots: 0x00007fff0eadc240 is pointing into the stack for thread: 0x00007fff0802d290
stack at sp + 7 slots: 0x00007fff0eadc1f0 is pointing into the stack for thread: 0x00007fff0802d290


Compiled method (n/a) 29686 2360     n 0       com.raylib.Raylib::ClearBackground (native)
 total in heap  [0x00007ffefcb11c10,0x00007ffefcb11f88] = 888
 relocation     [0x00007ffefcb11d60,0x00007ffefcb11d90] = 48
 main code      [0x00007ffefcb11dc0,0x00007ffefcb11f6c] = 428
 stub code      [0x00007ffefcb11f6c,0x00007ffefcb11f70] = 4
 oops           [0x00007ffefcb11f70,0x00007ffefcb11f80] = 16
 metadata       [0x00007ffefcb11f80,0x00007ffefcb11f88] = 8

[Constant Pool (empty)]

[MachCode]
[Entry Point]
  # {method} {0x00007ffed1ab9830} 'ClearBackground' '(Lcom/raylib/Raylib$Color;)V' in 'com/raylib/Raylib'
  # parm0:    c_rarg1:c_rarg1 
                        = 'com/raylib/Raylib$Color'
  #           [sp+0x60]  (sp of caller)
  0x00007ffefcb11dc0: 2808 40b9 | 3f01 086b | 4000 0054 

  0x00007ffefcb11dcc: ;   {runtime_call ic_miss_stub}
  0x00007ffefcb11dcc: 2d08 e717 
[Verified Entry Point]
  0x00007ffefcb11dd0: 1f20 03d5 | e953 40d1 | 3f01 00f9 | fd7b bfa9 | fd03 0091 | ff43 01d1 | 2801 0018 | 8923 40b9 
  0x00007ffefcb11df0: 1f01 09eb | e000 0054 | 0830 9bd2 | a889 bff2 | c8ff cff2 | 0001 3fd6 | 0200 0014 | 0300 0000 
  0x00007ffefcb11e10: e103 00f9 | 3f00 1feb | e203 00d1 | e203 829a 

  0x00007ffefcb11e20: ;   {oop(a 'java/lang/Class'{0x0000000704346718} = 'com/raylib/Raylib')}
  0x00007ffefcb11e20: 01e3 8cd2 | 8186 a0f2 | e100 c0f2 | e123 00f9 | e103 0191 | e801 0010 | 88d3 01f9 | e803 0091 
  0x00007ffefcb11e40: 88cf 01f9 

  0x00007ffefcb11e44: ;   {external_word}
  0x00007ffefcb11e44: a8a2 09d0 | 0815 5439 | 0806 0035 | 80e3 0e91 | e803 7eb2 | 8913 1191 | 28fd 9f88 

  0x00007ffefcb11e60: ;   {runtime_call Java_com_raylib_Raylib_ClearBackground}
  0x00007ffefcb11e60: 88c3 87d2 | 6809 bcf2 | c8ff cff2 | 0001 3fd6 | a800 80d2 | 8847 04b9 | bf3b 03d5 | 8823 1191 
  0x00007ffefcb11e80: 08fd dfc8 | bf03 08eb | 6803 0054 | 8843 44b9 | 2803 0035 | e803 7db2 | 8913 1191 | 28fd 9f88 
  0x00007ffefcb11ea0: 8803 5339 | 1f09 0071 | c001 0054 

  0x00007ffefcb11eac: ;   {external_word}
  0x00007ffefcb11eac: a8a2 09d0 | 0815 5439 | 6804 0035 | 9fcf 01f9 | 9fd3 01f9 | 8217 42f9 | 5f80 00f9 | bf03 0091 
  0x00007ffefcb11ecc: fd7b c1a8 | 8807 40f9 | 4800 00b5 | c003 5fd6 

  0x00007ffefcb11edc: ;   {runtime_call StubRoutines (initial stubs)}
  0x00007ffefcb11edc: 6918 e617 

  0x00007ffefcb11ee0: ;   {runtime_call SharedRuntime::reguard_yellow_pages()}
  0x00007ffefcb11ee0: 08aa 94d2 | 68f0 a1f2 | e8ff cff2 | 0001 3fd6 | efff ff17 | e003 1caa 

  0x00007ffefcb11ef8: ;   {runtime_call JavaThread::check_special_condition_for_native_trans(JavaThread*)}
  0x00007ffefcb11ef8: 88f4 87d2 | 28e8 a1f2 | e8ff cff2 | 0001 3fd6 | e3ff ff17 | e10b bfa9 

  0x00007ffefcb11f10: ;   {metadata({method} {0x00007ffed1ab9830} 'ClearBackground' '(Lcom/raylib/Raylib$Color;)V' in 'com/raylib/Raylib')}
  0x00007ffefcb11f10: 0106 93d2 | 6135 baf2 | c1ff cff2 | e003 1caa | e833 bfa9 | 08e8 92d2 | 68f0 a1f2 | e8ff cff2 
  0x00007ffefcb11f30: 0001 3fd6 | e833 c1a8 | e10b c1a8 | c5ff ff17 

  0x00007ffefcb11f40: ;   {metadata({method} {0x00007ffed1ab9830} 'ClearBackground' '(Lcom/raylib/Raylib$Color;)V' in 'com/raylib/Raylib')}
  0x00007ffefcb11f40: 0106 93d2 | 6135 baf2 | c1ff cff2 | e003 1caa | e833 bfa9 | 08ec 92d2 | 68f0 a1f2 | e8ff cff2 
  0x00007ffefcb11f60: 0001 3fd6 | e833 c1a8 | d4ff ff17 
[Stub Code]
  0x00007ffefcb11f6c: 0000 0000 
[/MachCode]


---------------  P R O C E S S  ---------------

Threads class SMR info:
_java_thread_list=0x00007ffe70003850, length=19, elements={
0x00007fff0802d290, 0x00007fff08123ac0, 0x00007fff08126d20, 0x00007fff08128320,
0x00007fff08129ac0, 0x00007fff0812b120, 0x00007fff0812c6d0, 0x00007fff0812e1b0,
0x00007fff0812f880, 0x00007fff08200a30, 0x00007fff08201780, 0x00007fff082987b0,
0x00007fff08e0d430, 0x00007ffe8800b500, 0x00007ffe8800d9f0, 0x00007fff09456260,
0x00007fff0be065e0, 0x00007ffe70001070, 0x00007ffe70002690
}

Java Threads: ( => current thread )
=>0x00007fff0802d290 JavaThread "main"                              [_thread_in_native, id=4580, stack(0x00007fff0e8e0000,0x00007fff0eade000) (2040K)]
  0x00007fff08123ac0 JavaThread "Common-Cleaner"             daemon [_thread_blocked, id=4598, stack(0x00007ffef09e4000,0x00007ffef0be4000) (2048K)]
  0x00007fff08126d20 JavaThread "Reference Handler"          daemon [_thread_blocked, id=4599, stack(0x00007ffef07e4000,0x00007ffef09e4000) (2048K)]
  0x00007fff08128320 JavaThread "Finalizer"                  daemon [_thread_blocked, id=4600, stack(0x00007ffef05e4000,0x00007ffef07e4000) (2048K)]
  0x00007fff08129ac0 JavaThread "Signal Dispatcher"          daemon [_thread_blocked, id=4601, stack(0x00007ffef03e4000,0x00007ffef05e4000) (2048K)]
  0x00007fff0812b120 JavaThread "Service Thread"             daemon [_thread_blocked, id=4602, stack(0x00007ffef01e4000,0x00007ffef03e4000) (2048K)]
  0x00007fff0812c6d0 JavaThread "Monitor Deflation Thread"   daemon [_thread_blocked, id=4603, stack(0x00007ffee1e00000,0x00007ffee2000000) (2048K)]
  0x00007fff0812e1b0 JavaThread "C2 CompilerThread0"         daemon [_thread_blocked, id=4604, stack(0x00007ffee1c00000,0x00007ffee1e00000) (2048K)]
  0x00007fff0812f880 JavaThread "C1 CompilerThread0"         daemon [_thread_blocked, id=4605, stack(0x00007ffee1a00000,0x00007ffee1c00000) (2048K)]
  0x00007fff08200a30 JavaThread "Monitor Ctrl-Break"         daemon [_thread_in_native, id=4607, stack(0x00007ffee1800000,0x00007ffee1a00000) (2048K)]
  0x00007fff08201780 JavaThread "Notification Thread"        daemon [_thread_blocked, id=4608, stack(0x00007ffee1600000,0x00007ffee1800000) (2048K)]
  0x00007fff082987b0 JavaThread "process reaper"             daemon [_thread_blocked, id=4611, stack(0x00007ffef01b0000,0x00007ffef01e4000) (208K)]
  0x00007fff08e0d430 JavaThread "HttpClient-1-SelectorManager" daemon [_thread_in_native, id=4622, stack(0x00007ffee0bd0000,0x00007ffee0dd0000) (2048K)]
  0x00007ffe8800b500 JavaThread "HttpClient-1-Worker-0"      daemon [_thread_blocked, id=4624, stack(0x00007ffee0990000,0x00007ffee0b90000) (2048K)]
  0x00007ffe8800d9f0 JavaThread "HttpClient-1-Worker-1"      daemon [_thread_blocked, id=4625, stack(0x00007ffee0790000,0x00007ffee0990000) (2048K)]
  0x00007fff09456260 JavaThread "JavaCPP Deallocator"        daemon [_thread_blocked, id=4626, stack(0x00007ffee1400000,0x00007ffee1600000) (2048K)]
  0x00007fff0be065e0 JavaThread "HttpClient-2-SelectorManager" daemon [_thread_in_native, id=4636, stack(0x00007ffe767c8000,0x00007ffe769c8000) (2048K)]
  0x00007ffe70001070 JavaThread "HttpClient-2-Worker-0"      daemon [_thread_blocked, id=4637, stack(0x00007ffe765c8000,0x00007ffe767c8000) (2048K)]
  0x00007ffe70002690 JavaThread "HttpClient-2-Worker-1"      daemon [_thread_blocked, id=4638, stack(0x00007ffe763c8000,0x00007ffe765c8000) (2048K)]
Total: 19

Other Threads:
  0x00007fff08119630 VMThread "VM Thread"                           [id=4589, stack(0x00007ffef0bf4000,0x00007ffef0df4000) (2048K)]
  0x00007fff08107350 WatcherThread "VM Periodic Task Thread"        [id=4588, stack(0x00007ffef0e04000,0x00007ffef1004000) (2048K)]
  0x00007fff0807c0b0 WorkerThread "GC Thread#0"                     [id=4582, stack(0x00007fff0d01c000,0x00007fff0d21c000) (2048K)]
  0x00007ffec8006860 WorkerThread "GC Thread#1"                     [id=4613, stack(0x00007ffee1200000,0x00007ffee1400000) (2048K)]
  0x00007ffec8007380 WorkerThread "GC Thread#2"                     [id=4614, stack(0x00007ffee0ff0000,0x00007ffee11f0000) (2048K)]
  0x00007ffec8007ea0 WorkerThread "GC Thread#3"                     [id=4615, stack(0x00007ffee0de0000,0x00007ffee0fe0000) (2048K)]
  0x00007fff0808d2c0 ConcurrentGCThread "G1 Main Marker"            [id=4583, stack(0x00007fff0ce0c000,0x00007fff0d00c000) (2048K)]
  0x00007fff0808e270 WorkerThread "G1 Conc#0"                       [id=4584, stack(0x00007fff0cbfc000,0x00007fff0cdfc000) (2048K)]
  0x00007fff080f47e0 ConcurrentGCThread "G1 Refine#0"               [id=4586, stack(0x00007fff0c5dc000,0x00007fff0c7dc000) (2048K)]
  0x00007fff080f57b0 ConcurrentGCThread "G1 Service"                [id=4587, stack(0x00007fff0c3cc000,0x00007fff0c5cc000) (2048K)]
Total: 10

Threads with active compile tasks:
Total: 0

VM state: not at safepoint (normal execution)

VM Mutex/Monitor currently owned by a thread: None

Heap address: 0x0000000702800000, size: 4056 MB, Compressed Oops mode: Zero based, Oop shift amount: 3

CDS archive(s) mapped at: [0x0000000800000000-0x0000000801c90000-0x0000000801c90000), size 29949952, SharedBaseAddress: 0x0000000800000000, ArchiveRelocationMode: 1.
Compressed class space mapped at: 0x0000000802000000-0x0000000842000000, reserved size: 1073741824
Narrow klass base: 0x0000000800000000, Narrow klass shift: 0, Narrow klass range: 0x100000000

GC Precious Log:
 CardTable entry size: 512
 Card Set container configuration: InlinePtr #cards 4 size 8 Array Of Cards #cards 16 size 48 Howl #buckets 8 coarsen threshold 3686 Howl Bitmap #cards 512 size 80 coarsen threshold 460 Card regions per heap region 1 cards per card region 4096
 CPUs: 4 total, 4 available
 Memory: 16214M
 Large Page Support: Disabled
 NUMA Support: Disabled
 Compressed Oops: Enabled (Zero based)
 Heap Region Size: 2M
 Heap Min Capacity: 8M
 Heap Initial Capacity: 256M
 Heap Max Capacity: 4056M
 Pre-touch: Disabled
 Parallel Workers: 4
 Concurrent Workers: 1
 Concurrent Refinement Workers: 4
 Periodic GC: Disabled

Heap:
 garbage-first heap   total 40960K, used 20862K [0x0000000702800000, 0x0000000800000000)
  region size 2048K, 9 young (18432K), 2 survivors (4096K)
 Metaspace       used 29534K, committed 29824K, reserved 1114112K
  class space    used 2307K, committed 2432K, reserved 1048576K

Heap Regions: E=young(eden), S=young(survivor), O=old, HS=humongous(starts), HC=humongous(continues), CS=collection set, F=free, TAMS=top-at-mark-start, PB=parsable bottom
|   0|0x0000000702800000, 0x0000000702a00000, 0x0000000702a00000|100%| O|  |TAMS 0x0000000702800000| PB 0x0000000702800000| Untracked 
|   1|0x0000000702a00000, 0x0000000702a7a698, 0x0000000702c00000| 23%| O|  |TAMS 0x0000000702a00000| PB 0x0000000702a00000| Untracked 
|   2|0x0000000702c00000, 0x0000000702c00000, 0x0000000702e00000|  0%| F|  |TAMS 0x0000000702c00000| PB 0x0000000702c00000| Untracked 
|   3|0x0000000702e00000, 0x0000000702e00000, 0x0000000703000000|  0%| F|  |TAMS 0x0000000702e00000| PB 0x0000000702e00000| Untracked 
|   4|0x0000000703000000, 0x0000000703000000, 0x0000000703200000|  0%| F|  |TAMS 0x0000000703000000| PB 0x0000000703000000| Untracked 
|   5|0x0000000703200000, 0x0000000703200000, 0x0000000703400000|  0%| F|  |TAMS 0x0000000703200000| PB 0x0000000703200000| Untracked 
|   6|0x0000000703400000, 0x0000000703400000, 0x0000000703600000|  0%| F|  |TAMS 0x0000000703400000| PB 0x0000000703400000| Untracked 
|   7|0x0000000703600000, 0x0000000703600000, 0x0000000703800000|  0%| F|  |TAMS 0x0000000703600000| PB 0x0000000703600000| Untracked 
|   8|0x0000000703800000, 0x0000000703800000, 0x0000000703a00000|  0%| F|  |TAMS 0x0000000703800000| PB 0x0000000703800000| Untracked 
|   9|0x0000000703a00000, 0x0000000703b89e50, 0x0000000703c00000| 76%| E|  |TAMS 0x0000000703a00000| PB 0x0000000703a00000| Complete 
|  10|0x0000000703c00000, 0x0000000703e00000, 0x0000000703e00000|100%| E|CS|TAMS 0x0000000703c00000| PB 0x0000000703c00000| Complete 
|  11|0x0000000703e00000, 0x0000000704000000, 0x0000000704000000|100%| E|CS|TAMS 0x0000000703e00000| PB 0x0000000703e00000| Complete 
|  12|0x0000000704000000, 0x0000000704200000, 0x0000000704200000|100%| E|CS|TAMS 0x0000000704000000| PB 0x0000000704000000| Complete 
|  13|0x0000000704200000, 0x0000000704400000, 0x0000000704400000|100%| E|CS|TAMS 0x0000000704200000| PB 0x0000000704200000| Complete 
|  14|0x0000000704400000, 0x0000000704600000, 0x0000000704600000|100%| E|CS|TAMS 0x0000000704400000| PB 0x0000000704400000| Complete 
| 105|0x000000070fa00000, 0x000000070fbb3ce0, 0x000000070fc00000| 85%| S|CS|TAMS 0x000000070fa00000| PB 0x000000070fa00000| Complete 
| 106|0x000000070fc00000, 0x000000070fe00000, 0x000000070fe00000|100%| S|CS|TAMS 0x000000070fc00000| PB 0x000000070fc00000| Complete 
| 127|0x0000000712600000, 0x0000000712800000, 0x0000000712800000|100%| E|CS|TAMS 0x0000000712600000| PB 0x0000000712600000| Complete 
|2026|0x00000007ffc00000, 0x00000007ffe00000, 0x00000007ffe00000|100%| O|  |TAMS 0x00000007ffc00000| PB 0x00000007ffc00000| Untracked 
|2027|0x00000007ffe00000, 0x00000007ffe31850, 0x0000000800000000|  9%| O|Cm|TAMS 0x00000007ffe00000| PB 0x00000007ffe00000| Complete 

Card table byte_map: [0x00007fff0d260000,0x00007fff0da4c000] _byte_map_base: 0x00007fff09a4c000

Marking Bits: (CMBitMap*) 0x00007fff0807cbe0
 Bits: [0x00007ffef1004000, 0x00007ffef4f64000)

Polling page: 0x00007fff102a8000

Metaspace:

Usage:
  Non-class:     26.59 MB used.
      Class:      2.25 MB used.
       Both:     28.84 MB used.

Virtual space:
  Non-class space:       64.00 MB reserved,      26.75 MB ( 42%) committed,  1 nodes.
      Class space:        1.00 GB reserved,       2.38 MB ( <1%) committed,  1 nodes.
             Both:        1.06 GB reserved,      29.12 MB (  3%) committed. 

Chunk freelists:
   Non-Class:  3.70 MB
       Class:  13.57 MB
        Both:  17.27 MB

MaxMetaspaceSize: unlimited
CompressedClassSpaceSize: 1.00 GB
Initial GC threshold: 21.00 MB
Current GC threshold: 35.44 MB
CDS: on
 - commit_granule_bytes: 65536.
 - commit_granule_words: 8192.
 - virtual_space_node_default_size: 8388608.
 - enlarge_chunks_in_place: 1.
 - use_allocation_guard: 0.


Internal statistics:

num_allocs_failed_limit: 3.
num_arena_births: 276.
num_arena_deaths: 0.
num_vsnodes_births: 2.
num_vsnodes_deaths: 0.
num_space_committed: 463.
num_space_uncommitted: 0.
num_chunks_returned_to_freelist: 3.
num_chunks_taken_from_freelist: 1271.
num_chunk_merges: 3.
num_chunk_splits: 1020.
num_chunks_enlarged: 859.
num_inconsistent_stats: 0.

CodeHeap 'non-profiled nmethods': size=120032Kb used=974Kb max_used=974Kb free=119057Kb
 bounds [0x00007ffefca2c000, 0x00007ffefcc9c000, 0x00007fff03f64000]
CodeHeap 'profiled nmethods': size=120016Kb used=5454Kb max_used=5454Kb free=114561Kb
 bounds [0x00007ffef4f64000, 0x00007ffef54c4000, 0x00007ffefc498000]
CodeHeap 'non-nmethods': size=5712Kb used=1477Kb max_used=1492Kb free=4234Kb
 bounds [0x00007ffefc498000, 0x00007ffefc708000, 0x00007ffefca2c000]
CodeCache: size=245760Kb, used=7905Kb, max_used=7920Kb, free=237852Kb
 total_blobs=3167, nmethods=2522, adapters=553, full_count=0
Compilation: enabled, stopped_count=0, restarted_count=0

Compilation events (20 events):
Event: 26.330 Thread 0x00007fff0812e1b0 nmethod 2513 0x00007ffefcb1e410 code [0x00007ffefcb1e580, 0x00007ffefcb1e620]
Event: 26.331 Thread 0x00007fff0812f880 nmethod 2516 0x00007ffef54b1c90 code [0x00007ffef54b21c0, 0x00007ffef54b3b30]
Event: 26.331 Thread 0x00007fff0812f880 2512       3       org.jooq.tools.StringUtils::isEmpty (17 bytes)
Event: 26.331 Thread 0x00007fff0812f880 nmethod 2512 0x00007ffef54b4590 code [0x00007ffef54b4740, 0x00007ffef54b49b8]
Event: 26.331 Thread 0x00007fff0812f880 2514       1       org.jooq.impl.AbstractContext::declareTables (5 bytes)
Event: 26.331 Thread 0x00007fff0812f880 nmethod 2514 0x00007ffefcb1e710 code [0x00007ffefcb1e880, 0x00007ffefcb1e928]
Event: 26.331 Thread 0x00007fff0812f880 2515       1       org.jooq.impl.AbstractContext::declareFields (5 bytes)
Event: 26.332 Thread 0x00007fff0812f880 nmethod 2515 0x00007ffefcb1ea10 code [0x00007ffefcb1eb80, 0x00007ffefcb1ec28]
Event: 26.332 Thread 0x00007fff0812f880 2517       3       java.lang.Math::floorDiv (30 bytes)
Event: 26.332 Thread 0x00007fff0812f880 nmethod 2517 0x00007ffef54b4b10 code [0x00007ffef54b4cc0, 0x00007ffef54b4e30]
Event: 26.359 Thread 0x00007fff0812f880 2518       3       java.util.regex.Pattern$Node::study (21 bytes)
Event: 26.360 Thread 0x00007fff0812f880 nmethod 2518 0x00007ffef54b4f10 code [0x00007ffef54b50c0, 0x00007ffef54b5338]
Event: 26.360 Thread 0x00007fff0812f880 2519       3       java.nio.CharBuffer::limit (8 bytes)
Event: 26.360 Thread 0x00007fff0812f880 nmethod 2519 0x00007ffef54b5410 code [0x00007ffef54b55c0, 0x00007ffef54b5740]
Event: 26.596 Thread 0x00007fff0812f880 2520       3       de.htwsaar.Berta.presentation.SelectionScreen::handleSelection (92 bytes)
Event: 26.598 Thread 0x00007fff0812f880 nmethod 2520 0x00007ffef54b5810 code [0x00007ffef54b5cc0, 0x00007ffef54b7260]
Event: 28.130 Thread 0x00007fff0812e1b0 2521       4       java.lang.StringUTF16::newBytesFor (61 bytes)
Event: 28.131 Thread 0x00007fff0812e1b0 nmethod 2521 0x00007ffefcb1ed10 code [0x00007ffefcb1eec0, 0x00007ffefcb1f018]
Event: 28.747 Thread 0x00007fff0812e1b0 2522       4       java.util.Locale::equals (75 bytes)
Event: 28.748 Thread 0x00007fff0812e1b0 nmethod 2522 0x00007ffefcb1f110 code [0x00007ffefcb1f2c0, 0x00007ffefcb1f440]

GC Heap History (6 events):
Event: 0.560 GC heap before
{Heap before GC invocations=0 (full 0):
 garbage-first heap   total 266240K, used 12486K [0x0000000702800000, 0x0000000800000000)
  region size 2048K, 6 young (12288K), 0 survivors (0K)
 Metaspace       used 4410K, committed 4544K, reserved 1114112K
  class space    used 233K, committed 320K, reserved 1048576K
}
Event: 0.565 GC heap after
{Heap after GC invocations=1 (full 0):
 garbage-first heap   total 266240K, used 4742K [0x0000000702800000, 0x0000000800000000)
  region size 2048K, 1 young (2048K), 1 survivors (2048K)
 Metaspace       used 4410K, committed 4544K, reserved 1114112K
  class space    used 233K, committed 320K, reserved 1048576K
}
Event: 1.042 GC heap before
{Heap before GC invocations=1 (full 0):
 garbage-first heap   total 266240K, used 17030K [0x0000000702800000, 0x0000000800000000)
  region size 2048K, 7 young (14336K), 1 survivors (2048K)
 Metaspace       used 13271K, committed 13504K, reserved 1114112K
  class space    used 705K, committed 832K, reserved 1048576K
}
Event: 1.047 GC heap after
{Heap after GC invocations=2 (full 0):
 garbage-first heap   total 266240K, used 5381K [0x0000000702800000, 0x0000000800000000)
  region size 2048K, 1 young (2048K), 1 survivors (2048K)
 Metaspace       used 13271K, committed 13504K, reserved 1114112K
  class space    used 705K, committed 832K, reserved 1048576K
}
Event: 2.429 GC heap before
{Heap before GC invocations=2 (full 0):
 garbage-first heap   total 266240K, used 42245K [0x0000000702800000, 0x0000000800000000)
  region size 2048K, 21 young (43008K), 1 survivors (2048K)
 Metaspace       used 21251K, committed 21504K, reserved 1114112K
  class space    used 1537K, committed 1664K, reserved 1048576K
}
Event: 2.434 GC heap after
{Heap after GC invocations=3 (full 0):
 garbage-first heap   total 266240K, used 8574K [0x0000000702800000, 0x0000000800000000)
  region size 2048K, 2 young (4096K), 2 survivors (4096K)
 Metaspace       used 21251K, committed 21504K, reserved 1114112K
  class space    used 1537K, committed 1664K, reserved 1048576K
}

Dll operation events (11 events):
Event: 0.003 Loaded shared library /app/extra/jbr/lib/libjava.so
Event: 0.079 Loaded shared library /app/extra/jbr/lib/libzip.so
Event: 0.100 Loaded shared library /app/extra/jbr/lib/libnio.so
Event: 0.106 Loaded shared library /app/extra/jbr/lib/libinstrument.so
Event: 0.116 Loaded shared library /app/extra/jbr/lib/libzip.so
Event: 0.157 Loaded shared library /app/extra/jbr/lib/libnet.so
Event: 0.160 Loaded shared library /app/extra/jbr/lib/libjimage.so
Event: 0.160 Loaded shared library /app/extra/jbr/lib/libextnet.so
Event: 0.212 Loaded shared library /app/extra/jbr/lib/libverify.so
Event: 0.472 Loaded shared library /tmp/sqlite-3.45.1.0-10efaf8f-19e7-4a05-a202-fed25c3df4bd-libsqlitejdbc.so
Event: 2.879 Loaded shared library /home/xenobyte/.javacpp/cache/jaylib-5.5.0-2.jar/com/raylib/linux-arm64/libjniRaylib.so

Deoptimization events (20 events):
Event: 15.840 Thread 0x00007ffe70001070 Uncommon trap: trap_request=0xffffff45 fr.pc=0x00007ffefca3a3d0 relative=0x0000000000000150
Event: 15.840 Thread 0x00007ffe70001070 Uncommon trap: reason=unstable_if action=reinterpret pc=0x00007ffefca3a3d0 method=java.lang.StringCoding.countPositives([BII)I @ 17 c2
Event: 15.840 Thread 0x00007ffe70001070 DEOPT PACKING pc=0x00007ffefca3a3d0 sp=0x00007ffe767c4b90
Event: 15.840 Thread 0x00007ffe70001070 DEOPT UNPACKING pc=0x00007ffefc4db01c sp=0x00007ffe767c4b10 mode 2
Event: 15.877 Thread 0x00007fff0802d290 Uncommon trap: trap_request=0xffffff45 fr.pc=0x00007ffefcb14600 relative=0x00000000000001c0
Event: 15.877 Thread 0x00007fff0802d290 Uncommon trap: reason=unstable_if action=reinterpret pc=0x00007ffefcb14600 method=java.lang.StringCoding.hasNegatives([BII)Z @ 7 c2
Event: 15.877 Thread 0x00007fff0802d290 DEOPT PACKING pc=0x00007ffefcb14600 sp=0x00007fff0eadb9b0
Event: 15.877 Thread 0x00007fff0802d290 DEOPT UNPACKING pc=0x00007ffefc4db01c sp=0x00007fff0eadb790 mode 2
Event: 15.877 Thread 0x00007fff0802d290 Uncommon trap: trap_request=0xffffff45 fr.pc=0x00007ffefcb13f40 relative=0x0000000000000240
Event: 15.877 Thread 0x00007fff0802d290 Uncommon trap: reason=unstable_if action=reinterpret pc=0x00007ffefcb13f40 method=java.lang.StringCoding.hasNegatives([BII)Z @ 7 c2
Event: 15.877 Thread 0x00007fff0802d290 DEOPT PACKING pc=0x00007ffefcb13f40 sp=0x00007fff0eadb920
Event: 15.877 Thread 0x00007fff0802d290 DEOPT UNPACKING pc=0x00007ffefc4db01c sp=0x00007fff0eadb790 mode 2
Event: 15.877 Thread 0x00007fff0802d290 Uncommon trap: trap_request=0xffffff45 fr.pc=0x00007ffefcb138ec relative=0x00000000000001ac
Event: 15.877 Thread 0x00007fff0802d290 Uncommon trap: reason=unstable_if action=reinterpret pc=0x00007ffefcb138ec method=java.lang.StringCoding.hasNegatives([BII)Z @ 7 c2
Event: 15.877 Thread 0x00007fff0802d290 DEOPT PACKING pc=0x00007ffefcb138ec sp=0x00007fff0eadb890
Event: 15.877 Thread 0x00007fff0802d290 DEOPT UNPACKING pc=0x00007ffefc4db01c sp=0x00007fff0eadb780 mode 2
Event: 16.518 Thread 0x00007fff0802d290 DEOPT PACKING pc=0x00007ffef5490d74 sp=0x00007fff0eadb880
Event: 16.518 Thread 0x00007fff0802d290 DEOPT UNPACKING pc=0x00007ffefc4dae7c sp=0x00007fff0eadb500 mode 0
Event: 24.940 Thread 0x00007fff0802d290 DEOPT PACKING pc=0x00007ffef5497c98 sp=0x00007fff0eadc070
Event: 24.940 Thread 0x00007fff0802d290 DEOPT UNPACKING pc=0x00007ffefc4dae7c sp=0x00007fff0eadbd60 mode 3

Classes loaded (20 events):
Event: 2.040 Loading class sun/security/validator/CamerfirmaTLSPolicy
Event: 2.041 Loading class sun/security/validator/CamerfirmaTLSPolicy done
Event: 2.084 Loading class jdk/internal/event/TLSHandshakeEvent
Event: 2.084 Loading class jdk/internal/event/TLSHandshakeEvent done
Event: 2.344 Loading class java/net/Authenticator$RequestorType
Event: 2.344 Loading class java/net/Authenticator$RequestorType done
Event: 2.816 Loading class javax/xml/parsers/ParserConfigurationException
Event: 2.816 Loading class javax/xml/parsers/ParserConfigurationException done
Event: 2.816 Loading class org/w3c/dom/Node
Event: 2.816 Loading class org/w3c/dom/Node done
Event: 2.816 Loading class org/xml/sax/Attributes
Event: 2.816 Loading class org/xml/sax/Attributes done
Event: 2.816 Loading class org/xml/sax/SAXException
Event: 2.816 Loading class org/xml/sax/SAXException done
Event: 2.816 Loading class org/xml/sax/ErrorHandler
Event: 2.816 Loading class org/xml/sax/ErrorHandler done
Event: 2.875 Loading class java/time/zone/ZoneOffsetTransitionRule$TimeDefinition
Event: 2.875 Loading class java/time/zone/ZoneOffsetTransitionRule$TimeDefinition done
Event: 2.876 Loading class java/time/temporal/TemporalAdjusters
Event: 2.877 Loading class java/time/temporal/TemporalAdjusters done

Classes unloaded (0 events):
No events

Classes redefined (0 events):
No events

Internal exceptions (20 events):
Event: 1.303 Thread 0x00007fff0802d290 Exception <a 'java/lang/NoSuchMethodError'{0x000000071162bcd8}: 'java.lang.Object java.lang.invoke.DirectMethodHandle$Holder.invokeSpecial(java.lang.Object, java.lang.Object, int, java.lang.Object, java.lang.Object)'> (0x000000071162bcd8) 
thrown [src/hotspot/share/interpreter/linkResolver.cpp, line 783]
Event: 1.304 Thread 0x00007fff0802d290 Exception <a 'java/lang/NoSuchMethodError'{0x000000071162f668}: 'java.lang.Object java.lang.invoke.DelegatingMethodHandle$Holder.delegate(java.lang.Object, int, java.lang.Object, java.lang.Object)'> (0x000000071162f668) 
thrown [src/hotspot/share/interpreter/linkResolver.cpp, line 783]
Event: 1.306 Thread 0x00007fff0802d290 Exception <a 'java/lang/NoSuchMethodError'{0x000000071163ee30}: 'int java.lang.invoke.Invokers$Holder.linkToTargetMethod(java.lang.Object, java.lang.Object, java.lang.Object)'> (0x000000071163ee30) 
thrown [src/hotspot/share/interpreter/linkResolver.cpp, line 783]
Event: 1.311 Thread 0x00007fff0802d290 Exception <a 'java/lang/NoSuchMethodError'{0x0000000711670698}: 'long java.lang.invoke.DirectMethodHandle$Holder.invokeSpecial(java.lang.Object, java.lang.Object)'> (0x0000000711670698) 
thrown [src/hotspot/share/interpreter/linkResolver.cpp, line 783]
Event: 1.507 Thread 0x00007fff08e0d430 Implicit null exception at 0x00007ffefca98f04 to 0x00007ffefca99018
Event: 1.511 Thread 0x00007fff0802d290 Exception <a 'java/lang/NoSuchMethodError'{0x0000000710f9f4e0}: 'java.lang.Object java.lang.invoke.DirectMethodHandle$Holder.newInvokeSpecial(java.lang.Object, java.lang.Object, java.lang.Object, java.lang.Object, java.lang.Object)'> (0x0000000710f9f4e0) 
thrown [src/hotspot/share/interpreter/linkResolver.cpp, line 783]
Event: 1.635 Thread 0x00007fff0802d290 Exception <a 'java/lang/NoSuchMethodError'{0x0000000710a5f3b0}: 'void java.lang.invoke.DirectMethodHandle$Holder.invokeSpecial(java.lang.Object, java.lang.Object, java.lang.Object)'> (0x0000000710a5f3b0) 
thrown [src/hotspot/share/interpreter/linkResolver.cpp, line 783]
Event: 1.656 Thread 0x00007fff0802d290 Exception <a 'java/lang/NoSuchMethodError'{0x0000000710aea4c0}: 'void java.lang.invoke.DirectMethodHandle$Holder.invokeSpecial(java.lang.Object, java.lang.Object, java.lang.Object, java.lang.Object, java.lang.Object)'> (0x0000000710aea4c0) 
thrown [src/hotspot/share/interpreter/linkResolver.cpp, line 783]
Event: 1.696 Thread 0x00007fff08e0d430 Exception <a 'java/lang/NoSuchMethodError'{0x0000000710f4abc0}: 'void java.lang.invoke.DirectMethodHandle$Holder.invokeStatic(java.lang.Object, java.lang.Object, int)'> (0x0000000710f4abc0) 
thrown [src/hotspot/share/interpreter/linkResolver.cpp, line 783]
Event: 1.708 Thread 0x00007ffe8800b500 Exception <a 'java/lang/NoSuchMethodError'{0x0000000710ba2da0}: 'void java.lang.invoke.DirectMethodHandle$Holder.invokeInterface(java.lang.Object, java.lang.Object, java.lang.Object)'> (0x0000000710ba2da0) 
thrown [src/hotspot/share/interpreter/linkResolver.cpp, line 783]
Event: 1.898 Thread 0x00007ffe8800b500 Exception <a 'java/lang/NoSuchMethodError'{0x00000007109d09a8}: 'void java.lang.invoke.DirectMethodHandle$Holder.invokeInterface(java.lang.Object, java.lang.Object)'> (0x00000007109d09a8) 
thrown [src/hotspot/share/interpreter/linkResolver.cpp, line 783]
Event: 2.086 Thread 0x00007ffe8800b500 Exception <a 'java/lang/NoSuchMethodError'{0x000000071022f7c0}: 'void java.lang.invoke.DirectMethodHandle$Holder.invokeStatic(java.lang.Object, java.lang.Object, java.lang.Object, java.lang.Object)'> (0x000000071022f7c0) 
thrown [src/hotspot/share/interpreter/linkResolver.cpp, line 783]
Event: 2.353 Thread 0x00007ffe8800b500 Exception <a 'java/lang/NoSuchMethodError'{0x00000007103a3488}: 'void java.lang.invoke.DirectMethodHandle$Holder.invokeSpecial(java.lang.Object, java.lang.Object, java.lang.Object, java.lang.Object, java.lang.Object, java.lang.Object, java.lang.Object)'> (0x00000007103a3488) 
thrown [src/hotspot/share/interpreter/linkResolver.cpp, line 783]
Event: 2.776 Thread 0x00007fff0802d290 Exception <a 'java/lang/NoSuchMethodError'{0x00000007044e6e38}: 'void java.lang.invoke.DirectMethodHandle$Holder.invokeStaticInit(java.lang.Object, java.lang.Object, java.lang.Object, java.lang.Object, java.lang.Object)'> (0x00000007044e6e38) 
thrown [src/hotspot/share/interpreter/linkResolver.cpp, line 783]
Event: 2.791 Thread 0x00007fff0802d290 Exception <a 'java/lang/NoSuchMethodError'{0x000000070454fcf8}: 'int java.lang.invoke.DirectMethodHandle$Holder.invokeInterface(java.lang.Object, java.lang.Object)'> (0x000000070454fcf8) 
thrown [src/hotspot/share/interpreter/linkResolver.cpp, line 783]
Event: 2.830 Thread 0x00007fff0802d290 Exception <a 'java/lang/NoSuchMethodError'{0x00000007042c4478}: 'java.lang.Object java.lang.invoke.DirectMethodHandle$Holder.invokeSpecial(java.lang.Object, java.lang.Object, int, java.lang.Object, long)'> (0x00000007042c4478) 
thrown [src/hotspot/share/interpreter/linkResolver.cpp, line 783]
Event: 2.848 Thread 0x00007fff0802d290 Exception <a 'java/lang/IncompatibleClassChangeError'{0x000000070437fe20}: Found class java.lang.Object, but interface was expected> (0x000000070437fe20) 
thrown [src/hotspot/share/interpreter/linkResolver.cpp, line 851]
Event: 24.905 Thread 0x00007fff0802d290 Exception <a 'java/lang/NoSuchMethodError'{0x0000000703a01520}: 'java.lang.Object java.lang.invoke.DirectMethodHandle$Holder.invokeVirtual(java.lang.Object, java.lang.Object, java.lang.Object, java.lang.Object)'> (0x0000000703a01520) 
thrown [src/hotspot/share/interpreter/linkResolver.cpp, line 783]
Event: 24.938 Thread 0x00007fff0802d290 Exception <a 'java/lang/NoSuchMethodError'{0x0000000703a35448}: 'java.lang.Object java.lang.invoke.DirectMethodHandle$Holder.newInvokeSpecial(java.lang.Object, java.lang.Object, long)'> (0x0000000703a35448) 
thrown [src/hotspot/share/interpreter/linkResolver.cpp, line 783]
Event: 24.939 Thread 0x00007fff0802d290 Exception <a 'java/lang/NoSuchMethodError'{0x0000000703a38b50}: 'java.lang.Object java.lang.invoke.Invokers$Holder.linkToTargetMethod(java.lang.Object, long, java.lang.Object)'> (0x0000000703a38b50) 
thrown [src/hotspot/share/interpreter/linkResolver.cpp, line 783]

ZGC Phase Switch (0 events):
No events

VM Operations (20 events):
Event: 2.445 Executing VM operation: G1PauseRemark
Event: 2.449 Executing VM operation: G1PauseRemark done
Event: 2.451 Executing VM operation: G1PauseCleanup
Event: 2.456 Executing VM operation: G1PauseCleanup done
Event: 2.858 Executing VM operation: HandshakeAllThreads (Deoptimize)
Event: 2.858 Executing VM operation: HandshakeAllThreads (Deoptimize) done
Event: 3.858 Executing VM operation: Cleanup
Event: 3.858 Executing VM operation: Cleanup done
Event: 4.858 Executing VM operation: Cleanup
Event: 4.858 Executing VM operation: Cleanup done
Event: 5.858 Executing VM operation: Cleanup
Event: 5.858 Executing VM operation: Cleanup done
Event: 7.859 Executing VM operation: Cleanup
Event: 7.859 Executing VM operation: Cleanup done
Event: 10.859 Executing VM operation: Cleanup
Event: 10.859 Executing VM operation: Cleanup done
Event: 15.859 Executing VM operation: Cleanup
Event: 15.859 Executing VM operation: Cleanup done
Event: 25.861 Executing VM operation: Cleanup
Event: 25.861 Executing VM operation: Cleanup done

Memory protections (20 events):
Event: 0.022 Protecting memory [0x00007ffef09e4000,0x00007ffef09f0000] with protection modes 0
Event: 0.022 Protecting memory [0x00007ffef05e4000,0x00007ffef05f0000] with protection modes 0
Event: 0.023 Protecting memory [0x00007ffef07e4000,0x00007ffef07f0000] with protection modes 0
Event: 0.023 Protecting memory [0x00007ffef03e4000,0x00007ffef03f0000] with protection modes 0
Event: 0.023 Protecting memory [0x00007ffef01e4000,0x00007ffef01f0000] with protection modes 0
Event: 0.025 Protecting memory [0x00007ffee1e00000,0x00007ffee1e0c000] with protection modes 0
Event: 0.025 Protecting memory [0x00007ffee1c00000,0x00007ffee1c0c000] with protection modes 0
Event: 0.026 Protecting memory [0x00007ffee1a00000,0x00007ffee1a0c000] with protection modes 0
Event: 0.155 Protecting memory [0x00007ffee1800000,0x00007ffee180c000] with protection modes 0
Event: 0.159 Protecting memory [0x00007ffee1600000,0x00007ffee160c000] with protection modes 0
Event: 0.345 Protecting memory [0x00007ffef01b0000,0x00007ffef01bc000] with protection modes 0
Event: 0.399 Protecting memory [0x00007ffee1400000,0x00007ffee140c000] with protection modes 0
Event: 1.058 Protecting memory [0x00007ffee1400000,0x00007ffee140c000] with protection modes 0
Event: 1.507 Protecting memory [0x00007ffee0bd0000,0x00007ffee0bdc000] with protection modes 0
Event: 1.705 Protecting memory [0x00007ffee0990000,0x00007ffee099c000] with protection modes 0
Event: 1.730 Protecting memory [0x00007ffee0790000,0x00007ffee079c000] with protection modes 0
Event: 2.883 Protecting memory [0x00007ffee1400000,0x00007ffee140c000] with protection modes 0
Event: 15.489 Protecting memory [0x00007ffe767c8000,0x00007ffe767d4000] with protection modes 0
Event: 15.520 Protecting memory [0x00007ffe765c8000,0x00007ffe765d4000] with protection modes 0
Event: 15.522 Protecting memory [0x00007ffe763c8000,0x00007ffe763d4000] with protection modes 0

Nmethod flushes (0 events):
No events

Events (20 events):
Event: 0.022 Thread 0x00007fff0802d290 Thread added: 0x00007fff08128320
Event: 0.023 Thread 0x00007fff0802d290 Thread added: 0x00007fff08129ac0
Event: 0.023 Thread 0x00007fff0802d290 Thread added: 0x00007fff0812b120
Event: 0.025 Thread 0x00007fff0802d290 Thread added: 0x00007fff0812c6d0
Event: 0.025 Thread 0x00007fff0802d290 Thread added: 0x00007fff0812e1b0
Event: 0.026 Thread 0x00007fff0802d290 Thread added: 0x00007fff0812f880
Event: 0.155 Thread 0x00007fff0802d290 Thread added: 0x00007fff08200a30
Event: 0.156 Thread 0x00007fff0802d290 Thread added: 0x00007fff08201780
Event: 0.345 Thread 0x00007fff0802d290 Thread added: 0x00007fff082987b0
Event: 0.399 Thread 0x00007fff0812e1b0 Thread added: 0x00007ffeb40905b0
Event: 0.654 Thread 0x00007ffeb40905b0 Thread exited: 0x00007ffeb40905b0
Event: 1.058 Thread 0x00007fff0812f880 Thread added: 0x00007ffea8326100
Event: 1.507 Thread 0x00007fff0802d290 Thread added: 0x00007fff08e0d430
Event: 1.704 Thread 0x00007fff08e0d430 Thread added: 0x00007ffe8800b500
Event: 1.730 Thread 0x00007fff08e0d430 Thread added: 0x00007ffe8800d9f0
Event: 2.341 Thread 0x00007ffea8326100 Thread exited: 0x00007ffea8326100
Event: 2.883 Thread 0x00007fff0802d290 Thread added: 0x00007fff09456260
Event: 15.489 Thread 0x00007fff0802d290 Thread added: 0x00007fff0be065e0
Event: 15.520 Thread 0x00007fff0be065e0 Thread added: 0x00007ffe70001070
Event: 15.522 Thread 0x00007fff0be065e0 Thread added: 0x00007ffe70002690


Dynamic libraries:
702800000-704600000 rw-p 00000000 00:00 0 
704600000-70fa00000 ---p 00000000 00:00 0 
70fa00000-70fe00000 rw-p 00000000 00:00 0 
70fe00000-712600000 ---p 00000000 00:00 0 
712600000-712800000 rw-p 00000000 00:00 0 
712800000-7ffc00000 ---p 00000000 00:00 0 
7ffc00000-7ffe34000 rw-p 01d30000 b3:02 1384225                          /app/extra/jbr/lib/server/classes.jsa
7ffe34000-800000000 rw-p 00000000 00:00 0 
800000000-800b70000 rw-p 00010000 b3:02 1384225                          /app/extra/jbr/lib/server/classes.jsa
800b70000-801c90000 r--p 00b80000 b3:02 1384225                          /app/extra/jbr/lib/server/classes.jsa
801c90000-802000000 ---p 00000000 00:00 0 
802000000-802040000 rw-p 00000000 00:00 0 
802040000-802070000 rw-p 00000000 00:00 0 
802070000-802080000 ---p 00000000 00:00 0 
802080000-802270000 rw-p 00000000 00:00 0 
802270000-842000000 ---p 00000000 00:00 0 
5555c49c0000-5555c49c4000 r-xp 00000000 b3:02 1384397                    /app/extra/jbr/bin/java
5555c49dc000-5555c49e0000 r--p 0000c000 b3:02 1384397                    /app/extra/jbr/bin/java
5555c49e0000-5555c49e4000 rw-p 00010000 b3:02 1384397                    /app/extra/jbr/bin/java
555603498000-5556034cc000 rw-p 00000000 00:00 0                          [heap]
7ffe60000000-7ffe62048000 rw-p 00000000 00:00 0 
7ffe62048000-7ffe64000000 ---p 00000000 00:00 0 
7ffe68000000-7ffe68024000 rw-p 00000000 00:00 0 
7ffe68024000-7ffe6c000000 ---p 00000000 00:00 0 
7ffe6c000000-7ffe6c024000 rw-p 00000000 00:00 0 
7ffe6c024000-7ffe70000000 ---p 00000000 00:00 0 
7ffe70000000-7ffe70024000 rw-p 00000000 00:00 0 
7ffe70024000-7ffe74000000 ---p 00000000 00:00 0 
7ffe763c8000-7ffe763d4000 ---p 00000000 00:00 0 
7ffe763d4000-7ffe765c8000 rw-p 00000000 00:00 0 
7ffe765c8000-7ffe765d4000 ---p 00000000 00:00 0 
7ffe765d4000-7ffe767c8000 rw-p 00000000 00:00 0 
7ffe767c8000-7ffe767d4000 ---p 00000000 00:00 0 
7ffe767d4000-7ffe769c8000 rw-p 00000000 00:00 0 
7ffe76eb0000-7ffe76ec0000 ---p 00000000 00:00 0 
7ffe76ec0000-7ffe776c0000 rw-p 00000000 00:00 0 
7ffe79700000-7ffe79710000 ---p 00000000 00:00 0 
7ffe79710000-7ffe79f10000 rw-p 00000000 00:00 0 
7ffe79f10000-7ffe79f20000 ---p 00000000 00:00 0 
7ffe79f20000-7ffe7a720000 rw-p 00000000 00:00 0 
7ffe7a720000-7ffe7fde0000 r-xp 00000000 b3:02 1007600                    /usr/lib/aarch64-linux-gnu/GL/default/lib/libLLVM.so.21.1
7ffe7fde0000-7ffe7fde8000 ---p 056c0000 b3:02 1007600                    /usr/lib/aarch64-linux-gnu/GL/default/lib/libLLVM.so.21.1
7ffe7fde8000-7ffe7ff00000 r--p 056c8000 b3:02 1007600                    /usr/lib/aarch64-linux-gnu/GL/default/lib/libLLVM.so.21.1
7ffe7ff00000-7ffe7ff5c000 rw-p 057e0000 b3:02 1007600                    /usr/lib/aarch64-linux-gnu/GL/default/lib/libLLVM.so.21.1
7ffe7ff5c000-7ffe7fffc000 rw-p 00000000 00:00 0 
7ffe80000000-7ffe80024000 rw-p 00000000 00:00 0 
7ffe80024000-7ffe84000000 ---p 00000000 00:00 0 
7ffe84180000-7ffe84190000 ---p 00000000 00:00 0 
7ffe84190000-7ffe84990000 rw-p 00000000 00:00 0 
7ffe851a0000-7ffe851b8000 r-xp 00000000 b3:02 1016669                    /usr/lib/aarch64-linux-gnu/libffi.so.8.2.0
7ffe851b8000-7ffe851cc000 ---p 00018000 b3:02 1016669                    /usr/lib/aarch64-linux-gnu/libffi.so.8.2.0
7ffe851cc000-7ffe851d0000 r--p 0001c000 b3:02 1016669                    /usr/lib/aarch64-linux-gnu/libffi.so.8.2.0
7ffe851d0000-7ffe851d4000 rw-p 00020000 b3:02 1016669                    /usr/lib/aarch64-linux-gnu/libffi.so.8.2.0
7ffe852f0000-7ffe8539c000 r-xp 00000000 b3:02 1017858                    /usr/lib/aarch64-linux-gnu/libzstd.so.1.5.7
7ffe8539c000-7ffe853ac000 ---p 000ac000 b3:02 1017858                    /usr/lib/aarch64-linux-gnu/libzstd.so.1.5.7
7ffe853ac000-7ffe853b0000 r--p 000ac000 b3:02 1017858                    /usr/lib/aarch64-linux-gnu/libzstd.so.1.5.7
7ffe853b0000-7ffe853b4000 rw-p 000b0000 b3:02 1017858                    /usr/lib/aarch64-linux-gnu/libzstd.so.1.5.7
7ffe87e90000-7ffe87fd8000 r-xp 00000000 b3:02 1024375                    /usr/lib/aarch64-linux-gnu/libX11.so.6.4.0
7ffe87fd8000-7ffe87fec000 ---p 00148000 b3:02 1024375                    /usr/lib/aarch64-linux-gnu/libX11.so.6.4.0
7ffe87fec000-7ffe87ff0000 r--p 0014c000 b3:02 1024375                    /usr/lib/aarch64-linux-gnu/libX11.so.6.4.0
7ffe87ff0000-7ffe87ff4000 rw-p 00150000 b3:02 1024375                    /usr/lib/aarch64-linux-gnu/libX11.so.6.4.0
7ffe88000000-7ffe88024000 rw-p 00000000 00:00 0 
7ffe88024000-7ffe8c000000 ---p 00000000 00:00 0 
7ffe8c000000-7ffe8c080000 rw-p 00000000 00:00 0 
7ffe8c080000-7ffe90000000 ---p 00000000 00:00 0 
7ffe90000000-7ffe90024000 rw-p 00000000 00:00 0 
7ffe90024000-7ffe94000000 ---p 00000000 00:00 0 
7ffe94000000-7ffe94024000 rw-p 00000000 00:00 0 
7ffe94024000-7ffe98000000 ---p 00000000 00:00 0 
7ffe98000000-7ffe989c4000 rw-p 00000000 00:00 0 
7ffe989c4000-7ffe9c000000 ---p 00000000 00:00 0 
7ffe9c000000-7ffe9c024000 rw-p 00000000 00:00 0 
7ffe9c024000-7ffea0000000 ---p 00000000 00:00 0 
7ffea0000000-7ffea0024000 rw-p 00000000 00:00 0 
7ffea0024000-7ffea4000000 ---p 00000000 00:00 0 
7ffea4000000-7ffea4024000 rw-p 00000000 00:00 0 
7ffea4024000-7ffea8000000 ---p 00000000 00:00 0 
7ffea8000000-7ffea87c4000 rw-p 00000000 00:00 0 
7ffea87c4000-7ffeac000000 ---p 00000000 00:00 0 
7ffeac000000-7ffeac024000 rw-p 00000000 00:00 0 
7ffeac024000-7ffeb0000000 ---p 00000000 00:00 0 
7ffeb0000000-7ffeb0024000 rw-p 00000000 00:00 0 
7ffeb0024000-7ffeb4000000 ---p 00000000 00:00 0 
7ffeb4000000-7ffeb43d4000 rw-p 00000000 00:00 0 
7ffeb43d4000-7ffeb8000000 ---p 00000000 00:00 0 
7ffeb8000000-7ffeb8024000 rw-p 00000000 00:00 0 
7ffeb8024000-7ffebc000000 ---p 00000000 00:00 0 
7ffebc000000-7ffebc024000 rw-p 00000000 00:00 0 
7ffebc024000-7ffec0000000 ---p 00000000 00:00 0 
7ffec0000000-7ffec0024000 rw-p 00000000 00:00 0 
7ffec0024000-7ffec4000000 ---p 00000000 00:00 0 
7ffec4000000-7ffec4024000 rw-p 00000000 00:00 0 
7ffec4024000-7ffec8000000 ---p 00000000 00:00 0 
7ffec8000000-7ffec8024000 rw-p 00000000 00:00 0 
7ffec8024000-7ffecc000000 ---p 00000000 00:00 0 
7ffecc000000-7ffecc024000 rw-p 00000000 00:00 0 
7ffecc024000-7ffed0000000 ---p 00000000 00:00 0 
7ffed0000000-7ffed0270000 rw-p 00000000 00:00 0 
7ffed0270000-7ffed0400000 ---p 00000000 00:00 0 
7ffed0400000-7ffed1c50000 rw-p 00000000 00:00 0 
7ffed1c50000-7ffed4000000 ---p 00000000 00:00 0 
7ffed4000000-7ffed4024000 rw-p 00000000 00:00 0 
7ffed4024000-7ffed8000000 ---p 00000000 00:00 0 
7ffed8000000-7ffed8024000 rw-p 00000000 00:00 0 
7ffed8024000-7ffedc000000 ---p 00000000 00:00 0 
7ffedc000000-7ffedc024000 rw-p 00000000 00:00 0 
7ffedc024000-7ffee0000000 ---p 00000000 00:00 0 
7ffee0050000-7ffee0064000 r-xp 00000000 b3:02 1015948                    /usr/lib/aarch64-linux-gnu/libXext.so.6.4.0
7ffee0064000-7ffee007c000 ---p 00014000 b3:02 1015948                    /usr/lib/aarch64-linux-gnu/libXext.so.6.4.0
7ffee007c000-7ffee0080000 r--p 0001c000 b3:02 1015948                    /usr/lib/aarch64-linux-gnu/libXext.so.6.4.0
7ffee0080000-7ffee0084000 rw-p 00020000 b3:02 1015948                    /usr/lib/aarch64-linux-gnu/libXext.so.6.4.0
7ffee00c0000-7ffee00c4000 r-xp 00000000 b3:02 1012285                    /usr/lib/aarch64-linux-gnu/libXau.so.6.0.0
7ffee00c4000-7ffee00dc000 ---p 00004000 b3:02 1012285                    /usr/lib/aarch64-linux-gnu/libXau.so.6.0.0
7ffee00dc000-7ffee00e0000 r--p 0000c000 b3:02 1012285                    /usr/lib/aarch64-linux-gnu/libXau.so.6.0.0
7ffee00e0000-7ffee00e4000 rw-p 00010000 b3:02 1012285                    /usr/lib/aarch64-linux-gnu/libXau.so.6.0.0
7ffee00f0000-7ffee011c000 r-xp 00000000 b3:02 1014492                    /usr/lib/aarch64-linux-gnu/libxcb.so.1.1.0
7ffee011c000-7ffee012c000 ---p 0002c000 b3:02 1014492                    /usr/lib/aarch64-linux-gnu/libxcb.so.1.1.0
7ffee012c000-7ffee0130000 r--p 0002c000 b3:02 1014492                    /usr/lib/aarch64-linux-gnu/libxcb.so.1.1.0
7ffee0130000-7ffee0134000 rw-p 00030000 b3:02 1014492                    /usr/lib/aarch64-linux-gnu/libxcb.so.1.1.0
7ffee0140000-7ffee03d8000 r-xp 00000000 b3:02 1024413                    /usr/lib/aarch64-linux-gnu/libstdc++.so.6.0.34
7ffee03d8000-7ffee03e0000 ---p 00298000 b3:02 1024413                    /usr/lib/aarch64-linux-gnu/libstdc++.so.6.0.34
7ffee03e0000-7ffee03f0000 r--p 002a0000 b3:02 1024413                    /usr/lib/aarch64-linux-gnu/libstdc++.so.6.0.34
7ffee03f0000-7ffee03f4000 rw-p 002b0000 b3:02 1024413                    /usr/lib/aarch64-linux-gnu/libstdc++.so.6.0.34
7ffee03f4000-7ffee03f8000 rw-p 00000000 00:00 0 
7ffee0400000-7ffee0730000 r-xp 00000000 b3:02 1148623                    /home/xenobyte/.javacpp/cache/jaylib-5.5.0-2.jar/com/raylib/linux-arm64/libjniRaylib.so
7ffee0730000-7ffee073c000 ---p 00330000 b3:02 1148623                    /home/xenobyte/.javacpp/cache/jaylib-5.5.0-2.jar/com/raylib/linux-arm64/libjniRaylib.so
7ffee073c000-7ffee0740000 r--p 0032c000 b3:02 1148623                    /home/xenobyte/.javacpp/cache/jaylib-5.5.0-2.jar/com/raylib/linux-arm64/libjniRaylib.so
7ffee0740000-7ffee074c000 rw-p 00330000 b3:02 1148623                    /home/xenobyte/.javacpp/cache/jaylib-5.5.0-2.jar/com/raylib/linux-arm64/libjniRaylib.so
7ffee074c000-7ffee0784000 rw-p 00000000 00:00 0 
7ffee0790000-7ffee079c000 ---p 00000000 00:00 0 
7ffee079c000-7ffee0990000 rw-p 00000000 00:00 0 
7ffee0990000-7ffee099c000 ---p 00000000 00:00 0 
7ffee099c000-7ffee0b90000 rw-p 00000000 00:00 0 
7ffee0b90000-7ffee0bb0000 r-xp 00000000 b3:02 1023597                    /usr/lib/aarch64-linux-gnu/libgcc_s.so.1
7ffee0bb0000-7ffee0bbc000 ---p 00020000 b3:02 1023597                    /usr/lib/aarch64-linux-gnu/libgcc_s.so.1
7ffee0bbc000-7ffee0bc0000 r--p 0001c000 b3:02 1023597                    /usr/lib/aarch64-linux-gnu/libgcc_s.so.1
7ffee0bc0000-7ffee0bc4000 rw-p 00020000 b3:02 1023597                    /usr/lib/aarch64-linux-gnu/libgcc_s.so.1
7ffee0bd0000-7ffee0bdc000 ---p 00000000 00:00 0 
7ffee0bdc000-7ffee0dd0000 rw-p 00000000 00:00 0 
7ffee0dd0000-7ffee0de0000 ---p 00000000 00:00 0 
7ffee0de0000-7ffee0fe0000 rw-p 00000000 00:00 0 
7ffee0fe0000-7ffee0ff0000 ---p 00000000 00:00 0 
7ffee0ff0000-7ffee11f0000 rw-p 00000000 00:00 0 
7ffee11f0000-7ffee1200000 ---p 00000000 00:00 0 
7ffee1200000-7ffee1400000 rw-p 00000000 00:00 0 
7ffee1400000-7ffee140c000 ---p 00000000 00:00 0 
7ffee140c000-7ffee1600000 rw-p 00000000 00:00 0 
7ffee1600000-7ffee160c000 ---p 00000000 00:00 0 
7ffee160c000-7ffee1800000 rw-p 00000000 00:00 0 
7ffee1800000-7ffee180c000 ---p 00000000 00:00 0 
7ffee180c000-7ffee1a00000 rw-p 00000000 00:00 0 
7ffee1a00000-7ffee1a0c000 ---p 00000000 00:00 0 
7ffee1a0c000-7ffee1c00000 rw-p 00000000 00:00 0 
7ffee1c00000-7ffee1c0c000 ---p 00000000 00:00 0 
7ffee1c0c000-7ffee1e00000 rw-p 00000000 00:00 0 
7ffee1e00000-7ffee1e0c000 ---p 00000000 00:00 0 
7ffee1e0c000-7ffee4024000 rw-p 00000000 00:00 0 
7ffee4024000-7ffee8000000 ---p 00000000 00:00 0 
7ffee8000000-7ffee8024000 rw-p 00000000 00:00 0 
7ffee8024000-7ffeec000000 ---p 00000000 00:00 0 
7ffeec000000-7ffeec024000 rw-p 00000000 00:00 0 
7ffeec024000-7ffef0000000 ---p 00000000 00:00 0 
7ffef0010000-7ffef001c000 r-xp 00000000 b3:02 1020260                    /usr/lib/aarch64-linux-gnu/libcap.so.2.77
7ffef001c000-7ffef002c000 ---p 0000c000 b3:02 1020260                    /usr/lib/aarch64-linux-gnu/libcap.so.2.77
7ffef002c000-7ffef0030000 r--p 0000c000 b3:02 1020260                    /usr/lib/aarch64-linux-gnu/libcap.so.2.77
7ffef0030000-7ffef0034000 rw-p 00010000 b3:02 1020260                    /usr/lib/aarch64-linux-gnu/libcap.so.2.77
7ffef0040000-7ffef0070000 r-xp 00000000 b3:02 1011394                    /usr/lib/aarch64-linux-gnu/libnss_resolve.so.2
7ffef0070000-7ffef007c000 ---p 00030000 b3:02 1011394                    /usr/lib/aarch64-linux-gnu/libnss_resolve.so.2
7ffef007c000-7ffef0080000 r--p 0002c000 b3:02 1011394                    /usr/lib/aarch64-linux-gnu/libnss_resolve.so.2
7ffef0080000-7ffef0084000 rw-p 00030000 b3:02 1011394                    /usr/lib/aarch64-linux-gnu/libnss_resolve.so.2
7ffef0090000-7ffef0190000 r-xp 00000000 00:2b 342                        /tmp/sqlite-3.45.1.0-10efaf8f-19e7-4a05-a202-fed25c3df4bd-libsqlitejdbc.so
7ffef0190000-7ffef019c000 ---p 00100000 00:2b 342                        /tmp/sqlite-3.45.1.0-10efaf8f-19e7-4a05-a202-fed25c3df4bd-libsqlitejdbc.so
7ffef019c000-7ffef01a0000 r--p 000fc000 00:2b 342                        /tmp/sqlite-3.45.1.0-10efaf8f-19e7-4a05-a202-fed25c3df4bd-libsqlitejdbc.so
7ffef01a0000-7ffef01a8000 rw-p 00100000 00:2b 342                        /tmp/sqlite-3.45.1.0-10efaf8f-19e7-4a05-a202-fed25c3df4bd-libsqlitejdbc.so
7ffef01b0000-7ffef01bc000 ---p 00000000 00:00 0 
7ffef01bc000-7ffef01e4000 rw-p 00000000 00:00 0 
7ffef01e4000-7ffef01f0000 ---p 00000000 00:00 0 
7ffef01f0000-7ffef03e4000 rw-p 00000000 00:00 0 
7ffef03e4000-7ffef03f0000 ---p 00000000 00:00 0 
7ffef03f0000-7ffef05e4000 rw-p 00000000 00:00 0 
7ffef05e4000-7ffef05f0000 ---p 00000000 00:00 0 
7ffef05f0000-7ffef07e4000 rw-p 00000000 00:00 0 
7ffef07e4000-7ffef07f0000 ---p 00000000 00:00 0 
7ffef07f0000-7ffef09e4000 rw-p 00000000 00:00 0 
7ffef09e4000-7ffef09f0000 ---p 00000000 00:00 0 
7ffef09f0000-7ffef0be4000 rw-p 00000000 00:00 0 
7ffef0be4000-7ffef0bf4000 ---p 00000000 00:00 0 
7ffef0bf4000-7ffef0df4000 rw-p 00000000 00:00 0 
7ffef0df4000-7ffef0e04000 ---p 00000000 00:00 0 
7ffef0e04000-7ffef107c000 rw-p 00000000 00:00 0 
7ffef107c000-7ffef134c000 ---p 00000000 00:00 0 
7ffef134c000-7ffef135c000 rw-p 00000000 00:00 0 
7ffef135c000-7ffef13fc000 ---p 00000000 00:00 0 
7ffef13fc000-7ffef1404000 rw-p 00000000 00:00 0 
7ffef1404000-7ffef4f54000 ---p 00000000 00:00 0 
7ffef4f54000-7ffef4f64000 rw-p 00000000 00:00 0 
7ffef4f64000-7ffef54c4000 rwxp 00000000 00:00 0 
7ffef54c4000-7ffefc498000 ---p 00000000 00:00 0 
7ffefc498000-7ffefc708000 rwxp 00000000 00:00 0 
7ffefc708000-7ffefca2c000 ---p 00000000 00:00 0 
7ffefca2c000-7ffefcc9c000 rwxp 00000000 00:00 0 
7ffefcc9c000-7fff03f64000 ---p 00000000 00:00 0 
7fff03f64000-7fff08000000 r--s 00000000 b3:02 1384325                    /app/extra/jbr/lib/modules
7fff08000000-7fff0bffc000 rw-p 00000000 00:00 0 
7fff0bffc000-7fff0c000000 ---p 00000000 00:00 0 
7fff0c020000-7fff0c02c000 r-xp 00000000 b3:02 1384254                    /app/extra/jbr/lib/libverify.so
7fff0c02c000-7fff0c03c000 ---p 0000c000 b3:02 1384254                    /app/extra/jbr/lib/libverify.so
7fff0c03c000-7fff0c040000 r--p 0000c000 b3:02 1384254                    /app/extra/jbr/lib/libverify.so
7fff0c040000-7fff0c044000 rw-p 00000000 00:00 0 
7fff0c050000-7fff0c054000 r-xp 00000000 b3:02 1384237                    /app/extra/jbr/lib/libextnet.so
7fff0c054000-7fff0c06c000 ---p 00004000 b3:02 1384237                    /app/extra/jbr/lib/libextnet.so
7fff0c06c000-7fff0c070000 r--p 0000c000 b3:02 1384237                    /app/extra/jbr/lib/libextnet.so
7fff0c070000-7fff0c074000 rw-p 00000000 00:00 0 
7fff0c080000-7fff0c08c000 r-xp 00000000 b3:02 1384383                    /app/extra/jbr/lib/libnet.so
7fff0c08c000-7fff0c09c000 ---p 0000c000 b3:02 1384383                    /app/extra/jbr/lib/libnet.so
7fff0c09c000-7fff0c0a0000 r--p 0000c000 b3:02 1384383                    /app/extra/jbr/lib/libnet.so
7fff0c0a0000-7fff0c0a4000 rw-p 00000000 00:00 0 
7fff0c0b0000-7fff0c0c4000 r-xp 00000000 b3:02 1384220                    /app/extra/jbr/lib/libnio.so
7fff0c0c4000-7fff0c0dc000 ---p 00014000 b3:02 1384220                    /app/extra/jbr/lib/libnio.so
7fff0c0dc000-7fff0c0e0000 r--p 0001c000 b3:02 1384220                    /app/extra/jbr/lib/libnio.so
7fff0c0e0000-7fff0c0e4000 rw-p 00020000 b3:02 1384220                    /app/extra/jbr/lib/libnio.so
7fff0c0f0000-7fff0c0f8000 r-xp 00000000 b3:02 1384387                    /app/extra/jbr/lib/libzip.so
7fff0c0f8000-7fff0c10c000 ---p 00008000 b3:02 1384387                    /app/extra/jbr/lib/libzip.so
7fff0c10c000-7fff0c110000 r--p 0000c000 b3:02 1384387                    /app/extra/jbr/lib/libzip.so
7fff0c110000-7fff0c114000 rw-p 00000000 00:00 0 
7fff0c120000-7fff0c17c000 r--p 00000000 b3:02 1014467                    /usr/lib/locale/C.utf8/LC_CTYPE
7fff0c17c000-7fff0c3bc000 rw-p 00000000 00:00 0 
7fff0c3bc000-7fff0c3cc000 ---p 00000000 00:00 0 
7fff0c3cc000-7fff0c5cc000 rw-p 00000000 00:00 0 
7fff0c5cc000-7fff0c5dc000 ---p 00000000 00:00 0 
7fff0c5dc000-7fff0cbec000 rw-p 00000000 00:00 0 
7fff0cbec000-7fff0cbfc000 ---p 00000000 00:00 0 
7fff0cbfc000-7fff0cdfc000 rw-p 00000000 00:00 0 
7fff0cdfc000-7fff0ce0c000 ---p 00000000 00:00 0 
7fff0ce0c000-7fff0d00c000 rw-p 00000000 00:00 0 
7fff0d00c000-7fff0d01c000 ---p 00000000 00:00 0 
7fff0d01c000-7fff0d270000 rw-p 00000000 00:00 0 
7fff0d270000-7fff0d2c8000 ---p 00000000 00:00 0 
7fff0d2c8000-7fff0d2cc000 rw-p 00000000 00:00 0 
7fff0d2cc000-7fff0d2dc000 ---p 00000000 00:00 0 
7fff0d2dc000-7fff0d2e0000 rw-p 00000000 00:00 0 
7fff0d2e0000-7fff0da48000 ---p 00000000 00:00 0 
7fff0da48000-7fff0da5c000 rw-p 00000000 00:00 0 
7fff0da5c000-7fff0dab4000 ---p 00000000 00:00 0 
7fff0dab4000-7fff0dab8000 rw-p 00000000 00:00 0 
7fff0dab8000-7fff0dac8000 ---p 00000000 00:00 0 
7fff0dac8000-7fff0dacc000 rw-p 00000000 00:00 0 
7fff0dacc000-7fff0e234000 ---p 00000000 00:00 0 
7fff0e234000-7fff0e650000 rw-p 00000000 00:00 0 
7fff0e650000-7fff0e734000 ---p 00000000 00:00 0 
7fff0e734000-7fff0e740000 rw-p 00000000 00:00 0 
7fff0e740000-7fff0e820000 ---p 00000000 00:00 0 
7fff0e820000-7fff0e844000 r-xp 00000000 b3:02 1384252                    /app/extra/jbr/lib/libjava.so
7fff0e844000-7fff0e85c000 ---p 00024000 b3:02 1384252                    /app/extra/jbr/lib/libjava.so
7fff0e85c000-7fff0e860000 r--p 0002c000 b3:02 1384252                    /app/extra/jbr/lib/libjava.so
7fff0e860000-7fff0e864000 rw-p 00030000 b3:02 1384252                    /app/extra/jbr/lib/libjava.so
7fff0e870000-7fff0e87c000 r-xp 00000000 b3:02 1384390                    /app/extra/jbr/lib/libinstrument.so
7fff0e87c000-7fff0e88c000 ---p 0000c000 b3:02 1384390                    /app/extra/jbr/lib/libinstrument.so
7fff0e88c000-7fff0e890000 r--p 0000c000 b3:02 1384390                    /app/extra/jbr/lib/libinstrument.so
7fff0e890000-7fff0e894000 rw-p 00010000 b3:02 1384390                    /app/extra/jbr/lib/libinstrument.so
7fff0e8a0000-7fff0e8bc000 r-xp 00000000 b3:02 1384258                    /app/extra/jbr/lib/libjimage.so
7fff0e8bc000-7fff0e8cc000 ---p 0001c000 b3:02 1384258                    /app/extra/jbr/lib/libjimage.so
7fff0e8cc000-7fff0e8d0000 r--p 0001c000 b3:02 1384258                    /app/extra/jbr/lib/libjimage.so
7fff0e8d0000-7fff0e8d4000 rw-p 00020000 b3:02 1384258                    /app/extra/jbr/lib/libjimage.so
7fff0e8e0000-7fff0e8ec000 ---p 00000000 00:00 0 
7fff0e8ec000-7fff0eae0000 rw-p 00000000 00:00 0 
7fff0eae0000-7fff0eb80000 r-xp 00000000 b3:02 1014251                    /usr/lib/aarch64-linux-gnu/libm.so.6
7fff0eb80000-7fff0eb8c000 ---p 000a0000 b3:02 1014251                    /usr/lib/aarch64-linux-gnu/libm.so.6
7fff0eb8c000-7fff0eb90000 r--p 0009c000 b3:02 1014251                    /usr/lib/aarch64-linux-gnu/libm.so.6
7fff0eb90000-7fff0eb94000 rw-p 000a0000 b3:02 1014251                    /usr/lib/aarch64-linux-gnu/libm.so.6
7fff0eba0000-7fff0eba4000 r-xp 00000000 b3:02 1024174                    /usr/lib/aarch64-linux-gnu/librt.so.1
7fff0eba4000-7fff0ebbc000 ---p 00004000 b3:02 1024174                    /usr/lib/aarch64-linux-gnu/librt.so.1
7fff0ebbc000-7fff0ebc0000 r--p 0000c000 b3:02 1024174                    /usr/lib/aarch64-linux-gnu/librt.so.1
7fff0ebc0000-7fff0ebc4000 rw-p 00010000 b3:02 1024174                    /usr/lib/aarch64-linux-gnu/librt.so.1
7fff0ebc8000-7fff0ebcc000 rw-p 00000000 00:00 0 
7fff0ebcc000-7fff0ebd0000 rw-p 00000000 00:00 0 
7fff0ebd0000-7fff0fe24000 r-xp 00000000 b3:02 1384226                    /app/extra/jbr/lib/server/libjvm.so
7fff0fe24000-7fff0fe40000 ---p 01254000 b3:02 1384226                    /app/extra/jbr/lib/server/libjvm.so
7fff0fe40000-7fff0ff20000 r--p 01260000 b3:02 1384226                    /app/extra/jbr/lib/server/libjvm.so
7fff0ff20000-7fff0ff54000 rw-p 01340000 b3:02 1384226                    /app/extra/jbr/lib/server/libjvm.so
7fff0ff54000-7fff0ffe8000 rw-p 00000000 00:00 0 
7fff0ffe8000-7fff0ffec000 r--p 00000000 b3:02 1023989                    /usr/lib/locale/C.utf8/LC_NUMERIC
7fff0ffec000-7fff0fff0000 r--p 00000000 b3:02 1015907                    /usr/lib/locale/C.utf8/LC_TIME
7fff0fff0000-7fff1019c000 r-xp 00000000 b3:02 1024392                    /usr/lib/aarch64-linux-gnu/libc.so.6
7fff1019c000-7fff101ac000 ---p 001ac000 b3:02 1024392                    /usr/lib/aarch64-linux-gnu/libc.so.6
7fff101ac000-7fff101b0000 r--p 001ac000 b3:02 1024392                    /usr/lib/aarch64-linux-gnu/libc.so.6
7fff101b0000-7fff101b4000 rw-p 001b0000 b3:02 1024392                    /usr/lib/aarch64-linux-gnu/libc.so.6
7fff101b4000-7fff101c0000 rw-p 00000000 00:00 0 
7fff101c0000-7fff101c4000 r--p 00000000 b3:02 1009269                    /usr/lib/locale/C.utf8/LC_COLLATE
7fff101c4000-7fff101c8000 r--p 00000000 b3:02 1016180                    /usr/lib/locale/C.utf8/LC_MONETARY
7fff101c8000-7fff101cc000 r--p 00000000 b3:02 1015533                    /usr/lib/locale/C.utf8/LC_MESSAGES/SYS_LC_MESSAGES
7fff101cc000-7fff101d0000 r--p 00000000 b3:02 1016584                    /usr/lib/locale/C.utf8/LC_PAPER
7fff101d0000-7fff101d4000 r-xp 00000000 b3:02 1014935                    /usr/lib/aarch64-linux-gnu/libdl.so.2
7fff101d4000-7fff101ec000 ---p 00004000 b3:02 1014935                    /usr/lib/aarch64-linux-gnu/libdl.so.2
7fff101ec000-7fff101f0000 r--p 0000c000 b3:02 1014935                    /usr/lib/aarch64-linux-gnu/libdl.so.2
7fff101f0000-7fff101f4000 rw-p 00010000 b3:02 1014935                    /usr/lib/aarch64-linux-gnu/libdl.so.2
7fff101f4000-7fff101f8000 r--p 00000000 b3:02 1011487                    /usr/lib/locale/C.utf8/LC_NAME
7fff101f8000-7fff101fc000 r--p 00000000 b3:02 1018154                    /usr/lib/locale/C.utf8/LC_ADDRESS
7fff101fc000-7fff10200000 r--p 00000000 b3:02 1015776                    /usr/lib/locale/C.utf8/LC_TELEPHONE
7fff10200000-7fff10204000 r-xp 00000000 b3:02 1018393                    /usr/lib/aarch64-linux-gnu/libpthread.so.0
7fff10204000-7fff1021c000 ---p 00004000 b3:02 1018393                    /usr/lib/aarch64-linux-gnu/libpthread.so.0
7fff1021c000-7fff10220000 r--p 0000c000 b3:02 1018393                    /usr/lib/aarch64-linux-gnu/libpthread.so.0
7fff10220000-7fff10224000 rw-p 00010000 b3:02 1018393                    /usr/lib/aarch64-linux-gnu/libpthread.so.0
7fff10224000-7fff10228000 r--p 00000000 b3:02 1015606                    /usr/lib/locale/C.utf8/LC_MEASUREMENT
7fff10228000-7fff10230000 r--s 00000000 b3:02 1016340                    /usr/lib/aarch64-linux-gnu/gconv/gconv-modules.cache
7fff10230000-7fff10240000 r-xp 00000000 b3:02 1384217                    /app/extra/jbr/lib/libjli.so
7fff10240000-7fff1024c000 ---p 00010000 b3:02 1384217                    /app/extra/jbr/lib/libjli.so
7fff1024c000-7fff10250000 r--p 0000c000 b3:02 1384217                    /app/extra/jbr/lib/libjli.so
7fff10250000-7fff10254000 rw-p 00010000 b3:02 1384217                    /app/extra/jbr/lib/libjli.so
7fff10254000-7fff1025c000 rw-p 00000000 00:00 0 
7fff1025c000-7fff10260000 ---p 00000000 00:00 0 
7fff10260000-7fff10278000 r-xp 00000000 b3:02 1009545                    /usr/lib/aarch64-linux-gnu/libz.so.1.3.1
7fff10278000-7fff1028c000 ---p 00018000 b3:02 1009545                    /usr/lib/aarch64-linux-gnu/libz.so.1.3.1
7fff1028c000-7fff10290000 r--p 0001c000 b3:02 1009545                    /usr/lib/aarch64-linux-gnu/libz.so.1.3.1
7fff10290000-7fff10294000 rw-p 00020000 b3:02 1009545                    /usr/lib/aarch64-linux-gnu/libz.so.1.3.1
7fff10294000-7fff1029c000 rw-p 00000000 00:00 0 
7fff1029c000-7fff102a0000 r--p 00000000 b3:02 1015975                    /usr/lib/locale/C.utf8/LC_IDENTIFICATION
7fff102a0000-7fff102a8000 rw-s 00000000 00:2b 340                        /tmp/hsperfdata_xenobyte/4577
7fff102a8000-7fff102ac000 ---p 00000000 00:00 0 
7fff102ac000-7fff102b0000 r--p 00000000 00:00 0 
7fff102b0000-7fff102dc000 r-xp 00000000 b3:02 1017896                    /usr/lib/aarch64-linux-gnu/ld-linux-aarch64.so.1
7fff102dc000-7fff102e0000 ---p 00000000 00:00 0 
7fff102e0000-7fff102e8000 r--p 00000000 00:00 0                          [vvar]
7fff102e8000-7fff102ec000 r-xp 00000000 00:00 0                          [vdso]
7fff102ec000-7fff102f0000 r--p 0002c000 b3:02 1017896                    /usr/lib/aarch64-linux-gnu/ld-linux-aarch64.so.1
7fff102f0000-7fff102f4000 rw-p 00030000 b3:02 1017896                    /usr/lib/aarch64-linux-gnu/ld-linux-aarch64.so.1
7fffc4484000-7fffc44a8000 rw-p 00000000 00:00 0                          [stack]
Total number of mappings: 327

JVMTI agents:
/app/extra/lib/idea_rt.jar path:none, loaded, initialized, instrumentlib options:33257


VM Arguments:
jvm_args: -javaagent:/app/extra/lib/idea_rt.jar=33257 -Dfile.encoding=UTF-8 -Dsun.stdout.encoding=UTF-8 -Dsun.stderr.encoding=UTF-8 -Dawt.toolkit.name=XToolkit 
java_command: de.htwsaar.Berta.servicelayer.Application
java_class_path (initial): /home/xenobyte/projects/GameLibrary/target/classes:/home/xenobyte/.m2/repository/org/jooq/jooq/3.19.5/jooq-3.19.5.jar:/home/xenobyte/.m2/repository/io/r2dbc/r2dbc-spi/1.0.0.RELEASE/r2dbc-spi-1.0.0.RELEASE.jar:/home/xenobyte/.m2/repository/org/reactivestreams/reactive-streams/1.0.3/reactive-streams-1.0.3.jar:/home/xenobyte/.m2/repository/org/xerial/sqlite-jdbc/3.45.1.0/sqlite-jdbc-3.45.1.0.jar:/home/xenobyte/.m2/repository/org/slf4j/slf4j-api/1.7.36/slf4j-api-1.7.36.jar:/home/xenobyte/.m2/repository/uk/co/electronstudio/jaylib/jaylib/5.5.0-2/jaylib-5.5.0-2.jar:/home/xenobyte/.m2/repository/com/fasterxml/jackson/core/jackson-databind/2.17.0/jackson-databind-2.17.0.jar:/home/xenobyte/.m2/repository/com/fasterxml/jackson/core/jackson-annotations/2.17.0/jackson-annotations-2.17.0.jar:/home/xenobyte/.m2/repository/com/fasterxml/jackson/core/jackson-core/2.17.0/jackson-core-2.17.0.jar:/home/xenobyte/.m2/repository/net/bytebuddy/byte-buddy/1.14.9/byte-buddy-1.14.9.jar
Launcher Type: SUN_STANDARD

[Global flags]
     intx CICompilerCount                          = 3                                         {product} {ergonomic}
     uint ConcGCThreads                            = 1                                         {product} {ergonomic}
     uint G1ConcRefinementThreads                  = 4                                         {product} {ergonomic}
   size_t G1HeapRegionSize                         = 2097152                                   {product} {ergonomic}
    uintx GCDrainStackTargetSize                   = 64                                        {product} {ergonomic}
   size_t InitialHeapSize                          = 268435456                                 {product} {ergonomic}
   size_t MarkStackSize                            = 4194304                                   {product} {ergonomic}
   size_t MaxHeapSize                              = 4253024256                                {product} {ergonomic}
   size_t MaxNewSize                               = 2550136832                                {product} {ergonomic}
   size_t MinHeapDeltaBytes                        = 2097152                                   {product} {ergonomic}
   size_t MinHeapSize                              = 8388608                                   {product} {ergonomic}
    uintx NonNMethodCodeHeapSize                   = 5832908                                {pd product} {ergonomic}
    uintx NonProfiledCodeHeapSize                  = 122912666                              {pd product} {ergonomic}
    uintx ProfiledCodeHeapSize                     = 122912666                              {pd product} {ergonomic}
    uintx ReservedCodeCacheSize                    = 251658240                              {pd product} {ergonomic}
     bool SegmentedCodeCache                       = true                                      {product} {ergonomic}
   size_t SoftMaxHeapSize                          = 4253024256                             {manageable} {ergonomic}
     bool UseCompressedOops                        = true                           {product lp64_product} {ergonomic}
     bool UseG1GC                                  = true                                      {product} {ergonomic}

Logging:
Log output configuration:
 #0: stdout all=warning uptime,level,tags foldmultilines=false
 #1: stderr all=off uptime,level,tags foldmultilines=false

Release file:
JAVA_VERSION="21.0.9"
MODULES="java.base java.datatransfer java.xml java.prefs java.desktop gluegen.rt java.compiler java.instrument java.logging java.management java.security.sasl java.naming java.rmi java.management.rmi java.net.http java.scripting java.security.jgss java.transaction.xa java.sql java.sql.rowset java.xml.crypto java.se java.smartcardio jogl.all jcef jdk.accessibility jdk.internal.jvmstat jdk.attach jdk.charsets jdk.internal.opt jdk.zipfs jdk.compiler jdk.crypto.ec jdk.crypto.cryptoki jdk.dynalink jdk.hotspot.agent jdk.httpserver jdk.internal.ed jdk.internal.le jdk.internal.vm.ci jdk.javadoc jdk.jcmd jdk.jdwp.agent jdk.jdi jdk.jfr jdk.jsobject jdk.localedata jdk.management jdk.management.agent jdk.management.jfr jdk.naming.dns jdk.naming.rmi jdk.net jdk.sctp jdk.security.auth jdk.security.jgss jdk.unsupported jdk.unsupported.desktop jdk.xml.dom"
IMPLEMENTOR="JetBrains s.r.o."
IMPLEMENTOR_VERSION="JBR-21.0.9+10-1163.94-jcef"
JAVA_RUNTIME_VERSION="21.0.9+10-b1163.94"
LIBC="gnu"
OS_ARCH="aarch64"
OS_NAME="Linux"
SOURCE=".:git:5d82c7fa6abe+ jcef_git:git:4a605f44671a"
JCEF_VERSION="137.0.17.1087+g722a58e"
JCEF_COMMIT_HASH="722a58ea148c6577a6b7e379036edec01083f004"

Environment Variables:
JAVA_HOME=/app/extra/jbr
PATH=/app/bin:/usr/bin:/home/xenobyte/.var/app/com.jetbrains.IntelliJ-IDEA-Community/data/node/bin:/home/xenobyte/.var/app/com.jetbrains.IntelliJ-IDEA-Community/data/cargo/bin:/home/xenobyte/.var/app/com.jetbrains.IntelliJ-IDEA-Community/data/python/bin
XDG_CACHE_HOME=/home/xenobyte/.var/app/com.jetbrains.IntelliJ-IDEA-Community/cache
XDG_CONFIG_HOME=/home/xenobyte/.var/app/com.jetbrains.IntelliJ-IDEA-Community/config
LD_LIBRARY_PATH=
SHELL=/bin/sh
DISPLAY=:0
LANG=C.UTF-8
LC_ALL=C.UTF-8
TERM=xterm-256color

Active Locale:
LC_ALL=C.UTF-8
LC_COLLATE=C.UTF-8
LC_CTYPE=C.UTF-8
LC_MESSAGES=C.UTF-8
LC_MONETARY=C.UTF-8
LC_NUMERIC=C.UTF-8
LC_TIME=C.UTF-8

Signal Handlers:
   SIGSEGV: crash_handler in libjvm.so, mask=11100100010111111101111111111110, flags=SA_RESTART|SA_SIGINFO, unblocked
    SIGBUS: crash_handler in libjvm.so, mask=11100100010111111101111111111110, flags=SA_RESTART|SA_SIGINFO, unblocked
    SIGFPE: crash_handler in libjvm.so, mask=11100100010111111101111111111110, flags=SA_RESTART|SA_SIGINFO, unblocked
   SIGPIPE: javaSignalHandler in libjvm.so, mask=11100100010111111101111111111110, flags=SA_RESTART|SA_SIGINFO, blocked
   SIGXFSZ: javaSignalHandler in libjvm.so, mask=11100100010111111101111111111110, flags=SA_RESTART|SA_SIGINFO, blocked
    SIGILL: crash_handler in libjvm.so, mask=11100100010111111101111111111110, flags=SA_RESTART|SA_SIGINFO, unblocked
   SIGUSR2: SR_handler in libjvm.so, mask=00000000000000000000000000000000, flags=SA_RESTART|SA_SIGINFO, blocked
    SIGHUP: UserHandler in libjvm.so, mask=11100100010111111101111111111110, flags=SA_RESTART|SA_SIGINFO, blocked
    SIGINT: UserHandler in libjvm.so, mask=11100100010111111101111111111110, flags=SA_RESTART|SA_SIGINFO, blocked
   SIGTERM: UserHandler in libjvm.so, mask=11100100010111111101111111111110, flags=SA_RESTART|SA_SIGINFO, blocked
   SIGQUIT: UserHandler in libjvm.so, mask=11100100010111111101111111111110, flags=SA_RESTART|SA_SIGINFO, blocked
   SIGTRAP: crash_handler in libjvm.so, mask=11100100010111111101111111111110, flags=SA_RESTART|SA_SIGINFO, unblocked


Periodic native trim disabled

JNI global refs:
JNI global refs: 14, weak refs: 332

JNI global refs memory usage: 859, weak refs: 4017

Process memory usage:
Resident Set Size: 260096K (1% of 16604080K total physical memory with 13427760K free physical memory)

OOME stack traces (most recent first):
Classloader memory used:
Loader jdk.internal.loader.ClassLoaders$AppClassLoader                                 : 24397K
Loader bootstrap                                                                       : 2859K
Loader jdk.internal.loader.ClassLoaders$PlatformClassLoader                            : 2276K

---------------  S Y S T E M  ---------------

OS:
NAME="Freedesktop SDK"
VERSION="25.08 (Flatpak runtime)"
VERSION_ID=25.08
ID=org.freedesktop.platform
PRETTY_NAME="Freedesktop SDK 25.08 (Flatpak runtime)"
BUG_REPORT_URL=https://gitlab.com/freedesktop-sdk/freedesktop-sdk/issues
uname: Linux 6.12.62+rpt-rpi-2712 #1 SMP PREEMPT Debian 1:6.12.62-1+rpt1 (2025-12-18) aarch64
OS uptime: 0 days 2:42 hours
libc: glibc 2.42 NPTL 2.42 
rlimit (soft/hard): STACK 8192k/infinity , CORE 0k/infinity , NPROC 64521/64521 , NOFILE 524288/524288 , AS infinity/infinity , CPU infinity/infinity , DATA infinity/infinity , FSIZE infinity/infinity , MEMLOCK 8192k/8192k
load average: 1.12 0.78 0.87

/proc/meminfo:
MemTotal:       16604080 kB
MemFree:        11349824 kB
MemAvailable:   13427760 kB
Buffers:          107024 kB
Cached:          2192784 kB
SwapCached:            0 kB
Active:          4397072 kB
Inactive:         519760 kB
Active(anon):    2777792 kB
Inactive(anon):        0 kB
Active(file):    1619280 kB
Inactive(file):   519760 kB
Unevictable:       80960 kB
Mlocked:              32 kB
SwapTotal:       2097136 kB
SwapFree:        2097136 kB
Zswap:                 0 kB
Zswapped:              0 kB
Dirty:               144 kB
Writeback:             0 kB
AnonPages:       2700496 kB
Mapped:          1087696 kB
Shmem:            161408 kB
KReclaimable:      50288 kB
Slab:             106016 kB
SReclaimable:      50288 kB
SUnreclaim:        55728 kB
KernelStack:        9744 kB
PageTables:        21920 kB
SecPageTables:       160 kB
NFS_Unstable:          0 kB
Bounce:                0 kB
WritebackTmp:          0 kB
CommitLimit:    10399168 kB
Committed_AS:    7585536 kB
VmallocTotal:   68447887360 kB
VmallocUsed:       74256 kB
VmallocChunk:          0 kB
Percpu:             1344 kB
CmaTotal:          65536 kB
CmaFree:           55296 kB

/sys/kernel/mm/transparent_hugepage/enabled: <Not Available>
/sys/kernel/mm/transparent_hugepage/hpage_pmd_size: <Not Available>
/sys/kernel/mm/transparent_hugepage/defrag (defrag/compaction efforts parameter): <Not Available>

Process Memory:
Virtual Size: 7923904K (peak: 8083008K)
Resident Set Size: 260080K (peak: 281200K) (anon: 175584K, file: 83568K, shmem: 928K)
Swapped out: 0K
C-Heap outstanding allocations: 40731K, retained: 90948K
glibc malloc tunables: (default)

/proc/sys/kernel/threads-max (system-wide limit on the number of threads): 129043
/proc/sys/vm/max_map_count (maximum number of memory map areas a process may have): 1048576
/proc/sys/vm/swappiness (control to define how aggressively the kernel swaps out anonymous memory): 60
/proc/sys/kernel/pid_max (system-wide limit on number of process identifiers): 4194304

container information not found.
Steal ticks since vm start: 0
Steal ticks percentage since vm start:  0.000

CPU: total 4 (initial active 4) 0x41:0x4:0xd0b:1, fp, asimd, evtstrm, aes, pmull, sha1, sha256, crc32, lse, dcpop
/proc/cpuinfo:
processor	: 0
BogoMIPS	: 108.00
Features	: fp asimd evtstrm aes pmull sha1 sha2 crc32 atomics fphp asimdhp cpuid asimdrdm lrcpc dcpop asimddp
CPU implementer	: 0x41
CPU architecture: 8
CPU variant	: 0x4
CPU part	: 0xd0b
CPU revision	: 1

processor	: 1
BogoMIPS	: 108.00
Features	: fp asimd evtstrm aes pmull sha1 sha2 crc32 atomics fphp asimdhp cpuid asimdrdm lrcpc dcpop asimddp
CPU implementer	: 0x41
CPU architecture: 8
CPU variant	: 0x4
CPU part	: 0xd0b
CPU revision	: 1

processor	: 2
BogoMIPS	: 108.00
Features	: fp asimd evtstrm aes pmull sha1 sha2 crc32 atomics fphp asimdhp cpuid asimdrdm lrcpc dcpop asimddp
CPU implementer	: 0x41
CPU architecture: 8
CPU variant	: 0x4
CPU part	: 0xd0b
CPU revision	: 1

processor	: 3
BogoMIPS	: 108.00
Features	: fp asimd evtstrm aes pmull sha1 sha2 crc32 atomics fphp asimdhp cpuid asimdrdm lrcpc dcpop asimddp
CPU implementer	: 0x41
CPU architecture: 8
CPU variant	: 0x4
CPU part	: 0xd0b
CPU revision	: 1

Revision	: e04171
Serial		: 9192f57b0739c71a
Model		: Raspberry Pi 5 Model B Rev 1.1

Online cpus: 0-3
Offline cpus: 

Memory: 16k page, physical 16604080k(13427760k free), swap 2097136k(2097136k free)
Page Sizes: 16k

vm_info: OpenJDK 64-Bit Server VM (21.0.9+10-b1163.94) for linux-aarch64 JRE (21.0.9+10-b1163.94), built on 2026-01-12 by "builduser" with gcc 10.3.1 20210422 (Red Hat 10.3.1-1.2.0.1)

END.
